[2021-12-08 11:30:31,619] {taskinstance.py:670} INFO - Dependencies all met for <TaskInstance: twitter_dag.transform_twitter_aluraonline 2021-12-07T09:00:00+00:00 [queued]>
[2021-12-08 11:30:31,634] {taskinstance.py:670} INFO - Dependencies all met for <TaskInstance: twitter_dag.transform_twitter_aluraonline 2021-12-07T09:00:00+00:00 [queued]>
[2021-12-08 11:30:31,635] {taskinstance.py:880} INFO - 
--------------------------------------------------------------------------------
[2021-12-08 11:30:31,635] {taskinstance.py:881} INFO - Starting attempt 1 of 1
[2021-12-08 11:30:31,635] {taskinstance.py:882} INFO - 
--------------------------------------------------------------------------------
[2021-12-08 11:30:31,644] {taskinstance.py:901} INFO - Executing <Task(SparkSubmitOperator): transform_twitter_aluraonline> on 2021-12-07T09:00:00+00:00
[2021-12-08 11:30:31,646] {standard_task_runner.py:54} INFO - Started process 25694 to run task
[2021-12-08 11:30:31,700] {standard_task_runner.py:77} INFO - Running: ['airflow', 'run', 'twitter_dag', 'transform_twitter_aluraonline', '2021-12-07T09:00:00+00:00', '--job_id', '19', '--pool', 'default_pool', '--raw', '-sd', 'DAGS_FOLDER/twitter_dag.py', '--cfg_path', '/tmp/tmpvk5v20hd']
[2021-12-08 11:30:31,700] {standard_task_runner.py:78} INFO - Job 19: Subtask transform_twitter_aluraonline
[2021-12-08 11:30:31,717] {logging_mixin.py:112} INFO - Running <TaskInstance: twitter_dag.transform_twitter_aluraonline 2021-12-07T09:00:00+00:00 [running]> on host rafael-Aspire-A515-54G
[2021-12-08 11:30:31,756] {base_hook.py:89} INFO - Using connection to: id: spark_default. Host: local, Port: None, Schema: None, Login: None, Password: None, extra: XXXXXXXX
[2021-12-08 11:30:31,758] {spark_submit_hook.py:325} INFO - Spark-Submit cmd: /home/rafael/Documentos/spark-3.2.0-bin-hadoop2.7/bin/spark-submit --master local --name twitter_transformation /home/rafael/Documentos/alura/datapipeline/spark/transformation.py --src /home/rafael/Documents/alura/datapipeline/datalake/bronze/twitter_aluraonline/extract_date=2021-12-07 --dest /home/rafael/Documents/alura/datapipeline/datalake/silver/twitter_aluraonline/ --process-date 2021-12-07
[2021-12-08 11:30:32,587] {spark_submit_hook.py:479} INFO - 21/12/08 11:30:32 WARN Utils: Your hostname, rafael-Aspire-A515-54G resolves to a loopback address: 127.0.1.1; using 192.168.1.2 instead (on interface wlp4s0)
[2021-12-08 11:30:32,588] {spark_submit_hook.py:479} INFO - 21/12/08 11:30:32 WARN Utils: Set SPARK_LOCAL_IP if you need to bind to another address
[2021-12-08 11:30:33,372] {spark_submit_hook.py:479} INFO - Using Spark's default log4j profile: org/apache/spark/log4j-defaults.properties
[2021-12-08 11:30:33,382] {spark_submit_hook.py:479} INFO - 21/12/08 11:30:33 INFO SparkContext: Running Spark version 3.2.0
[2021-12-08 11:30:33,546] {spark_submit_hook.py:479} INFO - 21/12/08 11:30:33 WARN NativeCodeLoader: Unable to load native-hadoop library for your platform... using builtin-java classes where applicable
[2021-12-08 11:30:33,666] {spark_submit_hook.py:479} INFO - 21/12/08 11:30:33 INFO ResourceUtils: ==============================================================
[2021-12-08 11:30:33,667] {spark_submit_hook.py:479} INFO - 21/12/08 11:30:33 INFO ResourceUtils: No custom resources configured for spark.driver.
[2021-12-08 11:30:33,667] {spark_submit_hook.py:479} INFO - 21/12/08 11:30:33 INFO ResourceUtils: ==============================================================
[2021-12-08 11:30:33,667] {spark_submit_hook.py:479} INFO - 21/12/08 11:30:33 INFO SparkContext: Submitted application: twitter_transformation
[2021-12-08 11:30:33,695] {spark_submit_hook.py:479} INFO - 21/12/08 11:30:33 INFO ResourceProfile: Default ResourceProfile created, executor resources: Map(cores -> name: cores, amount: 1, script: , vendor: , memory -> name: memory, amount: 1024, script: , vendor: , offHeap -> name: offHeap, amount: 0, script: , vendor: ), task resources: Map(cpus -> name: cpus, amount: 1.0)
[2021-12-08 11:30:33,710] {spark_submit_hook.py:479} INFO - 21/12/08 11:30:33 INFO ResourceProfile: Limiting resource is cpu
[2021-12-08 11:30:33,711] {spark_submit_hook.py:479} INFO - 21/12/08 11:30:33 INFO ResourceProfileManager: Added ResourceProfile id: 0
[2021-12-08 11:30:33,763] {spark_submit_hook.py:479} INFO - 21/12/08 11:30:33 INFO SecurityManager: Changing view acls to: rafael
[2021-12-08 11:30:33,764] {spark_submit_hook.py:479} INFO - 21/12/08 11:30:33 INFO SecurityManager: Changing modify acls to: rafael
[2021-12-08 11:30:33,764] {spark_submit_hook.py:479} INFO - 21/12/08 11:30:33 INFO SecurityManager: Changing view acls groups to:
[2021-12-08 11:30:33,765] {spark_submit_hook.py:479} INFO - 21/12/08 11:30:33 INFO SecurityManager: Changing modify acls groups to:
[2021-12-08 11:30:33,765] {spark_submit_hook.py:479} INFO - 21/12/08 11:30:33 INFO SecurityManager: SecurityManager: authentication disabled; ui acls disabled; users  with view permissions: Set(rafael); groups with view permissions: Set(); users  with modify permissions: Set(rafael); groups with modify permissions: Set()
[2021-12-08 11:30:34,092] {spark_submit_hook.py:479} INFO - 21/12/08 11:30:34 INFO Utils: Successfully started service 'sparkDriver' on port 38369.
[2021-12-08 11:30:34,112] {spark_submit_hook.py:479} INFO - 21/12/08 11:30:34 INFO SparkEnv: Registering MapOutputTracker
[2021-12-08 11:30:34,140] {spark_submit_hook.py:479} INFO - 21/12/08 11:30:34 INFO SparkEnv: Registering BlockManagerMaster
[2021-12-08 11:30:34,156] {spark_submit_hook.py:479} INFO - 21/12/08 11:30:34 INFO BlockManagerMasterEndpoint: Using org.apache.spark.storage.DefaultTopologyMapper for getting topology information
[2021-12-08 11:30:34,157] {spark_submit_hook.py:479} INFO - 21/12/08 11:30:34 INFO BlockManagerMasterEndpoint: BlockManagerMasterEndpoint up
[2021-12-08 11:30:34,160] {spark_submit_hook.py:479} INFO - 21/12/08 11:30:34 INFO SparkEnv: Registering BlockManagerMasterHeartbeat
[2021-12-08 11:30:34,178] {spark_submit_hook.py:479} INFO - 21/12/08 11:30:34 INFO DiskBlockManager: Created local directory at /tmp/blockmgr-ae397671-76ee-4db0-9c25-73c35299ae21
[2021-12-08 11:30:34,197] {spark_submit_hook.py:479} INFO - 21/12/08 11:30:34 INFO MemoryStore: MemoryStore started with capacity 366.3 MiB
[2021-12-08 11:30:34,212] {spark_submit_hook.py:479} INFO - 21/12/08 11:30:34 INFO SparkEnv: Registering OutputCommitCoordinator
[2021-12-08 11:30:34,463] {spark_submit_hook.py:479} INFO - 21/12/08 11:30:34 INFO Utils: Successfully started service 'SparkUI' on port 4040.
[2021-12-08 11:30:34,570] {spark_submit_hook.py:479} INFO - 21/12/08 11:30:34 INFO SparkUI: Bound SparkUI to 0.0.0.0, and started at http://192.168.1.2:4040
[2021-12-08 11:30:34,754] {spark_submit_hook.py:479} INFO - 21/12/08 11:30:34 INFO Executor: Starting executor ID driver on host 192.168.1.2
[2021-12-08 11:30:34,779] {spark_submit_hook.py:479} INFO - 21/12/08 11:30:34 INFO Utils: Successfully started service 'org.apache.spark.network.netty.NettyBlockTransferService' on port 44601.
[2021-12-08 11:30:34,779] {spark_submit_hook.py:479} INFO - 21/12/08 11:30:34 INFO NettyBlockTransferService: Server created on 192.168.1.2:44601
[2021-12-08 11:30:34,781] {spark_submit_hook.py:479} INFO - 21/12/08 11:30:34 INFO BlockManager: Using org.apache.spark.storage.RandomBlockReplicationPolicy for block replication policy
[2021-12-08 11:30:34,786] {spark_submit_hook.py:479} INFO - 21/12/08 11:30:34 INFO BlockManagerMaster: Registering BlockManager BlockManagerId(driver, 192.168.1.2, 44601, None)
[2021-12-08 11:30:34,790] {spark_submit_hook.py:479} INFO - 21/12/08 11:30:34 INFO BlockManagerMasterEndpoint: Registering block manager 192.168.1.2:44601 with 366.3 MiB RAM, BlockManagerId(driver, 192.168.1.2, 44601, None)
[2021-12-08 11:30:34,793] {spark_submit_hook.py:479} INFO - 21/12/08 11:30:34 INFO BlockManagerMaster: Registered BlockManager BlockManagerId(driver, 192.168.1.2, 44601, None)
[2021-12-08 11:30:34,794] {spark_submit_hook.py:479} INFO - 21/12/08 11:30:34 INFO BlockManager: Initialized BlockManager: BlockManagerId(driver, 192.168.1.2, 44601, None)
[2021-12-08 11:30:35,435] {spark_submit_hook.py:479} INFO - 21/12/08 11:30:35 INFO SharedState: Setting hive.metastore.warehouse.dir ('null') to the value of spark.sql.warehouse.dir.
[2021-12-08 11:30:35,440] {spark_submit_hook.py:479} INFO - 21/12/08 11:30:35 INFO SharedState: Warehouse path is 'file:/home/rafael/Documentos/alura/datapipeline/spark-warehouse'.
[2021-12-08 11:30:36,493] {spark_submit_hook.py:479} INFO - 21/12/08 11:30:36 INFO InMemoryFileIndex: It took 30 ms to list leaf files for 1 paths.
[2021-12-08 11:30:36,548] {spark_submit_hook.py:479} INFO - 21/12/08 11:30:36 INFO InMemoryFileIndex: It took 1 ms to list leaf files for 1 paths.
[2021-12-08 11:30:38,533] {spark_submit_hook.py:479} INFO - 21/12/08 11:30:38 INFO FileSourceStrategy: Pushed Filters:
[2021-12-08 11:30:38,534] {spark_submit_hook.py:479} INFO - 21/12/08 11:30:38 INFO FileSourceStrategy: Post-Scan Filters:
[2021-12-08 11:30:38,537] {spark_submit_hook.py:479} INFO - 21/12/08 11:30:38 INFO FileSourceStrategy: Output Data Schema: struct<value: string>
[2021-12-08 11:30:38,773] {spark_submit_hook.py:479} INFO - 21/12/08 11:30:38 INFO MemoryStore: Block broadcast_0 stored as values in memory (estimated size 286.0 KiB, free 366.0 MiB)
[2021-12-08 11:30:38,813] {spark_submit_hook.py:479} INFO - 21/12/08 11:30:38 INFO MemoryStore: Block broadcast_0_piece0 stored as bytes in memory (estimated size 24.1 KiB, free 366.0 MiB)
[2021-12-08 11:30:38,815] {spark_submit_hook.py:479} INFO - 21/12/08 11:30:38 INFO BlockManagerInfo: Added broadcast_0_piece0 in memory on 192.168.1.2:44601 (size: 24.1 KiB, free: 366.3 MiB)
[2021-12-08 11:30:38,819] {spark_submit_hook.py:479} INFO - 21/12/08 11:30:38 INFO SparkContext: Created broadcast 0 from json at NativeMethodAccessorImpl.java:0
[2021-12-08 11:30:38,826] {spark_submit_hook.py:479} INFO - 21/12/08 11:30:38 INFO FileSourceScanExec: Planning scan with bin packing, max size: 4205389 bytes, open cost is considered as scanning 4194304 bytes.
[2021-12-08 11:30:38,968] {spark_submit_hook.py:479} INFO - 21/12/08 11:30:38 INFO SparkContext: Starting job: json at NativeMethodAccessorImpl.java:0
[2021-12-08 11:30:38,987] {spark_submit_hook.py:479} INFO - 21/12/08 11:30:38 INFO DAGScheduler: Got job 0 (json at NativeMethodAccessorImpl.java:0) with 1 output partitions
[2021-12-08 11:30:38,988] {spark_submit_hook.py:479} INFO - 21/12/08 11:30:38 INFO DAGScheduler: Final stage: ResultStage 0 (json at NativeMethodAccessorImpl.java:0)
[2021-12-08 11:30:38,988] {spark_submit_hook.py:479} INFO - 21/12/08 11:30:38 INFO DAGScheduler: Parents of final stage: List()
[2021-12-08 11:30:38,990] {spark_submit_hook.py:479} INFO - 21/12/08 11:30:38 INFO DAGScheduler: Missing parents: List()
[2021-12-08 11:30:38,994] {spark_submit_hook.py:479} INFO - 21/12/08 11:30:38 INFO DAGScheduler: Submitting ResultStage 0 (MapPartitionsRDD[3] at json at NativeMethodAccessorImpl.java:0), which has no missing parents
[2021-12-08 11:30:39,078] {spark_submit_hook.py:479} INFO - 21/12/08 11:30:39 INFO MemoryStore: Block broadcast_1 stored as values in memory (estimated size 12.5 KiB, free 366.0 MiB)
[2021-12-08 11:30:39,080] {spark_submit_hook.py:479} INFO - 21/12/08 11:30:39 INFO MemoryStore: Block broadcast_1_piece0 stored as bytes in memory (estimated size 6.5 KiB, free 366.0 MiB)
[2021-12-08 11:30:39,081] {spark_submit_hook.py:479} INFO - 21/12/08 11:30:39 INFO BlockManagerInfo: Added broadcast_1_piece0 in memory on 192.168.1.2:44601 (size: 6.5 KiB, free: 366.3 MiB)
[2021-12-08 11:30:39,081] {spark_submit_hook.py:479} INFO - 21/12/08 11:30:39 INFO SparkContext: Created broadcast 1 from broadcast at DAGScheduler.scala:1427
[2021-12-08 11:30:39,173] {spark_submit_hook.py:479} INFO - 21/12/08 11:30:39 INFO DAGScheduler: Submitting 1 missing tasks from ResultStage 0 (MapPartitionsRDD[3] at json at NativeMethodAccessorImpl.java:0) (first 15 tasks are for partitions Vector(0))
[2021-12-08 11:30:39,174] {spark_submit_hook.py:479} INFO - 21/12/08 11:30:39 INFO TaskSchedulerImpl: Adding task set 0.0 with 1 tasks resource profile 0
[2021-12-08 11:30:39,220] {spark_submit_hook.py:479} INFO - 21/12/08 11:30:39 INFO TaskSetManager: Starting task 0.0 in stage 0.0 (TID 0) (192.168.1.2, executor driver, partition 0, PROCESS_LOCAL, 4959 bytes) taskResourceAssignments Map()
[2021-12-08 11:30:39,233] {spark_submit_hook.py:479} INFO - 21/12/08 11:30:39 INFO Executor: Running task 0.0 in stage 0.0 (TID 0)
[2021-12-08 11:30:39,572] {spark_submit_hook.py:479} INFO - 21/12/08 11:30:39 INFO FileScanRDD: Reading File path: file:///home/rafael/Documents/alura/datapipeline/datalake/bronze/twitter_aluraonline/extract_date=2021-12-07/AluraOnline_20211207.json, range: 0-11085, partition values: [empty row]
[2021-12-08 11:30:39,769] {spark_submit_hook.py:479} INFO - 21/12/08 11:30:39 INFO CodeGenerator: Code generated in 152.793382 ms
[2021-12-08 11:30:39,820] {spark_submit_hook.py:479} INFO - 21/12/08 11:30:39 INFO Executor: Finished task 0.0 in stage 0.0 (TID 0). 2815 bytes result sent to driver
[2021-12-08 11:30:39,829] {spark_submit_hook.py:479} INFO - 21/12/08 11:30:39 INFO TaskSetManager: Finished task 0.0 in stage 0.0 (TID 0) in 618 ms on 192.168.1.2 (executor driver) (1/1)
[2021-12-08 11:30:39,832] {spark_submit_hook.py:479} INFO - 21/12/08 11:30:39 INFO TaskSchedulerImpl: Removed TaskSet 0.0, whose tasks have all completed, from pool
[2021-12-08 11:30:39,838] {spark_submit_hook.py:479} INFO - 21/12/08 11:30:39 INFO DAGScheduler: ResultStage 0 (json at NativeMethodAccessorImpl.java:0) finished in 0,829 s
[2021-12-08 11:30:39,841] {spark_submit_hook.py:479} INFO - 21/12/08 11:30:39 INFO DAGScheduler: Job 0 is finished. Cancelling potential speculative or zombie tasks for this job
[2021-12-08 11:30:39,841] {spark_submit_hook.py:479} INFO - 21/12/08 11:30:39 INFO TaskSchedulerImpl: Killing all running tasks in stage 0: Stage finished
[2021-12-08 11:30:39,844] {spark_submit_hook.py:479} INFO - 21/12/08 11:30:39 INFO DAGScheduler: Job 0 finished: json at NativeMethodAccessorImpl.java:0, took 0,875100 s
[2021-12-08 11:30:40,259] {spark_submit_hook.py:479} INFO - 21/12/08 11:30:40 INFO FileSourceStrategy: Pushed Filters: IsNotNull(data)
[2021-12-08 11:30:40,261] {spark_submit_hook.py:479} INFO - 21/12/08 11:30:40 INFO FileSourceStrategy: Post-Scan Filters: (size(data#7, true) > 0),isnotnull(data#7)
[2021-12-08 11:30:40,261] {spark_submit_hook.py:479} INFO - 21/12/08 11:30:40 INFO FileSourceStrategy: Output Data Schema: struct<data: array<struct<author_id:string,conversation_id:string,created_at:string,id:string,in_reply_to_user_id:string,public_metrics:struct<like_count:bigint,quote_count:bigint,reply_count:bigint,retweet_count:bigint>,text:string>>>
[2021-12-08 11:30:40,331] {spark_submit_hook.py:479} INFO - 21/12/08 11:30:40 INFO FileOutputCommitter: File Output Committer Algorithm version is 1
[2021-12-08 11:30:40,332] {spark_submit_hook.py:479} INFO - 21/12/08 11:30:40 INFO SQLHadoopMapReduceCommitProtocol: Using output committer class org.apache.hadoop.mapreduce.lib.output.FileOutputCommitter
[2021-12-08 11:30:40,479] {spark_submit_hook.py:479} INFO - 21/12/08 11:30:40 INFO CodeGenerator: Code generated in 90.907719 ms
[2021-12-08 11:30:40,487] {spark_submit_hook.py:479} INFO - 21/12/08 11:30:40 INFO MemoryStore: Block broadcast_2 stored as values in memory (estimated size 285.8 KiB, free 365.7 MiB)
[2021-12-08 11:30:40,498] {spark_submit_hook.py:479} INFO - 21/12/08 11:30:40 INFO MemoryStore: Block broadcast_2_piece0 stored as bytes in memory (estimated size 24.0 KiB, free 365.7 MiB)
[2021-12-08 11:30:40,500] {spark_submit_hook.py:479} INFO - 21/12/08 11:30:40 INFO BlockManagerInfo: Added broadcast_2_piece0 in memory on 192.168.1.2:44601 (size: 24.0 KiB, free: 366.2 MiB)
[2021-12-08 11:30:40,501] {spark_submit_hook.py:479} INFO - 21/12/08 11:30:40 INFO SparkContext: Created broadcast 2 from json at NativeMethodAccessorImpl.java:0
[2021-12-08 11:30:40,506] {spark_submit_hook.py:479} INFO - 21/12/08 11:30:40 INFO FileSourceScanExec: Planning scan with bin packing, max size: 4205389 bytes, open cost is considered as scanning 4194304 bytes.
[2021-12-08 11:30:40,581] {spark_submit_hook.py:479} INFO - 21/12/08 11:30:40 INFO SparkContext: Starting job: json at NativeMethodAccessorImpl.java:0
[2021-12-08 11:30:40,584] {spark_submit_hook.py:479} INFO - 21/12/08 11:30:40 INFO DAGScheduler: Got job 1 (json at NativeMethodAccessorImpl.java:0) with 1 output partitions
[2021-12-08 11:30:40,584] {spark_submit_hook.py:479} INFO - 21/12/08 11:30:40 INFO DAGScheduler: Final stage: ResultStage 1 (json at NativeMethodAccessorImpl.java:0)
[2021-12-08 11:30:40,584] {spark_submit_hook.py:479} INFO - 21/12/08 11:30:40 INFO DAGScheduler: Parents of final stage: List()
[2021-12-08 11:30:40,584] {spark_submit_hook.py:479} INFO - 21/12/08 11:30:40 INFO DAGScheduler: Missing parents: List()
[2021-12-08 11:30:40,586] {spark_submit_hook.py:479} INFO - 21/12/08 11:30:40 INFO DAGScheduler: Submitting ResultStage 1 (CoalescedRDD[7] at json at NativeMethodAccessorImpl.java:0), which has no missing parents
[2021-12-08 11:30:40,609] {spark_submit_hook.py:479} INFO - 21/12/08 11:30:40 INFO MemoryStore: Block broadcast_3 stored as values in memory (estimated size 172.0 KiB, free 365.5 MiB)
[2021-12-08 11:30:40,612] {spark_submit_hook.py:479} INFO - 21/12/08 11:30:40 INFO MemoryStore: Block broadcast_3_piece0 stored as bytes in memory (estimated size 59.9 KiB, free 365.4 MiB)
[2021-12-08 11:30:40,614] {spark_submit_hook.py:479} INFO - 21/12/08 11:30:40 INFO BlockManagerInfo: Added broadcast_3_piece0 in memory on 192.168.1.2:44601 (size: 59.9 KiB, free: 366.2 MiB)
[2021-12-08 11:30:40,615] {spark_submit_hook.py:479} INFO - 21/12/08 11:30:40 INFO SparkContext: Created broadcast 3 from broadcast at DAGScheduler.scala:1427
[2021-12-08 11:30:40,616] {spark_submit_hook.py:479} INFO - 21/12/08 11:30:40 INFO DAGScheduler: Submitting 1 missing tasks from ResultStage 1 (CoalescedRDD[7] at json at NativeMethodAccessorImpl.java:0) (first 15 tasks are for partitions Vector(0))
[2021-12-08 11:30:40,616] {spark_submit_hook.py:479} INFO - 21/12/08 11:30:40 INFO TaskSchedulerImpl: Adding task set 1.0 with 1 tasks resource profile 0
[2021-12-08 11:30:40,620] {spark_submit_hook.py:479} INFO - 21/12/08 11:30:40 INFO TaskSetManager: Starting task 0.0 in stage 1.0 (TID 1) (192.168.1.2, executor driver, partition 0, PROCESS_LOCAL, 5188 bytes) taskResourceAssignments Map()
[2021-12-08 11:30:40,621] {spark_submit_hook.py:479} INFO - 21/12/08 11:30:40 INFO Executor: Running task 0.0 in stage 1.0 (TID 1)
[2021-12-08 11:30:40,673] {spark_submit_hook.py:479} INFO - 21/12/08 11:30:40 INFO FileOutputCommitter: File Output Committer Algorithm version is 1
[2021-12-08 11:30:40,674] {spark_submit_hook.py:479} INFO - 21/12/08 11:30:40 INFO SQLHadoopMapReduceCommitProtocol: Using output committer class org.apache.hadoop.mapreduce.lib.output.FileOutputCommitter
[2021-12-08 11:30:40,703] {spark_submit_hook.py:479} INFO - 21/12/08 11:30:40 INFO FileScanRDD: Reading File path: file:///home/rafael/Documents/alura/datapipeline/datalake/bronze/twitter_aluraonline/extract_date=2021-12-07/AluraOnline_20211207.json, range: 0-11085, partition values: [empty row]
[2021-12-08 11:30:40,730] {spark_submit_hook.py:479} INFO - 21/12/08 11:30:40 INFO CodeGenerator: Code generated in 23.444317 ms
[2021-12-08 11:30:40,753] {spark_submit_hook.py:479} INFO - 21/12/08 11:30:40 INFO CodeGenerator: Code generated in 5.373503 ms
[2021-12-08 11:30:40,786] {spark_submit_hook.py:479} INFO - 21/12/08 11:30:40 INFO FileOutputCommitter: Saved output of task 'attempt_202112081130405158119922570525324_0001_m_000000_1' to file:/home/rafael/Documents/alura/datapipeline/datalake/silver/twitter_aluraonline/tweet/process_date=2021-12-07/_temporary/0/task_202112081130405158119922570525324_0001_m_000000
[2021-12-08 11:30:40,787] {spark_submit_hook.py:479} INFO - 21/12/08 11:30:40 INFO SparkHadoopMapRedUtil: attempt_202112081130405158119922570525324_0001_m_000000_1: Committed
[2021-12-08 11:30:40,793] {spark_submit_hook.py:479} INFO - 21/12/08 11:30:40 INFO Executor: Finished task 0.0 in stage 1.0 (TID 1). 2670 bytes result sent to driver
[2021-12-08 11:30:40,795] {spark_submit_hook.py:479} INFO - 21/12/08 11:30:40 INFO TaskSetManager: Finished task 0.0 in stage 1.0 (TID 1) in 178 ms on 192.168.1.2 (executor driver) (1/1)
[2021-12-08 11:30:40,795] {spark_submit_hook.py:479} INFO - 21/12/08 11:30:40 INFO TaskSchedulerImpl: Removed TaskSet 1.0, whose tasks have all completed, from pool
[2021-12-08 11:30:40,797] {spark_submit_hook.py:479} INFO - 21/12/08 11:30:40 INFO DAGScheduler: ResultStage 1 (json at NativeMethodAccessorImpl.java:0) finished in 0,209 s
[2021-12-08 11:30:40,797] {spark_submit_hook.py:479} INFO - 21/12/08 11:30:40 INFO DAGScheduler: Job 1 is finished. Cancelling potential speculative or zombie tasks for this job
[2021-12-08 11:30:40,797] {spark_submit_hook.py:479} INFO - 21/12/08 11:30:40 INFO TaskSchedulerImpl: Killing all running tasks in stage 1: Stage finished
[2021-12-08 11:30:40,798] {spark_submit_hook.py:479} INFO - 21/12/08 11:30:40 INFO DAGScheduler: Job 1 finished: json at NativeMethodAccessorImpl.java:0, took 0,216436 s
[2021-12-08 11:30:40,799] {spark_submit_hook.py:479} INFO - 21/12/08 11:30:40 INFO FileFormatWriter: Start to commit write Job 78a52697-96fb-44e0-a66f-c1444a3cdb4f.
[2021-12-08 11:30:40,810] {spark_submit_hook.py:479} INFO - 21/12/08 11:30:40 INFO FileFormatWriter: Write Job 78a52697-96fb-44e0-a66f-c1444a3cdb4f committed. Elapsed time: 9 ms.
[2021-12-08 11:30:40,814] {spark_submit_hook.py:479} INFO - 21/12/08 11:30:40 INFO FileFormatWriter: Finished processing stats for write job 78a52697-96fb-44e0-a66f-c1444a3cdb4f.
[2021-12-08 11:30:40,860] {spark_submit_hook.py:479} INFO - 21/12/08 11:30:40 INFO FileSourceStrategy: Pushed Filters: IsNotNull(includes)
[2021-12-08 11:30:40,860] {spark_submit_hook.py:479} INFO - 21/12/08 11:30:40 INFO FileSourceStrategy: Post-Scan Filters: isnotnull(includes#8),(size(includes#8.users, true) > 0),isnotnull(includes#8.users)
[2021-12-08 11:30:40,861] {spark_submit_hook.py:479} INFO - 21/12/08 11:30:40 INFO FileSourceStrategy: Output Data Schema: struct<includes: struct<users: array<struct<created_at:string,id:string,name:string,username:string>>>>
[2021-12-08 11:30:40,871] {spark_submit_hook.py:479} INFO - 21/12/08 11:30:40 INFO FileOutputCommitter: File Output Committer Algorithm version is 1
[2021-12-08 11:30:40,872] {spark_submit_hook.py:479} INFO - 21/12/08 11:30:40 INFO SQLHadoopMapReduceCommitProtocol: Using output committer class org.apache.hadoop.mapreduce.lib.output.FileOutputCommitter
[2021-12-08 11:30:40,899] {spark_submit_hook.py:479} INFO - 21/12/08 11:30:40 INFO CodeGenerator: Code generated in 14.834052 ms
[2021-12-08 11:30:40,903] {spark_submit_hook.py:479} INFO - 21/12/08 11:30:40 INFO MemoryStore: Block broadcast_4 stored as values in memory (estimated size 285.8 KiB, free 365.2 MiB)
[2021-12-08 11:30:40,911] {spark_submit_hook.py:479} INFO - 21/12/08 11:30:40 INFO MemoryStore: Block broadcast_4_piece0 stored as bytes in memory (estimated size 24.0 KiB, free 365.1 MiB)
[2021-12-08 11:30:40,911] {spark_submit_hook.py:479} INFO - 21/12/08 11:30:40 INFO BlockManagerInfo: Added broadcast_4_piece0 in memory on 192.168.1.2:44601 (size: 24.0 KiB, free: 366.2 MiB)
[2021-12-08 11:30:40,912] {spark_submit_hook.py:479} INFO - 21/12/08 11:30:40 INFO SparkContext: Created broadcast 4 from json at NativeMethodAccessorImpl.java:0
[2021-12-08 11:30:40,913] {spark_submit_hook.py:479} INFO - 21/12/08 11:30:40 INFO FileSourceScanExec: Planning scan with bin packing, max size: 4205389 bytes, open cost is considered as scanning 4194304 bytes.
[2021-12-08 11:30:40,929] {spark_submit_hook.py:479} INFO - 21/12/08 11:30:40 INFO SparkContext: Starting job: json at NativeMethodAccessorImpl.java:0
[2021-12-08 11:30:40,931] {spark_submit_hook.py:479} INFO - 21/12/08 11:30:40 INFO DAGScheduler: Got job 2 (json at NativeMethodAccessorImpl.java:0) with 1 output partitions
[2021-12-08 11:30:40,931] {spark_submit_hook.py:479} INFO - 21/12/08 11:30:40 INFO DAGScheduler: Final stage: ResultStage 2 (json at NativeMethodAccessorImpl.java:0)
[2021-12-08 11:30:40,931] {spark_submit_hook.py:479} INFO - 21/12/08 11:30:40 INFO DAGScheduler: Parents of final stage: List()
[2021-12-08 11:30:40,931] {spark_submit_hook.py:479} INFO - 21/12/08 11:30:40 INFO DAGScheduler: Missing parents: List()
[2021-12-08 11:30:40,932] {spark_submit_hook.py:479} INFO - 21/12/08 11:30:40 INFO DAGScheduler: Submitting ResultStage 2 (CoalescedRDD[11] at json at NativeMethodAccessorImpl.java:0), which has no missing parents
[2021-12-08 11:30:40,949] {spark_submit_hook.py:479} INFO - 21/12/08 11:30:40 INFO MemoryStore: Block broadcast_5 stored as values in memory (estimated size 159.6 KiB, free 365.0 MiB)
[2021-12-08 11:30:40,952] {spark_submit_hook.py:479} INFO - 21/12/08 11:30:40 INFO MemoryStore: Block broadcast_5_piece0 stored as bytes in memory (estimated size 57.3 KiB, free 364.9 MiB)
[2021-12-08 11:30:40,953] {spark_submit_hook.py:479} INFO - 21/12/08 11:30:40 INFO BlockManagerInfo: Added broadcast_5_piece0 in memory on 192.168.1.2:44601 (size: 57.3 KiB, free: 366.1 MiB)
[2021-12-08 11:30:40,953] {spark_submit_hook.py:479} INFO - 21/12/08 11:30:40 INFO SparkContext: Created broadcast 5 from broadcast at DAGScheduler.scala:1427
[2021-12-08 11:30:40,954] {spark_submit_hook.py:479} INFO - 21/12/08 11:30:40 INFO DAGScheduler: Submitting 1 missing tasks from ResultStage 2 (CoalescedRDD[11] at json at NativeMethodAccessorImpl.java:0) (first 15 tasks are for partitions Vector(0))
[2021-12-08 11:30:40,954] {spark_submit_hook.py:479} INFO - 21/12/08 11:30:40 INFO TaskSchedulerImpl: Adding task set 2.0 with 1 tasks resource profile 0
[2021-12-08 11:30:40,955] {spark_submit_hook.py:479} INFO - 21/12/08 11:30:40 INFO TaskSetManager: Starting task 0.0 in stage 2.0 (TID 2) (192.168.1.2, executor driver, partition 0, PROCESS_LOCAL, 5188 bytes) taskResourceAssignments Map()
[2021-12-08 11:30:40,957] {spark_submit_hook.py:479} INFO - 21/12/08 11:30:40 INFO Executor: Running task 0.0 in stage 2.0 (TID 2)
[2021-12-08 11:30:40,969] {spark_submit_hook.py:479} INFO - 21/12/08 11:30:40 INFO FileOutputCommitter: File Output Committer Algorithm version is 1
[2021-12-08 11:30:40,969] {spark_submit_hook.py:479} INFO - 21/12/08 11:30:40 INFO SQLHadoopMapReduceCommitProtocol: Using output committer class org.apache.hadoop.mapreduce.lib.output.FileOutputCommitter
[2021-12-08 11:30:40,976] {spark_submit_hook.py:479} INFO - 21/12/08 11:30:40 INFO FileScanRDD: Reading File path: file:///home/rafael/Documents/alura/datapipeline/datalake/bronze/twitter_aluraonline/extract_date=2021-12-07/AluraOnline_20211207.json, range: 0-11085, partition values: [empty row]
[2021-12-08 11:30:40,989] {spark_submit_hook.py:479} INFO - 21/12/08 11:30:40 INFO CodeGenerator: Code generated in 10.581963 ms
[2021-12-08 11:30:40,995] {spark_submit_hook.py:479} INFO - 21/12/08 11:30:40 INFO CodeGenerator: Code generated in 4.288674 ms
[2021-12-08 11:30:41,005] {spark_submit_hook.py:479} INFO - 21/12/08 11:30:41 INFO FileOutputCommitter: Saved output of task 'attempt_202112081130407529078224406740613_0002_m_000000_2' to file:/home/rafael/Documents/alura/datapipeline/datalake/silver/twitter_aluraonline/user/process_date=2021-12-07/_temporary/0/task_202112081130407529078224406740613_0002_m_000000
[2021-12-08 11:30:41,005] {spark_submit_hook.py:479} INFO - 21/12/08 11:30:41 INFO SparkHadoopMapRedUtil: attempt_202112081130407529078224406740613_0002_m_000000_2: Committed
[2021-12-08 11:30:41,006] {spark_submit_hook.py:479} INFO - 21/12/08 11:30:41 INFO Executor: Finished task 0.0 in stage 2.0 (TID 2). 2627 bytes result sent to driver
[2021-12-08 11:30:41,008] {spark_submit_hook.py:479} INFO - 21/12/08 11:30:41 INFO TaskSetManager: Finished task 0.0 in stage 2.0 (TID 2) in 53 ms on 192.168.1.2 (executor driver) (1/1)
[2021-12-08 11:30:41,009] {spark_submit_hook.py:479} INFO - 21/12/08 11:30:41 INFO TaskSchedulerImpl: Removed TaskSet 2.0, whose tasks have all completed, from pool
[2021-12-08 11:30:41,010] {spark_submit_hook.py:479} INFO - 21/12/08 11:30:41 INFO DAGScheduler: ResultStage 2 (json at NativeMethodAccessorImpl.java:0) finished in 0,076 s
[2021-12-08 11:30:41,010] {spark_submit_hook.py:479} INFO - 21/12/08 11:30:41 INFO DAGScheduler: Job 2 is finished. Cancelling potential speculative or zombie tasks for this job
[2021-12-08 11:30:41,010] {spark_submit_hook.py:479} INFO - 21/12/08 11:30:41 INFO TaskSchedulerImpl: Killing all running tasks in stage 2: Stage finished
[2021-12-08 11:30:41,011] {spark_submit_hook.py:479} INFO - 21/12/08 11:30:41 INFO DAGScheduler: Job 2 finished: json at NativeMethodAccessorImpl.java:0, took 0,080854 s
[2021-12-08 11:30:41,011] {spark_submit_hook.py:479} INFO - 21/12/08 11:30:41 INFO FileFormatWriter: Start to commit write Job 82bef4c2-d799-49ea-ba79-e01440543c86.
[2021-12-08 11:30:41,019] {spark_submit_hook.py:479} INFO - 21/12/08 11:30:41 INFO FileFormatWriter: Write Job 82bef4c2-d799-49ea-ba79-e01440543c86 committed. Elapsed time: 8 ms.
[2021-12-08 11:30:41,020] {spark_submit_hook.py:479} INFO - 21/12/08 11:30:41 INFO FileFormatWriter: Finished processing stats for write job 82bef4c2-d799-49ea-ba79-e01440543c86.
[2021-12-08 11:30:41,065] {spark_submit_hook.py:479} INFO - 21/12/08 11:30:41 INFO SparkContext: Invoking stop() from shutdown hook
[2021-12-08 11:30:41,072] {spark_submit_hook.py:479} INFO - 21/12/08 11:30:41 INFO SparkUI: Stopped Spark web UI at http://192.168.1.2:4040
[2021-12-08 11:30:41,080] {spark_submit_hook.py:479} INFO - 21/12/08 11:30:41 INFO MapOutputTrackerMasterEndpoint: MapOutputTrackerMasterEndpoint stopped!
[2021-12-08 11:30:41,087] {spark_submit_hook.py:479} INFO - 21/12/08 11:30:41 INFO MemoryStore: MemoryStore cleared
[2021-12-08 11:30:41,088] {spark_submit_hook.py:479} INFO - 21/12/08 11:30:41 INFO BlockManager: BlockManager stopped
[2021-12-08 11:30:41,093] {spark_submit_hook.py:479} INFO - 21/12/08 11:30:41 INFO BlockManagerMaster: BlockManagerMaster stopped
[2021-12-08 11:30:41,095] {spark_submit_hook.py:479} INFO - 21/12/08 11:30:41 INFO OutputCommitCoordinator$OutputCommitCoordinatorEndpoint: OutputCommitCoordinator stopped!
[2021-12-08 11:30:41,098] {spark_submit_hook.py:479} INFO - 21/12/08 11:30:41 INFO SparkContext: Successfully stopped SparkContext
[2021-12-08 11:30:41,098] {spark_submit_hook.py:479} INFO - 21/12/08 11:30:41 INFO ShutdownHookManager: Shutdown hook called
[2021-12-08 11:30:41,099] {spark_submit_hook.py:479} INFO - 21/12/08 11:30:41 INFO ShutdownHookManager: Deleting directory /tmp/spark-a57b5e59-c084-4b5a-b764-693ae5031679
[2021-12-08 11:30:41,101] {spark_submit_hook.py:479} INFO - 21/12/08 11:30:41 INFO ShutdownHookManager: Deleting directory /tmp/spark-999491f5-aaa1-4d6e-84ae-2a8c1360367d/pyspark-d050f4a5-dd92-418a-ab0c-009f87fcd83e
[2021-12-08 11:30:41,102] {spark_submit_hook.py:479} INFO - 21/12/08 11:30:41 INFO ShutdownHookManager: Deleting directory /tmp/spark-999491f5-aaa1-4d6e-84ae-2a8c1360367d
[2021-12-08 11:30:41,140] {taskinstance.py:1070} INFO - Marking task as SUCCESS.dag_id=twitter_dag, task_id=transform_twitter_aluraonline, execution_date=20211207T090000, start_date=20211208T143031, end_date=20211208T143041
[2021-12-08 11:30:41,608] {local_task_job.py:102} INFO - Task exited with return code 0
