[2021-12-09 11:33:16,046] {taskinstance.py:670} INFO - Dependencies all met for <TaskInstance: twitter_dag.transform_twitter_aluraonline 2021-12-07T09:00:00+00:00 [queued]>
[2021-12-09 11:33:16,064] {taskinstance.py:670} INFO - Dependencies all met for <TaskInstance: twitter_dag.transform_twitter_aluraonline 2021-12-07T09:00:00+00:00 [queued]>
[2021-12-09 11:33:16,064] {taskinstance.py:880} INFO - 
--------------------------------------------------------------------------------
[2021-12-09 11:33:16,064] {taskinstance.py:881} INFO - Starting attempt 2 of 2
[2021-12-09 11:33:16,064] {taskinstance.py:882} INFO - 
--------------------------------------------------------------------------------
[2021-12-09 11:33:16,070] {taskinstance.py:901} INFO - Executing <Task(SparkSubmitOperator): transform_twitter_aluraonline> on 2021-12-07T09:00:00+00:00
[2021-12-09 11:33:16,072] {standard_task_runner.py:54} INFO - Started process 9692 to run task
[2021-12-09 11:33:16,125] {standard_task_runner.py:77} INFO - Running: ['airflow', 'run', 'twitter_dag', 'transform_twitter_aluraonline', '2021-12-07T09:00:00+00:00', '--job_id', '34', '--pool', 'default_pool', '--raw', '-sd', 'DAGS_FOLDER/twitter_dag.py', '--cfg_path', '/tmp/tmpb6fzd6eb']
[2021-12-09 11:33:16,126] {standard_task_runner.py:78} INFO - Job 34: Subtask transform_twitter_aluraonline
[2021-12-09 11:33:16,142] {logging_mixin.py:112} INFO - Running <TaskInstance: twitter_dag.transform_twitter_aluraonline 2021-12-07T09:00:00+00:00 [running]> on host rafael-Aspire-A515-54G
[2021-12-09 11:33:16,183] {base_hook.py:89} INFO - Using connection to: id: spark_default. Host: local, Port: None, Schema: None, Login: None, Password: None, extra: XXXXXXXX
[2021-12-09 11:33:16,184] {spark_submit_hook.py:325} INFO - Spark-Submit cmd: /home/rafael/Documentos/spark-3.2.0-bin-hadoop2.7/bin/spark-submit --master local --name twitter_transformation /home/rafael/Documentos/alura/datapipeline/spark/transformation.py --src /home/rafael/Documentos/alura/datapipeline/datalake/bronze/twitter_aluraonline/extract_date=2021-12-07 --dest /home/rafael/Documentos/alura/datapipeline/datalake/silver/twitter_aluraonline/ --process-date 2021-12-07
[2021-12-09 11:33:17,047] {spark_submit_hook.py:479} INFO - 21/12/09 11:33:17 WARN Utils: Your hostname, rafael-Aspire-A515-54G resolves to a loopback address: 127.0.1.1; using 192.168.1.2 instead (on interface wlp4s0)
[2021-12-09 11:33:17,048] {spark_submit_hook.py:479} INFO - 21/12/09 11:33:17 WARN Utils: Set SPARK_LOCAL_IP if you need to bind to another address
[2021-12-09 11:33:17,819] {spark_submit_hook.py:479} INFO - Using Spark's default log4j profile: org/apache/spark/log4j-defaults.properties
[2021-12-09 11:33:17,825] {spark_submit_hook.py:479} INFO - 21/12/09 11:33:17 INFO SparkContext: Running Spark version 3.2.0
[2021-12-09 11:33:17,959] {spark_submit_hook.py:479} INFO - 21/12/09 11:33:17 WARN NativeCodeLoader: Unable to load native-hadoop library for your platform... using builtin-java classes where applicable
[2021-12-09 11:33:18,067] {spark_submit_hook.py:479} INFO - 21/12/09 11:33:18 INFO ResourceUtils: ==============================================================
[2021-12-09 11:33:18,071] {spark_submit_hook.py:479} INFO - 21/12/09 11:33:18 INFO ResourceUtils: No custom resources configured for spark.driver.
[2021-12-09 11:33:18,071] {spark_submit_hook.py:479} INFO - 21/12/09 11:33:18 INFO ResourceUtils: ==============================================================
[2021-12-09 11:33:18,071] {spark_submit_hook.py:479} INFO - 21/12/09 11:33:18 INFO SparkContext: Submitted application: twitter_transformation
[2021-12-09 11:33:18,094] {spark_submit_hook.py:479} INFO - 21/12/09 11:33:18 INFO ResourceProfile: Default ResourceProfile created, executor resources: Map(cores -> name: cores, amount: 1, script: , vendor: , memory -> name: memory, amount: 1024, script: , vendor: , offHeap -> name: offHeap, amount: 0, script: , vendor: ), task resources: Map(cpus -> name: cpus, amount: 1.0)
[2021-12-09 11:33:18,109] {spark_submit_hook.py:479} INFO - 21/12/09 11:33:18 INFO ResourceProfile: Limiting resource is cpu
[2021-12-09 11:33:18,109] {spark_submit_hook.py:479} INFO - 21/12/09 11:33:18 INFO ResourceProfileManager: Added ResourceProfile id: 0
[2021-12-09 11:33:18,169] {spark_submit_hook.py:479} INFO - 21/12/09 11:33:18 INFO SecurityManager: Changing view acls to: rafael
[2021-12-09 11:33:18,170] {spark_submit_hook.py:479} INFO - 21/12/09 11:33:18 INFO SecurityManager: Changing modify acls to: rafael
[2021-12-09 11:33:18,170] {spark_submit_hook.py:479} INFO - 21/12/09 11:33:18 INFO SecurityManager: Changing view acls groups to:
[2021-12-09 11:33:18,171] {spark_submit_hook.py:479} INFO - 21/12/09 11:33:18 INFO SecurityManager: Changing modify acls groups to:
[2021-12-09 11:33:18,171] {spark_submit_hook.py:479} INFO - 21/12/09 11:33:18 INFO SecurityManager: SecurityManager: authentication disabled; ui acls disabled; users  with view permissions: Set(rafael); groups with view permissions: Set(); users  with modify permissions: Set(rafael); groups with modify permissions: Set()
[2021-12-09 11:33:18,511] {spark_submit_hook.py:479} INFO - 21/12/09 11:33:18 INFO Utils: Successfully started service 'sparkDriver' on port 43845.
[2021-12-09 11:33:18,536] {spark_submit_hook.py:479} INFO - 21/12/09 11:33:18 INFO SparkEnv: Registering MapOutputTracker
[2021-12-09 11:33:18,564] {spark_submit_hook.py:479} INFO - 21/12/09 11:33:18 INFO SparkEnv: Registering BlockManagerMaster
[2021-12-09 11:33:18,581] {spark_submit_hook.py:479} INFO - 21/12/09 11:33:18 INFO BlockManagerMasterEndpoint: Using org.apache.spark.storage.DefaultTopologyMapper for getting topology information
[2021-12-09 11:33:18,582] {spark_submit_hook.py:479} INFO - 21/12/09 11:33:18 INFO BlockManagerMasterEndpoint: BlockManagerMasterEndpoint up
[2021-12-09 11:33:18,585] {spark_submit_hook.py:479} INFO - 21/12/09 11:33:18 INFO SparkEnv: Registering BlockManagerMasterHeartbeat
[2021-12-09 11:33:18,605] {spark_submit_hook.py:479} INFO - 21/12/09 11:33:18 INFO DiskBlockManager: Created local directory at /tmp/blockmgr-e6f227e6-6fb4-4bdb-9528-b8a3edcef998
[2021-12-09 11:33:18,625] {spark_submit_hook.py:479} INFO - 21/12/09 11:33:18 INFO MemoryStore: MemoryStore started with capacity 366.3 MiB
[2021-12-09 11:33:18,642] {spark_submit_hook.py:479} INFO - 21/12/09 11:33:18 INFO SparkEnv: Registering OutputCommitCoordinator
[2021-12-09 11:33:18,840] {spark_submit_hook.py:479} INFO - 21/12/09 11:33:18 INFO Utils: Successfully started service 'SparkUI' on port 4040.
[2021-12-09 11:33:18,937] {spark_submit_hook.py:479} INFO - 21/12/09 11:33:18 INFO SparkUI: Bound SparkUI to 0.0.0.0, and started at http://192.168.1.2:4040
[2021-12-09 11:33:19,108] {spark_submit_hook.py:479} INFO - 21/12/09 11:33:19 INFO Executor: Starting executor ID driver on host 192.168.1.2
[2021-12-09 11:33:19,130] {spark_submit_hook.py:479} INFO - 21/12/09 11:33:19 INFO Utils: Successfully started service 'org.apache.spark.network.netty.NettyBlockTransferService' on port 36609.
[2021-12-09 11:33:19,130] {spark_submit_hook.py:479} INFO - 21/12/09 11:33:19 INFO NettyBlockTransferService: Server created on 192.168.1.2:36609
[2021-12-09 11:33:19,131] {spark_submit_hook.py:479} INFO - 21/12/09 11:33:19 INFO BlockManager: Using org.apache.spark.storage.RandomBlockReplicationPolicy for block replication policy
[2021-12-09 11:33:19,138] {spark_submit_hook.py:479} INFO - 21/12/09 11:33:19 INFO BlockManagerMaster: Registering BlockManager BlockManagerId(driver, 192.168.1.2, 36609, None)
[2021-12-09 11:33:19,141] {spark_submit_hook.py:479} INFO - 21/12/09 11:33:19 INFO BlockManagerMasterEndpoint: Registering block manager 192.168.1.2:36609 with 366.3 MiB RAM, BlockManagerId(driver, 192.168.1.2, 36609, None)
[2021-12-09 11:33:19,143] {spark_submit_hook.py:479} INFO - 21/12/09 11:33:19 INFO BlockManagerMaster: Registered BlockManager BlockManagerId(driver, 192.168.1.2, 36609, None)
[2021-12-09 11:33:19,144] {spark_submit_hook.py:479} INFO - 21/12/09 11:33:19 INFO BlockManager: Initialized BlockManager: BlockManagerId(driver, 192.168.1.2, 36609, None)
[2021-12-09 11:33:19,702] {spark_submit_hook.py:479} INFO - 21/12/09 11:33:19 INFO SharedState: Setting hive.metastore.warehouse.dir ('null') to the value of spark.sql.warehouse.dir.
[2021-12-09 11:33:19,706] {spark_submit_hook.py:479} INFO - 21/12/09 11:33:19 INFO SharedState: Warehouse path is 'file:/home/rafael/Documentos/alura/datapipeline/spark-warehouse'.
[2021-12-09 11:33:20,695] {spark_submit_hook.py:479} INFO - 21/12/09 11:33:20 INFO InMemoryFileIndex: It took 28 ms to list leaf files for 1 paths.
[2021-12-09 11:33:20,760] {spark_submit_hook.py:479} INFO - 21/12/09 11:33:20 INFO InMemoryFileIndex: It took 2 ms to list leaf files for 1 paths.
[2021-12-09 11:33:22,900] {spark_submit_hook.py:479} INFO - 21/12/09 11:33:22 INFO FileSourceStrategy: Pushed Filters:
[2021-12-09 11:33:22,902] {spark_submit_hook.py:479} INFO - 21/12/09 11:33:22 INFO FileSourceStrategy: Post-Scan Filters:
[2021-12-09 11:33:22,905] {spark_submit_hook.py:479} INFO - 21/12/09 11:33:22 INFO FileSourceStrategy: Output Data Schema: struct<value: string>
[2021-12-09 11:33:23,178] {spark_submit_hook.py:479} INFO - 21/12/09 11:33:23 INFO MemoryStore: Block broadcast_0 stored as values in memory (estimated size 286.0 KiB, free 366.0 MiB)
[2021-12-09 11:33:23,227] {spark_submit_hook.py:479} INFO - 21/12/09 11:33:23 INFO MemoryStore: Block broadcast_0_piece0 stored as bytes in memory (estimated size 24.1 KiB, free 366.0 MiB)
[2021-12-09 11:33:23,231] {spark_submit_hook.py:479} INFO - 21/12/09 11:33:23 INFO BlockManagerInfo: Added broadcast_0_piece0 in memory on 192.168.1.2:36609 (size: 24.1 KiB, free: 366.3 MiB)
[2021-12-09 11:33:23,236] {spark_submit_hook.py:479} INFO - 21/12/09 11:33:23 INFO SparkContext: Created broadcast 0 from json at NativeMethodAccessorImpl.java:0
[2021-12-09 11:33:23,245] {spark_submit_hook.py:479} INFO - 21/12/09 11:33:23 INFO FileSourceScanExec: Planning scan with bin packing, max size: 4205389 bytes, open cost is considered as scanning 4194304 bytes.
[2021-12-09 11:33:23,411] {spark_submit_hook.py:479} INFO - 21/12/09 11:33:23 INFO SparkContext: Starting job: json at NativeMethodAccessorImpl.java:0
[2021-12-09 11:33:23,428] {spark_submit_hook.py:479} INFO - 21/12/09 11:33:23 INFO DAGScheduler: Got job 0 (json at NativeMethodAccessorImpl.java:0) with 1 output partitions
[2021-12-09 11:33:23,429] {spark_submit_hook.py:479} INFO - 21/12/09 11:33:23 INFO DAGScheduler: Final stage: ResultStage 0 (json at NativeMethodAccessorImpl.java:0)
[2021-12-09 11:33:23,429] {spark_submit_hook.py:479} INFO - 21/12/09 11:33:23 INFO DAGScheduler: Parents of final stage: List()
[2021-12-09 11:33:23,431] {spark_submit_hook.py:479} INFO - 21/12/09 11:33:23 INFO DAGScheduler: Missing parents: List()
[2021-12-09 11:33:23,436] {spark_submit_hook.py:479} INFO - 21/12/09 11:33:23 INFO DAGScheduler: Submitting ResultStage 0 (MapPartitionsRDD[3] at json at NativeMethodAccessorImpl.java:0), which has no missing parents
[2021-12-09 11:33:23,530] {spark_submit_hook.py:479} INFO - 21/12/09 11:33:23 INFO MemoryStore: Block broadcast_1 stored as values in memory (estimated size 12.5 KiB, free 366.0 MiB)
[2021-12-09 11:33:23,532] {spark_submit_hook.py:479} INFO - 21/12/09 11:33:23 INFO MemoryStore: Block broadcast_1_piece0 stored as bytes in memory (estimated size 6.5 KiB, free 366.0 MiB)
[2021-12-09 11:33:23,533] {spark_submit_hook.py:479} INFO - 21/12/09 11:33:23 INFO BlockManagerInfo: Added broadcast_1_piece0 in memory on 192.168.1.2:36609 (size: 6.5 KiB, free: 366.3 MiB)
[2021-12-09 11:33:23,534] {spark_submit_hook.py:479} INFO - 21/12/09 11:33:23 INFO SparkContext: Created broadcast 1 from broadcast at DAGScheduler.scala:1427
[2021-12-09 11:33:23,635] {spark_submit_hook.py:479} INFO - 21/12/09 11:33:23 INFO DAGScheduler: Submitting 1 missing tasks from ResultStage 0 (MapPartitionsRDD[3] at json at NativeMethodAccessorImpl.java:0) (first 15 tasks are for partitions Vector(0))
[2021-12-09 11:33:23,636] {spark_submit_hook.py:479} INFO - 21/12/09 11:33:23 INFO TaskSchedulerImpl: Adding task set 0.0 with 1 tasks resource profile 0
[2021-12-09 11:33:23,681] {spark_submit_hook.py:479} INFO - 21/12/09 11:33:23 INFO TaskSetManager: Starting task 0.0 in stage 0.0 (TID 0) (192.168.1.2, executor driver, partition 0, PROCESS_LOCAL, 4960 bytes) taskResourceAssignments Map()
[2021-12-09 11:33:23,695] {spark_submit_hook.py:479} INFO - 21/12/09 11:33:23 INFO Executor: Running task 0.0 in stage 0.0 (TID 0)
[2021-12-09 11:33:23,957] {spark_submit_hook.py:479} INFO - 21/12/09 11:33:23 INFO FileScanRDD: Reading File path: file:///home/rafael/Documentos/alura/datapipeline/datalake/bronze/twitter_aluraonline/extract_date=2021-12-07/AluraOnline_20211207.json, range: 0-11085, partition values: [empty row]
[2021-12-09 11:33:24,162] {spark_submit_hook.py:479} INFO - 21/12/09 11:33:24 INFO CodeGenerator: Code generated in 157.988679 ms
[2021-12-09 11:33:24,215] {spark_submit_hook.py:479} INFO - 21/12/09 11:33:24 INFO Executor: Finished task 0.0 in stage 0.0 (TID 0). 2815 bytes result sent to driver
[2021-12-09 11:33:24,226] {spark_submit_hook.py:479} INFO - 21/12/09 11:33:24 INFO TaskSetManager: Finished task 0.0 in stage 0.0 (TID 0) in 554 ms on 192.168.1.2 (executor driver) (1/1)
[2021-12-09 11:33:24,228] {spark_submit_hook.py:479} INFO - 21/12/09 11:33:24 INFO TaskSchedulerImpl: Removed TaskSet 0.0, whose tasks have all completed, from pool
[2021-12-09 11:33:24,234] {spark_submit_hook.py:479} INFO - 21/12/09 11:33:24 INFO DAGScheduler: ResultStage 0 (json at NativeMethodAccessorImpl.java:0) finished in 0,782 s
[2021-12-09 11:33:24,238] {spark_submit_hook.py:479} INFO - 21/12/09 11:33:24 INFO DAGScheduler: Job 0 is finished. Cancelling potential speculative or zombie tasks for this job
[2021-12-09 11:33:24,238] {spark_submit_hook.py:479} INFO - 21/12/09 11:33:24 INFO TaskSchedulerImpl: Killing all running tasks in stage 0: Stage finished
[2021-12-09 11:33:24,241] {spark_submit_hook.py:479} INFO - 21/12/09 11:33:24 INFO DAGScheduler: Job 0 finished: json at NativeMethodAccessorImpl.java:0, took 0,828691 s
[2021-12-09 11:33:24,659] {spark_submit_hook.py:479} INFO - 21/12/09 11:33:24 INFO FileSourceStrategy: Pushed Filters: IsNotNull(data)
[2021-12-09 11:33:24,661] {spark_submit_hook.py:479} INFO - 21/12/09 11:33:24 INFO FileSourceStrategy: Post-Scan Filters: (size(data#7, true) > 0),isnotnull(data#7)
[2021-12-09 11:33:24,661] {spark_submit_hook.py:479} INFO - 21/12/09 11:33:24 INFO FileSourceStrategy: Output Data Schema: struct<data: array<struct<author_id:string,conversation_id:string,created_at:string,id:string,in_reply_to_user_id:string,public_metrics:struct<like_count:bigint,quote_count:bigint,reply_count:bigint,retweet_count:bigint>,text:string>>>
[2021-12-09 11:33:24,730] {spark_submit_hook.py:479} INFO - 21/12/09 11:33:24 INFO FileOutputCommitter: File Output Committer Algorithm version is 1
[2021-12-09 11:33:24,731] {spark_submit_hook.py:479} INFO - 21/12/09 11:33:24 INFO SQLHadoopMapReduceCommitProtocol: Using output committer class org.apache.hadoop.mapreduce.lib.output.FileOutputCommitter
[2021-12-09 11:33:24,897] {spark_submit_hook.py:479} INFO - 21/12/09 11:33:24 INFO CodeGenerator: Code generated in 103.998138 ms
[2021-12-09 11:33:24,905] {spark_submit_hook.py:479} INFO - 21/12/09 11:33:24 INFO MemoryStore: Block broadcast_2 stored as values in memory (estimated size 285.8 KiB, free 365.7 MiB)
[2021-12-09 11:33:24,918] {spark_submit_hook.py:479} INFO - 21/12/09 11:33:24 INFO MemoryStore: Block broadcast_2_piece0 stored as bytes in memory (estimated size 24.0 KiB, free 365.7 MiB)
[2021-12-09 11:33:24,920] {spark_submit_hook.py:479} INFO - 21/12/09 11:33:24 INFO BlockManagerInfo: Added broadcast_2_piece0 in memory on 192.168.1.2:36609 (size: 24.0 KiB, free: 366.2 MiB)
[2021-12-09 11:33:24,922] {spark_submit_hook.py:479} INFO - 21/12/09 11:33:24 INFO SparkContext: Created broadcast 2 from json at NativeMethodAccessorImpl.java:0
[2021-12-09 11:33:24,925] {spark_submit_hook.py:479} INFO - 21/12/09 11:33:24 INFO FileSourceScanExec: Planning scan with bin packing, max size: 4205389 bytes, open cost is considered as scanning 4194304 bytes.
[2021-12-09 11:33:25,011] {spark_submit_hook.py:479} INFO - 21/12/09 11:33:25 INFO SparkContext: Starting job: json at NativeMethodAccessorImpl.java:0
[2021-12-09 11:33:25,013] {spark_submit_hook.py:479} INFO - 21/12/09 11:33:25 INFO DAGScheduler: Got job 1 (json at NativeMethodAccessorImpl.java:0) with 1 output partitions
[2021-12-09 11:33:25,013] {spark_submit_hook.py:479} INFO - 21/12/09 11:33:25 INFO DAGScheduler: Final stage: ResultStage 1 (json at NativeMethodAccessorImpl.java:0)
[2021-12-09 11:33:25,013] {spark_submit_hook.py:479} INFO - 21/12/09 11:33:25 INFO DAGScheduler: Parents of final stage: List()
[2021-12-09 11:33:25,013] {spark_submit_hook.py:479} INFO - 21/12/09 11:33:25 INFO DAGScheduler: Missing parents: List()
[2021-12-09 11:33:25,015] {spark_submit_hook.py:479} INFO - 21/12/09 11:33:25 INFO DAGScheduler: Submitting ResultStage 1 (CoalescedRDD[7] at json at NativeMethodAccessorImpl.java:0), which has no missing parents
[2021-12-09 11:33:25,039] {spark_submit_hook.py:479} INFO - 21/12/09 11:33:25 INFO MemoryStore: Block broadcast_3 stored as values in memory (estimated size 172.0 KiB, free 365.5 MiB)
[2021-12-09 11:33:25,041] {spark_submit_hook.py:479} INFO - 21/12/09 11:33:25 INFO MemoryStore: Block broadcast_3_piece0 stored as bytes in memory (estimated size 59.9 KiB, free 365.4 MiB)
[2021-12-09 11:33:25,042] {spark_submit_hook.py:479} INFO - 21/12/09 11:33:25 INFO BlockManagerInfo: Added broadcast_3_piece0 in memory on 192.168.1.2:36609 (size: 59.9 KiB, free: 366.2 MiB)
[2021-12-09 11:33:25,042] {spark_submit_hook.py:479} INFO - 21/12/09 11:33:25 INFO SparkContext: Created broadcast 3 from broadcast at DAGScheduler.scala:1427
[2021-12-09 11:33:25,043] {spark_submit_hook.py:479} INFO - 21/12/09 11:33:25 INFO DAGScheduler: Submitting 1 missing tasks from ResultStage 1 (CoalescedRDD[7] at json at NativeMethodAccessorImpl.java:0) (first 15 tasks are for partitions Vector(0))
[2021-12-09 11:33:25,043] {spark_submit_hook.py:479} INFO - 21/12/09 11:33:25 INFO TaskSchedulerImpl: Adding task set 1.0 with 1 tasks resource profile 0
[2021-12-09 11:33:25,048] {spark_submit_hook.py:479} INFO - 21/12/09 11:33:25 INFO TaskSetManager: Starting task 0.0 in stage 1.0 (TID 1) (192.168.1.2, executor driver, partition 0, PROCESS_LOCAL, 5189 bytes) taskResourceAssignments Map()
[2021-12-09 11:33:25,053] {spark_submit_hook.py:479} INFO - 21/12/09 11:33:25 INFO Executor: Running task 0.0 in stage 1.0 (TID 1)
[2021-12-09 11:33:25,101] {spark_submit_hook.py:479} INFO - 21/12/09 11:33:25 INFO FileOutputCommitter: File Output Committer Algorithm version is 1
[2021-12-09 11:33:25,102] {spark_submit_hook.py:479} INFO - 21/12/09 11:33:25 INFO SQLHadoopMapReduceCommitProtocol: Using output committer class org.apache.hadoop.mapreduce.lib.output.FileOutputCommitter
[2021-12-09 11:33:25,137] {spark_submit_hook.py:479} INFO - 21/12/09 11:33:25 INFO FileScanRDD: Reading File path: file:///home/rafael/Documentos/alura/datapipeline/datalake/bronze/twitter_aluraonline/extract_date=2021-12-07/AluraOnline_20211207.json, range: 0-11085, partition values: [empty row]
[2021-12-09 11:33:25,166] {spark_submit_hook.py:479} INFO - 21/12/09 11:33:25 INFO CodeGenerator: Code generated in 25.283749 ms
[2021-12-09 11:33:25,193] {spark_submit_hook.py:479} INFO - 21/12/09 11:33:25 INFO CodeGenerator: Code generated in 5.033379 ms
[2021-12-09 11:33:25,230] {spark_submit_hook.py:479} INFO - 21/12/09 11:33:25 INFO FileOutputCommitter: Saved output of task 'attempt_2021120911332426407598105636335_0001_m_000000_1' to file:/home/rafael/Documentos/alura/datapipeline/datalake/silver/twitter_aluraonline/tweet/process_date=2021-12-07/_temporary/0/task_2021120911332426407598105636335_0001_m_000000
[2021-12-09 11:33:25,230] {spark_submit_hook.py:479} INFO - 21/12/09 11:33:25 INFO SparkHadoopMapRedUtil: attempt_2021120911332426407598105636335_0001_m_000000_1: Committed
[2021-12-09 11:33:25,236] {spark_submit_hook.py:479} INFO - 21/12/09 11:33:25 INFO Executor: Finished task 0.0 in stage 1.0 (TID 1). 2670 bytes result sent to driver
[2021-12-09 11:33:25,238] {spark_submit_hook.py:479} INFO - 21/12/09 11:33:25 INFO TaskSetManager: Finished task 0.0 in stage 1.0 (TID 1) in 194 ms on 192.168.1.2 (executor driver) (1/1)
[2021-12-09 11:33:25,238] {spark_submit_hook.py:479} INFO - 21/12/09 11:33:25 INFO TaskSchedulerImpl: Removed TaskSet 1.0, whose tasks have all completed, from pool
[2021-12-09 11:33:25,239] {spark_submit_hook.py:479} INFO - 21/12/09 11:33:25 INFO DAGScheduler: ResultStage 1 (json at NativeMethodAccessorImpl.java:0) finished in 0,223 s
[2021-12-09 11:33:25,239] {spark_submit_hook.py:479} INFO - 21/12/09 11:33:25 INFO DAGScheduler: Job 1 is finished. Cancelling potential speculative or zombie tasks for this job
[2021-12-09 11:33:25,239] {spark_submit_hook.py:479} INFO - 21/12/09 11:33:25 INFO TaskSchedulerImpl: Killing all running tasks in stage 1: Stage finished
[2021-12-09 11:33:25,240] {spark_submit_hook.py:479} INFO - 21/12/09 11:33:25 INFO DAGScheduler: Job 1 finished: json at NativeMethodAccessorImpl.java:0, took 0,229086 s
[2021-12-09 11:33:25,242] {spark_submit_hook.py:479} INFO - 21/12/09 11:33:25 INFO FileFormatWriter: Start to commit write Job 68c51b8f-0827-43c6-9b43-8ec54c50221e.
[2021-12-09 11:33:25,259] {spark_submit_hook.py:479} INFO - 21/12/09 11:33:25 INFO FileFormatWriter: Write Job 68c51b8f-0827-43c6-9b43-8ec54c50221e committed. Elapsed time: 16 ms.
[2021-12-09 11:33:25,265] {spark_submit_hook.py:479} INFO - 21/12/09 11:33:25 INFO FileFormatWriter: Finished processing stats for write job 68c51b8f-0827-43c6-9b43-8ec54c50221e.
[2021-12-09 11:33:25,308] {spark_submit_hook.py:479} INFO - 21/12/09 11:33:25 INFO FileSourceStrategy: Pushed Filters: IsNotNull(includes)
[2021-12-09 11:33:25,308] {spark_submit_hook.py:479} INFO - 21/12/09 11:33:25 INFO FileSourceStrategy: Post-Scan Filters: isnotnull(includes#8),(size(includes#8.users, true) > 0),isnotnull(includes#8.users)
[2021-12-09 11:33:25,309] {spark_submit_hook.py:479} INFO - 21/12/09 11:33:25 INFO FileSourceStrategy: Output Data Schema: struct<includes: struct<users: array<struct<created_at:string,id:string,name:string,username:string>>>>
[2021-12-09 11:33:25,320] {spark_submit_hook.py:479} INFO - 21/12/09 11:33:25 INFO FileOutputCommitter: File Output Committer Algorithm version is 1
[2021-12-09 11:33:25,320] {spark_submit_hook.py:479} INFO - 21/12/09 11:33:25 INFO SQLHadoopMapReduceCommitProtocol: Using output committer class org.apache.hadoop.mapreduce.lib.output.FileOutputCommitter
[2021-12-09 11:33:25,347] {spark_submit_hook.py:479} INFO - 21/12/09 11:33:25 INFO CodeGenerator: Code generated in 15.634833 ms
[2021-12-09 11:33:25,353] {spark_submit_hook.py:479} INFO - 21/12/09 11:33:25 INFO MemoryStore: Block broadcast_4 stored as values in memory (estimated size 285.8 KiB, free 365.2 MiB)
[2021-12-09 11:33:25,360] {spark_submit_hook.py:479} INFO - 21/12/09 11:33:25 INFO MemoryStore: Block broadcast_4_piece0 stored as bytes in memory (estimated size 24.0 KiB, free 365.1 MiB)
[2021-12-09 11:33:25,361] {spark_submit_hook.py:479} INFO - 21/12/09 11:33:25 INFO BlockManagerInfo: Added broadcast_4_piece0 in memory on 192.168.1.2:36609 (size: 24.0 KiB, free: 366.2 MiB)
[2021-12-09 11:33:25,362] {spark_submit_hook.py:479} INFO - 21/12/09 11:33:25 INFO SparkContext: Created broadcast 4 from json at NativeMethodAccessorImpl.java:0
[2021-12-09 11:33:25,363] {spark_submit_hook.py:479} INFO - 21/12/09 11:33:25 INFO FileSourceScanExec: Planning scan with bin packing, max size: 4205389 bytes, open cost is considered as scanning 4194304 bytes.
[2021-12-09 11:33:25,383] {spark_submit_hook.py:479} INFO - 21/12/09 11:33:25 INFO SparkContext: Starting job: json at NativeMethodAccessorImpl.java:0
[2021-12-09 11:33:25,384] {spark_submit_hook.py:479} INFO - 21/12/09 11:33:25 INFO DAGScheduler: Got job 2 (json at NativeMethodAccessorImpl.java:0) with 1 output partitions
[2021-12-09 11:33:25,384] {spark_submit_hook.py:479} INFO - 21/12/09 11:33:25 INFO DAGScheduler: Final stage: ResultStage 2 (json at NativeMethodAccessorImpl.java:0)
[2021-12-09 11:33:25,385] {spark_submit_hook.py:479} INFO - 21/12/09 11:33:25 INFO DAGScheduler: Parents of final stage: List()
[2021-12-09 11:33:25,385] {spark_submit_hook.py:479} INFO - 21/12/09 11:33:25 INFO DAGScheduler: Missing parents: List()
[2021-12-09 11:33:25,386] {spark_submit_hook.py:479} INFO - 21/12/09 11:33:25 INFO DAGScheduler: Submitting ResultStage 2 (CoalescedRDD[11] at json at NativeMethodAccessorImpl.java:0), which has no missing parents
[2021-12-09 11:33:25,403] {spark_submit_hook.py:479} INFO - 21/12/09 11:33:25 INFO MemoryStore: Block broadcast_5 stored as values in memory (estimated size 159.6 KiB, free 365.0 MiB)
[2021-12-09 11:33:25,405] {spark_submit_hook.py:479} INFO - 21/12/09 11:33:25 INFO MemoryStore: Block broadcast_5_piece0 stored as bytes in memory (estimated size 57.3 KiB, free 364.9 MiB)
[2021-12-09 11:33:25,406] {spark_submit_hook.py:479} INFO - 21/12/09 11:33:25 INFO BlockManagerInfo: Added broadcast_5_piece0 in memory on 192.168.1.2:36609 (size: 57.3 KiB, free: 366.1 MiB)
[2021-12-09 11:33:25,406] {spark_submit_hook.py:479} INFO - 21/12/09 11:33:25 INFO SparkContext: Created broadcast 5 from broadcast at DAGScheduler.scala:1427
[2021-12-09 11:33:25,407] {spark_submit_hook.py:479} INFO - 21/12/09 11:33:25 INFO DAGScheduler: Submitting 1 missing tasks from ResultStage 2 (CoalescedRDD[11] at json at NativeMethodAccessorImpl.java:0) (first 15 tasks are for partitions Vector(0))
[2021-12-09 11:33:25,407] {spark_submit_hook.py:479} INFO - 21/12/09 11:33:25 INFO TaskSchedulerImpl: Adding task set 2.0 with 1 tasks resource profile 0
[2021-12-09 11:33:25,412] {spark_submit_hook.py:479} INFO - 21/12/09 11:33:25 INFO TaskSetManager: Starting task 0.0 in stage 2.0 (TID 2) (192.168.1.2, executor driver, partition 0, PROCESS_LOCAL, 5189 bytes) taskResourceAssignments Map()
[2021-12-09 11:33:25,413] {spark_submit_hook.py:479} INFO - 21/12/09 11:33:25 INFO Executor: Running task 0.0 in stage 2.0 (TID 2)
[2021-12-09 11:33:25,428] {spark_submit_hook.py:479} INFO - 21/12/09 11:33:25 INFO FileOutputCommitter: File Output Committer Algorithm version is 1
[2021-12-09 11:33:25,428] {spark_submit_hook.py:479} INFO - 21/12/09 11:33:25 INFO SQLHadoopMapReduceCommitProtocol: Using output committer class org.apache.hadoop.mapreduce.lib.output.FileOutputCommitter
[2021-12-09 11:33:25,436] {spark_submit_hook.py:479} INFO - 21/12/09 11:33:25 INFO FileScanRDD: Reading File path: file:///home/rafael/Documentos/alura/datapipeline/datalake/bronze/twitter_aluraonline/extract_date=2021-12-07/AluraOnline_20211207.json, range: 0-11085, partition values: [empty row]
[2021-12-09 11:33:25,457] {spark_submit_hook.py:479} INFO - 21/12/09 11:33:25 INFO CodeGenerator: Code generated in 17.918904 ms
[2021-12-09 11:33:25,465] {spark_submit_hook.py:479} INFO - 21/12/09 11:33:25 INFO CodeGenerator: Code generated in 5.063883 ms
[2021-12-09 11:33:25,474] {spark_submit_hook.py:479} INFO - 21/12/09 11:33:25 INFO FileOutputCommitter: Saved output of task 'attempt_202112091133258197510734007875465_0002_m_000000_2' to file:/home/rafael/Documentos/alura/datapipeline/datalake/silver/twitter_aluraonline/user/process_date=2021-12-07/_temporary/0/task_202112091133258197510734007875465_0002_m_000000
[2021-12-09 11:33:25,474] {spark_submit_hook.py:479} INFO - 21/12/09 11:33:25 INFO SparkHadoopMapRedUtil: attempt_202112091133258197510734007875465_0002_m_000000_2: Committed
[2021-12-09 11:33:25,477] {spark_submit_hook.py:479} INFO - 21/12/09 11:33:25 INFO Executor: Finished task 0.0 in stage 2.0 (TID 2). 2627 bytes result sent to driver
[2021-12-09 11:33:25,479] {spark_submit_hook.py:479} INFO - 21/12/09 11:33:25 INFO TaskSetManager: Finished task 0.0 in stage 2.0 (TID 2) in 71 ms on 192.168.1.2 (executor driver) (1/1)
[2021-12-09 11:33:25,479] {spark_submit_hook.py:479} INFO - 21/12/09 11:33:25 INFO TaskSchedulerImpl: Removed TaskSet 2.0, whose tasks have all completed, from pool
[2021-12-09 11:33:25,481] {spark_submit_hook.py:479} INFO - 21/12/09 11:33:25 INFO DAGScheduler: ResultStage 2 (json at NativeMethodAccessorImpl.java:0) finished in 0,093 s
[2021-12-09 11:33:25,481] {spark_submit_hook.py:479} INFO - 21/12/09 11:33:25 INFO DAGScheduler: Job 2 is finished. Cancelling potential speculative or zombie tasks for this job
[2021-12-09 11:33:25,481] {spark_submit_hook.py:479} INFO - 21/12/09 11:33:25 INFO TaskSchedulerImpl: Killing all running tasks in stage 2: Stage finished
[2021-12-09 11:33:25,481] {spark_submit_hook.py:479} INFO - 21/12/09 11:33:25 INFO DAGScheduler: Job 2 finished: json at NativeMethodAccessorImpl.java:0, took 0,097897 s
[2021-12-09 11:33:25,482] {spark_submit_hook.py:479} INFO - 21/12/09 11:33:25 INFO FileFormatWriter: Start to commit write Job 9c79abed-f01f-4963-97d2-27d726eca26e.
[2021-12-09 11:33:25,490] {spark_submit_hook.py:479} INFO - 21/12/09 11:33:25 INFO FileFormatWriter: Write Job 9c79abed-f01f-4963-97d2-27d726eca26e committed. Elapsed time: 8 ms.
[2021-12-09 11:33:25,491] {spark_submit_hook.py:479} INFO - 21/12/09 11:33:25 INFO FileFormatWriter: Finished processing stats for write job 9c79abed-f01f-4963-97d2-27d726eca26e.
[2021-12-09 11:33:25,521] {spark_submit_hook.py:479} INFO - 21/12/09 11:33:25 INFO SparkContext: Invoking stop() from shutdown hook
[2021-12-09 11:33:25,527] {spark_submit_hook.py:479} INFO - 21/12/09 11:33:25 INFO SparkUI: Stopped Spark web UI at http://192.168.1.2:4040
[2021-12-09 11:33:25,535] {spark_submit_hook.py:479} INFO - 21/12/09 11:33:25 INFO MapOutputTrackerMasterEndpoint: MapOutputTrackerMasterEndpoint stopped!
[2021-12-09 11:33:25,544] {spark_submit_hook.py:479} INFO - 21/12/09 11:33:25 INFO MemoryStore: MemoryStore cleared
[2021-12-09 11:33:25,544] {spark_submit_hook.py:479} INFO - 21/12/09 11:33:25 INFO BlockManager: BlockManager stopped
[2021-12-09 11:33:25,551] {spark_submit_hook.py:479} INFO - 21/12/09 11:33:25 INFO BlockManagerMaster: BlockManagerMaster stopped
[2021-12-09 11:33:25,553] {spark_submit_hook.py:479} INFO - 21/12/09 11:33:25 INFO OutputCommitCoordinator$OutputCommitCoordinatorEndpoint: OutputCommitCoordinator stopped!
[2021-12-09 11:33:25,557] {spark_submit_hook.py:479} INFO - 21/12/09 11:33:25 INFO SparkContext: Successfully stopped SparkContext
[2021-12-09 11:33:25,557] {spark_submit_hook.py:479} INFO - 21/12/09 11:33:25 INFO ShutdownHookManager: Shutdown hook called
[2021-12-09 11:33:25,558] {spark_submit_hook.py:479} INFO - 21/12/09 11:33:25 INFO ShutdownHookManager: Deleting directory /tmp/spark-db5c86be-1bbd-462f-b4a4-23c5eb48f77b/pyspark-6783e1d8-d1dd-4c26-8249-b04f52cd8b8c
[2021-12-09 11:33:25,559] {spark_submit_hook.py:479} INFO - 21/12/09 11:33:25 INFO ShutdownHookManager: Deleting directory /tmp/spark-81ea2892-e23f-4639-97fa-6ca5b16940c2
[2021-12-09 11:33:25,561] {spark_submit_hook.py:479} INFO - 21/12/09 11:33:25 INFO ShutdownHookManager: Deleting directory /tmp/spark-db5c86be-1bbd-462f-b4a4-23c5eb48f77b
[2021-12-09 11:33:25,602] {taskinstance.py:1070} INFO - Marking task as SUCCESS.dag_id=twitter_dag, task_id=transform_twitter_aluraonline, execution_date=20211207T090000, start_date=20211209T143316, end_date=20211209T143325
[2021-12-09 11:33:26,044] {local_task_job.py:102} INFO - Task exited with return code 0
