[2021-12-09 11:27:44,732] {taskinstance.py:670} INFO - Dependencies all met for <TaskInstance: twitter_dag.transform_twitter_aluraonline 2021-12-08T09:00:00+00:00 [queued]>
[2021-12-09 11:27:44,742] {taskinstance.py:670} INFO - Dependencies all met for <TaskInstance: twitter_dag.transform_twitter_aluraonline 2021-12-08T09:00:00+00:00 [queued]>
[2021-12-09 11:27:44,742] {taskinstance.py:880} INFO - 
--------------------------------------------------------------------------------
[2021-12-09 11:27:44,742] {taskinstance.py:881} INFO - Starting attempt 1 of 1
[2021-12-09 11:27:44,742] {taskinstance.py:882} INFO - 
--------------------------------------------------------------------------------
[2021-12-09 11:27:44,750] {taskinstance.py:901} INFO - Executing <Task(SparkSubmitOperator): transform_twitter_aluraonline> on 2021-12-08T09:00:00+00:00
[2021-12-09 11:27:44,754] {standard_task_runner.py:54} INFO - Started process 5935 to run task
[2021-12-09 11:27:44,806] {standard_task_runner.py:77} INFO - Running: ['airflow', 'run', 'twitter_dag', 'transform_twitter_aluraonline', '2021-12-08T09:00:00+00:00', '--job_id', '22', '--pool', 'default_pool', '--raw', '-sd', 'DAGS_FOLDER/twitter_dag.py', '--cfg_path', '/tmp/tmp_4il50fd']
[2021-12-09 11:27:44,806] {standard_task_runner.py:78} INFO - Job 22: Subtask transform_twitter_aluraonline
[2021-12-09 11:27:44,825] {logging_mixin.py:112} INFO - Running <TaskInstance: twitter_dag.transform_twitter_aluraonline 2021-12-08T09:00:00+00:00 [running]> on host rafael-Aspire-A515-54G
[2021-12-09 11:27:44,868] {base_hook.py:89} INFO - Using connection to: id: spark_default. Host: local, Port: None, Schema: None, Login: None, Password: None, extra: XXXXXXXX
[2021-12-09 11:27:44,869] {spark_submit_hook.py:325} INFO - Spark-Submit cmd: /home/rafael/Documentos/spark-3.2.0-bin-hadoop2.7/bin/spark-submit --master local --name twitter_transformation /home/rafael/Documentos/alura/datapipeline/spark/transformation.py --src /home/rafael/Documents/alura/datapipeline/datalake/bronze/twitter_aluraonline/extract_date=2021-12-08 --dest /home/rafael/Documents/alura/datapipeline/datalake/silver/twitter_aluraonline/ --process-date 2021-12-08
[2021-12-09 11:27:46,065] {spark_submit_hook.py:479} INFO - 21/12/09 11:27:46 WARN Utils: Your hostname, rafael-Aspire-A515-54G resolves to a loopback address: 127.0.1.1; using 192.168.1.2 instead (on interface wlp4s0)
[2021-12-09 11:27:46,065] {spark_submit_hook.py:479} INFO - 21/12/09 11:27:46 WARN Utils: Set SPARK_LOCAL_IP if you need to bind to another address
[2021-12-09 11:27:47,016] {spark_submit_hook.py:479} INFO - Using Spark's default log4j profile: org/apache/spark/log4j-defaults.properties
[2021-12-09 11:27:47,025] {spark_submit_hook.py:479} INFO - 21/12/09 11:27:47 INFO SparkContext: Running Spark version 3.2.0
[2021-12-09 11:27:47,184] {spark_submit_hook.py:479} INFO - 21/12/09 11:27:47 WARN NativeCodeLoader: Unable to load native-hadoop library for your platform... using builtin-java classes where applicable
[2021-12-09 11:27:47,320] {spark_submit_hook.py:479} INFO - 21/12/09 11:27:47 INFO ResourceUtils: ==============================================================
[2021-12-09 11:27:47,320] {spark_submit_hook.py:479} INFO - 21/12/09 11:27:47 INFO ResourceUtils: No custom resources configured for spark.driver.
[2021-12-09 11:27:47,320] {spark_submit_hook.py:479} INFO - 21/12/09 11:27:47 INFO ResourceUtils: ==============================================================
[2021-12-09 11:27:47,321] {spark_submit_hook.py:479} INFO - 21/12/09 11:27:47 INFO SparkContext: Submitted application: twitter_transformation
[2021-12-09 11:27:47,347] {spark_submit_hook.py:479} INFO - 21/12/09 11:27:47 INFO ResourceProfile: Default ResourceProfile created, executor resources: Map(cores -> name: cores, amount: 1, script: , vendor: , memory -> name: memory, amount: 1024, script: , vendor: , offHeap -> name: offHeap, amount: 0, script: , vendor: ), task resources: Map(cpus -> name: cpus, amount: 1.0)
[2021-12-09 11:27:47,359] {spark_submit_hook.py:479} INFO - 21/12/09 11:27:47 INFO ResourceProfile: Limiting resource is cpu
[2021-12-09 11:27:47,360] {spark_submit_hook.py:479} INFO - 21/12/09 11:27:47 INFO ResourceProfileManager: Added ResourceProfile id: 0
[2021-12-09 11:27:47,421] {spark_submit_hook.py:479} INFO - 21/12/09 11:27:47 INFO SecurityManager: Changing view acls to: rafael
[2021-12-09 11:27:47,421] {spark_submit_hook.py:479} INFO - 21/12/09 11:27:47 INFO SecurityManager: Changing modify acls to: rafael
[2021-12-09 11:27:47,422] {spark_submit_hook.py:479} INFO - 21/12/09 11:27:47 INFO SecurityManager: Changing view acls groups to:
[2021-12-09 11:27:47,422] {spark_submit_hook.py:479} INFO - 21/12/09 11:27:47 INFO SecurityManager: Changing modify acls groups to:
[2021-12-09 11:27:47,422] {spark_submit_hook.py:479} INFO - 21/12/09 11:27:47 INFO SecurityManager: SecurityManager: authentication disabled; ui acls disabled; users  with view permissions: Set(rafael); groups with view permissions: Set(); users  with modify permissions: Set(rafael); groups with modify permissions: Set()
[2021-12-09 11:27:47,832] {spark_submit_hook.py:479} INFO - 21/12/09 11:27:47 INFO Utils: Successfully started service 'sparkDriver' on port 42021.
[2021-12-09 11:27:47,873] {spark_submit_hook.py:479} INFO - 21/12/09 11:27:47 INFO SparkEnv: Registering MapOutputTracker
[2021-12-09 11:27:47,926] {spark_submit_hook.py:479} INFO - 21/12/09 11:27:47 INFO SparkEnv: Registering BlockManagerMaster
[2021-12-09 11:27:47,967] {spark_submit_hook.py:479} INFO - 21/12/09 11:27:47 INFO BlockManagerMasterEndpoint: Using org.apache.spark.storage.DefaultTopologyMapper for getting topology information
[2021-12-09 11:27:47,969] {spark_submit_hook.py:479} INFO - 21/12/09 11:27:47 INFO BlockManagerMasterEndpoint: BlockManagerMasterEndpoint up
[2021-12-09 11:27:47,978] {spark_submit_hook.py:479} INFO - 21/12/09 11:27:47 INFO SparkEnv: Registering BlockManagerMasterHeartbeat
[2021-12-09 11:27:48,018] {spark_submit_hook.py:479} INFO - 21/12/09 11:27:48 INFO DiskBlockManager: Created local directory at /tmp/blockmgr-b645a11b-cbf0-4aba-ad54-e1707a2df60a
[2021-12-09 11:27:48,049] {spark_submit_hook.py:479} INFO - 21/12/09 11:27:48 INFO MemoryStore: MemoryStore started with capacity 366.3 MiB
[2021-12-09 11:27:48,075] {spark_submit_hook.py:479} INFO - 21/12/09 11:27:48 INFO SparkEnv: Registering OutputCommitCoordinator
[2021-12-09 11:27:48,333] {spark_submit_hook.py:479} INFO - 21/12/09 11:27:48 INFO Utils: Successfully started service 'SparkUI' on port 4040.
[2021-12-09 11:27:48,438] {spark_submit_hook.py:479} INFO - 21/12/09 11:27:48 INFO SparkUI: Bound SparkUI to 0.0.0.0, and started at http://192.168.1.2:4040
[2021-12-09 11:27:48,625] {spark_submit_hook.py:479} INFO - 21/12/09 11:27:48 INFO Executor: Starting executor ID driver on host 192.168.1.2
[2021-12-09 11:27:48,647] {spark_submit_hook.py:479} INFO - 21/12/09 11:27:48 INFO Utils: Successfully started service 'org.apache.spark.network.netty.NettyBlockTransferService' on port 32949.
[2021-12-09 11:27:48,647] {spark_submit_hook.py:479} INFO - 21/12/09 11:27:48 INFO NettyBlockTransferService: Server created on 192.168.1.2:32949
[2021-12-09 11:27:48,650] {spark_submit_hook.py:479} INFO - 21/12/09 11:27:48 INFO BlockManager: Using org.apache.spark.storage.RandomBlockReplicationPolicy for block replication policy
[2021-12-09 11:27:48,659] {spark_submit_hook.py:479} INFO - 21/12/09 11:27:48 INFO BlockManagerMaster: Registering BlockManager BlockManagerId(driver, 192.168.1.2, 32949, None)
[2021-12-09 11:27:48,662] {spark_submit_hook.py:479} INFO - 21/12/09 11:27:48 INFO BlockManagerMasterEndpoint: Registering block manager 192.168.1.2:32949 with 366.3 MiB RAM, BlockManagerId(driver, 192.168.1.2, 32949, None)
[2021-12-09 11:27:48,665] {spark_submit_hook.py:479} INFO - 21/12/09 11:27:48 INFO BlockManagerMaster: Registered BlockManager BlockManagerId(driver, 192.168.1.2, 32949, None)
[2021-12-09 11:27:48,666] {spark_submit_hook.py:479} INFO - 21/12/09 11:27:48 INFO BlockManager: Initialized BlockManager: BlockManagerId(driver, 192.168.1.2, 32949, None)
[2021-12-09 11:27:49,263] {spark_submit_hook.py:479} INFO - 21/12/09 11:27:49 INFO SharedState: Setting hive.metastore.warehouse.dir ('null') to the value of spark.sql.warehouse.dir.
[2021-12-09 11:27:49,267] {spark_submit_hook.py:479} INFO - 21/12/09 11:27:49 INFO SharedState: Warehouse path is 'file:/home/rafael/Documentos/alura/datapipeline/spark-warehouse'.
[2021-12-09 11:27:50,632] {spark_submit_hook.py:479} INFO - 21/12/09 11:27:50 INFO InMemoryFileIndex: It took 33 ms to list leaf files for 1 paths.
[2021-12-09 11:27:50,699] {spark_submit_hook.py:479} INFO - 21/12/09 11:27:50 INFO InMemoryFileIndex: It took 1 ms to list leaf files for 1 paths.
[2021-12-09 11:27:53,365] {spark_submit_hook.py:479} INFO - 21/12/09 11:27:53 INFO FileSourceStrategy: Pushed Filters:
[2021-12-09 11:27:53,369] {spark_submit_hook.py:479} INFO - 21/12/09 11:27:53 INFO FileSourceStrategy: Post-Scan Filters:
[2021-12-09 11:27:53,374] {spark_submit_hook.py:479} INFO - 21/12/09 11:27:53 INFO FileSourceStrategy: Output Data Schema: struct<value: string>
[2021-12-09 11:27:53,704] {spark_submit_hook.py:479} INFO - 21/12/09 11:27:53 INFO MemoryStore: Block broadcast_0 stored as values in memory (estimated size 286.0 KiB, free 366.0 MiB)
[2021-12-09 11:27:53,752] {spark_submit_hook.py:479} INFO - 21/12/09 11:27:53 INFO MemoryStore: Block broadcast_0_piece0 stored as bytes in memory (estimated size 24.1 KiB, free 366.0 MiB)
[2021-12-09 11:27:53,754] {spark_submit_hook.py:479} INFO - 21/12/09 11:27:53 INFO BlockManagerInfo: Added broadcast_0_piece0 in memory on 192.168.1.2:32949 (size: 24.1 KiB, free: 366.3 MiB)
[2021-12-09 11:27:53,758] {spark_submit_hook.py:479} INFO - 21/12/09 11:27:53 INFO SparkContext: Created broadcast 0 from json at NativeMethodAccessorImpl.java:0
[2021-12-09 11:27:53,768] {spark_submit_hook.py:479} INFO - 21/12/09 11:27:53 INFO FileSourceScanExec: Planning scan with bin packing, max size: 4207414 bytes, open cost is considered as scanning 4194304 bytes.
[2021-12-09 11:27:53,934] {spark_submit_hook.py:479} INFO - 21/12/09 11:27:53 INFO SparkContext: Starting job: json at NativeMethodAccessorImpl.java:0
[2021-12-09 11:27:53,950] {spark_submit_hook.py:479} INFO - 21/12/09 11:27:53 INFO DAGScheduler: Got job 0 (json at NativeMethodAccessorImpl.java:0) with 1 output partitions
[2021-12-09 11:27:53,951] {spark_submit_hook.py:479} INFO - 21/12/09 11:27:53 INFO DAGScheduler: Final stage: ResultStage 0 (json at NativeMethodAccessorImpl.java:0)
[2021-12-09 11:27:53,951] {spark_submit_hook.py:479} INFO - 21/12/09 11:27:53 INFO DAGScheduler: Parents of final stage: List()
[2021-12-09 11:27:53,952] {spark_submit_hook.py:479} INFO - 21/12/09 11:27:53 INFO DAGScheduler: Missing parents: List()
[2021-12-09 11:27:53,956] {spark_submit_hook.py:479} INFO - 21/12/09 11:27:53 INFO DAGScheduler: Submitting ResultStage 0 (MapPartitionsRDD[3] at json at NativeMethodAccessorImpl.java:0), which has no missing parents
[2021-12-09 11:27:54,083] {spark_submit_hook.py:479} INFO - 21/12/09 11:27:54 INFO MemoryStore: Block broadcast_1 stored as values in memory (estimated size 12.5 KiB, free 366.0 MiB)
[2021-12-09 11:27:54,087] {spark_submit_hook.py:479} INFO - 21/12/09 11:27:54 INFO MemoryStore: Block broadcast_1_piece0 stored as bytes in memory (estimated size 6.6 KiB, free 366.0 MiB)
[2021-12-09 11:27:54,088] {spark_submit_hook.py:479} INFO - 21/12/09 11:27:54 INFO BlockManagerInfo: Added broadcast_1_piece0 in memory on 192.168.1.2:32949 (size: 6.6 KiB, free: 366.3 MiB)
[2021-12-09 11:27:54,090] {spark_submit_hook.py:479} INFO - 21/12/09 11:27:54 INFO SparkContext: Created broadcast 1 from broadcast at DAGScheduler.scala:1427
[2021-12-09 11:27:54,226] {spark_submit_hook.py:479} INFO - 21/12/09 11:27:54 INFO DAGScheduler: Submitting 1 missing tasks from ResultStage 0 (MapPartitionsRDD[3] at json at NativeMethodAccessorImpl.java:0) (first 15 tasks are for partitions Vector(0))
[2021-12-09 11:27:54,228] {spark_submit_hook.py:479} INFO - 21/12/09 11:27:54 INFO TaskSchedulerImpl: Adding task set 0.0 with 1 tasks resource profile 0
[2021-12-09 11:27:54,306] {spark_submit_hook.py:479} INFO - 21/12/09 11:27:54 INFO TaskSetManager: Starting task 0.0 in stage 0.0 (TID 0) (192.168.1.2, executor driver, partition 0, PROCESS_LOCAL, 4959 bytes) taskResourceAssignments Map()
[2021-12-09 11:27:54,329] {spark_submit_hook.py:479} INFO - 21/12/09 11:27:54 INFO Executor: Running task 0.0 in stage 0.0 (TID 0)
[2021-12-09 11:27:54,776] {spark_submit_hook.py:479} INFO - 21/12/09 11:27:54 INFO FileScanRDD: Reading File path: file:///home/rafael/Documents/alura/datapipeline/datalake/bronze/twitter_aluraonline/extract_date=2021-12-08/AluraOnline_20211208.json, range: 0-13110, partition values: [empty row]
[2021-12-09 11:27:55,028] {spark_submit_hook.py:479} INFO - 21/12/09 11:27:55 INFO CodeGenerator: Code generated in 174.298852 ms
[2021-12-09 11:27:55,088] {spark_submit_hook.py:479} INFO - 21/12/09 11:27:55 INFO Executor: Finished task 0.0 in stage 0.0 (TID 0). 2815 bytes result sent to driver
[2021-12-09 11:27:55,099] {spark_submit_hook.py:479} INFO - 21/12/09 11:27:55 INFO TaskSetManager: Finished task 0.0 in stage 0.0 (TID 0) in 817 ms on 192.168.1.2 (executor driver) (1/1)
[2021-12-09 11:27:55,102] {spark_submit_hook.py:479} INFO - 21/12/09 11:27:55 INFO TaskSchedulerImpl: Removed TaskSet 0.0, whose tasks have all completed, from pool
[2021-12-09 11:27:55,109] {spark_submit_hook.py:479} INFO - 21/12/09 11:27:55 INFO DAGScheduler: ResultStage 0 (json at NativeMethodAccessorImpl.java:0) finished in 1,134 s
[2021-12-09 11:27:55,113] {spark_submit_hook.py:479} INFO - 21/12/09 11:27:55 INFO DAGScheduler: Job 0 is finished. Cancelling potential speculative or zombie tasks for this job
[2021-12-09 11:27:55,113] {spark_submit_hook.py:479} INFO - 21/12/09 11:27:55 INFO TaskSchedulerImpl: Killing all running tasks in stage 0: Stage finished
[2021-12-09 11:27:55,119] {spark_submit_hook.py:479} INFO - 21/12/09 11:27:55 INFO DAGScheduler: Job 0 finished: json at NativeMethodAccessorImpl.java:0, took 1,181183 s
[2021-12-09 11:27:55,573] {spark_submit_hook.py:479} INFO - 21/12/09 11:27:55 INFO FileSourceStrategy: Pushed Filters: IsNotNull(data)
[2021-12-09 11:27:55,575] {spark_submit_hook.py:479} INFO - 21/12/09 11:27:55 INFO FileSourceStrategy: Post-Scan Filters: (size(data#7, true) > 0),isnotnull(data#7)
[2021-12-09 11:27:55,575] {spark_submit_hook.py:479} INFO - 21/12/09 11:27:55 INFO FileSourceStrategy: Output Data Schema: struct<data: array<struct<author_id:string,conversation_id:string,created_at:string,id:string,in_reply_to_user_id:string,public_metrics:struct<like_count:bigint,quote_count:bigint,reply_count:bigint,retweet_count:bigint>,text:string>>>
[2021-12-09 11:27:55,662] {spark_submit_hook.py:479} INFO - 21/12/09 11:27:55 INFO FileOutputCommitter: File Output Committer Algorithm version is 1
[2021-12-09 11:27:55,664] {spark_submit_hook.py:479} INFO - 21/12/09 11:27:55 INFO SQLHadoopMapReduceCommitProtocol: Using output committer class org.apache.hadoop.mapreduce.lib.output.FileOutputCommitter
[2021-12-09 11:27:55,832] {spark_submit_hook.py:479} INFO - 21/12/09 11:27:55 INFO CodeGenerator: Code generated in 103.789086 ms
[2021-12-09 11:27:55,838] {spark_submit_hook.py:479} INFO - 21/12/09 11:27:55 INFO MemoryStore: Block broadcast_2 stored as values in memory (estimated size 285.8 KiB, free 365.7 MiB)
[2021-12-09 11:27:55,846] {spark_submit_hook.py:479} INFO - 21/12/09 11:27:55 INFO MemoryStore: Block broadcast_2_piece0 stored as bytes in memory (estimated size 24.0 KiB, free 365.7 MiB)
[2021-12-09 11:27:55,846] {spark_submit_hook.py:479} INFO - 21/12/09 11:27:55 INFO BlockManagerInfo: Added broadcast_2_piece0 in memory on 192.168.1.2:32949 (size: 24.0 KiB, free: 366.2 MiB)
[2021-12-09 11:27:55,847] {spark_submit_hook.py:479} INFO - 21/12/09 11:27:55 INFO SparkContext: Created broadcast 2 from json at NativeMethodAccessorImpl.java:0
[2021-12-09 11:27:55,849] {spark_submit_hook.py:479} INFO - 21/12/09 11:27:55 INFO FileSourceScanExec: Planning scan with bin packing, max size: 4207414 bytes, open cost is considered as scanning 4194304 bytes.
[2021-12-09 11:27:55,909] {spark_submit_hook.py:479} INFO - 21/12/09 11:27:55 INFO SparkContext: Starting job: json at NativeMethodAccessorImpl.java:0
[2021-12-09 11:27:55,911] {spark_submit_hook.py:479} INFO - 21/12/09 11:27:55 INFO DAGScheduler: Got job 1 (json at NativeMethodAccessorImpl.java:0) with 1 output partitions
[2021-12-09 11:27:55,911] {spark_submit_hook.py:479} INFO - 21/12/09 11:27:55 INFO DAGScheduler: Final stage: ResultStage 1 (json at NativeMethodAccessorImpl.java:0)
[2021-12-09 11:27:55,911] {spark_submit_hook.py:479} INFO - 21/12/09 11:27:55 INFO DAGScheduler: Parents of final stage: List()
[2021-12-09 11:27:55,911] {spark_submit_hook.py:479} INFO - 21/12/09 11:27:55 INFO DAGScheduler: Missing parents: List()
[2021-12-09 11:27:55,914] {spark_submit_hook.py:479} INFO - 21/12/09 11:27:55 INFO DAGScheduler: Submitting ResultStage 1 (CoalescedRDD[7] at json at NativeMethodAccessorImpl.java:0), which has no missing parents
[2021-12-09 11:27:55,935] {spark_submit_hook.py:479} INFO - 21/12/09 11:27:55 INFO MemoryStore: Block broadcast_3 stored as values in memory (estimated size 172.0 KiB, free 365.5 MiB)
[2021-12-09 11:27:55,937] {spark_submit_hook.py:479} INFO - 21/12/09 11:27:55 INFO MemoryStore: Block broadcast_3_piece0 stored as bytes in memory (estimated size 59.9 KiB, free 365.4 MiB)
[2021-12-09 11:27:55,937] {spark_submit_hook.py:479} INFO - 21/12/09 11:27:55 INFO BlockManagerInfo: Added broadcast_3_piece0 in memory on 192.168.1.2:32949 (size: 59.9 KiB, free: 366.2 MiB)
[2021-12-09 11:27:55,938] {spark_submit_hook.py:479} INFO - 21/12/09 11:27:55 INFO SparkContext: Created broadcast 3 from broadcast at DAGScheduler.scala:1427
[2021-12-09 11:27:55,938] {spark_submit_hook.py:479} INFO - 21/12/09 11:27:55 INFO DAGScheduler: Submitting 1 missing tasks from ResultStage 1 (CoalescedRDD[7] at json at NativeMethodAccessorImpl.java:0) (first 15 tasks are for partitions Vector(0))
[2021-12-09 11:27:55,939] {spark_submit_hook.py:479} INFO - 21/12/09 11:27:55 INFO TaskSchedulerImpl: Adding task set 1.0 with 1 tasks resource profile 0
[2021-12-09 11:27:55,942] {spark_submit_hook.py:479} INFO - 21/12/09 11:27:55 INFO TaskSetManager: Starting task 0.0 in stage 1.0 (TID 1) (192.168.1.2, executor driver, partition 0, PROCESS_LOCAL, 5188 bytes) taskResourceAssignments Map()
[2021-12-09 11:27:55,942] {spark_submit_hook.py:479} INFO - 21/12/09 11:27:55 INFO Executor: Running task 0.0 in stage 1.0 (TID 1)
[2021-12-09 11:27:55,985] {spark_submit_hook.py:479} INFO - 21/12/09 11:27:55 INFO FileOutputCommitter: File Output Committer Algorithm version is 1
[2021-12-09 11:27:55,985] {spark_submit_hook.py:479} INFO - 21/12/09 11:27:55 INFO SQLHadoopMapReduceCommitProtocol: Using output committer class org.apache.hadoop.mapreduce.lib.output.FileOutputCommitter
[2021-12-09 11:27:56,016] {spark_submit_hook.py:479} INFO - 21/12/09 11:27:56 INFO FileScanRDD: Reading File path: file:///home/rafael/Documents/alura/datapipeline/datalake/bronze/twitter_aluraonline/extract_date=2021-12-08/AluraOnline_20211208.json, range: 0-13110, partition values: [empty row]
[2021-12-09 11:27:56,040] {spark_submit_hook.py:479} INFO - 21/12/09 11:27:56 INFO CodeGenerator: Code generated in 20.255099 ms
[2021-12-09 11:27:56,068] {spark_submit_hook.py:479} INFO - 21/12/09 11:27:56 INFO CodeGenerator: Code generated in 5.577989 ms
[2021-12-09 11:27:56,107] {spark_submit_hook.py:479} INFO - 21/12/09 11:27:56 INFO FileOutputCommitter: Saved output of task 'attempt_202112091127553309118499220533658_0001_m_000000_1' to file:/home/rafael/Documents/alura/datapipeline/datalake/silver/twitter_aluraonline/tweet/process_date=2021-12-08/_temporary/0/task_202112091127553309118499220533658_0001_m_000000
[2021-12-09 11:27:56,108] {spark_submit_hook.py:479} INFO - 21/12/09 11:27:56 INFO SparkHadoopMapRedUtil: attempt_202112091127553309118499220533658_0001_m_000000_1: Committed
[2021-12-09 11:27:56,113] {spark_submit_hook.py:479} INFO - 21/12/09 11:27:56 INFO Executor: Finished task 0.0 in stage 1.0 (TID 1). 2670 bytes result sent to driver
[2021-12-09 11:27:56,115] {spark_submit_hook.py:479} INFO - 21/12/09 11:27:56 INFO TaskSetManager: Finished task 0.0 in stage 1.0 (TID 1) in 176 ms on 192.168.1.2 (executor driver) (1/1)
[2021-12-09 11:27:56,115] {spark_submit_hook.py:479} INFO - 21/12/09 11:27:56 INFO TaskSchedulerImpl: Removed TaskSet 1.0, whose tasks have all completed, from pool
[2021-12-09 11:27:56,117] {spark_submit_hook.py:479} INFO - 21/12/09 11:27:56 INFO DAGScheduler: ResultStage 1 (json at NativeMethodAccessorImpl.java:0) finished in 0,203 s
[2021-12-09 11:27:56,117] {spark_submit_hook.py:479} INFO - 21/12/09 11:27:56 INFO DAGScheduler: Job 1 is finished. Cancelling potential speculative or zombie tasks for this job
[2021-12-09 11:27:56,117] {spark_submit_hook.py:479} INFO - 21/12/09 11:27:56 INFO TaskSchedulerImpl: Killing all running tasks in stage 1: Stage finished
[2021-12-09 11:27:56,118] {spark_submit_hook.py:479} INFO - 21/12/09 11:27:56 INFO DAGScheduler: Job 1 finished: json at NativeMethodAccessorImpl.java:0, took 0,208718 s
[2021-12-09 11:27:56,121] {spark_submit_hook.py:479} INFO - 21/12/09 11:27:56 INFO FileFormatWriter: Start to commit write Job 9c8db066-446e-4edd-b90b-715eceb7fa31.
[2021-12-09 11:27:56,134] {spark_submit_hook.py:479} INFO - 21/12/09 11:27:56 INFO FileFormatWriter: Write Job 9c8db066-446e-4edd-b90b-715eceb7fa31 committed. Elapsed time: 11 ms.
[2021-12-09 11:27:56,140] {spark_submit_hook.py:479} INFO - 21/12/09 11:27:56 INFO FileFormatWriter: Finished processing stats for write job 9c8db066-446e-4edd-b90b-715eceb7fa31.
[2021-12-09 11:27:56,195] {spark_submit_hook.py:479} INFO - 21/12/09 11:27:56 INFO FileSourceStrategy: Pushed Filters: IsNotNull(includes)
[2021-12-09 11:27:56,196] {spark_submit_hook.py:479} INFO - 21/12/09 11:27:56 INFO FileSourceStrategy: Post-Scan Filters: isnotnull(includes#8),(size(includes#8.users, true) > 0),isnotnull(includes#8.users)
[2021-12-09 11:27:56,197] {spark_submit_hook.py:479} INFO - 21/12/09 11:27:56 INFO FileSourceStrategy: Output Data Schema: struct<includes: struct<users: array<struct<created_at:string,id:string,name:string,username:string>>>>
[2021-12-09 11:27:56,210] {spark_submit_hook.py:479} INFO - 21/12/09 11:27:56 INFO FileOutputCommitter: File Output Committer Algorithm version is 1
[2021-12-09 11:27:56,211] {spark_submit_hook.py:479} INFO - 21/12/09 11:27:56 INFO SQLHadoopMapReduceCommitProtocol: Using output committer class org.apache.hadoop.mapreduce.lib.output.FileOutputCommitter
[2021-12-09 11:27:56,246] {spark_submit_hook.py:479} INFO - 21/12/09 11:27:56 INFO CodeGenerator: Code generated in 20.049751 ms
[2021-12-09 11:27:56,251] {spark_submit_hook.py:479} INFO - 21/12/09 11:27:56 INFO MemoryStore: Block broadcast_4 stored as values in memory (estimated size 285.8 KiB, free 365.2 MiB)
[2021-12-09 11:27:56,262] {spark_submit_hook.py:479} INFO - 21/12/09 11:27:56 INFO MemoryStore: Block broadcast_4_piece0 stored as bytes in memory (estimated size 24.0 KiB, free 365.1 MiB)
[2021-12-09 11:27:56,263] {spark_submit_hook.py:479} INFO - 21/12/09 11:27:56 INFO BlockManagerInfo: Added broadcast_4_piece0 in memory on 192.168.1.2:32949 (size: 24.0 KiB, free: 366.2 MiB)
[2021-12-09 11:27:56,264] {spark_submit_hook.py:479} INFO - 21/12/09 11:27:56 INFO SparkContext: Created broadcast 4 from json at NativeMethodAccessorImpl.java:0
[2021-12-09 11:27:56,265] {spark_submit_hook.py:479} INFO - 21/12/09 11:27:56 INFO FileSourceScanExec: Planning scan with bin packing, max size: 4207414 bytes, open cost is considered as scanning 4194304 bytes.
[2021-12-09 11:27:56,282] {spark_submit_hook.py:479} INFO - 21/12/09 11:27:56 INFO SparkContext: Starting job: json at NativeMethodAccessorImpl.java:0
[2021-12-09 11:27:56,284] {spark_submit_hook.py:479} INFO - 21/12/09 11:27:56 INFO DAGScheduler: Got job 2 (json at NativeMethodAccessorImpl.java:0) with 1 output partitions
[2021-12-09 11:27:56,284] {spark_submit_hook.py:479} INFO - 21/12/09 11:27:56 INFO DAGScheduler: Final stage: ResultStage 2 (json at NativeMethodAccessorImpl.java:0)
[2021-12-09 11:27:56,284] {spark_submit_hook.py:479} INFO - 21/12/09 11:27:56 INFO DAGScheduler: Parents of final stage: List()
[2021-12-09 11:27:56,284] {spark_submit_hook.py:479} INFO - 21/12/09 11:27:56 INFO DAGScheduler: Missing parents: List()
[2021-12-09 11:27:56,286] {spark_submit_hook.py:479} INFO - 21/12/09 11:27:56 INFO DAGScheduler: Submitting ResultStage 2 (CoalescedRDD[11] at json at NativeMethodAccessorImpl.java:0), which has no missing parents
[2021-12-09 11:27:56,302] {spark_submit_hook.py:479} INFO - 21/12/09 11:27:56 INFO MemoryStore: Block broadcast_5 stored as values in memory (estimated size 159.6 KiB, free 365.0 MiB)
[2021-12-09 11:27:56,304] {spark_submit_hook.py:479} INFO - 21/12/09 11:27:56 INFO MemoryStore: Block broadcast_5_piece0 stored as bytes in memory (estimated size 57.3 KiB, free 364.9 MiB)
[2021-12-09 11:27:56,305] {spark_submit_hook.py:479} INFO - 21/12/09 11:27:56 INFO BlockManagerInfo: Added broadcast_5_piece0 in memory on 192.168.1.2:32949 (size: 57.3 KiB, free: 366.1 MiB)
[2021-12-09 11:27:56,306] {spark_submit_hook.py:479} INFO - 21/12/09 11:27:56 INFO SparkContext: Created broadcast 5 from broadcast at DAGScheduler.scala:1427
[2021-12-09 11:27:56,306] {spark_submit_hook.py:479} INFO - 21/12/09 11:27:56 INFO DAGScheduler: Submitting 1 missing tasks from ResultStage 2 (CoalescedRDD[11] at json at NativeMethodAccessorImpl.java:0) (first 15 tasks are for partitions Vector(0))
[2021-12-09 11:27:56,306] {spark_submit_hook.py:479} INFO - 21/12/09 11:27:56 INFO TaskSchedulerImpl: Adding task set 2.0 with 1 tasks resource profile 0
[2021-12-09 11:27:56,308] {spark_submit_hook.py:479} INFO - 21/12/09 11:27:56 INFO TaskSetManager: Starting task 0.0 in stage 2.0 (TID 2) (192.168.1.2, executor driver, partition 0, PROCESS_LOCAL, 5188 bytes) taskResourceAssignments Map()
[2021-12-09 11:27:56,311] {spark_submit_hook.py:479} INFO - 21/12/09 11:27:56 INFO Executor: Running task 0.0 in stage 2.0 (TID 2)
[2021-12-09 11:27:56,324] {spark_submit_hook.py:479} INFO - 21/12/09 11:27:56 INFO FileOutputCommitter: File Output Committer Algorithm version is 1
[2021-12-09 11:27:56,324] {spark_submit_hook.py:479} INFO - 21/12/09 11:27:56 INFO SQLHadoopMapReduceCommitProtocol: Using output committer class org.apache.hadoop.mapreduce.lib.output.FileOutputCommitter
[2021-12-09 11:27:56,332] {spark_submit_hook.py:479} INFO - 21/12/09 11:27:56 INFO FileScanRDD: Reading File path: file:///home/rafael/Documents/alura/datapipeline/datalake/bronze/twitter_aluraonline/extract_date=2021-12-08/AluraOnline_20211208.json, range: 0-13110, partition values: [empty row]
[2021-12-09 11:27:56,351] {spark_submit_hook.py:479} INFO - 21/12/09 11:27:56 INFO CodeGenerator: Code generated in 15.452987 ms
[2021-12-09 11:27:56,361] {spark_submit_hook.py:479} INFO - 21/12/09 11:27:56 INFO CodeGenerator: Code generated in 6.324659 ms
[2021-12-09 11:27:56,373] {spark_submit_hook.py:479} INFO - 21/12/09 11:27:56 INFO FileOutputCommitter: Saved output of task 'attempt_202112091127564353027818184757259_0002_m_000000_2' to file:/home/rafael/Documents/alura/datapipeline/datalake/silver/twitter_aluraonline/user/process_date=2021-12-08/_temporary/0/task_202112091127564353027818184757259_0002_m_000000
[2021-12-09 11:27:56,373] {spark_submit_hook.py:479} INFO - 21/12/09 11:27:56 INFO SparkHadoopMapRedUtil: attempt_202112091127564353027818184757259_0002_m_000000_2: Committed
[2021-12-09 11:27:56,374] {spark_submit_hook.py:479} INFO - 21/12/09 11:27:56 INFO Executor: Finished task 0.0 in stage 2.0 (TID 2). 2627 bytes result sent to driver
[2021-12-09 11:27:56,376] {spark_submit_hook.py:479} INFO - 21/12/09 11:27:56 INFO TaskSetManager: Finished task 0.0 in stage 2.0 (TID 2) in 69 ms on 192.168.1.2 (executor driver) (1/1)
[2021-12-09 11:27:56,376] {spark_submit_hook.py:479} INFO - 21/12/09 11:27:56 INFO TaskSchedulerImpl: Removed TaskSet 2.0, whose tasks have all completed, from pool
[2021-12-09 11:27:56,377] {spark_submit_hook.py:479} INFO - 21/12/09 11:27:56 INFO DAGScheduler: ResultStage 2 (json at NativeMethodAccessorImpl.java:0) finished in 0,089 s
[2021-12-09 11:27:56,378] {spark_submit_hook.py:479} INFO - 21/12/09 11:27:56 INFO DAGScheduler: Job 2 is finished. Cancelling potential speculative or zombie tasks for this job
[2021-12-09 11:27:56,378] {spark_submit_hook.py:479} INFO - 21/12/09 11:27:56 INFO TaskSchedulerImpl: Killing all running tasks in stage 2: Stage finished
[2021-12-09 11:27:56,378] {spark_submit_hook.py:479} INFO - 21/12/09 11:27:56 INFO DAGScheduler: Job 2 finished: json at NativeMethodAccessorImpl.java:0, took 0,096077 s
[2021-12-09 11:27:56,379] {spark_submit_hook.py:479} INFO - 21/12/09 11:27:56 INFO FileFormatWriter: Start to commit write Job 4da0c9e5-e613-4c80-b7a2-c5d766e5f514.
[2021-12-09 11:27:56,389] {spark_submit_hook.py:479} INFO - 21/12/09 11:27:56 INFO FileFormatWriter: Write Job 4da0c9e5-e613-4c80-b7a2-c5d766e5f514 committed. Elapsed time: 10 ms.
[2021-12-09 11:27:56,390] {spark_submit_hook.py:479} INFO - 21/12/09 11:27:56 INFO FileFormatWriter: Finished processing stats for write job 4da0c9e5-e613-4c80-b7a2-c5d766e5f514.
[2021-12-09 11:27:56,424] {spark_submit_hook.py:479} INFO - 21/12/09 11:27:56 INFO SparkContext: Invoking stop() from shutdown hook
[2021-12-09 11:27:56,431] {spark_submit_hook.py:479} INFO - 21/12/09 11:27:56 INFO SparkUI: Stopped Spark web UI at http://192.168.1.2:4040
[2021-12-09 11:27:56,439] {spark_submit_hook.py:479} INFO - 21/12/09 11:27:56 INFO MapOutputTrackerMasterEndpoint: MapOutputTrackerMasterEndpoint stopped!
[2021-12-09 11:27:56,446] {spark_submit_hook.py:479} INFO - 21/12/09 11:27:56 INFO MemoryStore: MemoryStore cleared
[2021-12-09 11:27:56,447] {spark_submit_hook.py:479} INFO - 21/12/09 11:27:56 INFO BlockManager: BlockManager stopped
[2021-12-09 11:27:56,454] {spark_submit_hook.py:479} INFO - 21/12/09 11:27:56 INFO BlockManagerMaster: BlockManagerMaster stopped
[2021-12-09 11:27:56,456] {spark_submit_hook.py:479} INFO - 21/12/09 11:27:56 INFO OutputCommitCoordinator$OutputCommitCoordinatorEndpoint: OutputCommitCoordinator stopped!
[2021-12-09 11:27:56,459] {spark_submit_hook.py:479} INFO - 21/12/09 11:27:56 INFO SparkContext: Successfully stopped SparkContext
[2021-12-09 11:27:56,459] {spark_submit_hook.py:479} INFO - 21/12/09 11:27:56 INFO ShutdownHookManager: Shutdown hook called
[2021-12-09 11:27:56,460] {spark_submit_hook.py:479} INFO - 21/12/09 11:27:56 INFO ShutdownHookManager: Deleting directory /tmp/spark-3b9d109e-9661-40b5-8faf-137007fd3e2d
[2021-12-09 11:27:56,462] {spark_submit_hook.py:479} INFO - 21/12/09 11:27:56 INFO ShutdownHookManager: Deleting directory /tmp/spark-dbb0bde1-2851-4a9f-af40-39c7f0638ab4
[2021-12-09 11:27:56,463] {spark_submit_hook.py:479} INFO - 21/12/09 11:27:56 INFO ShutdownHookManager: Deleting directory /tmp/spark-dbb0bde1-2851-4a9f-af40-39c7f0638ab4/pyspark-898e94b5-e03c-4395-a483-330bb0583b5e
[2021-12-09 11:27:56,502] {taskinstance.py:1070} INFO - Marking task as SUCCESS.dag_id=twitter_dag, task_id=transform_twitter_aluraonline, execution_date=20211208T090000, start_date=20211209T142744, end_date=20211209T142756
[2021-12-09 11:27:59,737] {local_task_job.py:102} INFO - Task exited with return code 0
