[2021-12-09 11:34:18,452] {taskinstance.py:670} INFO - Dependencies all met for <TaskInstance: twitter_dag.transform_twitter_aluraonline 2021-12-08T09:00:00+00:00 [queued]>
[2021-12-09 11:34:18,468] {taskinstance.py:670} INFO - Dependencies all met for <TaskInstance: twitter_dag.transform_twitter_aluraonline 2021-12-08T09:00:00+00:00 [queued]>
[2021-12-09 11:34:18,468] {taskinstance.py:880} INFO - 
--------------------------------------------------------------------------------
[2021-12-09 11:34:18,468] {taskinstance.py:881} INFO - Starting attempt 2 of 2
[2021-12-09 11:34:18,469] {taskinstance.py:882} INFO - 
--------------------------------------------------------------------------------
[2021-12-09 11:34:18,490] {taskinstance.py:901} INFO - Executing <Task(SparkSubmitOperator): transform_twitter_aluraonline> on 2021-12-08T09:00:00+00:00
[2021-12-09 11:34:18,491] {standard_task_runner.py:54} INFO - Started process 10090 to run task
[2021-12-09 11:34:18,540] {standard_task_runner.py:77} INFO - Running: ['airflow', 'run', 'twitter_dag', 'transform_twitter_aluraonline', '2021-12-08T09:00:00+00:00', '--job_id', '35', '--pool', 'default_pool', '--raw', '-sd', 'DAGS_FOLDER/twitter_dag.py', '--cfg_path', '/tmp/tmpgw5n4jkw']
[2021-12-09 11:34:18,540] {standard_task_runner.py:78} INFO - Job 35: Subtask transform_twitter_aluraonline
[2021-12-09 11:34:18,562] {logging_mixin.py:112} INFO - Running <TaskInstance: twitter_dag.transform_twitter_aluraonline 2021-12-08T09:00:00+00:00 [running]> on host rafael-Aspire-A515-54G
[2021-12-09 11:34:18,605] {base_hook.py:89} INFO - Using connection to: id: spark_default. Host: local, Port: None, Schema: None, Login: None, Password: None, extra: XXXXXXXX
[2021-12-09 11:34:18,606] {spark_submit_hook.py:325} INFO - Spark-Submit cmd: /home/rafael/Documentos/spark-3.2.0-bin-hadoop2.7/bin/spark-submit --master local --name twitter_transformation /home/rafael/Documentos/alura/datapipeline/spark/transformation.py --src /home/rafael/Documentos/alura/datapipeline/datalake/bronze/twitter_aluraonline/extract_date=2021-12-08 --dest /home/rafael/Documentos/alura/datapipeline/datalake/silver/twitter_aluraonline/ --process-date 2021-12-08
[2021-12-09 11:34:19,447] {spark_submit_hook.py:479} INFO - 21/12/09 11:34:19 WARN Utils: Your hostname, rafael-Aspire-A515-54G resolves to a loopback address: 127.0.1.1; using 192.168.1.2 instead (on interface wlp4s0)
[2021-12-09 11:34:19,447] {spark_submit_hook.py:479} INFO - 21/12/09 11:34:19 WARN Utils: Set SPARK_LOCAL_IP if you need to bind to another address
[2021-12-09 11:34:20,225] {spark_submit_hook.py:479} INFO - Using Spark's default log4j profile: org/apache/spark/log4j-defaults.properties
[2021-12-09 11:34:20,232] {spark_submit_hook.py:479} INFO - 21/12/09 11:34:20 INFO SparkContext: Running Spark version 3.2.0
[2021-12-09 11:34:20,351] {spark_submit_hook.py:479} INFO - 21/12/09 11:34:20 WARN NativeCodeLoader: Unable to load native-hadoop library for your platform... using builtin-java classes where applicable
[2021-12-09 11:34:20,447] {spark_submit_hook.py:479} INFO - 21/12/09 11:34:20 INFO ResourceUtils: ==============================================================
[2021-12-09 11:34:20,447] {spark_submit_hook.py:479} INFO - 21/12/09 11:34:20 INFO ResourceUtils: No custom resources configured for spark.driver.
[2021-12-09 11:34:20,447] {spark_submit_hook.py:479} INFO - 21/12/09 11:34:20 INFO ResourceUtils: ==============================================================
[2021-12-09 11:34:20,448] {spark_submit_hook.py:479} INFO - 21/12/09 11:34:20 INFO SparkContext: Submitted application: twitter_transformation
[2021-12-09 11:34:20,470] {spark_submit_hook.py:479} INFO - 21/12/09 11:34:20 INFO ResourceProfile: Default ResourceProfile created, executor resources: Map(cores -> name: cores, amount: 1, script: , vendor: , memory -> name: memory, amount: 1024, script: , vendor: , offHeap -> name: offHeap, amount: 0, script: , vendor: ), task resources: Map(cpus -> name: cpus, amount: 1.0)
[2021-12-09 11:34:20,481] {spark_submit_hook.py:479} INFO - 21/12/09 11:34:20 INFO ResourceProfile: Limiting resource is cpu
[2021-12-09 11:34:20,482] {spark_submit_hook.py:479} INFO - 21/12/09 11:34:20 INFO ResourceProfileManager: Added ResourceProfile id: 0
[2021-12-09 11:34:20,528] {spark_submit_hook.py:479} INFO - 21/12/09 11:34:20 INFO SecurityManager: Changing view acls to: rafael
[2021-12-09 11:34:20,528] {spark_submit_hook.py:479} INFO - 21/12/09 11:34:20 INFO SecurityManager: Changing modify acls to: rafael
[2021-12-09 11:34:20,529] {spark_submit_hook.py:479} INFO - 21/12/09 11:34:20 INFO SecurityManager: Changing view acls groups to:
[2021-12-09 11:34:20,529] {spark_submit_hook.py:479} INFO - 21/12/09 11:34:20 INFO SecurityManager: Changing modify acls groups to:
[2021-12-09 11:34:20,530] {spark_submit_hook.py:479} INFO - 21/12/09 11:34:20 INFO SecurityManager: SecurityManager: authentication disabled; ui acls disabled; users  with view permissions: Set(rafael); groups with view permissions: Set(); users  with modify permissions: Set(rafael); groups with modify permissions: Set()
[2021-12-09 11:34:20,842] {spark_submit_hook.py:479} INFO - 21/12/09 11:34:20 INFO Utils: Successfully started service 'sparkDriver' on port 40855.
[2021-12-09 11:34:20,865] {spark_submit_hook.py:479} INFO - 21/12/09 11:34:20 INFO SparkEnv: Registering MapOutputTracker
[2021-12-09 11:34:20,893] {spark_submit_hook.py:479} INFO - 21/12/09 11:34:20 INFO SparkEnv: Registering BlockManagerMaster
[2021-12-09 11:34:20,910] {spark_submit_hook.py:479} INFO - 21/12/09 11:34:20 INFO BlockManagerMasterEndpoint: Using org.apache.spark.storage.DefaultTopologyMapper for getting topology information
[2021-12-09 11:34:20,911] {spark_submit_hook.py:479} INFO - 21/12/09 11:34:20 INFO BlockManagerMasterEndpoint: BlockManagerMasterEndpoint up
[2021-12-09 11:34:20,914] {spark_submit_hook.py:479} INFO - 21/12/09 11:34:20 INFO SparkEnv: Registering BlockManagerMasterHeartbeat
[2021-12-09 11:34:20,935] {spark_submit_hook.py:479} INFO - 21/12/09 11:34:20 INFO DiskBlockManager: Created local directory at /tmp/blockmgr-f163b888-9a45-4947-96cb-9d1ca6d99601
[2021-12-09 11:34:20,956] {spark_submit_hook.py:479} INFO - 21/12/09 11:34:20 INFO MemoryStore: MemoryStore started with capacity 366.3 MiB
[2021-12-09 11:34:20,973] {spark_submit_hook.py:479} INFO - 21/12/09 11:34:20 INFO SparkEnv: Registering OutputCommitCoordinator
[2021-12-09 11:34:21,176] {spark_submit_hook.py:479} INFO - 21/12/09 11:34:21 INFO Utils: Successfully started service 'SparkUI' on port 4040.
[2021-12-09 11:34:21,284] {spark_submit_hook.py:479} INFO - 21/12/09 11:34:21 INFO SparkUI: Bound SparkUI to 0.0.0.0, and started at http://192.168.1.2:4040
[2021-12-09 11:34:21,460] {spark_submit_hook.py:479} INFO - 21/12/09 11:34:21 INFO Executor: Starting executor ID driver on host 192.168.1.2
[2021-12-09 11:34:21,484] {spark_submit_hook.py:479} INFO - 21/12/09 11:34:21 INFO Utils: Successfully started service 'org.apache.spark.network.netty.NettyBlockTransferService' on port 39105.
[2021-12-09 11:34:21,484] {spark_submit_hook.py:479} INFO - 21/12/09 11:34:21 INFO NettyBlockTransferService: Server created on 192.168.1.2:39105
[2021-12-09 11:34:21,485] {spark_submit_hook.py:479} INFO - 21/12/09 11:34:21 INFO BlockManager: Using org.apache.spark.storage.RandomBlockReplicationPolicy for block replication policy
[2021-12-09 11:34:21,492] {spark_submit_hook.py:479} INFO - 21/12/09 11:34:21 INFO BlockManagerMaster: Registering BlockManager BlockManagerId(driver, 192.168.1.2, 39105, None)
[2021-12-09 11:34:21,497] {spark_submit_hook.py:479} INFO - 21/12/09 11:34:21 INFO BlockManagerMasterEndpoint: Registering block manager 192.168.1.2:39105 with 366.3 MiB RAM, BlockManagerId(driver, 192.168.1.2, 39105, None)
[2021-12-09 11:34:21,500] {spark_submit_hook.py:479} INFO - 21/12/09 11:34:21 INFO BlockManagerMaster: Registered BlockManager BlockManagerId(driver, 192.168.1.2, 39105, None)
[2021-12-09 11:34:21,501] {spark_submit_hook.py:479} INFO - 21/12/09 11:34:21 INFO BlockManager: Initialized BlockManager: BlockManagerId(driver, 192.168.1.2, 39105, None)
[2021-12-09 11:34:22,033] {spark_submit_hook.py:479} INFO - 21/12/09 11:34:22 INFO SharedState: Setting hive.metastore.warehouse.dir ('null') to the value of spark.sql.warehouse.dir.
[2021-12-09 11:34:22,038] {spark_submit_hook.py:479} INFO - 21/12/09 11:34:22 INFO SharedState: Warehouse path is 'file:/home/rafael/Documentos/alura/datapipeline/spark-warehouse'.
[2021-12-09 11:34:23,072] {spark_submit_hook.py:479} INFO - 21/12/09 11:34:23 INFO InMemoryFileIndex: It took 30 ms to list leaf files for 1 paths.
[2021-12-09 11:34:23,132] {spark_submit_hook.py:479} INFO - 21/12/09 11:34:23 INFO InMemoryFileIndex: It took 1 ms to list leaf files for 1 paths.
[2021-12-09 11:34:25,192] {spark_submit_hook.py:479} INFO - 21/12/09 11:34:25 INFO FileSourceStrategy: Pushed Filters:
[2021-12-09 11:34:25,194] {spark_submit_hook.py:479} INFO - 21/12/09 11:34:25 INFO FileSourceStrategy: Post-Scan Filters:
[2021-12-09 11:34:25,198] {spark_submit_hook.py:479} INFO - 21/12/09 11:34:25 INFO FileSourceStrategy: Output Data Schema: struct<value: string>
[2021-12-09 11:34:25,463] {spark_submit_hook.py:479} INFO - 21/12/09 11:34:25 INFO MemoryStore: Block broadcast_0 stored as values in memory (estimated size 286.0 KiB, free 366.0 MiB)
[2021-12-09 11:34:25,509] {spark_submit_hook.py:479} INFO - 21/12/09 11:34:25 INFO MemoryStore: Block broadcast_0_piece0 stored as bytes in memory (estimated size 24.1 KiB, free 366.0 MiB)
[2021-12-09 11:34:25,512] {spark_submit_hook.py:479} INFO - 21/12/09 11:34:25 INFO BlockManagerInfo: Added broadcast_0_piece0 in memory on 192.168.1.2:39105 (size: 24.1 KiB, free: 366.3 MiB)
[2021-12-09 11:34:25,516] {spark_submit_hook.py:479} INFO - 21/12/09 11:34:25 INFO SparkContext: Created broadcast 0 from json at NativeMethodAccessorImpl.java:0
[2021-12-09 11:34:25,525] {spark_submit_hook.py:479} INFO - 21/12/09 11:34:25 INFO FileSourceScanExec: Planning scan with bin packing, max size: 4207414 bytes, open cost is considered as scanning 4194304 bytes.
[2021-12-09 11:34:25,688] {spark_submit_hook.py:479} INFO - 21/12/09 11:34:25 INFO SparkContext: Starting job: json at NativeMethodAccessorImpl.java:0
[2021-12-09 11:34:25,705] {spark_submit_hook.py:479} INFO - 21/12/09 11:34:25 INFO DAGScheduler: Got job 0 (json at NativeMethodAccessorImpl.java:0) with 1 output partitions
[2021-12-09 11:34:25,705] {spark_submit_hook.py:479} INFO - 21/12/09 11:34:25 INFO DAGScheduler: Final stage: ResultStage 0 (json at NativeMethodAccessorImpl.java:0)
[2021-12-09 11:34:25,705] {spark_submit_hook.py:479} INFO - 21/12/09 11:34:25 INFO DAGScheduler: Parents of final stage: List()
[2021-12-09 11:34:25,706] {spark_submit_hook.py:479} INFO - 21/12/09 11:34:25 INFO DAGScheduler: Missing parents: List()
[2021-12-09 11:34:25,710] {spark_submit_hook.py:479} INFO - 21/12/09 11:34:25 INFO DAGScheduler: Submitting ResultStage 0 (MapPartitionsRDD[3] at json at NativeMethodAccessorImpl.java:0), which has no missing parents
[2021-12-09 11:34:25,839] {spark_submit_hook.py:479} INFO - 21/12/09 11:34:25 INFO MemoryStore: Block broadcast_1 stored as values in memory (estimated size 12.5 KiB, free 366.0 MiB)
[2021-12-09 11:34:25,843] {spark_submit_hook.py:479} INFO - 21/12/09 11:34:25 INFO MemoryStore: Block broadcast_1_piece0 stored as bytes in memory (estimated size 6.5 KiB, free 366.0 MiB)
[2021-12-09 11:34:25,844] {spark_submit_hook.py:479} INFO - 21/12/09 11:34:25 INFO BlockManagerInfo: Added broadcast_1_piece0 in memory on 192.168.1.2:39105 (size: 6.5 KiB, free: 366.3 MiB)
[2021-12-09 11:34:25,845] {spark_submit_hook.py:479} INFO - 21/12/09 11:34:25 INFO SparkContext: Created broadcast 1 from broadcast at DAGScheduler.scala:1427
[2021-12-09 11:34:25,968] {spark_submit_hook.py:479} INFO - 21/12/09 11:34:25 INFO DAGScheduler: Submitting 1 missing tasks from ResultStage 0 (MapPartitionsRDD[3] at json at NativeMethodAccessorImpl.java:0) (first 15 tasks are for partitions Vector(0))
[2021-12-09 11:34:25,969] {spark_submit_hook.py:479} INFO - 21/12/09 11:34:25 INFO TaskSchedulerImpl: Adding task set 0.0 with 1 tasks resource profile 0
[2021-12-09 11:34:26,019] {spark_submit_hook.py:479} INFO - 21/12/09 11:34:26 INFO TaskSetManager: Starting task 0.0 in stage 0.0 (TID 0) (192.168.1.2, executor driver, partition 0, PROCESS_LOCAL, 4960 bytes) taskResourceAssignments Map()
[2021-12-09 11:34:26,035] {spark_submit_hook.py:479} INFO - 21/12/09 11:34:26 INFO Executor: Running task 0.0 in stage 0.0 (TID 0)
[2021-12-09 11:34:26,341] {spark_submit_hook.py:479} INFO - 21/12/09 11:34:26 INFO FileScanRDD: Reading File path: file:///home/rafael/Documentos/alura/datapipeline/datalake/bronze/twitter_aluraonline/extract_date=2021-12-08/AluraOnline_20211208.json, range: 0-13110, partition values: [empty row]
[2021-12-09 11:34:26,557] {spark_submit_hook.py:479} INFO - 21/12/09 11:34:26 INFO CodeGenerator: Code generated in 171.440087 ms
[2021-12-09 11:34:26,613] {spark_submit_hook.py:479} INFO - 21/12/09 11:34:26 INFO Executor: Finished task 0.0 in stage 0.0 (TID 0). 2815 bytes result sent to driver
[2021-12-09 11:34:26,623] {spark_submit_hook.py:479} INFO - 21/12/09 11:34:26 INFO TaskSetManager: Finished task 0.0 in stage 0.0 (TID 0) in 614 ms on 192.168.1.2 (executor driver) (1/1)
[2021-12-09 11:34:26,626] {spark_submit_hook.py:479} INFO - 21/12/09 11:34:26 INFO TaskSchedulerImpl: Removed TaskSet 0.0, whose tasks have all completed, from pool
[2021-12-09 11:34:26,632] {spark_submit_hook.py:479} INFO - 21/12/09 11:34:26 INFO DAGScheduler: ResultStage 0 (json at NativeMethodAccessorImpl.java:0) finished in 0,906 s
[2021-12-09 11:34:26,635] {spark_submit_hook.py:479} INFO - 21/12/09 11:34:26 INFO DAGScheduler: Job 0 is finished. Cancelling potential speculative or zombie tasks for this job
[2021-12-09 11:34:26,635] {spark_submit_hook.py:479} INFO - 21/12/09 11:34:26 INFO TaskSchedulerImpl: Killing all running tasks in stage 0: Stage finished
[2021-12-09 11:34:26,638] {spark_submit_hook.py:479} INFO - 21/12/09 11:34:26 INFO DAGScheduler: Job 0 finished: json at NativeMethodAccessorImpl.java:0, took 0,949296 s
[2021-12-09 11:34:27,071] {spark_submit_hook.py:479} INFO - 21/12/09 11:34:27 INFO FileSourceStrategy: Pushed Filters: IsNotNull(data)
[2021-12-09 11:34:27,073] {spark_submit_hook.py:479} INFO - 21/12/09 11:34:27 INFO FileSourceStrategy: Post-Scan Filters: (size(data#7, true) > 0),isnotnull(data#7)
[2021-12-09 11:34:27,073] {spark_submit_hook.py:479} INFO - 21/12/09 11:34:27 INFO FileSourceStrategy: Output Data Schema: struct<data: array<struct<author_id:string,conversation_id:string,created_at:string,id:string,in_reply_to_user_id:string,public_metrics:struct<like_count:bigint,quote_count:bigint,reply_count:bigint,retweet_count:bigint>,text:string>>>
[2021-12-09 11:34:27,147] {spark_submit_hook.py:479} INFO - 21/12/09 11:34:27 INFO FileOutputCommitter: File Output Committer Algorithm version is 1
[2021-12-09 11:34:27,148] {spark_submit_hook.py:479} INFO - 21/12/09 11:34:27 INFO SQLHadoopMapReduceCommitProtocol: Using output committer class org.apache.hadoop.mapreduce.lib.output.FileOutputCommitter
[2021-12-09 11:34:27,339] {spark_submit_hook.py:479} INFO - 21/12/09 11:34:27 INFO CodeGenerator: Code generated in 103.42725 ms
[2021-12-09 11:34:27,347] {spark_submit_hook.py:479} INFO - 21/12/09 11:34:27 INFO MemoryStore: Block broadcast_2 stored as values in memory (estimated size 285.8 KiB, free 365.7 MiB)
[2021-12-09 11:34:27,358] {spark_submit_hook.py:479} INFO - 21/12/09 11:34:27 INFO MemoryStore: Block broadcast_2_piece0 stored as bytes in memory (estimated size 24.0 KiB, free 365.7 MiB)
[2021-12-09 11:34:27,359] {spark_submit_hook.py:479} INFO - 21/12/09 11:34:27 INFO BlockManagerInfo: Added broadcast_2_piece0 in memory on 192.168.1.2:39105 (size: 24.0 KiB, free: 366.2 MiB)
[2021-12-09 11:34:27,360] {spark_submit_hook.py:479} INFO - 21/12/09 11:34:27 INFO SparkContext: Created broadcast 2 from json at NativeMethodAccessorImpl.java:0
[2021-12-09 11:34:27,363] {spark_submit_hook.py:479} INFO - 21/12/09 11:34:27 INFO FileSourceScanExec: Planning scan with bin packing, max size: 4207414 bytes, open cost is considered as scanning 4194304 bytes.
[2021-12-09 11:34:27,432] {spark_submit_hook.py:479} INFO - 21/12/09 11:34:27 INFO SparkContext: Starting job: json at NativeMethodAccessorImpl.java:0
[2021-12-09 11:34:27,433] {spark_submit_hook.py:479} INFO - 21/12/09 11:34:27 INFO DAGScheduler: Got job 1 (json at NativeMethodAccessorImpl.java:0) with 1 output partitions
[2021-12-09 11:34:27,433] {spark_submit_hook.py:479} INFO - 21/12/09 11:34:27 INFO DAGScheduler: Final stage: ResultStage 1 (json at NativeMethodAccessorImpl.java:0)
[2021-12-09 11:34:27,434] {spark_submit_hook.py:479} INFO - 21/12/09 11:34:27 INFO DAGScheduler: Parents of final stage: List()
[2021-12-09 11:34:27,434] {spark_submit_hook.py:479} INFO - 21/12/09 11:34:27 INFO DAGScheduler: Missing parents: List()
[2021-12-09 11:34:27,435] {spark_submit_hook.py:479} INFO - 21/12/09 11:34:27 INFO DAGScheduler: Submitting ResultStage 1 (CoalescedRDD[7] at json at NativeMethodAccessorImpl.java:0), which has no missing parents
[2021-12-09 11:34:27,462] {spark_submit_hook.py:479} INFO - 21/12/09 11:34:27 INFO MemoryStore: Block broadcast_3 stored as values in memory (estimated size 172.0 KiB, free 365.5 MiB)
[2021-12-09 11:34:27,465] {spark_submit_hook.py:479} INFO - 21/12/09 11:34:27 INFO MemoryStore: Block broadcast_3_piece0 stored as bytes in memory (estimated size 59.9 KiB, free 365.4 MiB)
[2021-12-09 11:34:27,465] {spark_submit_hook.py:479} INFO - 21/12/09 11:34:27 INFO BlockManagerInfo: Added broadcast_3_piece0 in memory on 192.168.1.2:39105 (size: 59.9 KiB, free: 366.2 MiB)
[2021-12-09 11:34:27,466] {spark_submit_hook.py:479} INFO - 21/12/09 11:34:27 INFO SparkContext: Created broadcast 3 from broadcast at DAGScheduler.scala:1427
[2021-12-09 11:34:27,467] {spark_submit_hook.py:479} INFO - 21/12/09 11:34:27 INFO DAGScheduler: Submitting 1 missing tasks from ResultStage 1 (CoalescedRDD[7] at json at NativeMethodAccessorImpl.java:0) (first 15 tasks are for partitions Vector(0))
[2021-12-09 11:34:27,467] {spark_submit_hook.py:479} INFO - 21/12/09 11:34:27 INFO TaskSchedulerImpl: Adding task set 1.0 with 1 tasks resource profile 0
[2021-12-09 11:34:27,472] {spark_submit_hook.py:479} INFO - 21/12/09 11:34:27 INFO TaskSetManager: Starting task 0.0 in stage 1.0 (TID 1) (192.168.1.2, executor driver, partition 0, PROCESS_LOCAL, 5189 bytes) taskResourceAssignments Map()
[2021-12-09 11:34:27,472] {spark_submit_hook.py:479} INFO - 21/12/09 11:34:27 INFO Executor: Running task 0.0 in stage 1.0 (TID 1)
[2021-12-09 11:34:27,530] {spark_submit_hook.py:479} INFO - 21/12/09 11:34:27 INFO FileOutputCommitter: File Output Committer Algorithm version is 1
[2021-12-09 11:34:27,531] {spark_submit_hook.py:479} INFO - 21/12/09 11:34:27 INFO SQLHadoopMapReduceCommitProtocol: Using output committer class org.apache.hadoop.mapreduce.lib.output.FileOutputCommitter
[2021-12-09 11:34:27,569] {spark_submit_hook.py:479} INFO - 21/12/09 11:34:27 INFO FileScanRDD: Reading File path: file:///home/rafael/Documentos/alura/datapipeline/datalake/bronze/twitter_aluraonline/extract_date=2021-12-08/AluraOnline_20211208.json, range: 0-13110, partition values: [empty row]
[2021-12-09 11:34:27,595] {spark_submit_hook.py:479} INFO - 21/12/09 11:34:27 INFO CodeGenerator: Code generated in 23.067692 ms
[2021-12-09 11:34:27,620] {spark_submit_hook.py:479} INFO - 21/12/09 11:34:27 INFO CodeGenerator: Code generated in 5.500768 ms
[2021-12-09 11:34:27,663] {spark_submit_hook.py:479} INFO - 21/12/09 11:34:27 INFO FileOutputCommitter: Saved output of task 'attempt_202112091134278932953622856423764_0001_m_000000_1' to file:/home/rafael/Documentos/alura/datapipeline/datalake/silver/twitter_aluraonline/tweet/process_date=2021-12-08/_temporary/0/task_202112091134278932953622856423764_0001_m_000000
[2021-12-09 11:34:27,664] {spark_submit_hook.py:479} INFO - 21/12/09 11:34:27 INFO SparkHadoopMapRedUtil: attempt_202112091134278932953622856423764_0001_m_000000_1: Committed
[2021-12-09 11:34:27,671] {spark_submit_hook.py:479} INFO - 21/12/09 11:34:27 INFO Executor: Finished task 0.0 in stage 1.0 (TID 1). 2670 bytes result sent to driver
[2021-12-09 11:34:27,673] {spark_submit_hook.py:479} INFO - 21/12/09 11:34:27 INFO TaskSetManager: Finished task 0.0 in stage 1.0 (TID 1) in 204 ms on 192.168.1.2 (executor driver) (1/1)
[2021-12-09 11:34:27,674] {spark_submit_hook.py:479} INFO - 21/12/09 11:34:27 INFO TaskSchedulerImpl: Removed TaskSet 1.0, whose tasks have all completed, from pool
[2021-12-09 11:34:27,680] {spark_submit_hook.py:479} INFO - 21/12/09 11:34:27 INFO DAGScheduler: ResultStage 1 (json at NativeMethodAccessorImpl.java:0) finished in 0,243 s
[2021-12-09 11:34:27,681] {spark_submit_hook.py:479} INFO - 21/12/09 11:34:27 INFO DAGScheduler: Job 1 is finished. Cancelling potential speculative or zombie tasks for this job
[2021-12-09 11:34:27,681] {spark_submit_hook.py:479} INFO - 21/12/09 11:34:27 INFO TaskSchedulerImpl: Killing all running tasks in stage 1: Stage finished
[2021-12-09 11:34:27,687] {spark_submit_hook.py:479} INFO - 21/12/09 11:34:27 INFO DAGScheduler: Job 1 finished: json at NativeMethodAccessorImpl.java:0, took 0,250223 s
[2021-12-09 11:34:27,687] {spark_submit_hook.py:479} INFO - 21/12/09 11:34:27 INFO FileFormatWriter: Start to commit write Job d857ce9c-3572-4a7d-927b-654c4a0449e1.
[2021-12-09 11:34:27,715] {spark_submit_hook.py:479} INFO - 21/12/09 11:34:27 INFO FileFormatWriter: Write Job d857ce9c-3572-4a7d-927b-654c4a0449e1 committed. Elapsed time: 28 ms.
[2021-12-09 11:34:27,726] {spark_submit_hook.py:479} INFO - 21/12/09 11:34:27 INFO FileFormatWriter: Finished processing stats for write job d857ce9c-3572-4a7d-927b-654c4a0449e1.
[2021-12-09 11:34:27,837] {spark_submit_hook.py:479} INFO - 21/12/09 11:34:27 INFO FileSourceStrategy: Pushed Filters: IsNotNull(includes)
[2021-12-09 11:34:27,837] {spark_submit_hook.py:479} INFO - 21/12/09 11:34:27 INFO FileSourceStrategy: Post-Scan Filters: isnotnull(includes#8),(size(includes#8.users, true) > 0),isnotnull(includes#8.users)
[2021-12-09 11:34:27,838] {spark_submit_hook.py:479} INFO - 21/12/09 11:34:27 INFO FileSourceStrategy: Output Data Schema: struct<includes: struct<users: array<struct<created_at:string,id:string,name:string,username:string>>>>
[2021-12-09 11:34:27,854] {spark_submit_hook.py:479} INFO - 21/12/09 11:34:27 INFO FileOutputCommitter: File Output Committer Algorithm version is 1
[2021-12-09 11:34:27,855] {spark_submit_hook.py:479} INFO - 21/12/09 11:34:27 INFO SQLHadoopMapReduceCommitProtocol: Using output committer class org.apache.hadoop.mapreduce.lib.output.FileOutputCommitter
[2021-12-09 11:34:27,890] {spark_submit_hook.py:479} INFO - 21/12/09 11:34:27 INFO CodeGenerator: Code generated in 20.069237 ms
[2021-12-09 11:34:27,896] {spark_submit_hook.py:479} INFO - 21/12/09 11:34:27 INFO MemoryStore: Block broadcast_4 stored as values in memory (estimated size 285.8 KiB, free 365.2 MiB)
[2021-12-09 11:34:27,904] {spark_submit_hook.py:479} INFO - 21/12/09 11:34:27 INFO MemoryStore: Block broadcast_4_piece0 stored as bytes in memory (estimated size 24.0 KiB, free 365.1 MiB)
[2021-12-09 11:34:27,905] {spark_submit_hook.py:479} INFO - 21/12/09 11:34:27 INFO BlockManagerInfo: Added broadcast_4_piece0 in memory on 192.168.1.2:39105 (size: 24.0 KiB, free: 366.2 MiB)
[2021-12-09 11:34:27,906] {spark_submit_hook.py:479} INFO - 21/12/09 11:34:27 INFO SparkContext: Created broadcast 4 from json at NativeMethodAccessorImpl.java:0
[2021-12-09 11:34:27,907] {spark_submit_hook.py:479} INFO - 21/12/09 11:34:27 INFO FileSourceScanExec: Planning scan with bin packing, max size: 4207414 bytes, open cost is considered as scanning 4194304 bytes.
[2021-12-09 11:34:27,930] {spark_submit_hook.py:479} INFO - 21/12/09 11:34:27 INFO SparkContext: Starting job: json at NativeMethodAccessorImpl.java:0
[2021-12-09 11:34:27,932] {spark_submit_hook.py:479} INFO - 21/12/09 11:34:27 INFO DAGScheduler: Got job 2 (json at NativeMethodAccessorImpl.java:0) with 1 output partitions
[2021-12-09 11:34:27,933] {spark_submit_hook.py:479} INFO - 21/12/09 11:34:27 INFO DAGScheduler: Final stage: ResultStage 2 (json at NativeMethodAccessorImpl.java:0)
[2021-12-09 11:34:27,933] {spark_submit_hook.py:479} INFO - 21/12/09 11:34:27 INFO DAGScheduler: Parents of final stage: List()
[2021-12-09 11:34:27,933] {spark_submit_hook.py:479} INFO - 21/12/09 11:34:27 INFO DAGScheduler: Missing parents: List()
[2021-12-09 11:34:27,934] {spark_submit_hook.py:479} INFO - 21/12/09 11:34:27 INFO DAGScheduler: Submitting ResultStage 2 (CoalescedRDD[11] at json at NativeMethodAccessorImpl.java:0), which has no missing parents
[2021-12-09 11:34:27,958] {spark_submit_hook.py:479} INFO - 21/12/09 11:34:27 INFO MemoryStore: Block broadcast_5 stored as values in memory (estimated size 159.6 KiB, free 365.0 MiB)
[2021-12-09 11:34:27,962] {spark_submit_hook.py:479} INFO - 21/12/09 11:34:27 INFO MemoryStore: Block broadcast_5_piece0 stored as bytes in memory (estimated size 57.3 KiB, free 364.9 MiB)
[2021-12-09 11:34:27,963] {spark_submit_hook.py:479} INFO - 21/12/09 11:34:27 INFO BlockManagerInfo: Added broadcast_5_piece0 in memory on 192.168.1.2:39105 (size: 57.3 KiB, free: 366.1 MiB)
[2021-12-09 11:34:27,964] {spark_submit_hook.py:479} INFO - 21/12/09 11:34:27 INFO SparkContext: Created broadcast 5 from broadcast at DAGScheduler.scala:1427
[2021-12-09 11:34:27,965] {spark_submit_hook.py:479} INFO - 21/12/09 11:34:27 INFO DAGScheduler: Submitting 1 missing tasks from ResultStage 2 (CoalescedRDD[11] at json at NativeMethodAccessorImpl.java:0) (first 15 tasks are for partitions Vector(0))
[2021-12-09 11:34:27,965] {spark_submit_hook.py:479} INFO - 21/12/09 11:34:27 INFO TaskSchedulerImpl: Adding task set 2.0 with 1 tasks resource profile 0
[2021-12-09 11:34:27,967] {spark_submit_hook.py:479} INFO - 21/12/09 11:34:27 INFO TaskSetManager: Starting task 0.0 in stage 2.0 (TID 2) (192.168.1.2, executor driver, partition 0, PROCESS_LOCAL, 5189 bytes) taskResourceAssignments Map()
[2021-12-09 11:34:27,967] {spark_submit_hook.py:479} INFO - 21/12/09 11:34:27 INFO Executor: Running task 0.0 in stage 2.0 (TID 2)
[2021-12-09 11:34:27,988] {spark_submit_hook.py:479} INFO - 21/12/09 11:34:27 INFO FileOutputCommitter: File Output Committer Algorithm version is 1
[2021-12-09 11:34:27,989] {spark_submit_hook.py:479} INFO - 21/12/09 11:34:27 INFO SQLHadoopMapReduceCommitProtocol: Using output committer class org.apache.hadoop.mapreduce.lib.output.FileOutputCommitter
[2021-12-09 11:34:28,011] {spark_submit_hook.py:479} INFO - 21/12/09 11:34:28 INFO FileScanRDD: Reading File path: file:///home/rafael/Documentos/alura/datapipeline/datalake/bronze/twitter_aluraonline/extract_date=2021-12-08/AluraOnline_20211208.json, range: 0-13110, partition values: [empty row]
[2021-12-09 11:34:28,036] {spark_submit_hook.py:479} INFO - 21/12/09 11:34:28 INFO CodeGenerator: Code generated in 21.630384 ms
[2021-12-09 11:34:28,046] {spark_submit_hook.py:479} INFO - 21/12/09 11:34:28 INFO CodeGenerator: Code generated in 7.291482 ms
[2021-12-09 11:34:28,059] {spark_submit_hook.py:479} INFO - 21/12/09 11:34:28 INFO FileOutputCommitter: Saved output of task 'attempt_202112091134279144626766217602466_0002_m_000000_2' to file:/home/rafael/Documentos/alura/datapipeline/datalake/silver/twitter_aluraonline/user/process_date=2021-12-08/_temporary/0/task_202112091134279144626766217602466_0002_m_000000
[2021-12-09 11:34:28,059] {spark_submit_hook.py:479} INFO - 21/12/09 11:34:28 INFO SparkHadoopMapRedUtil: attempt_202112091134279144626766217602466_0002_m_000000_2: Committed
[2021-12-09 11:34:28,061] {spark_submit_hook.py:479} INFO - 21/12/09 11:34:28 INFO Executor: Finished task 0.0 in stage 2.0 (TID 2). 2627 bytes result sent to driver
[2021-12-09 11:34:28,064] {spark_submit_hook.py:479} INFO - 21/12/09 11:34:28 INFO TaskSetManager: Finished task 0.0 in stage 2.0 (TID 2) in 98 ms on 192.168.1.2 (executor driver) (1/1)
[2021-12-09 11:34:28,064] {spark_submit_hook.py:479} INFO - 21/12/09 11:34:28 INFO TaskSchedulerImpl: Removed TaskSet 2.0, whose tasks have all completed, from pool
[2021-12-09 11:34:28,065] {spark_submit_hook.py:479} INFO - 21/12/09 11:34:28 INFO DAGScheduler: ResultStage 2 (json at NativeMethodAccessorImpl.java:0) finished in 0,130 s
[2021-12-09 11:34:28,066] {spark_submit_hook.py:479} INFO - 21/12/09 11:34:28 INFO DAGScheduler: Job 2 is finished. Cancelling potential speculative or zombie tasks for this job
[2021-12-09 11:34:28,066] {spark_submit_hook.py:479} INFO - 21/12/09 11:34:28 INFO TaskSchedulerImpl: Killing all running tasks in stage 2: Stage finished
[2021-12-09 11:34:28,067] {spark_submit_hook.py:479} INFO - 21/12/09 11:34:28 INFO DAGScheduler: Job 2 finished: json at NativeMethodAccessorImpl.java:0, took 0,137394 s
[2021-12-09 11:34:28,068] {spark_submit_hook.py:479} INFO - 21/12/09 11:34:28 INFO FileFormatWriter: Start to commit write Job befebe05-2e22-4b96-afd9-1f3d47400a38.
[2021-12-09 11:34:28,101] {spark_submit_hook.py:479} INFO - 21/12/09 11:34:28 INFO FileFormatWriter: Write Job befebe05-2e22-4b96-afd9-1f3d47400a38 committed. Elapsed time: 32 ms.
[2021-12-09 11:34:28,102] {spark_submit_hook.py:479} INFO - 21/12/09 11:34:28 INFO FileFormatWriter: Finished processing stats for write job befebe05-2e22-4b96-afd9-1f3d47400a38.
[2021-12-09 11:34:28,169] {spark_submit_hook.py:479} INFO - 21/12/09 11:34:28 INFO SparkContext: Invoking stop() from shutdown hook
[2021-12-09 11:34:28,188] {spark_submit_hook.py:479} INFO - 21/12/09 11:34:28 INFO SparkUI: Stopped Spark web UI at http://192.168.1.2:4040
[2021-12-09 11:34:28,212] {spark_submit_hook.py:479} INFO - 21/12/09 11:34:28 INFO MapOutputTrackerMasterEndpoint: MapOutputTrackerMasterEndpoint stopped!
[2021-12-09 11:34:28,228] {spark_submit_hook.py:479} INFO - 21/12/09 11:34:28 INFO MemoryStore: MemoryStore cleared
[2021-12-09 11:34:28,228] {spark_submit_hook.py:479} INFO - 21/12/09 11:34:28 INFO BlockManager: BlockManager stopped
[2021-12-09 11:34:28,243] {spark_submit_hook.py:479} INFO - 21/12/09 11:34:28 INFO BlockManagerMaster: BlockManagerMaster stopped
[2021-12-09 11:34:28,248] {spark_submit_hook.py:479} INFO - 21/12/09 11:34:28 INFO OutputCommitCoordinator$OutputCommitCoordinatorEndpoint: OutputCommitCoordinator stopped!
[2021-12-09 11:34:28,255] {spark_submit_hook.py:479} INFO - 21/12/09 11:34:28 INFO SparkContext: Successfully stopped SparkContext
[2021-12-09 11:34:28,255] {spark_submit_hook.py:479} INFO - 21/12/09 11:34:28 INFO ShutdownHookManager: Shutdown hook called
[2021-12-09 11:34:28,256] {spark_submit_hook.py:479} INFO - 21/12/09 11:34:28 INFO ShutdownHookManager: Deleting directory /tmp/spark-6ccc57e8-5ea6-44ee-81d0-237f15273416/pyspark-82b2dc7a-525d-4361-a5f5-1486b29349d7
[2021-12-09 11:34:28,259] {spark_submit_hook.py:479} INFO - 21/12/09 11:34:28 INFO ShutdownHookManager: Deleting directory /tmp/spark-6ccc57e8-5ea6-44ee-81d0-237f15273416
[2021-12-09 11:34:28,261] {spark_submit_hook.py:479} INFO - 21/12/09 11:34:28 INFO ShutdownHookManager: Deleting directory /tmp/spark-152f0e07-db7d-4d90-bed7-9b084eb1eecb
[2021-12-09 11:34:28,307] {taskinstance.py:1070} INFO - Marking task as SUCCESS.dag_id=twitter_dag, task_id=transform_twitter_aluraonline, execution_date=20211208T090000, start_date=20211209T143418, end_date=20211209T143428
[2021-12-09 11:34:28,426] {local_task_job.py:102} INFO - Task exited with return code 0
