[2021-12-08 11:19:04,913] {taskinstance.py:670} INFO - Dependencies all met for <TaskInstance: twitter_dag.transform_twitter_aluraonline 2021-12-03T09:00:00+00:00 [queued]>
[2021-12-08 11:19:04,920] {taskinstance.py:670} INFO - Dependencies all met for <TaskInstance: twitter_dag.transform_twitter_aluraonline 2021-12-03T09:00:00+00:00 [queued]>
[2021-12-08 11:19:04,921] {taskinstance.py:880} INFO - 
--------------------------------------------------------------------------------
[2021-12-08 11:19:04,921] {taskinstance.py:881} INFO - Starting attempt 1 of 1
[2021-12-08 11:19:04,921] {taskinstance.py:882} INFO - 
--------------------------------------------------------------------------------
[2021-12-08 11:19:04,928] {taskinstance.py:901} INFO - Executing <Task(SparkSubmitOperator): transform_twitter_aluraonline> on 2021-12-03T09:00:00+00:00
[2021-12-08 11:19:04,929] {standard_task_runner.py:54} INFO - Started process 21121 to run task
[2021-12-08 11:19:04,976] {standard_task_runner.py:77} INFO - Running: ['airflow', 'run', 'twitter_dag', 'transform_twitter_aluraonline', '2021-12-03T09:00:00+00:00', '--job_id', '11', '--pool', 'default_pool', '--raw', '-sd', 'DAGS_FOLDER/twitter_dag.py', '--cfg_path', '/tmp/tmpmrjmevwd']
[2021-12-08 11:19:04,977] {standard_task_runner.py:78} INFO - Job 11: Subtask transform_twitter_aluraonline
[2021-12-08 11:19:04,994] {logging_mixin.py:112} INFO - Running <TaskInstance: twitter_dag.transform_twitter_aluraonline 2021-12-03T09:00:00+00:00 [running]> on host rafael-Aspire-A515-54G
[2021-12-08 11:19:05,031] {base_hook.py:89} INFO - Using connection to: id: spark_default. Host: local, Port: None, Schema: None, Login: None, Password: None, extra: XXXXXXXX
[2021-12-08 11:19:05,032] {spark_submit_hook.py:325} INFO - Spark-Submit cmd: /home/rafael/Documentos/spark-3.2.0-bin-hadoop2.7/bin/spark-submit --master local --name twitter_transformation /home/rafael/Documentos/alura/datapipeline/spark/transformation.py --src /home/rafael/Documents/alura/datapipeline/datalake/bronze/twitter_aluraonline/extract_date=2021-12-03 --dest /home/rafael/Documents/alura/datapipeline/datalake/silver/twitter_aluraonline/ --process-date 2021-12-03
[2021-12-08 11:19:05,852] {spark_submit_hook.py:479} INFO - 21/12/08 11:19:05 WARN Utils: Your hostname, rafael-Aspire-A515-54G resolves to a loopback address: 127.0.1.1; using 192.168.1.2 instead (on interface wlp4s0)
[2021-12-08 11:19:05,852] {spark_submit_hook.py:479} INFO - 21/12/08 11:19:05 WARN Utils: Set SPARK_LOCAL_IP if you need to bind to another address
[2021-12-08 11:19:06,753] {spark_submit_hook.py:479} INFO - Using Spark's default log4j profile: org/apache/spark/log4j-defaults.properties
[2021-12-08 11:19:06,762] {spark_submit_hook.py:479} INFO - 21/12/08 11:19:06 INFO SparkContext: Running Spark version 3.2.0
[2021-12-08 11:19:06,898] {spark_submit_hook.py:479} INFO - 21/12/08 11:19:06 WARN NativeCodeLoader: Unable to load native-hadoop library for your platform... using builtin-java classes where applicable
[2021-12-08 11:19:06,995] {spark_submit_hook.py:479} INFO - 21/12/08 11:19:06 INFO ResourceUtils: ==============================================================
[2021-12-08 11:19:06,996] {spark_submit_hook.py:479} INFO - 21/12/08 11:19:06 INFO ResourceUtils: No custom resources configured for spark.driver.
[2021-12-08 11:19:06,996] {spark_submit_hook.py:479} INFO - 21/12/08 11:19:06 INFO ResourceUtils: ==============================================================
[2021-12-08 11:19:06,996] {spark_submit_hook.py:479} INFO - 21/12/08 11:19:06 INFO SparkContext: Submitted application: twitter_transformation
[2021-12-08 11:19:07,018] {spark_submit_hook.py:479} INFO - 21/12/08 11:19:07 INFO ResourceProfile: Default ResourceProfile created, executor resources: Map(cores -> name: cores, amount: 1, script: , vendor: , memory -> name: memory, amount: 1024, script: , vendor: , offHeap -> name: offHeap, amount: 0, script: , vendor: ), task resources: Map(cpus -> name: cpus, amount: 1.0)
[2021-12-08 11:19:07,029] {spark_submit_hook.py:479} INFO - 21/12/08 11:19:07 INFO ResourceProfile: Limiting resource is cpu
[2021-12-08 11:19:07,029] {spark_submit_hook.py:479} INFO - 21/12/08 11:19:07 INFO ResourceProfileManager: Added ResourceProfile id: 0
[2021-12-08 11:19:07,074] {spark_submit_hook.py:479} INFO - 21/12/08 11:19:07 INFO SecurityManager: Changing view acls to: rafael
[2021-12-08 11:19:07,075] {spark_submit_hook.py:479} INFO - 21/12/08 11:19:07 INFO SecurityManager: Changing modify acls to: rafael
[2021-12-08 11:19:07,075] {spark_submit_hook.py:479} INFO - 21/12/08 11:19:07 INFO SecurityManager: Changing view acls groups to:
[2021-12-08 11:19:07,076] {spark_submit_hook.py:479} INFO - 21/12/08 11:19:07 INFO SecurityManager: Changing modify acls groups to:
[2021-12-08 11:19:07,076] {spark_submit_hook.py:479} INFO - 21/12/08 11:19:07 INFO SecurityManager: SecurityManager: authentication disabled; ui acls disabled; users  with view permissions: Set(rafael); groups with view permissions: Set(); users  with modify permissions: Set(rafael); groups with modify permissions: Set()
[2021-12-08 11:19:07,335] {spark_submit_hook.py:479} INFO - 21/12/08 11:19:07 INFO Utils: Successfully started service 'sparkDriver' on port 39593.
[2021-12-08 11:19:07,360] {spark_submit_hook.py:479} INFO - 21/12/08 11:19:07 INFO SparkEnv: Registering MapOutputTracker
[2021-12-08 11:19:07,398] {spark_submit_hook.py:479} INFO - 21/12/08 11:19:07 INFO SparkEnv: Registering BlockManagerMaster
[2021-12-08 11:19:07,417] {spark_submit_hook.py:479} INFO - 21/12/08 11:19:07 INFO BlockManagerMasterEndpoint: Using org.apache.spark.storage.DefaultTopologyMapper for getting topology information
[2021-12-08 11:19:07,417] {spark_submit_hook.py:479} INFO - 21/12/08 11:19:07 INFO BlockManagerMasterEndpoint: BlockManagerMasterEndpoint up
[2021-12-08 11:19:07,420] {spark_submit_hook.py:479} INFO - 21/12/08 11:19:07 INFO SparkEnv: Registering BlockManagerMasterHeartbeat
[2021-12-08 11:19:07,439] {spark_submit_hook.py:479} INFO - 21/12/08 11:19:07 INFO DiskBlockManager: Created local directory at /tmp/blockmgr-6a141af3-b342-4eae-ad2c-c7c9e1fb6f42
[2021-12-08 11:19:07,458] {spark_submit_hook.py:479} INFO - 21/12/08 11:19:07 INFO MemoryStore: MemoryStore started with capacity 366.3 MiB
[2021-12-08 11:19:07,471] {spark_submit_hook.py:479} INFO - 21/12/08 11:19:07 INFO SparkEnv: Registering OutputCommitCoordinator
[2021-12-08 11:19:07,646] {spark_submit_hook.py:479} INFO - 21/12/08 11:19:07 INFO Utils: Successfully started service 'SparkUI' on port 4040.
[2021-12-08 11:19:07,738] {spark_submit_hook.py:479} INFO - 21/12/08 11:19:07 INFO SparkUI: Bound SparkUI to 0.0.0.0, and started at http://192.168.1.2:4040
[2021-12-08 11:19:07,886] {spark_submit_hook.py:479} INFO - 21/12/08 11:19:07 INFO Executor: Starting executor ID driver on host 192.168.1.2
[2021-12-08 11:19:07,905] {spark_submit_hook.py:479} INFO - 21/12/08 11:19:07 INFO Utils: Successfully started service 'org.apache.spark.network.netty.NettyBlockTransferService' on port 38799.
[2021-12-08 11:19:07,905] {spark_submit_hook.py:479} INFO - 21/12/08 11:19:07 INFO NettyBlockTransferService: Server created on 192.168.1.2:38799
[2021-12-08 11:19:07,907] {spark_submit_hook.py:479} INFO - 21/12/08 11:19:07 INFO BlockManager: Using org.apache.spark.storage.RandomBlockReplicationPolicy for block replication policy
[2021-12-08 11:19:07,912] {spark_submit_hook.py:479} INFO - 21/12/08 11:19:07 INFO BlockManagerMaster: Registering BlockManager BlockManagerId(driver, 192.168.1.2, 38799, None)
[2021-12-08 11:19:07,915] {spark_submit_hook.py:479} INFO - 21/12/08 11:19:07 INFO BlockManagerMasterEndpoint: Registering block manager 192.168.1.2:38799 with 366.3 MiB RAM, BlockManagerId(driver, 192.168.1.2, 38799, None)
[2021-12-08 11:19:07,917] {spark_submit_hook.py:479} INFO - 21/12/08 11:19:07 INFO BlockManagerMaster: Registered BlockManager BlockManagerId(driver, 192.168.1.2, 38799, None)
[2021-12-08 11:19:07,918] {spark_submit_hook.py:479} INFO - 21/12/08 11:19:07 INFO BlockManager: Initialized BlockManager: BlockManagerId(driver, 192.168.1.2, 38799, None)
[2021-12-08 11:19:08,359] {spark_submit_hook.py:479} INFO - 21/12/08 11:19:08 INFO SharedState: Setting hive.metastore.warehouse.dir ('null') to the value of spark.sql.warehouse.dir.
[2021-12-08 11:19:08,363] {spark_submit_hook.py:479} INFO - 21/12/08 11:19:08 INFO SharedState: Warehouse path is 'file:/home/rafael/Documentos/alura/datapipeline/spark-warehouse'.
[2021-12-08 11:19:09,185] {spark_submit_hook.py:479} INFO - 21/12/08 11:19:09 INFO InMemoryFileIndex: It took 23 ms to list leaf files for 1 paths.
[2021-12-08 11:19:09,234] {spark_submit_hook.py:479} INFO - 21/12/08 11:19:09 INFO InMemoryFileIndex: It took 1 ms to list leaf files for 1 paths.
[2021-12-08 11:19:11,082] {spark_submit_hook.py:479} INFO - 21/12/08 11:19:11 INFO FileSourceStrategy: Pushed Filters:
[2021-12-08 11:19:11,083] {spark_submit_hook.py:479} INFO - 21/12/08 11:19:11 INFO FileSourceStrategy: Post-Scan Filters:
[2021-12-08 11:19:11,086] {spark_submit_hook.py:479} INFO - 21/12/08 11:19:11 INFO FileSourceStrategy: Output Data Schema: struct<value: string>
[2021-12-08 11:19:11,343] {spark_submit_hook.py:479} INFO - 21/12/08 11:19:11 INFO MemoryStore: Block broadcast_0 stored as values in memory (estimated size 286.0 KiB, free 366.0 MiB)
[2021-12-08 11:19:11,389] {spark_submit_hook.py:479} INFO - 21/12/08 11:19:11 INFO MemoryStore: Block broadcast_0_piece0 stored as bytes in memory (estimated size 24.1 KiB, free 366.0 MiB)
[2021-12-08 11:19:11,392] {spark_submit_hook.py:479} INFO - 21/12/08 11:19:11 INFO BlockManagerInfo: Added broadcast_0_piece0 in memory on 192.168.1.2:38799 (size: 24.1 KiB, free: 366.3 MiB)
[2021-12-08 11:19:11,397] {spark_submit_hook.py:479} INFO - 21/12/08 11:19:11 INFO SparkContext: Created broadcast 0 from json at NativeMethodAccessorImpl.java:0
[2021-12-08 11:19:11,405] {spark_submit_hook.py:479} INFO - 21/12/08 11:19:11 INFO FileSourceScanExec: Planning scan with bin packing, max size: 4210787 bytes, open cost is considered as scanning 4194304 bytes.
[2021-12-08 11:19:11,536] {spark_submit_hook.py:479} INFO - 21/12/08 11:19:11 INFO SparkContext: Starting job: json at NativeMethodAccessorImpl.java:0
[2021-12-08 11:19:11,551] {spark_submit_hook.py:479} INFO - 21/12/08 11:19:11 INFO DAGScheduler: Got job 0 (json at NativeMethodAccessorImpl.java:0) with 1 output partitions
[2021-12-08 11:19:11,551] {spark_submit_hook.py:479} INFO - 21/12/08 11:19:11 INFO DAGScheduler: Final stage: ResultStage 0 (json at NativeMethodAccessorImpl.java:0)
[2021-12-08 11:19:11,551] {spark_submit_hook.py:479} INFO - 21/12/08 11:19:11 INFO DAGScheduler: Parents of final stage: List()
[2021-12-08 11:19:11,552] {spark_submit_hook.py:479} INFO - 21/12/08 11:19:11 INFO DAGScheduler: Missing parents: List()
[2021-12-08 11:19:11,556] {spark_submit_hook.py:479} INFO - 21/12/08 11:19:11 INFO DAGScheduler: Submitting ResultStage 0 (MapPartitionsRDD[3] at json at NativeMethodAccessorImpl.java:0), which has no missing parents
[2021-12-08 11:19:11,629] {spark_submit_hook.py:479} INFO - 21/12/08 11:19:11 INFO MemoryStore: Block broadcast_1 stored as values in memory (estimated size 12.5 KiB, free 366.0 MiB)
[2021-12-08 11:19:11,631] {spark_submit_hook.py:479} INFO - 21/12/08 11:19:11 INFO MemoryStore: Block broadcast_1_piece0 stored as bytes in memory (estimated size 6.5 KiB, free 366.0 MiB)
[2021-12-08 11:19:11,632] {spark_submit_hook.py:479} INFO - 21/12/08 11:19:11 INFO BlockManagerInfo: Added broadcast_1_piece0 in memory on 192.168.1.2:38799 (size: 6.5 KiB, free: 366.3 MiB)
[2021-12-08 11:19:11,633] {spark_submit_hook.py:479} INFO - 21/12/08 11:19:11 INFO SparkContext: Created broadcast 1 from broadcast at DAGScheduler.scala:1427
[2021-12-08 11:19:11,711] {spark_submit_hook.py:479} INFO - 21/12/08 11:19:11 INFO DAGScheduler: Submitting 1 missing tasks from ResultStage 0 (MapPartitionsRDD[3] at json at NativeMethodAccessorImpl.java:0) (first 15 tasks are for partitions Vector(0))
[2021-12-08 11:19:11,712] {spark_submit_hook.py:479} INFO - 21/12/08 11:19:11 INFO TaskSchedulerImpl: Adding task set 0.0 with 1 tasks resource profile 0
[2021-12-08 11:19:11,752] {spark_submit_hook.py:479} INFO - 21/12/08 11:19:11 INFO TaskSetManager: Starting task 0.0 in stage 0.0 (TID 0) (192.168.1.2, executor driver, partition 0, PROCESS_LOCAL, 4959 bytes) taskResourceAssignments Map()
[2021-12-08 11:19:11,762] {spark_submit_hook.py:479} INFO - 21/12/08 11:19:11 INFO Executor: Running task 0.0 in stage 0.0 (TID 0)
[2021-12-08 11:19:11,978] {spark_submit_hook.py:479} INFO - 21/12/08 11:19:11 INFO FileScanRDD: Reading File path: file:///home/rafael/Documents/alura/datapipeline/datalake/bronze/twitter_aluraonline/extract_date=2021-12-03/AluraOnline_20211203.json, range: 0-16483, partition values: [empty row]
[2021-12-08 11:19:12,146] {spark_submit_hook.py:479} INFO - 21/12/08 11:19:12 INFO CodeGenerator: Code generated in 136.314504 ms
[2021-12-08 11:19:12,196] {spark_submit_hook.py:479} INFO - 21/12/08 11:19:12 INFO Executor: Finished task 0.0 in stage 0.0 (TID 0). 2815 bytes result sent to driver
[2021-12-08 11:19:12,204] {spark_submit_hook.py:479} INFO - 21/12/08 11:19:12 INFO TaskSetManager: Finished task 0.0 in stage 0.0 (TID 0) in 461 ms on 192.168.1.2 (executor driver) (1/1)
[2021-12-08 11:19:12,205] {spark_submit_hook.py:479} INFO - 21/12/08 11:19:12 INFO TaskSchedulerImpl: Removed TaskSet 0.0, whose tasks have all completed, from pool
[2021-12-08 11:19:12,210] {spark_submit_hook.py:479} INFO - 21/12/08 11:19:12 INFO DAGScheduler: ResultStage 0 (json at NativeMethodAccessorImpl.java:0) finished in 0,642 s
[2021-12-08 11:19:12,213] {spark_submit_hook.py:479} INFO - 21/12/08 11:19:12 INFO DAGScheduler: Job 0 is finished. Cancelling potential speculative or zombie tasks for this job
[2021-12-08 11:19:12,213] {spark_submit_hook.py:479} INFO - 21/12/08 11:19:12 INFO TaskSchedulerImpl: Killing all running tasks in stage 0: Stage finished
[2021-12-08 11:19:12,215] {spark_submit_hook.py:479} INFO - 21/12/08 11:19:12 INFO DAGScheduler: Job 0 finished: json at NativeMethodAccessorImpl.java:0, took 0,678646 s
[2021-12-08 11:19:12,583] {spark_submit_hook.py:479} INFO - 21/12/08 11:19:12 INFO FileSourceStrategy: Pushed Filters: IsNotNull(data)
[2021-12-08 11:19:12,585] {spark_submit_hook.py:479} INFO - 21/12/08 11:19:12 INFO FileSourceStrategy: Post-Scan Filters: (size(data#7, true) > 0),isnotnull(data#7)
[2021-12-08 11:19:12,585] {spark_submit_hook.py:479} INFO - 21/12/08 11:19:12 INFO FileSourceStrategy: Output Data Schema: struct<data: array<struct<author_id:string,conversation_id:string,created_at:string,id:string,in_reply_to_user_id:string,public_metrics:struct<like_count:bigint,quote_count:bigint,reply_count:bigint,retweet_count:bigint>,text:string>>>
[2021-12-08 11:19:12,651] {spark_submit_hook.py:479} INFO - 21/12/08 11:19:12 INFO FileOutputCommitter: File Output Committer Algorithm version is 1
[2021-12-08 11:19:12,651] {spark_submit_hook.py:479} INFO - 21/12/08 11:19:12 INFO SQLHadoopMapReduceCommitProtocol: Using output committer class org.apache.hadoop.mapreduce.lib.output.FileOutputCommitter
[2021-12-08 11:19:12,771] {spark_submit_hook.py:479} INFO - 21/12/08 11:19:12 INFO CodeGenerator: Code generated in 68.416418 ms
[2021-12-08 11:19:12,776] {spark_submit_hook.py:479} INFO - 21/12/08 11:19:12 INFO MemoryStore: Block broadcast_2 stored as values in memory (estimated size 285.8 KiB, free 365.7 MiB)
[2021-12-08 11:19:12,784] {spark_submit_hook.py:479} INFO - 21/12/08 11:19:12 INFO MemoryStore: Block broadcast_2_piece0 stored as bytes in memory (estimated size 24.0 KiB, free 365.7 MiB)
[2021-12-08 11:19:12,785] {spark_submit_hook.py:479} INFO - 21/12/08 11:19:12 INFO BlockManagerInfo: Added broadcast_2_piece0 in memory on 192.168.1.2:38799 (size: 24.0 KiB, free: 366.2 MiB)
[2021-12-08 11:19:12,786] {spark_submit_hook.py:479} INFO - 21/12/08 11:19:12 INFO SparkContext: Created broadcast 2 from json at NativeMethodAccessorImpl.java:0
[2021-12-08 11:19:12,789] {spark_submit_hook.py:479} INFO - 21/12/08 11:19:12 INFO FileSourceScanExec: Planning scan with bin packing, max size: 4210787 bytes, open cost is considered as scanning 4194304 bytes.
[2021-12-08 11:19:12,852] {spark_submit_hook.py:479} INFO - 21/12/08 11:19:12 INFO SparkContext: Starting job: json at NativeMethodAccessorImpl.java:0
[2021-12-08 11:19:12,854] {spark_submit_hook.py:479} INFO - 21/12/08 11:19:12 INFO DAGScheduler: Got job 1 (json at NativeMethodAccessorImpl.java:0) with 1 output partitions
[2021-12-08 11:19:12,854] {spark_submit_hook.py:479} INFO - 21/12/08 11:19:12 INFO DAGScheduler: Final stage: ResultStage 1 (json at NativeMethodAccessorImpl.java:0)
[2021-12-08 11:19:12,854] {spark_submit_hook.py:479} INFO - 21/12/08 11:19:12 INFO DAGScheduler: Parents of final stage: List()
[2021-12-08 11:19:12,855] {spark_submit_hook.py:479} INFO - 21/12/08 11:19:12 INFO DAGScheduler: Missing parents: List()
[2021-12-08 11:19:12,856] {spark_submit_hook.py:479} INFO - 21/12/08 11:19:12 INFO DAGScheduler: Submitting ResultStage 1 (CoalescedRDD[7] at json at NativeMethodAccessorImpl.java:0), which has no missing parents
[2021-12-08 11:19:12,882] {spark_submit_hook.py:479} INFO - 21/12/08 11:19:12 INFO MemoryStore: Block broadcast_3 stored as values in memory (estimated size 172.0 KiB, free 365.5 MiB)
[2021-12-08 11:19:12,887] {spark_submit_hook.py:479} INFO - 21/12/08 11:19:12 INFO MemoryStore: Block broadcast_3_piece0 stored as bytes in memory (estimated size 59.9 KiB, free 365.4 MiB)
[2021-12-08 11:19:12,888] {spark_submit_hook.py:479} INFO - 21/12/08 11:19:12 INFO BlockManagerInfo: Added broadcast_3_piece0 in memory on 192.168.1.2:38799 (size: 59.9 KiB, free: 366.2 MiB)
[2021-12-08 11:19:12,889] {spark_submit_hook.py:479} INFO - 21/12/08 11:19:12 INFO SparkContext: Created broadcast 3 from broadcast at DAGScheduler.scala:1427
[2021-12-08 11:19:12,890] {spark_submit_hook.py:479} INFO - 21/12/08 11:19:12 INFO DAGScheduler: Submitting 1 missing tasks from ResultStage 1 (CoalescedRDD[7] at json at NativeMethodAccessorImpl.java:0) (first 15 tasks are for partitions Vector(0))
[2021-12-08 11:19:12,890] {spark_submit_hook.py:479} INFO - 21/12/08 11:19:12 INFO TaskSchedulerImpl: Adding task set 1.0 with 1 tasks resource profile 0
[2021-12-08 11:19:12,895] {spark_submit_hook.py:479} INFO - 21/12/08 11:19:12 INFO TaskSetManager: Starting task 0.0 in stage 1.0 (TID 1) (192.168.1.2, executor driver, partition 0, PROCESS_LOCAL, 5188 bytes) taskResourceAssignments Map()
[2021-12-08 11:19:12,896] {spark_submit_hook.py:479} INFO - 21/12/08 11:19:12 INFO Executor: Running task 0.0 in stage 1.0 (TID 1)
[2021-12-08 11:19:12,944] {spark_submit_hook.py:479} INFO - 21/12/08 11:19:12 INFO FileOutputCommitter: File Output Committer Algorithm version is 1
[2021-12-08 11:19:12,945] {spark_submit_hook.py:479} INFO - 21/12/08 11:19:12 INFO SQLHadoopMapReduceCommitProtocol: Using output committer class org.apache.hadoop.mapreduce.lib.output.FileOutputCommitter
[2021-12-08 11:19:12,965] {spark_submit_hook.py:479} INFO - 21/12/08 11:19:12 INFO FileScanRDD: Reading File path: file:///home/rafael/Documents/alura/datapipeline/datalake/bronze/twitter_aluraonline/extract_date=2021-12-03/AluraOnline_20211203.json, range: 0-16483, partition values: [empty row]
[2021-12-08 11:19:12,991] {spark_submit_hook.py:479} INFO - 21/12/08 11:19:12 INFO CodeGenerator: Code generated in 23.399461 ms
[2021-12-08 11:19:13,015] {spark_submit_hook.py:479} INFO - 21/12/08 11:19:13 INFO CodeGenerator: Code generated in 4.31763 ms
[2021-12-08 11:19:13,049] {spark_submit_hook.py:479} INFO - 21/12/08 11:19:13 INFO FileOutputCommitter: Saved output of task 'attempt_202112081119124274985386422831517_0001_m_000000_1' to file:/home/rafael/Documents/alura/datapipeline/datalake/silver/twitter_aluraonline/tweet/process_date=2021-12-03/_temporary/0/task_202112081119124274985386422831517_0001_m_000000
[2021-12-08 11:19:13,050] {spark_submit_hook.py:479} INFO - 21/12/08 11:19:13 INFO SparkHadoopMapRedUtil: attempt_202112081119124274985386422831517_0001_m_000000_1: Committed
[2021-12-08 11:19:13,055] {spark_submit_hook.py:479} INFO - 21/12/08 11:19:13 INFO Executor: Finished task 0.0 in stage 1.0 (TID 1). 2670 bytes result sent to driver
[2021-12-08 11:19:13,057] {spark_submit_hook.py:479} INFO - 21/12/08 11:19:13 INFO TaskSetManager: Finished task 0.0 in stage 1.0 (TID 1) in 166 ms on 192.168.1.2 (executor driver) (1/1)
[2021-12-08 11:19:13,057] {spark_submit_hook.py:479} INFO - 21/12/08 11:19:13 INFO TaskSchedulerImpl: Removed TaskSet 1.0, whose tasks have all completed, from pool
[2021-12-08 11:19:13,058] {spark_submit_hook.py:479} INFO - 21/12/08 11:19:13 INFO DAGScheduler: ResultStage 1 (json at NativeMethodAccessorImpl.java:0) finished in 0,201 s
[2021-12-08 11:19:13,058] {spark_submit_hook.py:479} INFO - 21/12/08 11:19:13 INFO DAGScheduler: Job 1 is finished. Cancelling potential speculative or zombie tasks for this job
[2021-12-08 11:19:13,058] {spark_submit_hook.py:479} INFO - 21/12/08 11:19:13 INFO TaskSchedulerImpl: Killing all running tasks in stage 1: Stage finished
[2021-12-08 11:19:13,059] {spark_submit_hook.py:479} INFO - 21/12/08 11:19:13 INFO DAGScheduler: Job 1 finished: json at NativeMethodAccessorImpl.java:0, took 0,206420 s
[2021-12-08 11:19:13,061] {spark_submit_hook.py:479} INFO - 21/12/08 11:19:13 INFO FileFormatWriter: Start to commit write Job aca6c38f-8191-4312-8c5f-555cde25f8dd.
[2021-12-08 11:19:13,072] {spark_submit_hook.py:479} INFO - 21/12/08 11:19:13 INFO FileFormatWriter: Write Job aca6c38f-8191-4312-8c5f-555cde25f8dd committed. Elapsed time: 10 ms.
[2021-12-08 11:19:13,078] {spark_submit_hook.py:479} INFO - 21/12/08 11:19:13 INFO FileFormatWriter: Finished processing stats for write job aca6c38f-8191-4312-8c5f-555cde25f8dd.
[2021-12-08 11:19:13,121] {spark_submit_hook.py:479} INFO - 21/12/08 11:19:13 INFO FileSourceStrategy: Pushed Filters: IsNotNull(includes)
[2021-12-08 11:19:13,121] {spark_submit_hook.py:479} INFO - 21/12/08 11:19:13 INFO FileSourceStrategy: Post-Scan Filters: isnotnull(includes#8),(size(includes#8.users, true) > 0),isnotnull(includes#8.users)
[2021-12-08 11:19:13,122] {spark_submit_hook.py:479} INFO - 21/12/08 11:19:13 INFO FileSourceStrategy: Output Data Schema: struct<includes: struct<users: array<struct<created_at:string,id:string,name:string,username:string>>>>
[2021-12-08 11:19:13,138] {spark_submit_hook.py:479} INFO - 21/12/08 11:19:13 INFO FileOutputCommitter: File Output Committer Algorithm version is 1
[2021-12-08 11:19:13,139] {spark_submit_hook.py:479} INFO - 21/12/08 11:19:13 INFO SQLHadoopMapReduceCommitProtocol: Using output committer class org.apache.hadoop.mapreduce.lib.output.FileOutputCommitter
[2021-12-08 11:19:13,167] {spark_submit_hook.py:479} INFO - 21/12/08 11:19:13 INFO CodeGenerator: Code generated in 17.128474 ms
[2021-12-08 11:19:13,171] {spark_submit_hook.py:479} INFO - 21/12/08 11:19:13 INFO MemoryStore: Block broadcast_4 stored as values in memory (estimated size 285.8 KiB, free 365.2 MiB)
[2021-12-08 11:19:13,181] {spark_submit_hook.py:479} INFO - 21/12/08 11:19:13 INFO MemoryStore: Block broadcast_4_piece0 stored as bytes in memory (estimated size 24.0 KiB, free 365.1 MiB)
[2021-12-08 11:19:13,181] {spark_submit_hook.py:479} INFO - 21/12/08 11:19:13 INFO BlockManagerInfo: Added broadcast_4_piece0 in memory on 192.168.1.2:38799 (size: 24.0 KiB, free: 366.2 MiB)
[2021-12-08 11:19:13,182] {spark_submit_hook.py:479} INFO - 21/12/08 11:19:13 INFO SparkContext: Created broadcast 4 from json at NativeMethodAccessorImpl.java:0
[2021-12-08 11:19:13,183] {spark_submit_hook.py:479} INFO - 21/12/08 11:19:13 INFO FileSourceScanExec: Planning scan with bin packing, max size: 4210787 bytes, open cost is considered as scanning 4194304 bytes.
[2021-12-08 11:19:13,200] {spark_submit_hook.py:479} INFO - 21/12/08 11:19:13 INFO SparkContext: Starting job: json at NativeMethodAccessorImpl.java:0
[2021-12-08 11:19:13,202] {spark_submit_hook.py:479} INFO - 21/12/08 11:19:13 INFO DAGScheduler: Got job 2 (json at NativeMethodAccessorImpl.java:0) with 1 output partitions
[2021-12-08 11:19:13,202] {spark_submit_hook.py:479} INFO - 21/12/08 11:19:13 INFO DAGScheduler: Final stage: ResultStage 2 (json at NativeMethodAccessorImpl.java:0)
[2021-12-08 11:19:13,202] {spark_submit_hook.py:479} INFO - 21/12/08 11:19:13 INFO DAGScheduler: Parents of final stage: List()
[2021-12-08 11:19:13,202] {spark_submit_hook.py:479} INFO - 21/12/08 11:19:13 INFO DAGScheduler: Missing parents: List()
[2021-12-08 11:19:13,203] {spark_submit_hook.py:479} INFO - 21/12/08 11:19:13 INFO DAGScheduler: Submitting ResultStage 2 (CoalescedRDD[11] at json at NativeMethodAccessorImpl.java:0), which has no missing parents
[2021-12-08 11:19:13,222] {spark_submit_hook.py:479} INFO - 21/12/08 11:19:13 INFO MemoryStore: Block broadcast_5 stored as values in memory (estimated size 159.6 KiB, free 365.0 MiB)
[2021-12-08 11:19:13,225] {spark_submit_hook.py:479} INFO - 21/12/08 11:19:13 INFO MemoryStore: Block broadcast_5_piece0 stored as bytes in memory (estimated size 57.3 KiB, free 364.9 MiB)
[2021-12-08 11:19:13,225] {spark_submit_hook.py:479} INFO - 21/12/08 11:19:13 INFO BlockManagerInfo: Added broadcast_5_piece0 in memory on 192.168.1.2:38799 (size: 57.3 KiB, free: 366.1 MiB)
[2021-12-08 11:19:13,226] {spark_submit_hook.py:479} INFO - 21/12/08 11:19:13 INFO SparkContext: Created broadcast 5 from broadcast at DAGScheduler.scala:1427
[2021-12-08 11:19:13,226] {spark_submit_hook.py:479} INFO - 21/12/08 11:19:13 INFO DAGScheduler: Submitting 1 missing tasks from ResultStage 2 (CoalescedRDD[11] at json at NativeMethodAccessorImpl.java:0) (first 15 tasks are for partitions Vector(0))
[2021-12-08 11:19:13,226] {spark_submit_hook.py:479} INFO - 21/12/08 11:19:13 INFO TaskSchedulerImpl: Adding task set 2.0 with 1 tasks resource profile 0
[2021-12-08 11:19:13,228] {spark_submit_hook.py:479} INFO - 21/12/08 11:19:13 INFO TaskSetManager: Starting task 0.0 in stage 2.0 (TID 2) (192.168.1.2, executor driver, partition 0, PROCESS_LOCAL, 5188 bytes) taskResourceAssignments Map()
[2021-12-08 11:19:13,228] {spark_submit_hook.py:479} INFO - 21/12/08 11:19:13 INFO Executor: Running task 0.0 in stage 2.0 (TID 2)
[2021-12-08 11:19:13,246] {spark_submit_hook.py:479} INFO - 21/12/08 11:19:13 INFO FileOutputCommitter: File Output Committer Algorithm version is 1
[2021-12-08 11:19:13,246] {spark_submit_hook.py:479} INFO - 21/12/08 11:19:13 INFO SQLHadoopMapReduceCommitProtocol: Using output committer class org.apache.hadoop.mapreduce.lib.output.FileOutputCommitter
[2021-12-08 11:19:13,253] {spark_submit_hook.py:479} INFO - 21/12/08 11:19:13 INFO FileScanRDD: Reading File path: file:///home/rafael/Documents/alura/datapipeline/datalake/bronze/twitter_aluraonline/extract_date=2021-12-03/AluraOnline_20211203.json, range: 0-16483, partition values: [empty row]
[2021-12-08 11:19:13,267] {spark_submit_hook.py:479} INFO - 21/12/08 11:19:13 INFO CodeGenerator: Code generated in 11.076369 ms
[2021-12-08 11:19:13,273] {spark_submit_hook.py:479} INFO - 21/12/08 11:19:13 INFO CodeGenerator: Code generated in 4.185549 ms
[2021-12-08 11:19:13,280] {spark_submit_hook.py:479} INFO - 21/12/08 11:19:13 INFO FileOutputCommitter: Saved output of task 'attempt_202112081119132540297988949121153_0002_m_000000_2' to file:/home/rafael/Documents/alura/datapipeline/datalake/silver/twitter_aluraonline/user/process_date=2021-12-03/_temporary/0/task_202112081119132540297988949121153_0002_m_000000
[2021-12-08 11:19:13,281] {spark_submit_hook.py:479} INFO - 21/12/08 11:19:13 INFO SparkHadoopMapRedUtil: attempt_202112081119132540297988949121153_0002_m_000000_2: Committed
[2021-12-08 11:19:13,282] {spark_submit_hook.py:479} INFO - 21/12/08 11:19:13 INFO Executor: Finished task 0.0 in stage 2.0 (TID 2). 2627 bytes result sent to driver
[2021-12-08 11:19:13,283] {spark_submit_hook.py:479} INFO - 21/12/08 11:19:13 INFO TaskSetManager: Finished task 0.0 in stage 2.0 (TID 2) in 56 ms on 192.168.1.2 (executor driver) (1/1)
[2021-12-08 11:19:13,284] {spark_submit_hook.py:479} INFO - 21/12/08 11:19:13 INFO TaskSchedulerImpl: Removed TaskSet 2.0, whose tasks have all completed, from pool
[2021-12-08 11:19:13,284] {spark_submit_hook.py:479} INFO - 21/12/08 11:19:13 INFO DAGScheduler: ResultStage 2 (json at NativeMethodAccessorImpl.java:0) finished in 0,080 s
[2021-12-08 11:19:13,285] {spark_submit_hook.py:479} INFO - 21/12/08 11:19:13 INFO DAGScheduler: Job 2 is finished. Cancelling potential speculative or zombie tasks for this job
[2021-12-08 11:19:13,285] {spark_submit_hook.py:479} INFO - 21/12/08 11:19:13 INFO TaskSchedulerImpl: Killing all running tasks in stage 2: Stage finished
[2021-12-08 11:19:13,289] {spark_submit_hook.py:479} INFO - 21/12/08 11:19:13 INFO DAGScheduler: Job 2 finished: json at NativeMethodAccessorImpl.java:0, took 0,084667 s
[2021-12-08 11:19:13,289] {spark_submit_hook.py:479} INFO - 21/12/08 11:19:13 INFO FileFormatWriter: Start to commit write Job fcc16f8c-e470-4e01-8c90-6286f459b939.
[2021-12-08 11:19:13,293] {spark_submit_hook.py:479} INFO - 21/12/08 11:19:13 INFO FileFormatWriter: Write Job fcc16f8c-e470-4e01-8c90-6286f459b939 committed. Elapsed time: 7 ms.
[2021-12-08 11:19:13,294] {spark_submit_hook.py:479} INFO - 21/12/08 11:19:13 INFO FileFormatWriter: Finished processing stats for write job fcc16f8c-e470-4e01-8c90-6286f459b939.
[2021-12-08 11:19:13,322] {spark_submit_hook.py:479} INFO - 21/12/08 11:19:13 INFO SparkContext: Invoking stop() from shutdown hook
[2021-12-08 11:19:13,329] {spark_submit_hook.py:479} INFO - 21/12/08 11:19:13 INFO SparkUI: Stopped Spark web UI at http://192.168.1.2:4040
[2021-12-08 11:19:13,336] {spark_submit_hook.py:479} INFO - 21/12/08 11:19:13 INFO MapOutputTrackerMasterEndpoint: MapOutputTrackerMasterEndpoint stopped!
[2021-12-08 11:19:13,343] {spark_submit_hook.py:479} INFO - 21/12/08 11:19:13 INFO MemoryStore: MemoryStore cleared
[2021-12-08 11:19:13,343] {spark_submit_hook.py:479} INFO - 21/12/08 11:19:13 INFO BlockManager: BlockManager stopped
[2021-12-08 11:19:13,348] {spark_submit_hook.py:479} INFO - 21/12/08 11:19:13 INFO BlockManagerMaster: BlockManagerMaster stopped
[2021-12-08 11:19:13,349] {spark_submit_hook.py:479} INFO - 21/12/08 11:19:13 INFO OutputCommitCoordinator$OutputCommitCoordinatorEndpoint: OutputCommitCoordinator stopped!
[2021-12-08 11:19:13,352] {spark_submit_hook.py:479} INFO - 21/12/08 11:19:13 INFO SparkContext: Successfully stopped SparkContext
[2021-12-08 11:19:13,352] {spark_submit_hook.py:479} INFO - 21/12/08 11:19:13 INFO ShutdownHookManager: Shutdown hook called
[2021-12-08 11:19:13,353] {spark_submit_hook.py:479} INFO - 21/12/08 11:19:13 INFO ShutdownHookManager: Deleting directory /tmp/spark-4a7adecf-3798-4f5a-ae48-3f9516f819e1/pyspark-fade581c-491d-4db5-bbf3-e1dab94ba219
[2021-12-08 11:19:13,354] {spark_submit_hook.py:479} INFO - 21/12/08 11:19:13 INFO ShutdownHookManager: Deleting directory /tmp/spark-c9710dff-d7c3-4d58-9fcc-688a1cf19c74
[2021-12-08 11:19:13,356] {spark_submit_hook.py:479} INFO - 21/12/08 11:19:13 INFO ShutdownHookManager: Deleting directory /tmp/spark-4a7adecf-3798-4f5a-ae48-3f9516f819e1
[2021-12-08 11:19:13,395] {taskinstance.py:1070} INFO - Marking task as SUCCESS.dag_id=twitter_dag, task_id=transform_twitter_aluraonline, execution_date=20211203T090000, start_date=20211208T141904, end_date=20211208T141913
[2021-12-08 11:19:14,910] {local_task_job.py:102} INFO - Task exited with return code 0
