[2021-12-09 11:32:11,054] {taskinstance.py:670} INFO - Dependencies all met for <TaskInstance: twitter_dag.transform_twitter_aluraonline 2021-12-03T09:00:00+00:00 [queued]>
[2021-12-09 11:32:11,065] {taskinstance.py:670} INFO - Dependencies all met for <TaskInstance: twitter_dag.transform_twitter_aluraonline 2021-12-03T09:00:00+00:00 [queued]>
[2021-12-09 11:32:11,065] {taskinstance.py:880} INFO - 
--------------------------------------------------------------------------------
[2021-12-09 11:32:11,065] {taskinstance.py:881} INFO - Starting attempt 2 of 2
[2021-12-09 11:32:11,065] {taskinstance.py:882} INFO - 
--------------------------------------------------------------------------------
[2021-12-09 11:32:11,073] {taskinstance.py:901} INFO - Executing <Task(SparkSubmitOperator): transform_twitter_aluraonline> on 2021-12-03T09:00:00+00:00
[2021-12-09 11:32:11,075] {standard_task_runner.py:54} INFO - Started process 8526 to run task
[2021-12-09 11:32:11,128] {standard_task_runner.py:77} INFO - Running: ['airflow', 'run', 'twitter_dag', 'transform_twitter_aluraonline', '2021-12-03T09:00:00+00:00', '--job_id', '30', '--pool', 'default_pool', '--raw', '-sd', 'DAGS_FOLDER/twitter_dag.py', '--cfg_path', '/tmp/tmpugpez_r9']
[2021-12-09 11:32:11,129] {standard_task_runner.py:78} INFO - Job 30: Subtask transform_twitter_aluraonline
[2021-12-09 11:32:11,148] {logging_mixin.py:112} INFO - Running <TaskInstance: twitter_dag.transform_twitter_aluraonline 2021-12-03T09:00:00+00:00 [running]> on host rafael-Aspire-A515-54G
[2021-12-09 11:32:11,198] {base_hook.py:89} INFO - Using connection to: id: spark_default. Host: local, Port: None, Schema: None, Login: None, Password: None, extra: XXXXXXXX
[2021-12-09 11:32:11,200] {spark_submit_hook.py:325} INFO - Spark-Submit cmd: /home/rafael/Documentos/spark-3.2.0-bin-hadoop2.7/bin/spark-submit --master local --name twitter_transformation /home/rafael/Documentos/alura/datapipeline/spark/transformation.py --src /home/rafael/Documentos/alura/datapipeline/datalake/bronze/twitter_aluraonline/extract_date=2021-12-03 --dest /home/rafael/Documentos/alura/datapipeline/datalake/silver/twitter_aluraonline/ --process-date 2021-12-03
[2021-12-09 11:32:12,355] {spark_submit_hook.py:479} INFO - 21/12/09 11:32:12 WARN Utils: Your hostname, rafael-Aspire-A515-54G resolves to a loopback address: 127.0.1.1; using 192.168.1.2 instead (on interface wlp4s0)
[2021-12-09 11:32:12,356] {spark_submit_hook.py:479} INFO - 21/12/09 11:32:12 WARN Utils: Set SPARK_LOCAL_IP if you need to bind to another address
[2021-12-09 11:32:13,219] {spark_submit_hook.py:479} INFO - Using Spark's default log4j profile: org/apache/spark/log4j-defaults.properties
[2021-12-09 11:32:13,228] {spark_submit_hook.py:479} INFO - 21/12/09 11:32:13 INFO SparkContext: Running Spark version 3.2.0
[2021-12-09 11:32:13,371] {spark_submit_hook.py:479} INFO - 21/12/09 11:32:13 WARN NativeCodeLoader: Unable to load native-hadoop library for your platform... using builtin-java classes where applicable
[2021-12-09 11:32:13,468] {spark_submit_hook.py:479} INFO - 21/12/09 11:32:13 INFO ResourceUtils: ==============================================================
[2021-12-09 11:32:13,468] {spark_submit_hook.py:479} INFO - 21/12/09 11:32:13 INFO ResourceUtils: No custom resources configured for spark.driver.
[2021-12-09 11:32:13,468] {spark_submit_hook.py:479} INFO - 21/12/09 11:32:13 INFO ResourceUtils: ==============================================================
[2021-12-09 11:32:13,469] {spark_submit_hook.py:479} INFO - 21/12/09 11:32:13 INFO SparkContext: Submitted application: twitter_transformation
[2021-12-09 11:32:13,495] {spark_submit_hook.py:479} INFO - 21/12/09 11:32:13 INFO ResourceProfile: Default ResourceProfile created, executor resources: Map(cores -> name: cores, amount: 1, script: , vendor: , memory -> name: memory, amount: 1024, script: , vendor: , offHeap -> name: offHeap, amount: 0, script: , vendor: ), task resources: Map(cpus -> name: cpus, amount: 1.0)
[2021-12-09 11:32:13,508] {spark_submit_hook.py:479} INFO - 21/12/09 11:32:13 INFO ResourceProfile: Limiting resource is cpu
[2021-12-09 11:32:13,508] {spark_submit_hook.py:479} INFO - 21/12/09 11:32:13 INFO ResourceProfileManager: Added ResourceProfile id: 0
[2021-12-09 11:32:13,572] {spark_submit_hook.py:479} INFO - 21/12/09 11:32:13 INFO SecurityManager: Changing view acls to: rafael
[2021-12-09 11:32:13,574] {spark_submit_hook.py:479} INFO - 21/12/09 11:32:13 INFO SecurityManager: Changing modify acls to: rafael
[2021-12-09 11:32:13,574] {spark_submit_hook.py:479} INFO - 21/12/09 11:32:13 INFO SecurityManager: Changing view acls groups to:
[2021-12-09 11:32:13,575] {spark_submit_hook.py:479} INFO - 21/12/09 11:32:13 INFO SecurityManager: Changing modify acls groups to:
[2021-12-09 11:32:13,576] {spark_submit_hook.py:479} INFO - 21/12/09 11:32:13 INFO SecurityManager: SecurityManager: authentication disabled; ui acls disabled; users  with view permissions: Set(rafael); groups with view permissions: Set(); users  with modify permissions: Set(rafael); groups with modify permissions: Set()
[2021-12-09 11:32:13,973] {spark_submit_hook.py:479} INFO - 21/12/09 11:32:13 INFO Utils: Successfully started service 'sparkDriver' on port 40253.
[2021-12-09 11:32:14,002] {spark_submit_hook.py:479} INFO - 21/12/09 11:32:14 INFO SparkEnv: Registering MapOutputTracker
[2021-12-09 11:32:14,055] {spark_submit_hook.py:479} INFO - 21/12/09 11:32:14 INFO SparkEnv: Registering BlockManagerMaster
[2021-12-09 11:32:14,084] {spark_submit_hook.py:479} INFO - 21/12/09 11:32:14 INFO BlockManagerMasterEndpoint: Using org.apache.spark.storage.DefaultTopologyMapper for getting topology information
[2021-12-09 11:32:14,084] {spark_submit_hook.py:479} INFO - 21/12/09 11:32:14 INFO BlockManagerMasterEndpoint: BlockManagerMasterEndpoint up
[2021-12-09 11:32:14,089] {spark_submit_hook.py:479} INFO - 21/12/09 11:32:14 INFO SparkEnv: Registering BlockManagerMasterHeartbeat
[2021-12-09 11:32:14,112] {spark_submit_hook.py:479} INFO - 21/12/09 11:32:14 INFO DiskBlockManager: Created local directory at /tmp/blockmgr-344d24ef-76e9-41af-afec-3930902e2909
[2021-12-09 11:32:14,138] {spark_submit_hook.py:479} INFO - 21/12/09 11:32:14 INFO MemoryStore: MemoryStore started with capacity 366.3 MiB
[2021-12-09 11:32:14,159] {spark_submit_hook.py:479} INFO - 21/12/09 11:32:14 INFO SparkEnv: Registering OutputCommitCoordinator
[2021-12-09 11:32:14,399] {spark_submit_hook.py:479} INFO - 21/12/09 11:32:14 INFO Utils: Successfully started service 'SparkUI' on port 4040.
[2021-12-09 11:32:14,496] {spark_submit_hook.py:479} INFO - 21/12/09 11:32:14 INFO SparkUI: Bound SparkUI to 0.0.0.0, and started at http://192.168.1.2:4040
[2021-12-09 11:32:14,671] {spark_submit_hook.py:479} INFO - 21/12/09 11:32:14 INFO Executor: Starting executor ID driver on host 192.168.1.2
[2021-12-09 11:32:14,695] {spark_submit_hook.py:479} INFO - 21/12/09 11:32:14 INFO Utils: Successfully started service 'org.apache.spark.network.netty.NettyBlockTransferService' on port 46689.
[2021-12-09 11:32:14,695] {spark_submit_hook.py:479} INFO - 21/12/09 11:32:14 INFO NettyBlockTransferService: Server created on 192.168.1.2:46689
[2021-12-09 11:32:14,697] {spark_submit_hook.py:479} INFO - 21/12/09 11:32:14 INFO BlockManager: Using org.apache.spark.storage.RandomBlockReplicationPolicy for block replication policy
[2021-12-09 11:32:14,705] {spark_submit_hook.py:479} INFO - 21/12/09 11:32:14 INFO BlockManagerMaster: Registering BlockManager BlockManagerId(driver, 192.168.1.2, 46689, None)
[2021-12-09 11:32:14,708] {spark_submit_hook.py:479} INFO - 21/12/09 11:32:14 INFO BlockManagerMasterEndpoint: Registering block manager 192.168.1.2:46689 with 366.3 MiB RAM, BlockManagerId(driver, 192.168.1.2, 46689, None)
[2021-12-09 11:32:14,711] {spark_submit_hook.py:479} INFO - 21/12/09 11:32:14 INFO BlockManagerMaster: Registered BlockManager BlockManagerId(driver, 192.168.1.2, 46689, None)
[2021-12-09 11:32:14,713] {spark_submit_hook.py:479} INFO - 21/12/09 11:32:14 INFO BlockManager: Initialized BlockManager: BlockManagerId(driver, 192.168.1.2, 46689, None)
[2021-12-09 11:32:15,532] {spark_submit_hook.py:479} INFO - 21/12/09 11:32:15 INFO SharedState: Setting hive.metastore.warehouse.dir ('null') to the value of spark.sql.warehouse.dir.
[2021-12-09 11:32:15,541] {spark_submit_hook.py:479} INFO - 21/12/09 11:32:15 INFO SharedState: Warehouse path is 'file:/home/rafael/Documentos/alura/datapipeline/spark-warehouse'.
[2021-12-09 11:32:16,768] {spark_submit_hook.py:479} INFO - 21/12/09 11:32:16 INFO InMemoryFileIndex: It took 32 ms to list leaf files for 1 paths.
[2021-12-09 11:32:16,835] {spark_submit_hook.py:479} INFO - 21/12/09 11:32:16 INFO InMemoryFileIndex: It took 1 ms to list leaf files for 1 paths.
[2021-12-09 11:32:19,052] {spark_submit_hook.py:479} INFO - 21/12/09 11:32:19 INFO FileSourceStrategy: Pushed Filters:
[2021-12-09 11:32:19,054] {spark_submit_hook.py:479} INFO - 21/12/09 11:32:19 INFO FileSourceStrategy: Post-Scan Filters:
[2021-12-09 11:32:19,058] {spark_submit_hook.py:479} INFO - 21/12/09 11:32:19 INFO FileSourceStrategy: Output Data Schema: struct<value: string>
[2021-12-09 11:32:19,325] {spark_submit_hook.py:479} INFO - 21/12/09 11:32:19 INFO MemoryStore: Block broadcast_0 stored as values in memory (estimated size 286.0 KiB, free 366.0 MiB)
[2021-12-09 11:32:19,369] {spark_submit_hook.py:479} INFO - 21/12/09 11:32:19 INFO MemoryStore: Block broadcast_0_piece0 stored as bytes in memory (estimated size 24.1 KiB, free 366.0 MiB)
[2021-12-09 11:32:19,373] {spark_submit_hook.py:479} INFO - 21/12/09 11:32:19 INFO BlockManagerInfo: Added broadcast_0_piece0 in memory on 192.168.1.2:46689 (size: 24.1 KiB, free: 366.3 MiB)
[2021-12-09 11:32:19,378] {spark_submit_hook.py:479} INFO - 21/12/09 11:32:19 INFO SparkContext: Created broadcast 0 from json at NativeMethodAccessorImpl.java:0
[2021-12-09 11:32:19,386] {spark_submit_hook.py:479} INFO - 21/12/09 11:32:19 INFO FileSourceScanExec: Planning scan with bin packing, max size: 4210143 bytes, open cost is considered as scanning 4194304 bytes.
[2021-12-09 11:32:19,540] {spark_submit_hook.py:479} INFO - 21/12/09 11:32:19 INFO SparkContext: Starting job: json at NativeMethodAccessorImpl.java:0
[2021-12-09 11:32:19,557] {spark_submit_hook.py:479} INFO - 21/12/09 11:32:19 INFO DAGScheduler: Got job 0 (json at NativeMethodAccessorImpl.java:0) with 1 output partitions
[2021-12-09 11:32:19,557] {spark_submit_hook.py:479} INFO - 21/12/09 11:32:19 INFO DAGScheduler: Final stage: ResultStage 0 (json at NativeMethodAccessorImpl.java:0)
[2021-12-09 11:32:19,557] {spark_submit_hook.py:479} INFO - 21/12/09 11:32:19 INFO DAGScheduler: Parents of final stage: List()
[2021-12-09 11:32:19,559] {spark_submit_hook.py:479} INFO - 21/12/09 11:32:19 INFO DAGScheduler: Missing parents: List()
[2021-12-09 11:32:19,563] {spark_submit_hook.py:479} INFO - 21/12/09 11:32:19 INFO DAGScheduler: Submitting ResultStage 0 (MapPartitionsRDD[3] at json at NativeMethodAccessorImpl.java:0), which has no missing parents
[2021-12-09 11:32:19,654] {spark_submit_hook.py:479} INFO - 21/12/09 11:32:19 INFO MemoryStore: Block broadcast_1 stored as values in memory (estimated size 12.5 KiB, free 366.0 MiB)
[2021-12-09 11:32:19,656] {spark_submit_hook.py:479} INFO - 21/12/09 11:32:19 INFO MemoryStore: Block broadcast_1_piece0 stored as bytes in memory (estimated size 6.5 KiB, free 366.0 MiB)
[2021-12-09 11:32:19,657] {spark_submit_hook.py:479} INFO - 21/12/09 11:32:19 INFO BlockManagerInfo: Added broadcast_1_piece0 in memory on 192.168.1.2:46689 (size: 6.5 KiB, free: 366.3 MiB)
[2021-12-09 11:32:19,658] {spark_submit_hook.py:479} INFO - 21/12/09 11:32:19 INFO SparkContext: Created broadcast 1 from broadcast at DAGScheduler.scala:1427
[2021-12-09 11:32:19,754] {spark_submit_hook.py:479} INFO - 21/12/09 11:32:19 INFO DAGScheduler: Submitting 1 missing tasks from ResultStage 0 (MapPartitionsRDD[3] at json at NativeMethodAccessorImpl.java:0) (first 15 tasks are for partitions Vector(0))
[2021-12-09 11:32:19,755] {spark_submit_hook.py:479} INFO - 21/12/09 11:32:19 INFO TaskSchedulerImpl: Adding task set 0.0 with 1 tasks resource profile 0
[2021-12-09 11:32:19,799] {spark_submit_hook.py:479} INFO - 21/12/09 11:32:19 INFO TaskSetManager: Starting task 0.0 in stage 0.0 (TID 0) (192.168.1.2, executor driver, partition 0, PROCESS_LOCAL, 4960 bytes) taskResourceAssignments Map()
[2021-12-09 11:32:19,814] {spark_submit_hook.py:479} INFO - 21/12/09 11:32:19 INFO Executor: Running task 0.0 in stage 0.0 (TID 0)
[2021-12-09 11:32:20,186] {spark_submit_hook.py:479} INFO - 21/12/09 11:32:20 INFO FileScanRDD: Reading File path: file:///home/rafael/Documentos/alura/datapipeline/datalake/bronze/twitter_aluraonline/extract_date=2021-12-03/AluraOnline_20211203.json, range: 0-15839, partition values: [empty row]
[2021-12-09 11:32:20,524] {spark_submit_hook.py:479} INFO - 21/12/09 11:32:20 INFO CodeGenerator: Code generated in 240.777888 ms
[2021-12-09 11:32:20,631] {spark_submit_hook.py:479} INFO - 21/12/09 11:32:20 INFO Executor: Finished task 0.0 in stage 0.0 (TID 0). 2815 bytes result sent to driver
[2021-12-09 11:32:20,655] {spark_submit_hook.py:479} INFO - 21/12/09 11:32:20 INFO TaskSetManager: Finished task 0.0 in stage 0.0 (TID 0) in 865 ms on 192.168.1.2 (executor driver) (1/1)
[2021-12-09 11:32:20,661] {spark_submit_hook.py:479} INFO - 21/12/09 11:32:20 INFO TaskSchedulerImpl: Removed TaskSet 0.0, whose tasks have all completed, from pool
[2021-12-09 11:32:20,678] {spark_submit_hook.py:479} INFO - 21/12/09 11:32:20 INFO DAGScheduler: ResultStage 0 (json at NativeMethodAccessorImpl.java:0) finished in 1,096 s
[2021-12-09 11:32:20,685] {spark_submit_hook.py:479} INFO - 21/12/09 11:32:20 INFO DAGScheduler: Job 0 is finished. Cancelling potential speculative or zombie tasks for this job
[2021-12-09 11:32:20,686] {spark_submit_hook.py:479} INFO - 21/12/09 11:32:20 INFO TaskSchedulerImpl: Killing all running tasks in stage 0: Stage finished
[2021-12-09 11:32:20,690] {spark_submit_hook.py:479} INFO - 21/12/09 11:32:20 INFO DAGScheduler: Job 0 finished: json at NativeMethodAccessorImpl.java:0, took 1,148740 s
[2021-12-09 11:32:21,189] {spark_submit_hook.py:479} INFO - 21/12/09 11:32:21 INFO FileSourceStrategy: Pushed Filters: IsNotNull(data)
[2021-12-09 11:32:21,191] {spark_submit_hook.py:479} INFO - 21/12/09 11:32:21 INFO FileSourceStrategy: Post-Scan Filters: (size(data#7, true) > 0),isnotnull(data#7)
[2021-12-09 11:32:21,191] {spark_submit_hook.py:479} INFO - 21/12/09 11:32:21 INFO FileSourceStrategy: Output Data Schema: struct<data: array<struct<author_id:string,conversation_id:string,created_at:string,id:string,in_reply_to_user_id:string,public_metrics:struct<like_count:bigint,quote_count:bigint,reply_count:bigint,retweet_count:bigint>,text:string>>>
[2021-12-09 11:32:21,277] {spark_submit_hook.py:479} INFO - 21/12/09 11:32:21 INFO FileOutputCommitter: File Output Committer Algorithm version is 1
[2021-12-09 11:32:21,278] {spark_submit_hook.py:479} INFO - 21/12/09 11:32:21 INFO SQLHadoopMapReduceCommitProtocol: Using output committer class org.apache.hadoop.mapreduce.lib.output.FileOutputCommitter
[2021-12-09 11:32:21,464] {spark_submit_hook.py:479} INFO - 21/12/09 11:32:21 INFO CodeGenerator: Code generated in 119.77782 ms
[2021-12-09 11:32:21,469] {spark_submit_hook.py:479} INFO - 21/12/09 11:32:21 INFO MemoryStore: Block broadcast_2 stored as values in memory (estimated size 285.8 KiB, free 365.7 MiB)
[2021-12-09 11:32:21,478] {spark_submit_hook.py:479} INFO - 21/12/09 11:32:21 INFO MemoryStore: Block broadcast_2_piece0 stored as bytes in memory (estimated size 24.0 KiB, free 365.7 MiB)
[2021-12-09 11:32:21,479] {spark_submit_hook.py:479} INFO - 21/12/09 11:32:21 INFO BlockManagerInfo: Added broadcast_2_piece0 in memory on 192.168.1.2:46689 (size: 24.0 KiB, free: 366.2 MiB)
[2021-12-09 11:32:21,480] {spark_submit_hook.py:479} INFO - 21/12/09 11:32:21 INFO SparkContext: Created broadcast 2 from json at NativeMethodAccessorImpl.java:0
[2021-12-09 11:32:21,482] {spark_submit_hook.py:479} INFO - 21/12/09 11:32:21 INFO FileSourceScanExec: Planning scan with bin packing, max size: 4210143 bytes, open cost is considered as scanning 4194304 bytes.
[2021-12-09 11:32:21,543] {spark_submit_hook.py:479} INFO - 21/12/09 11:32:21 INFO SparkContext: Starting job: json at NativeMethodAccessorImpl.java:0
[2021-12-09 11:32:21,545] {spark_submit_hook.py:479} INFO - 21/12/09 11:32:21 INFO DAGScheduler: Got job 1 (json at NativeMethodAccessorImpl.java:0) with 1 output partitions
[2021-12-09 11:32:21,545] {spark_submit_hook.py:479} INFO - 21/12/09 11:32:21 INFO DAGScheduler: Final stage: ResultStage 1 (json at NativeMethodAccessorImpl.java:0)
[2021-12-09 11:32:21,545] {spark_submit_hook.py:479} INFO - 21/12/09 11:32:21 INFO DAGScheduler: Parents of final stage: List()
[2021-12-09 11:32:21,545] {spark_submit_hook.py:479} INFO - 21/12/09 11:32:21 INFO DAGScheduler: Missing parents: List()
[2021-12-09 11:32:21,546] {spark_submit_hook.py:479} INFO - 21/12/09 11:32:21 INFO DAGScheduler: Submitting ResultStage 1 (CoalescedRDD[7] at json at NativeMethodAccessorImpl.java:0), which has no missing parents
[2021-12-09 11:32:21,569] {spark_submit_hook.py:479} INFO - 21/12/09 11:32:21 INFO MemoryStore: Block broadcast_3 stored as values in memory (estimated size 172.0 KiB, free 365.5 MiB)
[2021-12-09 11:32:21,572] {spark_submit_hook.py:479} INFO - 21/12/09 11:32:21 INFO MemoryStore: Block broadcast_3_piece0 stored as bytes in memory (estimated size 59.9 KiB, free 365.4 MiB)
[2021-12-09 11:32:21,572] {spark_submit_hook.py:479} INFO - 21/12/09 11:32:21 INFO BlockManagerInfo: Added broadcast_3_piece0 in memory on 192.168.1.2:46689 (size: 59.9 KiB, free: 366.2 MiB)
[2021-12-09 11:32:21,573] {spark_submit_hook.py:479} INFO - 21/12/09 11:32:21 INFO SparkContext: Created broadcast 3 from broadcast at DAGScheduler.scala:1427
[2021-12-09 11:32:21,574] {spark_submit_hook.py:479} INFO - 21/12/09 11:32:21 INFO DAGScheduler: Submitting 1 missing tasks from ResultStage 1 (CoalescedRDD[7] at json at NativeMethodAccessorImpl.java:0) (first 15 tasks are for partitions Vector(0))
[2021-12-09 11:32:21,574] {spark_submit_hook.py:479} INFO - 21/12/09 11:32:21 INFO TaskSchedulerImpl: Adding task set 1.0 with 1 tasks resource profile 0
[2021-12-09 11:32:21,578] {spark_submit_hook.py:479} INFO - 21/12/09 11:32:21 INFO TaskSetManager: Starting task 0.0 in stage 1.0 (TID 1) (192.168.1.2, executor driver, partition 0, PROCESS_LOCAL, 5189 bytes) taskResourceAssignments Map()
[2021-12-09 11:32:21,579] {spark_submit_hook.py:479} INFO - 21/12/09 11:32:21 INFO Executor: Running task 0.0 in stage 1.0 (TID 1)
[2021-12-09 11:32:21,632] {spark_submit_hook.py:479} INFO - 21/12/09 11:32:21 INFO FileOutputCommitter: File Output Committer Algorithm version is 1
[2021-12-09 11:32:21,633] {spark_submit_hook.py:479} INFO - 21/12/09 11:32:21 INFO SQLHadoopMapReduceCommitProtocol: Using output committer class org.apache.hadoop.mapreduce.lib.output.FileOutputCommitter
[2021-12-09 11:32:21,668] {spark_submit_hook.py:479} INFO - 21/12/09 11:32:21 INFO FileScanRDD: Reading File path: file:///home/rafael/Documentos/alura/datapipeline/datalake/bronze/twitter_aluraonline/extract_date=2021-12-03/AluraOnline_20211203.json, range: 0-15839, partition values: [empty row]
[2021-12-09 11:32:21,707] {spark_submit_hook.py:479} INFO - 21/12/09 11:32:21 INFO CodeGenerator: Code generated in 30.852655 ms
[2021-12-09 11:32:21,742] {spark_submit_hook.py:479} INFO - 21/12/09 11:32:21 INFO CodeGenerator: Code generated in 7.141243 ms
[2021-12-09 11:32:21,785] {spark_submit_hook.py:479} INFO - 21/12/09 11:32:21 INFO FileOutputCommitter: Saved output of task 'attempt_202112091132214708499992429357801_0001_m_000000_1' to file:/home/rafael/Documentos/alura/datapipeline/datalake/silver/twitter_aluraonline/tweet/process_date=2021-12-03/_temporary/0/task_202112091132214708499992429357801_0001_m_000000
[2021-12-09 11:32:21,785] {spark_submit_hook.py:479} INFO - 21/12/09 11:32:21 INFO SparkHadoopMapRedUtil: attempt_202112091132214708499992429357801_0001_m_000000_1: Committed
[2021-12-09 11:32:21,794] {spark_submit_hook.py:479} INFO - 21/12/09 11:32:21 INFO Executor: Finished task 0.0 in stage 1.0 (TID 1). 2670 bytes result sent to driver
[2021-12-09 11:32:21,796] {spark_submit_hook.py:479} INFO - 21/12/09 11:32:21 INFO TaskSetManager: Finished task 0.0 in stage 1.0 (TID 1) in 220 ms on 192.168.1.2 (executor driver) (1/1)
[2021-12-09 11:32:21,796] {spark_submit_hook.py:479} INFO - 21/12/09 11:32:21 INFO TaskSchedulerImpl: Removed TaskSet 1.0, whose tasks have all completed, from pool
[2021-12-09 11:32:21,797] {spark_submit_hook.py:479} INFO - 21/12/09 11:32:21 INFO DAGScheduler: ResultStage 1 (json at NativeMethodAccessorImpl.java:0) finished in 0,249 s
[2021-12-09 11:32:21,797] {spark_submit_hook.py:479} INFO - 21/12/09 11:32:21 INFO DAGScheduler: Job 1 is finished. Cancelling potential speculative or zombie tasks for this job
[2021-12-09 11:32:21,797] {spark_submit_hook.py:479} INFO - 21/12/09 11:32:21 INFO TaskSchedulerImpl: Killing all running tasks in stage 1: Stage finished
[2021-12-09 11:32:21,798] {spark_submit_hook.py:479} INFO - 21/12/09 11:32:21 INFO DAGScheduler: Job 1 finished: json at NativeMethodAccessorImpl.java:0, took 0,254633 s
[2021-12-09 11:32:21,800] {spark_submit_hook.py:479} INFO - 21/12/09 11:32:21 INFO FileFormatWriter: Start to commit write Job 7ca56ca4-aa28-4b7b-8748-4d8d771913d9.
[2021-12-09 11:32:21,813] {spark_submit_hook.py:479} INFO - 21/12/09 11:32:21 INFO FileFormatWriter: Write Job 7ca56ca4-aa28-4b7b-8748-4d8d771913d9 committed. Elapsed time: 12 ms.
[2021-12-09 11:32:21,818] {spark_submit_hook.py:479} INFO - 21/12/09 11:32:21 INFO FileFormatWriter: Finished processing stats for write job 7ca56ca4-aa28-4b7b-8748-4d8d771913d9.
[2021-12-09 11:32:21,865] {spark_submit_hook.py:479} INFO - 21/12/09 11:32:21 INFO FileSourceStrategy: Pushed Filters: IsNotNull(includes)
[2021-12-09 11:32:21,866] {spark_submit_hook.py:479} INFO - 21/12/09 11:32:21 INFO FileSourceStrategy: Post-Scan Filters: isnotnull(includes#8),(size(includes#8.users, true) > 0),isnotnull(includes#8.users)
[2021-12-09 11:32:21,867] {spark_submit_hook.py:479} INFO - 21/12/09 11:32:21 INFO FileSourceStrategy: Output Data Schema: struct<includes: struct<users: array<struct<created_at:string,id:string,name:string,username:string>>>>
[2021-12-09 11:32:21,880] {spark_submit_hook.py:479} INFO - 21/12/09 11:32:21 INFO FileOutputCommitter: File Output Committer Algorithm version is 1
[2021-12-09 11:32:21,881] {spark_submit_hook.py:479} INFO - 21/12/09 11:32:21 INFO SQLHadoopMapReduceCommitProtocol: Using output committer class org.apache.hadoop.mapreduce.lib.output.FileOutputCommitter
[2021-12-09 11:32:21,918] {spark_submit_hook.py:479} INFO - 21/12/09 11:32:21 INFO CodeGenerator: Code generated in 20.732111 ms
[2021-12-09 11:32:21,927] {spark_submit_hook.py:479} INFO - 21/12/09 11:32:21 INFO MemoryStore: Block broadcast_4 stored as values in memory (estimated size 285.8 KiB, free 365.2 MiB)
[2021-12-09 11:32:21,936] {spark_submit_hook.py:479} INFO - 21/12/09 11:32:21 INFO MemoryStore: Block broadcast_4_piece0 stored as bytes in memory (estimated size 24.0 KiB, free 365.1 MiB)
[2021-12-09 11:32:21,937] {spark_submit_hook.py:479} INFO - 21/12/09 11:32:21 INFO BlockManagerInfo: Added broadcast_4_piece0 in memory on 192.168.1.2:46689 (size: 24.0 KiB, free: 366.2 MiB)
[2021-12-09 11:32:21,938] {spark_submit_hook.py:479} INFO - 21/12/09 11:32:21 INFO SparkContext: Created broadcast 4 from json at NativeMethodAccessorImpl.java:0
[2021-12-09 11:32:21,939] {spark_submit_hook.py:479} INFO - 21/12/09 11:32:21 INFO FileSourceScanExec: Planning scan with bin packing, max size: 4210143 bytes, open cost is considered as scanning 4194304 bytes.
[2021-12-09 11:32:21,963] {spark_submit_hook.py:479} INFO - 21/12/09 11:32:21 INFO SparkContext: Starting job: json at NativeMethodAccessorImpl.java:0
[2021-12-09 11:32:21,964] {spark_submit_hook.py:479} INFO - 21/12/09 11:32:21 INFO DAGScheduler: Got job 2 (json at NativeMethodAccessorImpl.java:0) with 1 output partitions
[2021-12-09 11:32:21,965] {spark_submit_hook.py:479} INFO - 21/12/09 11:32:21 INFO DAGScheduler: Final stage: ResultStage 2 (json at NativeMethodAccessorImpl.java:0)
[2021-12-09 11:32:21,965] {spark_submit_hook.py:479} INFO - 21/12/09 11:32:21 INFO DAGScheduler: Parents of final stage: List()
[2021-12-09 11:32:21,965] {spark_submit_hook.py:479} INFO - 21/12/09 11:32:21 INFO DAGScheduler: Missing parents: List()
[2021-12-09 11:32:21,966] {spark_submit_hook.py:479} INFO - 21/12/09 11:32:21 INFO DAGScheduler: Submitting ResultStage 2 (CoalescedRDD[11] at json at NativeMethodAccessorImpl.java:0), which has no missing parents
[2021-12-09 11:32:21,986] {spark_submit_hook.py:479} INFO - 21/12/09 11:32:21 INFO MemoryStore: Block broadcast_5 stored as values in memory (estimated size 159.6 KiB, free 365.0 MiB)
[2021-12-09 11:32:21,989] {spark_submit_hook.py:479} INFO - 21/12/09 11:32:21 INFO MemoryStore: Block broadcast_5_piece0 stored as bytes in memory (estimated size 57.3 KiB, free 364.9 MiB)
[2021-12-09 11:32:21,990] {spark_submit_hook.py:479} INFO - 21/12/09 11:32:21 INFO BlockManagerInfo: Added broadcast_5_piece0 in memory on 192.168.1.2:46689 (size: 57.3 KiB, free: 366.1 MiB)
[2021-12-09 11:32:21,990] {spark_submit_hook.py:479} INFO - 21/12/09 11:32:21 INFO SparkContext: Created broadcast 5 from broadcast at DAGScheduler.scala:1427
[2021-12-09 11:32:21,991] {spark_submit_hook.py:479} INFO - 21/12/09 11:32:21 INFO DAGScheduler: Submitting 1 missing tasks from ResultStage 2 (CoalescedRDD[11] at json at NativeMethodAccessorImpl.java:0) (first 15 tasks are for partitions Vector(0))
[2021-12-09 11:32:21,991] {spark_submit_hook.py:479} INFO - 21/12/09 11:32:21 INFO TaskSchedulerImpl: Adding task set 2.0 with 1 tasks resource profile 0
[2021-12-09 11:32:21,992] {spark_submit_hook.py:479} INFO - 21/12/09 11:32:21 INFO TaskSetManager: Starting task 0.0 in stage 2.0 (TID 2) (192.168.1.2, executor driver, partition 0, PROCESS_LOCAL, 5189 bytes) taskResourceAssignments Map()
[2021-12-09 11:32:21,993] {spark_submit_hook.py:479} INFO - 21/12/09 11:32:21 INFO Executor: Running task 0.0 in stage 2.0 (TID 2)
[2021-12-09 11:32:22,012] {spark_submit_hook.py:479} INFO - 21/12/09 11:32:22 INFO FileOutputCommitter: File Output Committer Algorithm version is 1
[2021-12-09 11:32:22,013] {spark_submit_hook.py:479} INFO - 21/12/09 11:32:22 INFO SQLHadoopMapReduceCommitProtocol: Using output committer class org.apache.hadoop.mapreduce.lib.output.FileOutputCommitter
[2021-12-09 11:32:22,023] {spark_submit_hook.py:479} INFO - 21/12/09 11:32:22 INFO FileScanRDD: Reading File path: file:///home/rafael/Documentos/alura/datapipeline/datalake/bronze/twitter_aluraonline/extract_date=2021-12-03/AluraOnline_20211203.json, range: 0-15839, partition values: [empty row]
[2021-12-09 11:32:22,041] {spark_submit_hook.py:479} INFO - 21/12/09 11:32:22 INFO CodeGenerator: Code generated in 15.78793 ms
[2021-12-09 11:32:22,051] {spark_submit_hook.py:479} INFO - 21/12/09 11:32:22 INFO CodeGenerator: Code generated in 7.076764 ms
[2021-12-09 11:32:22,063] {spark_submit_hook.py:479} INFO - 21/12/09 11:32:22 INFO FileOutputCommitter: Saved output of task 'attempt_202112091132214755699750954311948_0002_m_000000_2' to file:/home/rafael/Documentos/alura/datapipeline/datalake/silver/twitter_aluraonline/user/process_date=2021-12-03/_temporary/0/task_202112091132214755699750954311948_0002_m_000000
[2021-12-09 11:32:22,064] {spark_submit_hook.py:479} INFO - 21/12/09 11:32:22 INFO SparkHadoopMapRedUtil: attempt_202112091132214755699750954311948_0002_m_000000_2: Committed
[2021-12-09 11:32:22,065] {spark_submit_hook.py:479} INFO - 21/12/09 11:32:22 INFO Executor: Finished task 0.0 in stage 2.0 (TID 2). 2627 bytes result sent to driver
[2021-12-09 11:32:22,068] {spark_submit_hook.py:479} INFO - 21/12/09 11:32:22 INFO TaskSetManager: Finished task 0.0 in stage 2.0 (TID 2) in 76 ms on 192.168.1.2 (executor driver) (1/1)
[2021-12-09 11:32:22,068] {spark_submit_hook.py:479} INFO - 21/12/09 11:32:22 INFO TaskSchedulerImpl: Removed TaskSet 2.0, whose tasks have all completed, from pool
[2021-12-09 11:32:22,069] {spark_submit_hook.py:479} INFO - 21/12/09 11:32:22 INFO DAGScheduler: ResultStage 2 (json at NativeMethodAccessorImpl.java:0) finished in 0,100 s
[2021-12-09 11:32:22,069] {spark_submit_hook.py:479} INFO - 21/12/09 11:32:22 INFO DAGScheduler: Job 2 is finished. Cancelling potential speculative or zombie tasks for this job
[2021-12-09 11:32:22,069] {spark_submit_hook.py:479} INFO - 21/12/09 11:32:22 INFO TaskSchedulerImpl: Killing all running tasks in stage 2: Stage finished
[2021-12-09 11:32:22,070] {spark_submit_hook.py:479} INFO - 21/12/09 11:32:22 INFO DAGScheduler: Job 2 finished: json at NativeMethodAccessorImpl.java:0, took 0,106507 s
[2021-12-09 11:32:22,070] {spark_submit_hook.py:479} INFO - 21/12/09 11:32:22 INFO FileFormatWriter: Start to commit write Job cc83aedb-9f33-4eab-8e88-8aff52803099.
[2021-12-09 11:32:22,077] {spark_submit_hook.py:479} INFO - 21/12/09 11:32:22 INFO FileFormatWriter: Write Job cc83aedb-9f33-4eab-8e88-8aff52803099 committed. Elapsed time: 7 ms.
[2021-12-09 11:32:22,078] {spark_submit_hook.py:479} INFO - 21/12/09 11:32:22 INFO FileFormatWriter: Finished processing stats for write job cc83aedb-9f33-4eab-8e88-8aff52803099.
[2021-12-09 11:32:22,116] {spark_submit_hook.py:479} INFO - 21/12/09 11:32:22 INFO SparkContext: Invoking stop() from shutdown hook
[2021-12-09 11:32:22,126] {spark_submit_hook.py:479} INFO - 21/12/09 11:32:22 INFO SparkUI: Stopped Spark web UI at http://192.168.1.2:4040
[2021-12-09 11:32:22,135] {spark_submit_hook.py:479} INFO - 21/12/09 11:32:22 INFO MapOutputTrackerMasterEndpoint: MapOutputTrackerMasterEndpoint stopped!
[2021-12-09 11:32:22,144] {spark_submit_hook.py:479} INFO - 21/12/09 11:32:22 INFO MemoryStore: MemoryStore cleared
[2021-12-09 11:32:22,144] {spark_submit_hook.py:479} INFO - 21/12/09 11:32:22 INFO BlockManager: BlockManager stopped
[2021-12-09 11:32:22,151] {spark_submit_hook.py:479} INFO - 21/12/09 11:32:22 INFO BlockManagerMaster: BlockManagerMaster stopped
[2021-12-09 11:32:22,155] {spark_submit_hook.py:479} INFO - 21/12/09 11:32:22 INFO OutputCommitCoordinator$OutputCommitCoordinatorEndpoint: OutputCommitCoordinator stopped!
[2021-12-09 11:32:22,159] {spark_submit_hook.py:479} INFO - 21/12/09 11:32:22 INFO SparkContext: Successfully stopped SparkContext
[2021-12-09 11:32:22,159] {spark_submit_hook.py:479} INFO - 21/12/09 11:32:22 INFO ShutdownHookManager: Shutdown hook called
[2021-12-09 11:32:22,160] {spark_submit_hook.py:479} INFO - 21/12/09 11:32:22 INFO ShutdownHookManager: Deleting directory /tmp/spark-1273ced8-0d1c-4050-93c4-7e94320cff47/pyspark-57acf323-fa03-47dd-9ca2-f4f8ee83bf28
[2021-12-09 11:32:22,161] {spark_submit_hook.py:479} INFO - 21/12/09 11:32:22 INFO ShutdownHookManager: Deleting directory /tmp/spark-1273ced8-0d1c-4050-93c4-7e94320cff47
[2021-12-09 11:32:22,163] {spark_submit_hook.py:479} INFO - 21/12/09 11:32:22 INFO ShutdownHookManager: Deleting directory /tmp/spark-741be986-a155-4ee7-9270-73c2e625b259
[2021-12-09 11:32:22,208] {taskinstance.py:1070} INFO - Marking task as SUCCESS.dag_id=twitter_dag, task_id=transform_twitter_aluraonline, execution_date=20211203T090000, start_date=20211209T143211, end_date=20211209T143222
[2021-12-09 11:32:26,035] {local_task_job.py:102} INFO - Task exited with return code 0
