[2021-12-08 11:15:11,051] {taskinstance.py:670} INFO - Dependencies all met for <TaskInstance: twitter_dag.twitter_aluraonline 2021-12-02T09:00:00+00:00 [queued]>
[2021-12-08 11:15:11,059] {taskinstance.py:670} INFO - Dependencies all met for <TaskInstance: twitter_dag.twitter_aluraonline 2021-12-02T09:00:00+00:00 [queued]>
[2021-12-08 11:15:11,059] {taskinstance.py:880} INFO - 
--------------------------------------------------------------------------------
[2021-12-08 11:15:11,059] {taskinstance.py:881} INFO - Starting attempt 1 of 1
[2021-12-08 11:15:11,059] {taskinstance.py:882} INFO - 
--------------------------------------------------------------------------------
[2021-12-08 11:15:11,066] {taskinstance.py:901} INFO - Executing <Task(TwitterOperator): twitter_aluraonline> on 2021-12-02T09:00:00+00:00
[2021-12-08 11:15:11,067] {standard_task_runner.py:54} INFO - Started process 20135 to run task
[2021-12-08 11:15:11,118] {standard_task_runner.py:77} INFO - Running: ['airflow', 'run', 'twitter_dag', 'twitter_aluraonline', '2021-12-02T09:00:00+00:00', '--job_id', '8', '--pool', 'default_pool', '--raw', '-sd', 'DAGS_FOLDER/twitter_dag.py', '--cfg_path', '/tmp/tmp7song5ra']
[2021-12-08 11:15:11,119] {standard_task_runner.py:78} INFO - Job 8: Subtask twitter_aluraonline
[2021-12-08 11:15:11,136] {logging_mixin.py:112} INFO - Running <TaskInstance: twitter_dag.twitter_aluraonline 2021-12-02T09:00:00+00:00 [running]> on host rafael-Aspire-A515-54G
[2021-12-08 11:15:11,177] {base_hook.py:89} INFO - Using connection to: id: twitter_default. Host: https://api.twitter.com, Port: None, Schema: None, Login: None, Password: None, extra: XXXXXXXX
[2021-12-08 11:15:11,179] {twitter_hook.py:36} INFO - URL: https://api.twitter.com/2/tweets/search/recent?query=AluraOnline&tweet.fields=author_id,conversation_id,created_at,id,in_reply_to_user_id,public_metrics,text&expansions=author_id&user.fields=id,name,username,created_at&start_time=2021-12-02T09:00:00.00Z&end_time=2021-12-03T09:00:00.00Z
[2021-12-08 11:15:11,674] {logging_mixin.py:112} WARNING - /home/rafael/Documentos/alura/datapipeline/.env/lib/python3.7/site-packages/urllib3/connectionpool.py:988: InsecureRequestWarning: Unverified HTTPS request is being made to host 'api.twitter.com'. Adding certificate verification is strongly advised. See: https://urllib3.readthedocs.io/en/latest/advanced-usage.html#ssl-warnings
  InsecureRequestWarning,
[2021-12-08 11:15:12,062] {twitter_hook.py:36} INFO - URL: https://api.twitter.com/2/tweets/search/recent?query=AluraOnline&tweet.fields=author_id,conversation_id,created_at,id,in_reply_to_user_id,public_metrics,text&expansions=author_id&user.fields=id,name,username,created_at&start_time=2021-12-02T09:00:00.00Z&end_time=2021-12-03T09:00:00.00Z&next_token=b26v89c19zqg8o3fpdy83eamo2olr3iji6qqb1fjksgvx
[2021-12-08 11:15:12,063] {logging_mixin.py:112} WARNING - /home/rafael/Documentos/alura/datapipeline/.env/lib/python3.7/site-packages/urllib3/connectionpool.py:988: InsecureRequestWarning: Unverified HTTPS request is being made to host 'api.twitter.com'. Adding certificate verification is strongly advised. See: https://urllib3.readthedocs.io/en/latest/advanced-usage.html#ssl-warnings
  InsecureRequestWarning,
[2021-12-08 11:15:12,446] {twitter_hook.py:36} INFO - URL: https://api.twitter.com/2/tweets/search/recent?query=AluraOnline&tweet.fields=author_id,conversation_id,created_at,id,in_reply_to_user_id,public_metrics,text&expansions=author_id&user.fields=id,name,username,created_at&start_time=2021-12-02T09:00:00.00Z&end_time=2021-12-03T09:00:00.00Z&next_token=b26v89c19zqg8o3fpdy83e8u3ka7n2f1cv8zej49zn1x9
[2021-12-08 11:15:12,448] {logging_mixin.py:112} WARNING - /home/rafael/Documentos/alura/datapipeline/.env/lib/python3.7/site-packages/urllib3/connectionpool.py:988: InsecureRequestWarning: Unverified HTTPS request is being made to host 'api.twitter.com'. Adding certificate verification is strongly advised. See: https://urllib3.readthedocs.io/en/latest/advanced-usage.html#ssl-warnings
  InsecureRequestWarning,
[2021-12-08 11:15:12,873] {twitter_hook.py:36} INFO - URL: https://api.twitter.com/2/tweets/search/recent?query=AluraOnline&tweet.fields=author_id,conversation_id,created_at,id,in_reply_to_user_id,public_metrics,text&expansions=author_id&user.fields=id,name,username,created_at&start_time=2021-12-02T09:00:00.00Z&end_time=2021-12-03T09:00:00.00Z&next_token=b26v89c19zqg8o3fpdy83c5wuv242rryfchlfdr59ae0t
[2021-12-08 11:15:12,875] {logging_mixin.py:112} WARNING - /home/rafael/Documentos/alura/datapipeline/.env/lib/python3.7/site-packages/urllib3/connectionpool.py:988: InsecureRequestWarning: Unverified HTTPS request is being made to host 'api.twitter.com'. Adding certificate verification is strongly advised. See: https://urllib3.readthedocs.io/en/latest/advanced-usage.html#ssl-warnings
  InsecureRequestWarning,
[2021-12-08 11:15:13,284] {twitter_hook.py:36} INFO - URL: https://api.twitter.com/2/tweets/search/recent?query=AluraOnline&tweet.fields=author_id,conversation_id,created_at,id,in_reply_to_user_id,public_metrics,text&expansions=author_id&user.fields=id,name,username,created_at&start_time=2021-12-02T09:00:00.00Z&end_time=2021-12-03T09:00:00.00Z&next_token=b26v89c19zqg8o3fpdy83a232u2rbisej1q5avtrw7bst
[2021-12-08 11:15:13,286] {logging_mixin.py:112} WARNING - /home/rafael/Documentos/alura/datapipeline/.env/lib/python3.7/site-packages/urllib3/connectionpool.py:988: InsecureRequestWarning: Unverified HTTPS request is being made to host 'api.twitter.com'. Adding certificate verification is strongly advised. See: https://urllib3.readthedocs.io/en/latest/advanced-usage.html#ssl-warnings
  InsecureRequestWarning,
[2021-12-08 11:15:13,686] {taskinstance.py:1070} INFO - Marking task as SUCCESS.dag_id=twitter_dag, task_id=twitter_aluraonline, execution_date=20211202T090000, start_date=20211208T141511, end_date=20211208T141513
[2021-12-08 11:15:16,056] {local_task_job.py:102} INFO - Task exited with return code 0
