[2021-12-08 11:29:34,306] {taskinstance.py:670} INFO - Dependencies all met for <TaskInstance: twitter_dag.twitter_aluraonline 2021-12-07T09:00:00+00:00 [queued]>
[2021-12-08 11:29:34,320] {taskinstance.py:670} INFO - Dependencies all met for <TaskInstance: twitter_dag.twitter_aluraonline 2021-12-07T09:00:00+00:00 [queued]>
[2021-12-08 11:29:34,320] {taskinstance.py:880} INFO - 
--------------------------------------------------------------------------------
[2021-12-08 11:29:34,320] {taskinstance.py:881} INFO - Starting attempt 1 of 1
[2021-12-08 11:29:34,320] {taskinstance.py:882} INFO - 
--------------------------------------------------------------------------------
[2021-12-08 11:29:34,329] {taskinstance.py:901} INFO - Executing <Task(TwitterOperator): twitter_aluraonline> on 2021-12-07T09:00:00+00:00
[2021-12-08 11:29:34,331] {standard_task_runner.py:54} INFO - Started process 25337 to run task
[2021-12-08 11:29:34,383] {standard_task_runner.py:77} INFO - Running: ['airflow', 'run', 'twitter_dag', 'twitter_aluraonline', '2021-12-07T09:00:00+00:00', '--job_id', '18', '--pool', 'default_pool', '--raw', '-sd', 'DAGS_FOLDER/twitter_dag.py', '--cfg_path', '/tmp/tmpyztv_gmk']
[2021-12-08 11:29:34,383] {standard_task_runner.py:78} INFO - Job 18: Subtask twitter_aluraonline
[2021-12-08 11:29:34,401] {logging_mixin.py:112} INFO - Running <TaskInstance: twitter_dag.twitter_aluraonline 2021-12-07T09:00:00+00:00 [running]> on host rafael-Aspire-A515-54G
[2021-12-08 11:29:34,440] {base_hook.py:89} INFO - Using connection to: id: twitter_default. Host: https://api.twitter.com, Port: None, Schema: None, Login: None, Password: None, extra: XXXXXXXX
[2021-12-08 11:29:34,442] {twitter_hook.py:36} INFO - URL: https://api.twitter.com/2/tweets/search/recent?query=AluraOnline&tweet.fields=author_id,conversation_id,created_at,id,in_reply_to_user_id,public_metrics,text&expansions=author_id&user.fields=id,name,username,created_at&start_time=2021-12-07T09:00:00.00Z&end_time=2021-12-08T09:00:00.00Z
[2021-12-08 11:29:34,833] {logging_mixin.py:112} WARNING - /home/rafael/Documentos/alura/datapipeline/.env/lib/python3.7/site-packages/urllib3/connectionpool.py:988: InsecureRequestWarning: Unverified HTTPS request is being made to host 'api.twitter.com'. Adding certificate verification is strongly advised. See: https://urllib3.readthedocs.io/en/latest/advanced-usage.html#ssl-warnings
  InsecureRequestWarning,
[2021-12-08 11:29:35,314] {twitter_hook.py:36} INFO - URL: https://api.twitter.com/2/tweets/search/recent?query=AluraOnline&tweet.fields=author_id,conversation_id,created_at,id,in_reply_to_user_id,public_metrics,text&expansions=author_id&user.fields=id,name,username,created_at&start_time=2021-12-07T09:00:00.00Z&end_time=2021-12-08T09:00:00.00Z&next_token=b26v89c19zqg8o3fpdy8xl7v4v52wub8m738mu89kw3ul
[2021-12-08 11:29:35,316] {logging_mixin.py:112} WARNING - /home/rafael/Documentos/alura/datapipeline/.env/lib/python3.7/site-packages/urllib3/connectionpool.py:988: InsecureRequestWarning: Unverified HTTPS request is being made to host 'api.twitter.com'. Adding certificate verification is strongly advised. See: https://urllib3.readthedocs.io/en/latest/advanced-usage.html#ssl-warnings
  InsecureRequestWarning,
[2021-12-08 11:29:35,721] {twitter_hook.py:36} INFO - URL: https://api.twitter.com/2/tweets/search/recent?query=AluraOnline&tweet.fields=author_id,conversation_id,created_at,id,in_reply_to_user_id,public_metrics,text&expansions=author_id&user.fields=id,name,username,created_at&start_time=2021-12-07T09:00:00.00Z&end_time=2021-12-08T09:00:00.00Z&next_token=b26v89c19zqg8o3fpdy8xgzlwvwhyoq75ncc8ntanf4al
[2021-12-08 11:29:35,724] {logging_mixin.py:112} WARNING - /home/rafael/Documentos/alura/datapipeline/.env/lib/python3.7/site-packages/urllib3/connectionpool.py:988: InsecureRequestWarning: Unverified HTTPS request is being made to host 'api.twitter.com'. Adding certificate verification is strongly advised. See: https://urllib3.readthedocs.io/en/latest/advanced-usage.html#ssl-warnings
  InsecureRequestWarning,
[2021-12-08 11:29:36,136] {taskinstance.py:1070} INFO - Marking task as SUCCESS.dag_id=twitter_dag, task_id=twitter_aluraonline, execution_date=20211207T090000, start_date=20211208T142934, end_date=20211208T142936
[2021-12-08 11:29:39,305] {local_task_job.py:102} INFO - Task exited with return code 0
