[2021-12-08 11:21:56,396] {taskinstance.py:670} INFO - Dependencies all met for <TaskInstance: twitter_dag.transform_twitter_aluraonline 2021-12-04T09:00:00+00:00 [queued]>
[2021-12-08 11:21:56,406] {taskinstance.py:670} INFO - Dependencies all met for <TaskInstance: twitter_dag.transform_twitter_aluraonline 2021-12-04T09:00:00+00:00 [queued]>
[2021-12-08 11:21:56,406] {taskinstance.py:880} INFO - 
--------------------------------------------------------------------------------
[2021-12-08 11:21:56,406] {taskinstance.py:881} INFO - Starting attempt 1 of 1
[2021-12-08 11:21:56,406] {taskinstance.py:882} INFO - 
--------------------------------------------------------------------------------
[2021-12-08 11:21:56,412] {taskinstance.py:901} INFO - Executing <Task(SparkSubmitOperator): transform_twitter_aluraonline> on 2021-12-04T09:00:00+00:00
[2021-12-08 11:21:56,414] {standard_task_runner.py:54} INFO - Started process 22573 to run task
[2021-12-08 11:21:56,459] {standard_task_runner.py:77} INFO - Running: ['airflow', 'run', 'twitter_dag', 'transform_twitter_aluraonline', '2021-12-04T09:00:00+00:00', '--job_id', '13', '--pool', 'default_pool', '--raw', '-sd', 'DAGS_FOLDER/twitter_dag.py', '--cfg_path', '/tmp/tmppuyoogmi']
[2021-12-08 11:21:56,460] {standard_task_runner.py:78} INFO - Job 13: Subtask transform_twitter_aluraonline
[2021-12-08 11:21:56,476] {logging_mixin.py:112} INFO - Running <TaskInstance: twitter_dag.transform_twitter_aluraonline 2021-12-04T09:00:00+00:00 [running]> on host rafael-Aspire-A515-54G
[2021-12-08 11:21:56,513] {base_hook.py:89} INFO - Using connection to: id: spark_default. Host: local, Port: None, Schema: None, Login: None, Password: None, extra: XXXXXXXX
[2021-12-08 11:21:56,515] {spark_submit_hook.py:325} INFO - Spark-Submit cmd: /home/rafael/Documentos/spark-3.2.0-bin-hadoop2.7/bin/spark-submit --master local --name twitter_transformation /home/rafael/Documentos/alura/datapipeline/spark/transformation.py --src /home/rafael/Documents/alura/datapipeline/datalake/bronze/twitter_aluraonline/extract_date=2021-12-04 --dest /home/rafael/Documents/alura/datapipeline/datalake/silver/twitter_aluraonline/ --process-date 2021-12-04
[2021-12-08 11:21:57,234] {spark_submit_hook.py:479} INFO - 21/12/08 11:21:57 WARN Utils: Your hostname, rafael-Aspire-A515-54G resolves to a loopback address: 127.0.1.1; using 192.168.1.2 instead (on interface wlp4s0)
[2021-12-08 11:21:57,234] {spark_submit_hook.py:479} INFO - 21/12/08 11:21:57 WARN Utils: Set SPARK_LOCAL_IP if you need to bind to another address
[2021-12-08 11:21:57,887] {spark_submit_hook.py:479} INFO - Using Spark's default log4j profile: org/apache/spark/log4j-defaults.properties
[2021-12-08 11:21:57,893] {spark_submit_hook.py:479} INFO - 21/12/08 11:21:57 INFO SparkContext: Running Spark version 3.2.0
[2021-12-08 11:21:57,992] {spark_submit_hook.py:479} INFO - 21/12/08 11:21:57 WARN NativeCodeLoader: Unable to load native-hadoop library for your platform... using builtin-java classes where applicable
[2021-12-08 11:21:58,066] {spark_submit_hook.py:479} INFO - 21/12/08 11:21:58 INFO ResourceUtils: ==============================================================
[2021-12-08 11:21:58,067] {spark_submit_hook.py:479} INFO - 21/12/08 11:21:58 INFO ResourceUtils: No custom resources configured for spark.driver.
[2021-12-08 11:21:58,067] {spark_submit_hook.py:479} INFO - 21/12/08 11:21:58 INFO ResourceUtils: ==============================================================
[2021-12-08 11:21:58,067] {spark_submit_hook.py:479} INFO - 21/12/08 11:21:58 INFO SparkContext: Submitted application: twitter_transformation
[2021-12-08 11:21:58,088] {spark_submit_hook.py:479} INFO - 21/12/08 11:21:58 INFO ResourceProfile: Default ResourceProfile created, executor resources: Map(cores -> name: cores, amount: 1, script: , vendor: , memory -> name: memory, amount: 1024, script: , vendor: , offHeap -> name: offHeap, amount: 0, script: , vendor: ), task resources: Map(cpus -> name: cpus, amount: 1.0)
[2021-12-08 11:21:58,099] {spark_submit_hook.py:479} INFO - 21/12/08 11:21:58 INFO ResourceProfile: Limiting resource is cpu
[2021-12-08 11:21:58,099] {spark_submit_hook.py:479} INFO - 21/12/08 11:21:58 INFO ResourceProfileManager: Added ResourceProfile id: 0
[2021-12-08 11:21:58,140] {spark_submit_hook.py:479} INFO - 21/12/08 11:21:58 INFO SecurityManager: Changing view acls to: rafael
[2021-12-08 11:21:58,141] {spark_submit_hook.py:479} INFO - 21/12/08 11:21:58 INFO SecurityManager: Changing modify acls to: rafael
[2021-12-08 11:21:58,141] {spark_submit_hook.py:479} INFO - 21/12/08 11:21:58 INFO SecurityManager: Changing view acls groups to:
[2021-12-08 11:21:58,142] {spark_submit_hook.py:479} INFO - 21/12/08 11:21:58 INFO SecurityManager: Changing modify acls groups to:
[2021-12-08 11:21:58,142] {spark_submit_hook.py:479} INFO - 21/12/08 11:21:58 INFO SecurityManager: SecurityManager: authentication disabled; ui acls disabled; users  with view permissions: Set(rafael); groups with view permissions: Set(); users  with modify permissions: Set(rafael); groups with modify permissions: Set()
[2021-12-08 11:21:58,410] {spark_submit_hook.py:479} INFO - 21/12/08 11:21:58 INFO Utils: Successfully started service 'sparkDriver' on port 38025.
[2021-12-08 11:21:58,430] {spark_submit_hook.py:479} INFO - 21/12/08 11:21:58 INFO SparkEnv: Registering MapOutputTracker
[2021-12-08 11:21:58,455] {spark_submit_hook.py:479} INFO - 21/12/08 11:21:58 INFO SparkEnv: Registering BlockManagerMaster
[2021-12-08 11:21:58,470] {spark_submit_hook.py:479} INFO - 21/12/08 11:21:58 INFO BlockManagerMasterEndpoint: Using org.apache.spark.storage.DefaultTopologyMapper for getting topology information
[2021-12-08 11:21:58,471] {spark_submit_hook.py:479} INFO - 21/12/08 11:21:58 INFO BlockManagerMasterEndpoint: BlockManagerMasterEndpoint up
[2021-12-08 11:21:58,474] {spark_submit_hook.py:479} INFO - 21/12/08 11:21:58 INFO SparkEnv: Registering BlockManagerMasterHeartbeat
[2021-12-08 11:21:58,492] {spark_submit_hook.py:479} INFO - 21/12/08 11:21:58 INFO DiskBlockManager: Created local directory at /tmp/blockmgr-5eea5123-b85d-448f-8768-ec01403db674
[2021-12-08 11:21:58,513] {spark_submit_hook.py:479} INFO - 21/12/08 11:21:58 INFO MemoryStore: MemoryStore started with capacity 366.3 MiB
[2021-12-08 11:21:58,531] {spark_submit_hook.py:479} INFO - 21/12/08 11:21:58 INFO SparkEnv: Registering OutputCommitCoordinator
[2021-12-08 11:21:58,716] {spark_submit_hook.py:479} INFO - 21/12/08 11:21:58 INFO Utils: Successfully started service 'SparkUI' on port 4040.
[2021-12-08 11:21:58,809] {spark_submit_hook.py:479} INFO - 21/12/08 11:21:58 INFO SparkUI: Bound SparkUI to 0.0.0.0, and started at http://192.168.1.2:4040
[2021-12-08 11:21:58,962] {spark_submit_hook.py:479} INFO - 21/12/08 11:21:58 INFO Executor: Starting executor ID driver on host 192.168.1.2
[2021-12-08 11:21:58,982] {spark_submit_hook.py:479} INFO - 21/12/08 11:21:58 INFO Utils: Successfully started service 'org.apache.spark.network.netty.NettyBlockTransferService' on port 35311.
[2021-12-08 11:21:58,982] {spark_submit_hook.py:479} INFO - 21/12/08 11:21:58 INFO NettyBlockTransferService: Server created on 192.168.1.2:35311
[2021-12-08 11:21:58,984] {spark_submit_hook.py:479} INFO - 21/12/08 11:21:58 INFO BlockManager: Using org.apache.spark.storage.RandomBlockReplicationPolicy for block replication policy
[2021-12-08 11:21:58,989] {spark_submit_hook.py:479} INFO - 21/12/08 11:21:58 INFO BlockManagerMaster: Registering BlockManager BlockManagerId(driver, 192.168.1.2, 35311, None)
[2021-12-08 11:21:58,992] {spark_submit_hook.py:479} INFO - 21/12/08 11:21:58 INFO BlockManagerMasterEndpoint: Registering block manager 192.168.1.2:35311 with 366.3 MiB RAM, BlockManagerId(driver, 192.168.1.2, 35311, None)
[2021-12-08 11:21:58,994] {spark_submit_hook.py:479} INFO - 21/12/08 11:21:58 INFO BlockManagerMaster: Registered BlockManager BlockManagerId(driver, 192.168.1.2, 35311, None)
[2021-12-08 11:21:58,995] {spark_submit_hook.py:479} INFO - 21/12/08 11:21:58 INFO BlockManager: Initialized BlockManager: BlockManagerId(driver, 192.168.1.2, 35311, None)
[2021-12-08 11:21:59,446] {spark_submit_hook.py:479} INFO - 21/12/08 11:21:59 INFO SharedState: Setting hive.metastore.warehouse.dir ('null') to the value of spark.sql.warehouse.dir.
[2021-12-08 11:21:59,450] {spark_submit_hook.py:479} INFO - 21/12/08 11:21:59 INFO SharedState: Warehouse path is 'file:/home/rafael/Documentos/alura/datapipeline/spark-warehouse'.
[2021-12-08 11:22:00,312] {spark_submit_hook.py:479} INFO - 21/12/08 11:22:00 INFO InMemoryFileIndex: It took 23 ms to list leaf files for 1 paths.
[2021-12-08 11:22:00,363] {spark_submit_hook.py:479} INFO - 21/12/08 11:22:00 INFO InMemoryFileIndex: It took 1 ms to list leaf files for 1 paths.
[2021-12-08 11:22:02,102] {spark_submit_hook.py:479} INFO - 21/12/08 11:22:02 INFO FileSourceStrategy: Pushed Filters:
[2021-12-08 11:22:02,104] {spark_submit_hook.py:479} INFO - 21/12/08 11:22:02 INFO FileSourceStrategy: Post-Scan Filters:
[2021-12-08 11:22:02,106] {spark_submit_hook.py:479} INFO - 21/12/08 11:22:02 INFO FileSourceStrategy: Output Data Schema: struct<value: string>
[2021-12-08 11:22:02,336] {spark_submit_hook.py:479} INFO - 21/12/08 11:22:02 INFO MemoryStore: Block broadcast_0 stored as values in memory (estimated size 286.0 KiB, free 366.0 MiB)
[2021-12-08 11:22:02,378] {spark_submit_hook.py:479} INFO - 21/12/08 11:22:02 INFO MemoryStore: Block broadcast_0_piece0 stored as bytes in memory (estimated size 24.1 KiB, free 366.0 MiB)
[2021-12-08 11:22:02,380] {spark_submit_hook.py:479} INFO - 21/12/08 11:22:02 INFO BlockManagerInfo: Added broadcast_0_piece0 in memory on 192.168.1.2:35311 (size: 24.1 KiB, free: 366.3 MiB)
[2021-12-08 11:22:02,384] {spark_submit_hook.py:479} INFO - 21/12/08 11:22:02 INFO SparkContext: Created broadcast 0 from json at NativeMethodAccessorImpl.java:0
[2021-12-08 11:22:02,391] {spark_submit_hook.py:479} INFO - 21/12/08 11:22:02 INFO FileSourceScanExec: Planning scan with bin packing, max size: 4196585 bytes, open cost is considered as scanning 4194304 bytes.
[2021-12-08 11:22:02,518] {spark_submit_hook.py:479} INFO - 21/12/08 11:22:02 INFO SparkContext: Starting job: json at NativeMethodAccessorImpl.java:0
[2021-12-08 11:22:02,531] {spark_submit_hook.py:479} INFO - 21/12/08 11:22:02 INFO DAGScheduler: Got job 0 (json at NativeMethodAccessorImpl.java:0) with 1 output partitions
[2021-12-08 11:22:02,531] {spark_submit_hook.py:479} INFO - 21/12/08 11:22:02 INFO DAGScheduler: Final stage: ResultStage 0 (json at NativeMethodAccessorImpl.java:0)
[2021-12-08 11:22:02,531] {spark_submit_hook.py:479} INFO - 21/12/08 11:22:02 INFO DAGScheduler: Parents of final stage: List()
[2021-12-08 11:22:02,533] {spark_submit_hook.py:479} INFO - 21/12/08 11:22:02 INFO DAGScheduler: Missing parents: List()
[2021-12-08 11:22:02,537] {spark_submit_hook.py:479} INFO - 21/12/08 11:22:02 INFO DAGScheduler: Submitting ResultStage 0 (MapPartitionsRDD[3] at json at NativeMethodAccessorImpl.java:0), which has no missing parents
[2021-12-08 11:22:02,623] {spark_submit_hook.py:479} INFO - 21/12/08 11:22:02 INFO MemoryStore: Block broadcast_1 stored as values in memory (estimated size 12.5 KiB, free 366.0 MiB)
[2021-12-08 11:22:02,625] {spark_submit_hook.py:479} INFO - 21/12/08 11:22:02 INFO MemoryStore: Block broadcast_1_piece0 stored as bytes in memory (estimated size 6.5 KiB, free 366.0 MiB)
[2021-12-08 11:22:02,626] {spark_submit_hook.py:479} INFO - 21/12/08 11:22:02 INFO BlockManagerInfo: Added broadcast_1_piece0 in memory on 192.168.1.2:35311 (size: 6.5 KiB, free: 366.3 MiB)
[2021-12-08 11:22:02,626] {spark_submit_hook.py:479} INFO - 21/12/08 11:22:02 INFO SparkContext: Created broadcast 1 from broadcast at DAGScheduler.scala:1427
[2021-12-08 11:22:02,709] {spark_submit_hook.py:479} INFO - 21/12/08 11:22:02 INFO DAGScheduler: Submitting 1 missing tasks from ResultStage 0 (MapPartitionsRDD[3] at json at NativeMethodAccessorImpl.java:0) (first 15 tasks are for partitions Vector(0))
[2021-12-08 11:22:02,710] {spark_submit_hook.py:479} INFO - 21/12/08 11:22:02 INFO TaskSchedulerImpl: Adding task set 0.0 with 1 tasks resource profile 0
[2021-12-08 11:22:02,751] {spark_submit_hook.py:479} INFO - 21/12/08 11:22:02 INFO TaskSetManager: Starting task 0.0 in stage 0.0 (TID 0) (192.168.1.2, executor driver, partition 0, PROCESS_LOCAL, 4959 bytes) taskResourceAssignments Map()
[2021-12-08 11:22:02,763] {spark_submit_hook.py:479} INFO - 21/12/08 11:22:02 INFO Executor: Running task 0.0 in stage 0.0 (TID 0)
[2021-12-08 11:22:02,975] {spark_submit_hook.py:479} INFO - 21/12/08 11:22:02 INFO FileScanRDD: Reading File path: file:///home/rafael/Documents/alura/datapipeline/datalake/bronze/twitter_aluraonline/extract_date=2021-12-04/AluraOnline_20211204.json, range: 0-2281, partition values: [empty row]
[2021-12-08 11:22:03,147] {spark_submit_hook.py:479} INFO - 21/12/08 11:22:03 INFO CodeGenerator: Code generated in 133.251994 ms
[2021-12-08 11:22:03,182] {spark_submit_hook.py:479} INFO - 21/12/08 11:22:03 INFO Executor: Finished task 0.0 in stage 0.0 (TID 0). 2785 bytes result sent to driver
[2021-12-08 11:22:03,189] {spark_submit_hook.py:479} INFO - 21/12/08 11:22:03 INFO TaskSetManager: Finished task 0.0 in stage 0.0 (TID 0) in 446 ms on 192.168.1.2 (executor driver) (1/1)
[2021-12-08 11:22:03,191] {spark_submit_hook.py:479} INFO - 21/12/08 11:22:03 INFO TaskSchedulerImpl: Removed TaskSet 0.0, whose tasks have all completed, from pool
[2021-12-08 11:22:03,195] {spark_submit_hook.py:479} INFO - 21/12/08 11:22:03 INFO DAGScheduler: ResultStage 0 (json at NativeMethodAccessorImpl.java:0) finished in 0,647 s
[2021-12-08 11:22:03,198] {spark_submit_hook.py:479} INFO - 21/12/08 11:22:03 INFO DAGScheduler: Job 0 is finished. Cancelling potential speculative or zombie tasks for this job
[2021-12-08 11:22:03,198] {spark_submit_hook.py:479} INFO - 21/12/08 11:22:03 INFO TaskSchedulerImpl: Killing all running tasks in stage 0: Stage finished
[2021-12-08 11:22:03,200] {spark_submit_hook.py:479} INFO - 21/12/08 11:22:03 INFO DAGScheduler: Job 0 finished: json at NativeMethodAccessorImpl.java:0, took 0,681375 s
[2021-12-08 11:22:03,518] {spark_submit_hook.py:479} INFO - 21/12/08 11:22:03 INFO FileSourceStrategy: Pushed Filters: IsNotNull(data)
[2021-12-08 11:22:03,519] {spark_submit_hook.py:479} INFO - 21/12/08 11:22:03 INFO FileSourceStrategy: Post-Scan Filters: (size(data#7, true) > 0),isnotnull(data#7)
[2021-12-08 11:22:03,520] {spark_submit_hook.py:479} INFO - 21/12/08 11:22:03 INFO FileSourceStrategy: Output Data Schema: struct<data: array<struct<author_id:string,conversation_id:string,created_at:string,id:string,in_reply_to_user_id:string,public_metrics:struct<like_count:bigint,quote_count:bigint,reply_count:bigint,retweet_count:bigint>,text:string>>>
[2021-12-08 11:22:03,580] {spark_submit_hook.py:479} INFO - 21/12/08 11:22:03 INFO FileOutputCommitter: File Output Committer Algorithm version is 1
[2021-12-08 11:22:03,581] {spark_submit_hook.py:479} INFO - 21/12/08 11:22:03 INFO SQLHadoopMapReduceCommitProtocol: Using output committer class org.apache.hadoop.mapreduce.lib.output.FileOutputCommitter
[2021-12-08 11:22:03,720] {spark_submit_hook.py:479} INFO - 21/12/08 11:22:03 INFO CodeGenerator: Code generated in 76.819232 ms
[2021-12-08 11:22:03,725] {spark_submit_hook.py:479} INFO - 21/12/08 11:22:03 INFO MemoryStore: Block broadcast_2 stored as values in memory (estimated size 285.8 KiB, free 365.7 MiB)
[2021-12-08 11:22:03,732] {spark_submit_hook.py:479} INFO - 21/12/08 11:22:03 INFO MemoryStore: Block broadcast_2_piece0 stored as bytes in memory (estimated size 24.0 KiB, free 365.7 MiB)
[2021-12-08 11:22:03,733] {spark_submit_hook.py:479} INFO - 21/12/08 11:22:03 INFO BlockManagerInfo: Added broadcast_2_piece0 in memory on 192.168.1.2:35311 (size: 24.0 KiB, free: 366.2 MiB)
[2021-12-08 11:22:03,734] {spark_submit_hook.py:479} INFO - 21/12/08 11:22:03 INFO SparkContext: Created broadcast 2 from json at NativeMethodAccessorImpl.java:0
[2021-12-08 11:22:03,737] {spark_submit_hook.py:479} INFO - 21/12/08 11:22:03 INFO FileSourceScanExec: Planning scan with bin packing, max size: 4196585 bytes, open cost is considered as scanning 4194304 bytes.
[2021-12-08 11:22:03,786] {spark_submit_hook.py:479} INFO - 21/12/08 11:22:03 INFO SparkContext: Starting job: json at NativeMethodAccessorImpl.java:0
[2021-12-08 11:22:03,788] {spark_submit_hook.py:479} INFO - 21/12/08 11:22:03 INFO DAGScheduler: Got job 1 (json at NativeMethodAccessorImpl.java:0) with 1 output partitions
[2021-12-08 11:22:03,788] {spark_submit_hook.py:479} INFO - 21/12/08 11:22:03 INFO DAGScheduler: Final stage: ResultStage 1 (json at NativeMethodAccessorImpl.java:0)
[2021-12-08 11:22:03,788] {spark_submit_hook.py:479} INFO - 21/12/08 11:22:03 INFO DAGScheduler: Parents of final stage: List()
[2021-12-08 11:22:03,788] {spark_submit_hook.py:479} INFO - 21/12/08 11:22:03 INFO DAGScheduler: Missing parents: List()
[2021-12-08 11:22:03,789] {spark_submit_hook.py:479} INFO - 21/12/08 11:22:03 INFO DAGScheduler: Submitting ResultStage 1 (CoalescedRDD[7] at json at NativeMethodAccessorImpl.java:0), which has no missing parents
[2021-12-08 11:22:03,815] {spark_submit_hook.py:479} INFO - 21/12/08 11:22:03 INFO MemoryStore: Block broadcast_3 stored as values in memory (estimated size 172.0 KiB, free 365.5 MiB)
[2021-12-08 11:22:03,818] {spark_submit_hook.py:479} INFO - 21/12/08 11:22:03 INFO MemoryStore: Block broadcast_3_piece0 stored as bytes in memory (estimated size 59.8 KiB, free 365.4 MiB)
[2021-12-08 11:22:03,819] {spark_submit_hook.py:479} INFO - 21/12/08 11:22:03 INFO BlockManagerInfo: Added broadcast_3_piece0 in memory on 192.168.1.2:35311 (size: 59.8 KiB, free: 366.2 MiB)
[2021-12-08 11:22:03,820] {spark_submit_hook.py:479} INFO - 21/12/08 11:22:03 INFO SparkContext: Created broadcast 3 from broadcast at DAGScheduler.scala:1427
[2021-12-08 11:22:03,820] {spark_submit_hook.py:479} INFO - 21/12/08 11:22:03 INFO DAGScheduler: Submitting 1 missing tasks from ResultStage 1 (CoalescedRDD[7] at json at NativeMethodAccessorImpl.java:0) (first 15 tasks are for partitions Vector(0))
[2021-12-08 11:22:03,820] {spark_submit_hook.py:479} INFO - 21/12/08 11:22:03 INFO TaskSchedulerImpl: Adding task set 1.0 with 1 tasks resource profile 0
[2021-12-08 11:22:03,824] {spark_submit_hook.py:479} INFO - 21/12/08 11:22:03 INFO TaskSetManager: Starting task 0.0 in stage 1.0 (TID 1) (192.168.1.2, executor driver, partition 0, PROCESS_LOCAL, 5188 bytes) taskResourceAssignments Map()
[2021-12-08 11:22:03,824] {spark_submit_hook.py:479} INFO - 21/12/08 11:22:03 INFO Executor: Running task 0.0 in stage 1.0 (TID 1)
[2021-12-08 11:22:03,872] {spark_submit_hook.py:479} INFO - 21/12/08 11:22:03 INFO FileOutputCommitter: File Output Committer Algorithm version is 1
[2021-12-08 11:22:03,873] {spark_submit_hook.py:479} INFO - 21/12/08 11:22:03 INFO SQLHadoopMapReduceCommitProtocol: Using output committer class org.apache.hadoop.mapreduce.lib.output.FileOutputCommitter
[2021-12-08 11:22:03,898] {spark_submit_hook.py:479} INFO - 21/12/08 11:22:03 INFO FileScanRDD: Reading File path: file:///home/rafael/Documents/alura/datapipeline/datalake/bronze/twitter_aluraonline/extract_date=2021-12-04/AluraOnline_20211204.json, range: 0-2281, partition values: [empty row]
[2021-12-08 11:22:03,923] {spark_submit_hook.py:479} INFO - 21/12/08 11:22:03 INFO CodeGenerator: Code generated in 22.011102 ms
[2021-12-08 11:22:03,947] {spark_submit_hook.py:479} INFO - 21/12/08 11:22:03 INFO CodeGenerator: Code generated in 5.642532 ms
[2021-12-08 11:22:03,971] {spark_submit_hook.py:479} INFO - 21/12/08 11:22:03 INFO FileOutputCommitter: Saved output of task 'attempt_202112081122033859186824977384954_0001_m_000000_1' to file:/home/rafael/Documents/alura/datapipeline/datalake/silver/twitter_aluraonline/tweet/process_date=2021-12-04/_temporary/0/task_202112081122033859186824977384954_0001_m_000000
[2021-12-08 11:22:03,972] {spark_submit_hook.py:479} INFO - 21/12/08 11:22:03 INFO SparkHadoopMapRedUtil: attempt_202112081122033859186824977384954_0001_m_000000_1: Committed
[2021-12-08 11:22:03,977] {spark_submit_hook.py:479} INFO - 21/12/08 11:22:03 INFO Executor: Finished task 0.0 in stage 1.0 (TID 1). 2670 bytes result sent to driver
[2021-12-08 11:22:03,980] {spark_submit_hook.py:479} INFO - 21/12/08 11:22:03 INFO TaskSetManager: Finished task 0.0 in stage 1.0 (TID 1) in 158 ms on 192.168.1.2 (executor driver) (1/1)
[2021-12-08 11:22:03,980] {spark_submit_hook.py:479} INFO - 21/12/08 11:22:03 INFO TaskSchedulerImpl: Removed TaskSet 1.0, whose tasks have all completed, from pool
[2021-12-08 11:22:03,981] {spark_submit_hook.py:479} INFO - 21/12/08 11:22:03 INFO DAGScheduler: ResultStage 1 (json at NativeMethodAccessorImpl.java:0) finished in 0,190 s
[2021-12-08 11:22:03,981] {spark_submit_hook.py:479} INFO - 21/12/08 11:22:03 INFO DAGScheduler: Job 1 is finished. Cancelling potential speculative or zombie tasks for this job
[2021-12-08 11:22:03,981] {spark_submit_hook.py:479} INFO - 21/12/08 11:22:03 INFO TaskSchedulerImpl: Killing all running tasks in stage 1: Stage finished
[2021-12-08 11:22:03,982] {spark_submit_hook.py:479} INFO - 21/12/08 11:22:03 INFO DAGScheduler: Job 1 finished: json at NativeMethodAccessorImpl.java:0, took 0,194954 s
[2021-12-08 11:22:03,983] {spark_submit_hook.py:479} INFO - 21/12/08 11:22:03 INFO FileFormatWriter: Start to commit write Job 0d0960a8-574c-4065-b7bd-0662b3efbabd.
[2021-12-08 11:22:03,993] {spark_submit_hook.py:479} INFO - 21/12/08 11:22:03 INFO FileFormatWriter: Write Job 0d0960a8-574c-4065-b7bd-0662b3efbabd committed. Elapsed time: 9 ms.
[2021-12-08 11:22:03,996] {spark_submit_hook.py:479} INFO - 21/12/08 11:22:03 INFO FileFormatWriter: Finished processing stats for write job 0d0960a8-574c-4065-b7bd-0662b3efbabd.
[2021-12-08 11:22:04,038] {spark_submit_hook.py:479} INFO - 21/12/08 11:22:04 INFO FileSourceStrategy: Pushed Filters: IsNotNull(includes)
[2021-12-08 11:22:04,038] {spark_submit_hook.py:479} INFO - 21/12/08 11:22:04 INFO FileSourceStrategy: Post-Scan Filters: isnotnull(includes#8),(size(includes#8.users, true) > 0),isnotnull(includes#8.users)
[2021-12-08 11:22:04,038] {spark_submit_hook.py:479} INFO - 21/12/08 11:22:04 INFO FileSourceStrategy: Output Data Schema: struct<includes: struct<users: array<struct<created_at:string,id:string,name:string,username:string>>>>
[2021-12-08 11:22:04,048] {spark_submit_hook.py:479} INFO - 21/12/08 11:22:04 INFO FileOutputCommitter: File Output Committer Algorithm version is 1
[2021-12-08 11:22:04,049] {spark_submit_hook.py:479} INFO - 21/12/08 11:22:04 INFO SQLHadoopMapReduceCommitProtocol: Using output committer class org.apache.hadoop.mapreduce.lib.output.FileOutputCommitter
[2021-12-08 11:22:04,075] {spark_submit_hook.py:479} INFO - 21/12/08 11:22:04 INFO CodeGenerator: Code generated in 15.403197 ms
[2021-12-08 11:22:04,079] {spark_submit_hook.py:479} INFO - 21/12/08 11:22:04 INFO MemoryStore: Block broadcast_4 stored as values in memory (estimated size 285.8 KiB, free 365.2 MiB)
[2021-12-08 11:22:04,085] {spark_submit_hook.py:479} INFO - 21/12/08 11:22:04 INFO MemoryStore: Block broadcast_4_piece0 stored as bytes in memory (estimated size 24.0 KiB, free 365.1 MiB)
[2021-12-08 11:22:04,086] {spark_submit_hook.py:479} INFO - 21/12/08 11:22:04 INFO BlockManagerInfo: Added broadcast_4_piece0 in memory on 192.168.1.2:35311 (size: 24.0 KiB, free: 366.2 MiB)
[2021-12-08 11:22:04,087] {spark_submit_hook.py:479} INFO - 21/12/08 11:22:04 INFO SparkContext: Created broadcast 4 from json at NativeMethodAccessorImpl.java:0
[2021-12-08 11:22:04,088] {spark_submit_hook.py:479} INFO - 21/12/08 11:22:04 INFO FileSourceScanExec: Planning scan with bin packing, max size: 4196585 bytes, open cost is considered as scanning 4194304 bytes.
[2021-12-08 11:22:04,103] {spark_submit_hook.py:479} INFO - 21/12/08 11:22:04 INFO SparkContext: Starting job: json at NativeMethodAccessorImpl.java:0
[2021-12-08 11:22:04,104] {spark_submit_hook.py:479} INFO - 21/12/08 11:22:04 INFO DAGScheduler: Got job 2 (json at NativeMethodAccessorImpl.java:0) with 1 output partitions
[2021-12-08 11:22:04,105] {spark_submit_hook.py:479} INFO - 21/12/08 11:22:04 INFO DAGScheduler: Final stage: ResultStage 2 (json at NativeMethodAccessorImpl.java:0)
[2021-12-08 11:22:04,105] {spark_submit_hook.py:479} INFO - 21/12/08 11:22:04 INFO DAGScheduler: Parents of final stage: List()
[2021-12-08 11:22:04,105] {spark_submit_hook.py:479} INFO - 21/12/08 11:22:04 INFO DAGScheduler: Missing parents: List()
[2021-12-08 11:22:04,106] {spark_submit_hook.py:479} INFO - 21/12/08 11:22:04 INFO DAGScheduler: Submitting ResultStage 2 (CoalescedRDD[11] at json at NativeMethodAccessorImpl.java:0), which has no missing parents
[2021-12-08 11:22:04,125] {spark_submit_hook.py:479} INFO - 21/12/08 11:22:04 INFO MemoryStore: Block broadcast_5 stored as values in memory (estimated size 159.6 KiB, free 365.0 MiB)
[2021-12-08 11:22:04,127] {spark_submit_hook.py:479} INFO - 21/12/08 11:22:04 INFO MemoryStore: Block broadcast_5_piece0 stored as bytes in memory (estimated size 57.2 KiB, free 364.9 MiB)
[2021-12-08 11:22:04,128] {spark_submit_hook.py:479} INFO - 21/12/08 11:22:04 INFO BlockManagerInfo: Added broadcast_5_piece0 in memory on 192.168.1.2:35311 (size: 57.2 KiB, free: 366.1 MiB)
[2021-12-08 11:22:04,129] {spark_submit_hook.py:479} INFO - 21/12/08 11:22:04 INFO SparkContext: Created broadcast 5 from broadcast at DAGScheduler.scala:1427
[2021-12-08 11:22:04,129] {spark_submit_hook.py:479} INFO - 21/12/08 11:22:04 INFO DAGScheduler: Submitting 1 missing tasks from ResultStage 2 (CoalescedRDD[11] at json at NativeMethodAccessorImpl.java:0) (first 15 tasks are for partitions Vector(0))
[2021-12-08 11:22:04,129] {spark_submit_hook.py:479} INFO - 21/12/08 11:22:04 INFO TaskSchedulerImpl: Adding task set 2.0 with 1 tasks resource profile 0
[2021-12-08 11:22:04,131] {spark_submit_hook.py:479} INFO - 21/12/08 11:22:04 INFO TaskSetManager: Starting task 0.0 in stage 2.0 (TID 2) (192.168.1.2, executor driver, partition 0, PROCESS_LOCAL, 5188 bytes) taskResourceAssignments Map()
[2021-12-08 11:22:04,131] {spark_submit_hook.py:479} INFO - 21/12/08 11:22:04 INFO Executor: Running task 0.0 in stage 2.0 (TID 2)
[2021-12-08 11:22:04,144] {spark_submit_hook.py:479} INFO - 21/12/08 11:22:04 INFO FileOutputCommitter: File Output Committer Algorithm version is 1
[2021-12-08 11:22:04,144] {spark_submit_hook.py:479} INFO - 21/12/08 11:22:04 INFO SQLHadoopMapReduceCommitProtocol: Using output committer class org.apache.hadoop.mapreduce.lib.output.FileOutputCommitter
[2021-12-08 11:22:04,152] {spark_submit_hook.py:479} INFO - 21/12/08 11:22:04 INFO FileScanRDD: Reading File path: file:///home/rafael/Documents/alura/datapipeline/datalake/bronze/twitter_aluraonline/extract_date=2021-12-04/AluraOnline_20211204.json, range: 0-2281, partition values: [empty row]
[2021-12-08 11:22:04,166] {spark_submit_hook.py:479} INFO - 21/12/08 11:22:04 INFO CodeGenerator: Code generated in 11.076994 ms
[2021-12-08 11:22:04,172] {spark_submit_hook.py:479} INFO - 21/12/08 11:22:04 INFO CodeGenerator: Code generated in 4.222547 ms
[2021-12-08 11:22:04,178] {spark_submit_hook.py:479} INFO - 21/12/08 11:22:04 INFO FileOutputCommitter: Saved output of task 'attempt_20211208112204191921588061655612_0002_m_000000_2' to file:/home/rafael/Documents/alura/datapipeline/datalake/silver/twitter_aluraonline/user/process_date=2021-12-04/_temporary/0/task_20211208112204191921588061655612_0002_m_000000
[2021-12-08 11:22:04,178] {spark_submit_hook.py:479} INFO - 21/12/08 11:22:04 INFO SparkHadoopMapRedUtil: attempt_20211208112204191921588061655612_0002_m_000000_2: Committed
[2021-12-08 11:22:04,179] {spark_submit_hook.py:479} INFO - 21/12/08 11:22:04 INFO Executor: Finished task 0.0 in stage 2.0 (TID 2). 2627 bytes result sent to driver
[2021-12-08 11:22:04,181] {spark_submit_hook.py:479} INFO - 21/12/08 11:22:04 INFO TaskSetManager: Finished task 0.0 in stage 2.0 (TID 2) in 51 ms on 192.168.1.2 (executor driver) (1/1)
[2021-12-08 11:22:04,181] {spark_submit_hook.py:479} INFO - 21/12/08 11:22:04 INFO TaskSchedulerImpl: Removed TaskSet 2.0, whose tasks have all completed, from pool
[2021-12-08 11:22:04,182] {spark_submit_hook.py:479} INFO - 21/12/08 11:22:04 INFO DAGScheduler: ResultStage 2 (json at NativeMethodAccessorImpl.java:0) finished in 0,074 s
[2021-12-08 11:22:04,182] {spark_submit_hook.py:479} INFO - 21/12/08 11:22:04 INFO DAGScheduler: Job 2 is finished. Cancelling potential speculative or zombie tasks for this job
[2021-12-08 11:22:04,183] {spark_submit_hook.py:479} INFO - 21/12/08 11:22:04 INFO TaskSchedulerImpl: Killing all running tasks in stage 2: Stage finished
[2021-12-08 11:22:04,183] {spark_submit_hook.py:479} INFO - 21/12/08 11:22:04 INFO DAGScheduler: Job 2 finished: json at NativeMethodAccessorImpl.java:0, took 0,078919 s
[2021-12-08 11:22:04,183] {spark_submit_hook.py:479} INFO - 21/12/08 11:22:04 INFO FileFormatWriter: Start to commit write Job 38992d09-621e-4d17-a9f5-51c56f44da73.
[2021-12-08 11:22:04,189] {spark_submit_hook.py:479} INFO - 21/12/08 11:22:04 INFO FileFormatWriter: Write Job 38992d09-621e-4d17-a9f5-51c56f44da73 committed. Elapsed time: 6 ms.
[2021-12-08 11:22:04,190] {spark_submit_hook.py:479} INFO - 21/12/08 11:22:04 INFO FileFormatWriter: Finished processing stats for write job 38992d09-621e-4d17-a9f5-51c56f44da73.
[2021-12-08 11:22:04,232] {spark_submit_hook.py:479} INFO - 21/12/08 11:22:04 INFO SparkContext: Invoking stop() from shutdown hook
[2021-12-08 11:22:04,240] {spark_submit_hook.py:479} INFO - 21/12/08 11:22:04 INFO SparkUI: Stopped Spark web UI at http://192.168.1.2:4040
[2021-12-08 11:22:04,251] {spark_submit_hook.py:479} INFO - 21/12/08 11:22:04 INFO MapOutputTrackerMasterEndpoint: MapOutputTrackerMasterEndpoint stopped!
[2021-12-08 11:22:04,260] {spark_submit_hook.py:479} INFO - 21/12/08 11:22:04 INFO MemoryStore: MemoryStore cleared
[2021-12-08 11:22:04,260] {spark_submit_hook.py:479} INFO - 21/12/08 11:22:04 INFO BlockManager: BlockManager stopped
[2021-12-08 11:22:04,266] {spark_submit_hook.py:479} INFO - 21/12/08 11:22:04 INFO BlockManagerMaster: BlockManagerMaster stopped
[2021-12-08 11:22:04,268] {spark_submit_hook.py:479} INFO - 21/12/08 11:22:04 INFO OutputCommitCoordinator$OutputCommitCoordinatorEndpoint: OutputCommitCoordinator stopped!
[2021-12-08 11:22:04,271] {spark_submit_hook.py:479} INFO - 21/12/08 11:22:04 INFO SparkContext: Successfully stopped SparkContext
[2021-12-08 11:22:04,271] {spark_submit_hook.py:479} INFO - 21/12/08 11:22:04 INFO ShutdownHookManager: Shutdown hook called
[2021-12-08 11:22:04,272] {spark_submit_hook.py:479} INFO - 21/12/08 11:22:04 INFO ShutdownHookManager: Deleting directory /tmp/spark-cba3840a-f973-4d68-aadb-c6dc283abb45/pyspark-6482e60a-399c-424d-9e91-a8a084eda2d1
[2021-12-08 11:22:04,273] {spark_submit_hook.py:479} INFO - 21/12/08 11:22:04 INFO ShutdownHookManager: Deleting directory /tmp/spark-c0a997b9-979f-4571-b118-3f099bfdcc84
[2021-12-08 11:22:04,275] {spark_submit_hook.py:479} INFO - 21/12/08 11:22:04 INFO ShutdownHookManager: Deleting directory /tmp/spark-cba3840a-f973-4d68-aadb-c6dc283abb45
[2021-12-08 11:22:04,321] {taskinstance.py:1070} INFO - Marking task as SUCCESS.dag_id=twitter_dag, task_id=transform_twitter_aluraonline, execution_date=20211204T090000, start_date=20211208T142156, end_date=20211208T142204
[2021-12-08 11:22:06,392] {local_task_job.py:102} INFO - Task exited with return code 0
