[2021-12-09 11:32:27,327] {taskinstance.py:670} INFO - Dependencies all met for <TaskInstance: twitter_dag.transform_twitter_aluraonline 2021-12-04T09:00:00+00:00 [queued]>
[2021-12-09 11:32:27,340] {taskinstance.py:670} INFO - Dependencies all met for <TaskInstance: twitter_dag.transform_twitter_aluraonline 2021-12-04T09:00:00+00:00 [queued]>
[2021-12-09 11:32:27,341] {taskinstance.py:880} INFO - 
--------------------------------------------------------------------------------
[2021-12-09 11:32:27,341] {taskinstance.py:881} INFO - Starting attempt 2 of 2
[2021-12-09 11:32:27,341] {taskinstance.py:882} INFO - 
--------------------------------------------------------------------------------
[2021-12-09 11:32:27,350] {taskinstance.py:901} INFO - Executing <Task(SparkSubmitOperator): transform_twitter_aluraonline> on 2021-12-04T09:00:00+00:00
[2021-12-09 11:32:27,352] {standard_task_runner.py:54} INFO - Started process 8818 to run task
[2021-12-09 11:32:27,405] {standard_task_runner.py:77} INFO - Running: ['airflow', 'run', 'twitter_dag', 'transform_twitter_aluraonline', '2021-12-04T09:00:00+00:00', '--job_id', '31', '--pool', 'default_pool', '--raw', '-sd', 'DAGS_FOLDER/twitter_dag.py', '--cfg_path', '/tmp/tmpwiz3b0bg']
[2021-12-09 11:32:27,405] {standard_task_runner.py:78} INFO - Job 31: Subtask transform_twitter_aluraonline
[2021-12-09 11:32:27,423] {logging_mixin.py:112} INFO - Running <TaskInstance: twitter_dag.transform_twitter_aluraonline 2021-12-04T09:00:00+00:00 [running]> on host rafael-Aspire-A515-54G
[2021-12-09 11:32:27,464] {base_hook.py:89} INFO - Using connection to: id: spark_default. Host: local, Port: None, Schema: None, Login: None, Password: None, extra: XXXXXXXX
[2021-12-09 11:32:27,465] {spark_submit_hook.py:325} INFO - Spark-Submit cmd: /home/rafael/Documentos/spark-3.2.0-bin-hadoop2.7/bin/spark-submit --master local --name twitter_transformation /home/rafael/Documentos/alura/datapipeline/spark/transformation.py --src /home/rafael/Documentos/alura/datapipeline/datalake/bronze/twitter_aluraonline/extract_date=2021-12-04 --dest /home/rafael/Documentos/alura/datapipeline/datalake/silver/twitter_aluraonline/ --process-date 2021-12-04
[2021-12-09 11:32:28,355] {spark_submit_hook.py:479} INFO - 21/12/09 11:32:28 WARN Utils: Your hostname, rafael-Aspire-A515-54G resolves to a loopback address: 127.0.1.1; using 192.168.1.2 instead (on interface wlp4s0)
[2021-12-09 11:32:28,355] {spark_submit_hook.py:479} INFO - 21/12/09 11:32:28 WARN Utils: Set SPARK_LOCAL_IP if you need to bind to another address
[2021-12-09 11:32:29,178] {spark_submit_hook.py:479} INFO - Using Spark's default log4j profile: org/apache/spark/log4j-defaults.properties
[2021-12-09 11:32:29,185] {spark_submit_hook.py:479} INFO - 21/12/09 11:32:29 INFO SparkContext: Running Spark version 3.2.0
[2021-12-09 11:32:29,339] {spark_submit_hook.py:479} INFO - 21/12/09 11:32:29 WARN NativeCodeLoader: Unable to load native-hadoop library for your platform... using builtin-java classes where applicable
[2021-12-09 11:32:29,460] {spark_submit_hook.py:479} INFO - 21/12/09 11:32:29 INFO ResourceUtils: ==============================================================
[2021-12-09 11:32:29,461] {spark_submit_hook.py:479} INFO - 21/12/09 11:32:29 INFO ResourceUtils: No custom resources configured for spark.driver.
[2021-12-09 11:32:29,462] {spark_submit_hook.py:479} INFO - 21/12/09 11:32:29 INFO ResourceUtils: ==============================================================
[2021-12-09 11:32:29,462] {spark_submit_hook.py:479} INFO - 21/12/09 11:32:29 INFO SparkContext: Submitted application: twitter_transformation
[2021-12-09 11:32:29,491] {spark_submit_hook.py:479} INFO - 21/12/09 11:32:29 INFO ResourceProfile: Default ResourceProfile created, executor resources: Map(cores -> name: cores, amount: 1, script: , vendor: , memory -> name: memory, amount: 1024, script: , vendor: , offHeap -> name: offHeap, amount: 0, script: , vendor: ), task resources: Map(cpus -> name: cpus, amount: 1.0)
[2021-12-09 11:32:29,508] {spark_submit_hook.py:479} INFO - 21/12/09 11:32:29 INFO ResourceProfile: Limiting resource is cpu
[2021-12-09 11:32:29,509] {spark_submit_hook.py:479} INFO - 21/12/09 11:32:29 INFO ResourceProfileManager: Added ResourceProfile id: 0
[2021-12-09 11:32:29,561] {spark_submit_hook.py:479} INFO - 21/12/09 11:32:29 INFO SecurityManager: Changing view acls to: rafael
[2021-12-09 11:32:29,562] {spark_submit_hook.py:479} INFO - 21/12/09 11:32:29 INFO SecurityManager: Changing modify acls to: rafael
[2021-12-09 11:32:29,563] {spark_submit_hook.py:479} INFO - 21/12/09 11:32:29 INFO SecurityManager: Changing view acls groups to:
[2021-12-09 11:32:29,563] {spark_submit_hook.py:479} INFO - 21/12/09 11:32:29 INFO SecurityManager: Changing modify acls groups to:
[2021-12-09 11:32:29,564] {spark_submit_hook.py:479} INFO - 21/12/09 11:32:29 INFO SecurityManager: SecurityManager: authentication disabled; ui acls disabled; users  with view permissions: Set(rafael); groups with view permissions: Set(); users  with modify permissions: Set(rafael); groups with modify permissions: Set()
[2021-12-09 11:32:29,882] {spark_submit_hook.py:479} INFO - 21/12/09 11:32:29 INFO Utils: Successfully started service 'sparkDriver' on port 35179.
[2021-12-09 11:32:29,905] {spark_submit_hook.py:479} INFO - 21/12/09 11:32:29 INFO SparkEnv: Registering MapOutputTracker
[2021-12-09 11:32:29,935] {spark_submit_hook.py:479} INFO - 21/12/09 11:32:29 INFO SparkEnv: Registering BlockManagerMaster
[2021-12-09 11:32:29,952] {spark_submit_hook.py:479} INFO - 21/12/09 11:32:29 INFO BlockManagerMasterEndpoint: Using org.apache.spark.storage.DefaultTopologyMapper for getting topology information
[2021-12-09 11:32:29,952] {spark_submit_hook.py:479} INFO - 21/12/09 11:32:29 INFO BlockManagerMasterEndpoint: BlockManagerMasterEndpoint up
[2021-12-09 11:32:29,956] {spark_submit_hook.py:479} INFO - 21/12/09 11:32:29 INFO SparkEnv: Registering BlockManagerMasterHeartbeat
[2021-12-09 11:32:29,977] {spark_submit_hook.py:479} INFO - 21/12/09 11:32:29 INFO DiskBlockManager: Created local directory at /tmp/blockmgr-bc48ad2c-a591-4b36-be25-071963c5d102
[2021-12-09 11:32:30,000] {spark_submit_hook.py:479} INFO - 21/12/09 11:32:30 INFO MemoryStore: MemoryStore started with capacity 366.3 MiB
[2021-12-09 11:32:30,014] {spark_submit_hook.py:479} INFO - 21/12/09 11:32:30 INFO SparkEnv: Registering OutputCommitCoordinator
[2021-12-09 11:32:30,241] {spark_submit_hook.py:479} INFO - 21/12/09 11:32:30 INFO Utils: Successfully started service 'SparkUI' on port 4040.
[2021-12-09 11:32:30,389] {spark_submit_hook.py:479} INFO - 21/12/09 11:32:30 INFO SparkUI: Bound SparkUI to 0.0.0.0, and started at http://192.168.1.2:4040
[2021-12-09 11:32:30,562] {spark_submit_hook.py:479} INFO - 21/12/09 11:32:30 INFO Executor: Starting executor ID driver on host 192.168.1.2
[2021-12-09 11:32:30,582] {spark_submit_hook.py:479} INFO - 21/12/09 11:32:30 INFO Utils: Successfully started service 'org.apache.spark.network.netty.NettyBlockTransferService' on port 32825.
[2021-12-09 11:32:30,582] {spark_submit_hook.py:479} INFO - 21/12/09 11:32:30 INFO NettyBlockTransferService: Server created on 192.168.1.2:32825
[2021-12-09 11:32:30,585] {spark_submit_hook.py:479} INFO - 21/12/09 11:32:30 INFO BlockManager: Using org.apache.spark.storage.RandomBlockReplicationPolicy for block replication policy
[2021-12-09 11:32:30,591] {spark_submit_hook.py:479} INFO - 21/12/09 11:32:30 INFO BlockManagerMaster: Registering BlockManager BlockManagerId(driver, 192.168.1.2, 32825, None)
[2021-12-09 11:32:30,595] {spark_submit_hook.py:479} INFO - 21/12/09 11:32:30 INFO BlockManagerMasterEndpoint: Registering block manager 192.168.1.2:32825 with 366.3 MiB RAM, BlockManagerId(driver, 192.168.1.2, 32825, None)
[2021-12-09 11:32:30,598] {spark_submit_hook.py:479} INFO - 21/12/09 11:32:30 INFO BlockManagerMaster: Registered BlockManager BlockManagerId(driver, 192.168.1.2, 32825, None)
[2021-12-09 11:32:30,599] {spark_submit_hook.py:479} INFO - 21/12/09 11:32:30 INFO BlockManager: Initialized BlockManager: BlockManagerId(driver, 192.168.1.2, 32825, None)
[2021-12-09 11:32:31,590] {spark_submit_hook.py:479} INFO - 21/12/09 11:32:31 INFO SharedState: Setting hive.metastore.warehouse.dir ('null') to the value of spark.sql.warehouse.dir.
[2021-12-09 11:32:31,601] {spark_submit_hook.py:479} INFO - 21/12/09 11:32:31 INFO SharedState: Warehouse path is 'file:/home/rafael/Documentos/alura/datapipeline/spark-warehouse'.
[2021-12-09 11:32:32,806] {spark_submit_hook.py:479} INFO - 21/12/09 11:32:32 INFO InMemoryFileIndex: It took 38 ms to list leaf files for 1 paths.
[2021-12-09 11:32:32,884] {spark_submit_hook.py:479} INFO - 21/12/09 11:32:32 INFO InMemoryFileIndex: It took 1 ms to list leaf files for 1 paths.
[2021-12-09 11:32:35,016] {spark_submit_hook.py:479} INFO - 21/12/09 11:32:35 INFO FileSourceStrategy: Pushed Filters:
[2021-12-09 11:32:35,018] {spark_submit_hook.py:479} INFO - 21/12/09 11:32:35 INFO FileSourceStrategy: Post-Scan Filters:
[2021-12-09 11:32:35,022] {spark_submit_hook.py:479} INFO - 21/12/09 11:32:35 INFO FileSourceStrategy: Output Data Schema: struct<value: string>
[2021-12-09 11:32:35,462] {spark_submit_hook.py:479} INFO - 21/12/09 11:32:35 INFO MemoryStore: Block broadcast_0 stored as values in memory (estimated size 286.0 KiB, free 366.0 MiB)
[2021-12-09 11:32:35,587] {spark_submit_hook.py:479} INFO - 21/12/09 11:32:35 INFO MemoryStore: Block broadcast_0_piece0 stored as bytes in memory (estimated size 24.1 KiB, free 366.0 MiB)
[2021-12-09 11:32:35,597] {spark_submit_hook.py:479} INFO - 21/12/09 11:32:35 INFO BlockManagerInfo: Added broadcast_0_piece0 in memory on 192.168.1.2:32825 (size: 24.1 KiB, free: 366.3 MiB)
[2021-12-09 11:32:35,607] {spark_submit_hook.py:479} INFO - 21/12/09 11:32:35 INFO SparkContext: Created broadcast 0 from json at NativeMethodAccessorImpl.java:0
[2021-12-09 11:32:35,627] {spark_submit_hook.py:479} INFO - 21/12/09 11:32:35 INFO FileSourceScanExec: Planning scan with bin packing, max size: 4196585 bytes, open cost is considered as scanning 4194304 bytes.
[2021-12-09 11:32:35,932] {spark_submit_hook.py:479} INFO - 21/12/09 11:32:35 INFO SparkContext: Starting job: json at NativeMethodAccessorImpl.java:0
[2021-12-09 11:32:35,966] {spark_submit_hook.py:479} INFO - 21/12/09 11:32:35 INFO DAGScheduler: Got job 0 (json at NativeMethodAccessorImpl.java:0) with 1 output partitions
[2021-12-09 11:32:35,966] {spark_submit_hook.py:479} INFO - 21/12/09 11:32:35 INFO DAGScheduler: Final stage: ResultStage 0 (json at NativeMethodAccessorImpl.java:0)
[2021-12-09 11:32:35,967] {spark_submit_hook.py:479} INFO - 21/12/09 11:32:35 INFO DAGScheduler: Parents of final stage: List()
[2021-12-09 11:32:35,970] {spark_submit_hook.py:479} INFO - 21/12/09 11:32:35 INFO DAGScheduler: Missing parents: List()
[2021-12-09 11:32:35,979] {spark_submit_hook.py:479} INFO - 21/12/09 11:32:35 INFO DAGScheduler: Submitting ResultStage 0 (MapPartitionsRDD[3] at json at NativeMethodAccessorImpl.java:0), which has no missing parents
[2021-12-09 11:32:36,096] {spark_submit_hook.py:479} INFO - 21/12/09 11:32:36 INFO MemoryStore: Block broadcast_1 stored as values in memory (estimated size 12.5 KiB, free 366.0 MiB)
[2021-12-09 11:32:36,100] {spark_submit_hook.py:479} INFO - 21/12/09 11:32:36 INFO MemoryStore: Block broadcast_1_piece0 stored as bytes in memory (estimated size 6.6 KiB, free 366.0 MiB)
[2021-12-09 11:32:36,101] {spark_submit_hook.py:479} INFO - 21/12/09 11:32:36 INFO BlockManagerInfo: Added broadcast_1_piece0 in memory on 192.168.1.2:32825 (size: 6.6 KiB, free: 366.3 MiB)
[2021-12-09 11:32:36,102] {spark_submit_hook.py:479} INFO - 21/12/09 11:32:36 INFO SparkContext: Created broadcast 1 from broadcast at DAGScheduler.scala:1427
[2021-12-09 11:32:36,203] {spark_submit_hook.py:479} INFO - 21/12/09 11:32:36 INFO DAGScheduler: Submitting 1 missing tasks from ResultStage 0 (MapPartitionsRDD[3] at json at NativeMethodAccessorImpl.java:0) (first 15 tasks are for partitions Vector(0))
[2021-12-09 11:32:36,204] {spark_submit_hook.py:479} INFO - 21/12/09 11:32:36 INFO TaskSchedulerImpl: Adding task set 0.0 with 1 tasks resource profile 0
[2021-12-09 11:32:36,250] {spark_submit_hook.py:479} INFO - 21/12/09 11:32:36 INFO TaskSetManager: Starting task 0.0 in stage 0.0 (TID 0) (192.168.1.2, executor driver, partition 0, PROCESS_LOCAL, 4960 bytes) taskResourceAssignments Map()
[2021-12-09 11:32:36,264] {spark_submit_hook.py:479} INFO - 21/12/09 11:32:36 INFO Executor: Running task 0.0 in stage 0.0 (TID 0)
[2021-12-09 11:32:36,608] {spark_submit_hook.py:479} INFO - 21/12/09 11:32:36 INFO FileScanRDD: Reading File path: file:///home/rafael/Documentos/alura/datapipeline/datalake/bronze/twitter_aluraonline/extract_date=2021-12-04/AluraOnline_20211204.json, range: 0-2281, partition values: [empty row]
[2021-12-09 11:32:36,830] {spark_submit_hook.py:479} INFO - 21/12/09 11:32:36 INFO CodeGenerator: Code generated in 176.489317 ms
[2021-12-09 11:32:36,873] {spark_submit_hook.py:479} INFO - 21/12/09 11:32:36 INFO Executor: Finished task 0.0 in stage 0.0 (TID 0). 2785 bytes result sent to driver
[2021-12-09 11:32:36,881] {spark_submit_hook.py:479} INFO - 21/12/09 11:32:36 INFO TaskSetManager: Finished task 0.0 in stage 0.0 (TID 0) in 640 ms on 192.168.1.2 (executor driver) (1/1)
[2021-12-09 11:32:36,883] {spark_submit_hook.py:479} INFO - 21/12/09 11:32:36 INFO TaskSchedulerImpl: Removed TaskSet 0.0, whose tasks have all completed, from pool
[2021-12-09 11:32:36,891] {spark_submit_hook.py:479} INFO - 21/12/09 11:32:36 INFO DAGScheduler: ResultStage 0 (json at NativeMethodAccessorImpl.java:0) finished in 0,888 s
[2021-12-09 11:32:36,894] {spark_submit_hook.py:479} INFO - 21/12/09 11:32:36 INFO DAGScheduler: Job 0 is finished. Cancelling potential speculative or zombie tasks for this job
[2021-12-09 11:32:36,895] {spark_submit_hook.py:479} INFO - 21/12/09 11:32:36 INFO TaskSchedulerImpl: Killing all running tasks in stage 0: Stage finished
[2021-12-09 11:32:36,898] {spark_submit_hook.py:479} INFO - 21/12/09 11:32:36 INFO DAGScheduler: Job 0 finished: json at NativeMethodAccessorImpl.java:0, took 0,964880 s
[2021-12-09 11:32:37,316] {spark_submit_hook.py:479} INFO - 21/12/09 11:32:37 INFO FileSourceStrategy: Pushed Filters: IsNotNull(data)
[2021-12-09 11:32:37,319] {spark_submit_hook.py:479} INFO - 21/12/09 11:32:37 INFO FileSourceStrategy: Post-Scan Filters: (size(data#7, true) > 0),isnotnull(data#7)
[2021-12-09 11:32:37,320] {spark_submit_hook.py:479} INFO - 21/12/09 11:32:37 INFO FileSourceStrategy: Output Data Schema: struct<data: array<struct<author_id:string,conversation_id:string,created_at:string,id:string,in_reply_to_user_id:string,public_metrics:struct<like_count:bigint,quote_count:bigint,reply_count:bigint,retweet_count:bigint>,text:string>>>
[2021-12-09 11:32:37,394] {spark_submit_hook.py:479} INFO - 21/12/09 11:32:37 INFO FileOutputCommitter: File Output Committer Algorithm version is 1
[2021-12-09 11:32:37,396] {spark_submit_hook.py:479} INFO - 21/12/09 11:32:37 INFO SQLHadoopMapReduceCommitProtocol: Using output committer class org.apache.hadoop.mapreduce.lib.output.FileOutputCommitter
[2021-12-09 11:32:37,631] {spark_submit_hook.py:479} INFO - 21/12/09 11:32:37 INFO CodeGenerator: Code generated in 116.050291 ms
[2021-12-09 11:32:37,641] {spark_submit_hook.py:479} INFO - 21/12/09 11:32:37 INFO MemoryStore: Block broadcast_2 stored as values in memory (estimated size 285.8 KiB, free 365.7 MiB)
[2021-12-09 11:32:37,658] {spark_submit_hook.py:479} INFO - 21/12/09 11:32:37 INFO MemoryStore: Block broadcast_2_piece0 stored as bytes in memory (estimated size 24.0 KiB, free 365.7 MiB)
[2021-12-09 11:32:37,659] {spark_submit_hook.py:479} INFO - 21/12/09 11:32:37 INFO BlockManagerInfo: Added broadcast_2_piece0 in memory on 192.168.1.2:32825 (size: 24.0 KiB, free: 366.2 MiB)
[2021-12-09 11:32:37,660] {spark_submit_hook.py:479} INFO - 21/12/09 11:32:37 INFO SparkContext: Created broadcast 2 from json at NativeMethodAccessorImpl.java:0
[2021-12-09 11:32:37,664] {spark_submit_hook.py:479} INFO - 21/12/09 11:32:37 INFO FileSourceScanExec: Planning scan with bin packing, max size: 4196585 bytes, open cost is considered as scanning 4194304 bytes.
[2021-12-09 11:32:37,740] {spark_submit_hook.py:479} INFO - 21/12/09 11:32:37 INFO SparkContext: Starting job: json at NativeMethodAccessorImpl.java:0
[2021-12-09 11:32:37,742] {spark_submit_hook.py:479} INFO - 21/12/09 11:32:37 INFO DAGScheduler: Got job 1 (json at NativeMethodAccessorImpl.java:0) with 1 output partitions
[2021-12-09 11:32:37,742] {spark_submit_hook.py:479} INFO - 21/12/09 11:32:37 INFO DAGScheduler: Final stage: ResultStage 1 (json at NativeMethodAccessorImpl.java:0)
[2021-12-09 11:32:37,742] {spark_submit_hook.py:479} INFO - 21/12/09 11:32:37 INFO DAGScheduler: Parents of final stage: List()
[2021-12-09 11:32:37,742] {spark_submit_hook.py:479} INFO - 21/12/09 11:32:37 INFO DAGScheduler: Missing parents: List()
[2021-12-09 11:32:37,744] {spark_submit_hook.py:479} INFO - 21/12/09 11:32:37 INFO DAGScheduler: Submitting ResultStage 1 (CoalescedRDD[7] at json at NativeMethodAccessorImpl.java:0), which has no missing parents
[2021-12-09 11:32:37,774] {spark_submit_hook.py:479} INFO - 21/12/09 11:32:37 INFO MemoryStore: Block broadcast_3 stored as values in memory (estimated size 172.0 KiB, free 365.5 MiB)
[2021-12-09 11:32:37,777] {spark_submit_hook.py:479} INFO - 21/12/09 11:32:37 INFO MemoryStore: Block broadcast_3_piece0 stored as bytes in memory (estimated size 59.9 KiB, free 365.4 MiB)
[2021-12-09 11:32:37,778] {spark_submit_hook.py:479} INFO - 21/12/09 11:32:37 INFO BlockManagerInfo: Added broadcast_3_piece0 in memory on 192.168.1.2:32825 (size: 59.9 KiB, free: 366.2 MiB)
[2021-12-09 11:32:37,779] {spark_submit_hook.py:479} INFO - 21/12/09 11:32:37 INFO SparkContext: Created broadcast 3 from broadcast at DAGScheduler.scala:1427
[2021-12-09 11:32:37,779] {spark_submit_hook.py:479} INFO - 21/12/09 11:32:37 INFO DAGScheduler: Submitting 1 missing tasks from ResultStage 1 (CoalescedRDD[7] at json at NativeMethodAccessorImpl.java:0) (first 15 tasks are for partitions Vector(0))
[2021-12-09 11:32:37,779] {spark_submit_hook.py:479} INFO - 21/12/09 11:32:37 INFO TaskSchedulerImpl: Adding task set 1.0 with 1 tasks resource profile 0
[2021-12-09 11:32:37,784] {spark_submit_hook.py:479} INFO - 21/12/09 11:32:37 INFO TaskSetManager: Starting task 0.0 in stage 1.0 (TID 1) (192.168.1.2, executor driver, partition 0, PROCESS_LOCAL, 5189 bytes) taskResourceAssignments Map()
[2021-12-09 11:32:37,784] {spark_submit_hook.py:479} INFO - 21/12/09 11:32:37 INFO Executor: Running task 0.0 in stage 1.0 (TID 1)
[2021-12-09 11:32:37,832] {spark_submit_hook.py:479} INFO - 21/12/09 11:32:37 INFO FileOutputCommitter: File Output Committer Algorithm version is 1
[2021-12-09 11:32:37,833] {spark_submit_hook.py:479} INFO - 21/12/09 11:32:37 INFO SQLHadoopMapReduceCommitProtocol: Using output committer class org.apache.hadoop.mapreduce.lib.output.FileOutputCommitter
[2021-12-09 11:32:37,859] {spark_submit_hook.py:479} INFO - 21/12/09 11:32:37 INFO FileScanRDD: Reading File path: file:///home/rafael/Documentos/alura/datapipeline/datalake/bronze/twitter_aluraonline/extract_date=2021-12-04/AluraOnline_20211204.json, range: 0-2281, partition values: [empty row]
[2021-12-09 11:32:37,884] {spark_submit_hook.py:479} INFO - 21/12/09 11:32:37 INFO CodeGenerator: Code generated in 21.029845 ms
[2021-12-09 11:32:37,916] {spark_submit_hook.py:479} INFO - 21/12/09 11:32:37 INFO CodeGenerator: Code generated in 6.865703 ms
[2021-12-09 11:32:37,952] {spark_submit_hook.py:479} INFO - 21/12/09 11:32:37 INFO FileOutputCommitter: Saved output of task 'attempt_202112091132377197898538097911462_0001_m_000000_1' to file:/home/rafael/Documentos/alura/datapipeline/datalake/silver/twitter_aluraonline/tweet/process_date=2021-12-04/_temporary/0/task_202112091132377197898538097911462_0001_m_000000
[2021-12-09 11:32:37,953] {spark_submit_hook.py:479} INFO - 21/12/09 11:32:37 INFO SparkHadoopMapRedUtil: attempt_202112091132377197898538097911462_0001_m_000000_1: Committed
[2021-12-09 11:32:37,961] {spark_submit_hook.py:479} INFO - 21/12/09 11:32:37 INFO Executor: Finished task 0.0 in stage 1.0 (TID 1). 2670 bytes result sent to driver
[2021-12-09 11:32:37,963] {spark_submit_hook.py:479} INFO - 21/12/09 11:32:37 INFO TaskSetManager: Finished task 0.0 in stage 1.0 (TID 1) in 183 ms on 192.168.1.2 (executor driver) (1/1)
[2021-12-09 11:32:37,963] {spark_submit_hook.py:479} INFO - 21/12/09 11:32:37 INFO TaskSchedulerImpl: Removed TaskSet 1.0, whose tasks have all completed, from pool
[2021-12-09 11:32:37,964] {spark_submit_hook.py:479} INFO - 21/12/09 11:32:37 INFO DAGScheduler: ResultStage 1 (json at NativeMethodAccessorImpl.java:0) finished in 0,219 s
[2021-12-09 11:32:37,965] {spark_submit_hook.py:479} INFO - 21/12/09 11:32:37 INFO DAGScheduler: Job 1 is finished. Cancelling potential speculative or zombie tasks for this job
[2021-12-09 11:32:37,966] {spark_submit_hook.py:479} INFO - 21/12/09 11:32:37 INFO TaskSchedulerImpl: Killing all running tasks in stage 1: Stage finished
[2021-12-09 11:32:37,967] {spark_submit_hook.py:479} INFO - 21/12/09 11:32:37 INFO DAGScheduler: Job 1 finished: json at NativeMethodAccessorImpl.java:0, took 0,226024 s
[2021-12-09 11:32:37,969] {spark_submit_hook.py:479} INFO - 21/12/09 11:32:37 INFO FileFormatWriter: Start to commit write Job 849f8f11-40ef-45ae-9c48-6782780f77d8.
[2021-12-09 11:32:37,988] {spark_submit_hook.py:479} INFO - 21/12/09 11:32:37 INFO FileFormatWriter: Write Job 849f8f11-40ef-45ae-9c48-6782780f77d8 committed. Elapsed time: 18 ms.
[2021-12-09 11:32:37,997] {spark_submit_hook.py:479} INFO - 21/12/09 11:32:37 INFO FileFormatWriter: Finished processing stats for write job 849f8f11-40ef-45ae-9c48-6782780f77d8.
[2021-12-09 11:32:38,067] {spark_submit_hook.py:479} INFO - 21/12/09 11:32:38 INFO FileSourceStrategy: Pushed Filters: IsNotNull(includes)
[2021-12-09 11:32:38,069] {spark_submit_hook.py:479} INFO - 21/12/09 11:32:38 INFO FileSourceStrategy: Post-Scan Filters: isnotnull(includes#8),(size(includes#8.users, true) > 0),isnotnull(includes#8.users)
[2021-12-09 11:32:38,069] {spark_submit_hook.py:479} INFO - 21/12/09 11:32:38 INFO FileSourceStrategy: Output Data Schema: struct<includes: struct<users: array<struct<created_at:string,id:string,name:string,username:string>>>>
[2021-12-09 11:32:38,090] {spark_submit_hook.py:479} INFO - 21/12/09 11:32:38 INFO FileOutputCommitter: File Output Committer Algorithm version is 1
[2021-12-09 11:32:38,091] {spark_submit_hook.py:479} INFO - 21/12/09 11:32:38 INFO SQLHadoopMapReduceCommitProtocol: Using output committer class org.apache.hadoop.mapreduce.lib.output.FileOutputCommitter
[2021-12-09 11:32:38,137] {spark_submit_hook.py:479} INFO - 21/12/09 11:32:38 INFO CodeGenerator: Code generated in 24.331634 ms
[2021-12-09 11:32:38,147] {spark_submit_hook.py:479} INFO - 21/12/09 11:32:38 INFO MemoryStore: Block broadcast_4 stored as values in memory (estimated size 285.8 KiB, free 365.2 MiB)
[2021-12-09 11:32:38,163] {spark_submit_hook.py:479} INFO - 21/12/09 11:32:38 INFO MemoryStore: Block broadcast_4_piece0 stored as bytes in memory (estimated size 24.0 KiB, free 365.1 MiB)
[2021-12-09 11:32:38,165] {spark_submit_hook.py:479} INFO - 21/12/09 11:32:38 INFO BlockManagerInfo: Added broadcast_4_piece0 in memory on 192.168.1.2:32825 (size: 24.0 KiB, free: 366.2 MiB)
[2021-12-09 11:32:38,166] {spark_submit_hook.py:479} INFO - 21/12/09 11:32:38 INFO SparkContext: Created broadcast 4 from json at NativeMethodAccessorImpl.java:0
[2021-12-09 11:32:38,167] {spark_submit_hook.py:479} INFO - 21/12/09 11:32:38 INFO FileSourceScanExec: Planning scan with bin packing, max size: 4196585 bytes, open cost is considered as scanning 4194304 bytes.
[2021-12-09 11:32:38,193] {spark_submit_hook.py:479} INFO - 21/12/09 11:32:38 INFO SparkContext: Starting job: json at NativeMethodAccessorImpl.java:0
[2021-12-09 11:32:38,196] {spark_submit_hook.py:479} INFO - 21/12/09 11:32:38 INFO DAGScheduler: Got job 2 (json at NativeMethodAccessorImpl.java:0) with 1 output partitions
[2021-12-09 11:32:38,196] {spark_submit_hook.py:479} INFO - 21/12/09 11:32:38 INFO DAGScheduler: Final stage: ResultStage 2 (json at NativeMethodAccessorImpl.java:0)
[2021-12-09 11:32:38,196] {spark_submit_hook.py:479} INFO - 21/12/09 11:32:38 INFO DAGScheduler: Parents of final stage: List()
[2021-12-09 11:32:38,196] {spark_submit_hook.py:479} INFO - 21/12/09 11:32:38 INFO DAGScheduler: Missing parents: List()
[2021-12-09 11:32:38,201] {spark_submit_hook.py:479} INFO - 21/12/09 11:32:38 INFO DAGScheduler: Submitting ResultStage 2 (CoalescedRDD[11] at json at NativeMethodAccessorImpl.java:0), which has no missing parents
[2021-12-09 11:32:38,218] {spark_submit_hook.py:479} INFO - 21/12/09 11:32:38 INFO MemoryStore: Block broadcast_5 stored as values in memory (estimated size 159.6 KiB, free 365.0 MiB)
[2021-12-09 11:32:38,221] {spark_submit_hook.py:479} INFO - 21/12/09 11:32:38 INFO MemoryStore: Block broadcast_5_piece0 stored as bytes in memory (estimated size 57.3 KiB, free 364.9 MiB)
[2021-12-09 11:32:38,222] {spark_submit_hook.py:479} INFO - 21/12/09 11:32:38 INFO BlockManagerInfo: Added broadcast_5_piece0 in memory on 192.168.1.2:32825 (size: 57.3 KiB, free: 366.1 MiB)
[2021-12-09 11:32:38,223] {spark_submit_hook.py:479} INFO - 21/12/09 11:32:38 INFO SparkContext: Created broadcast 5 from broadcast at DAGScheduler.scala:1427
[2021-12-09 11:32:38,224] {spark_submit_hook.py:479} INFO - 21/12/09 11:32:38 INFO DAGScheduler: Submitting 1 missing tasks from ResultStage 2 (CoalescedRDD[11] at json at NativeMethodAccessorImpl.java:0) (first 15 tasks are for partitions Vector(0))
[2021-12-09 11:32:38,225] {spark_submit_hook.py:479} INFO - 21/12/09 11:32:38 INFO TaskSchedulerImpl: Adding task set 2.0 with 1 tasks resource profile 0
[2021-12-09 11:32:38,226] {spark_submit_hook.py:479} INFO - 21/12/09 11:32:38 INFO TaskSetManager: Starting task 0.0 in stage 2.0 (TID 2) (192.168.1.2, executor driver, partition 0, PROCESS_LOCAL, 5189 bytes) taskResourceAssignments Map()
[2021-12-09 11:32:38,227] {spark_submit_hook.py:479} INFO - 21/12/09 11:32:38 INFO Executor: Running task 0.0 in stage 2.0 (TID 2)
[2021-12-09 11:32:38,244] {spark_submit_hook.py:479} INFO - 21/12/09 11:32:38 INFO FileOutputCommitter: File Output Committer Algorithm version is 1
[2021-12-09 11:32:38,245] {spark_submit_hook.py:479} INFO - 21/12/09 11:32:38 INFO SQLHadoopMapReduceCommitProtocol: Using output committer class org.apache.hadoop.mapreduce.lib.output.FileOutputCommitter
[2021-12-09 11:32:38,254] {spark_submit_hook.py:479} INFO - 21/12/09 11:32:38 INFO FileScanRDD: Reading File path: file:///home/rafael/Documentos/alura/datapipeline/datalake/bronze/twitter_aluraonline/extract_date=2021-12-04/AluraOnline_20211204.json, range: 0-2281, partition values: [empty row]
[2021-12-09 11:32:38,276] {spark_submit_hook.py:479} INFO - 21/12/09 11:32:38 INFO CodeGenerator: Code generated in 18.034285 ms
[2021-12-09 11:32:38,285] {spark_submit_hook.py:479} INFO - 21/12/09 11:32:38 INFO CodeGenerator: Code generated in 5.946494 ms
[2021-12-09 11:32:38,295] {spark_submit_hook.py:479} INFO - 21/12/09 11:32:38 INFO FileOutputCommitter: Saved output of task 'attempt_202112091132382450376010744373429_0002_m_000000_2' to file:/home/rafael/Documentos/alura/datapipeline/datalake/silver/twitter_aluraonline/user/process_date=2021-12-04/_temporary/0/task_202112091132382450376010744373429_0002_m_000000
[2021-12-09 11:32:38,295] {spark_submit_hook.py:479} INFO - 21/12/09 11:32:38 INFO SparkHadoopMapRedUtil: attempt_202112091132382450376010744373429_0002_m_000000_2: Committed
[2021-12-09 11:32:38,297] {spark_submit_hook.py:479} INFO - 21/12/09 11:32:38 INFO Executor: Finished task 0.0 in stage 2.0 (TID 2). 2627 bytes result sent to driver
[2021-12-09 11:32:38,299] {spark_submit_hook.py:479} INFO - 21/12/09 11:32:38 INFO TaskSetManager: Finished task 0.0 in stage 2.0 (TID 2) in 73 ms on 192.168.1.2 (executor driver) (1/1)
[2021-12-09 11:32:38,299] {spark_submit_hook.py:479} INFO - 21/12/09 11:32:38 INFO TaskSchedulerImpl: Removed TaskSet 2.0, whose tasks have all completed, from pool
[2021-12-09 11:32:38,300] {spark_submit_hook.py:479} INFO - 21/12/09 11:32:38 INFO DAGScheduler: ResultStage 2 (json at NativeMethodAccessorImpl.java:0) finished in 0,098 s
[2021-12-09 11:32:38,301] {spark_submit_hook.py:479} INFO - 21/12/09 11:32:38 INFO DAGScheduler: Job 2 is finished. Cancelling potential speculative or zombie tasks for this job
[2021-12-09 11:32:38,301] {spark_submit_hook.py:479} INFO - 21/12/09 11:32:38 INFO TaskSchedulerImpl: Killing all running tasks in stage 2: Stage finished
[2021-12-09 11:32:38,303] {spark_submit_hook.py:479} INFO - 21/12/09 11:32:38 INFO DAGScheduler: Job 2 finished: json at NativeMethodAccessorImpl.java:0, took 0,109612 s
[2021-12-09 11:32:38,304] {spark_submit_hook.py:479} INFO - 21/12/09 11:32:38 INFO FileFormatWriter: Start to commit write Job b517720a-e18b-42ea-ae12-f0e28567754e.
[2021-12-09 11:32:38,312] {spark_submit_hook.py:479} INFO - 21/12/09 11:32:38 INFO FileFormatWriter: Write Job b517720a-e18b-42ea-ae12-f0e28567754e committed. Elapsed time: 8 ms.
[2021-12-09 11:32:38,313] {spark_submit_hook.py:479} INFO - 21/12/09 11:32:38 INFO FileFormatWriter: Finished processing stats for write job b517720a-e18b-42ea-ae12-f0e28567754e.
[2021-12-09 11:32:38,349] {spark_submit_hook.py:479} INFO - 21/12/09 11:32:38 INFO SparkContext: Invoking stop() from shutdown hook
[2021-12-09 11:32:38,359] {spark_submit_hook.py:479} INFO - 21/12/09 11:32:38 INFO SparkUI: Stopped Spark web UI at http://192.168.1.2:4040
[2021-12-09 11:32:38,368] {spark_submit_hook.py:479} INFO - 21/12/09 11:32:38 INFO MapOutputTrackerMasterEndpoint: MapOutputTrackerMasterEndpoint stopped!
[2021-12-09 11:32:38,375] {spark_submit_hook.py:479} INFO - 21/12/09 11:32:38 INFO MemoryStore: MemoryStore cleared
[2021-12-09 11:32:38,376] {spark_submit_hook.py:479} INFO - 21/12/09 11:32:38 INFO BlockManager: BlockManager stopped
[2021-12-09 11:32:38,381] {spark_submit_hook.py:479} INFO - 21/12/09 11:32:38 INFO BlockManagerMaster: BlockManagerMaster stopped
[2021-12-09 11:32:38,383] {spark_submit_hook.py:479} INFO - 21/12/09 11:32:38 INFO OutputCommitCoordinator$OutputCommitCoordinatorEndpoint: OutputCommitCoordinator stopped!
[2021-12-09 11:32:38,386] {spark_submit_hook.py:479} INFO - 21/12/09 11:32:38 INFO SparkContext: Successfully stopped SparkContext
[2021-12-09 11:32:38,387] {spark_submit_hook.py:479} INFO - 21/12/09 11:32:38 INFO ShutdownHookManager: Shutdown hook called
[2021-12-09 11:32:38,388] {spark_submit_hook.py:479} INFO - 21/12/09 11:32:38 INFO ShutdownHookManager: Deleting directory /tmp/spark-6909a1ba-0df8-4871-9ef9-dfdeff46f035
[2021-12-09 11:32:38,390] {spark_submit_hook.py:479} INFO - 21/12/09 11:32:38 INFO ShutdownHookManager: Deleting directory /tmp/spark-2fbc2773-e9c8-4faf-b641-938ceb12741d
[2021-12-09 11:32:38,392] {spark_submit_hook.py:479} INFO - 21/12/09 11:32:38 INFO ShutdownHookManager: Deleting directory /tmp/spark-2fbc2773-e9c8-4faf-b641-938ceb12741d/pyspark-72d01b6f-7132-477f-b2a1-d0e22040b4e3
[2021-12-09 11:32:38,427] {taskinstance.py:1070} INFO - Marking task as SUCCESS.dag_id=twitter_dag, task_id=transform_twitter_aluraonline, execution_date=20211204T090000, start_date=20211209T143227, end_date=20211209T143238
[2021-12-09 11:32:42,325] {local_task_job.py:102} INFO - Task exited with return code 0
