[2021-12-08 11:15:08,131] {scheduler_job.py:155} INFO - Started process (PID=20120) to work on /home/rafael/Documentos/alura/datapipeline/airflow/dags/twitter_dag.py
[2021-12-08 11:15:08,133] {scheduler_job.py:1572} INFO - Processing file /home/rafael/Documentos/alura/datapipeline/airflow/dags/twitter_dag.py for tasks to queue
[2021-12-08 11:15:08,133] {logging_mixin.py:112} INFO - [2021-12-08 11:15:08,133] {dagbag.py:417} INFO - Filling up the DagBag from /home/rafael/Documentos/alura/datapipeline/airflow/dags/twitter_dag.py
[2021-12-08 11:15:08,134] {logging_mixin.py:112} WARNING - /home/rafael/Documentos/alura/datapipeline/airflow/dags/twitter_dag.py:5: FutureWarning: Importing 'TwitterOperator' from under 'airflow.operators.*' has been deprecated and should be directly imported as 'operators.twitter_operator.TwitterOperator' instead.

Support for importing from within the airflow namespace for plugins will be dropped entirely in Airflow 2.0. See <http://airflow.apache.org/docs/stable/howto/custom-operator.html>.
  from airflow.operators.alura import TwitterOperator
[2021-12-08 11:15:08,139] {scheduler_job.py:1584} INFO - DAG(s) dict_keys(['twitter_dag']) retrieved from /home/rafael/Documentos/alura/datapipeline/airflow/dags/twitter_dag.py
[2021-12-08 11:15:08,156] {scheduler_job.py:1288} INFO - Processing twitter_dag
[2021-12-08 11:15:08,178] {scheduler_job.py:1298} INFO - Created <DagRun twitter_dag @ 2021-12-02 09:00:00+00:00: scheduled__2021-12-02T09:00:00+00:00, externally triggered: False>
[2021-12-08 11:15:08,180] {scheduler_job.py:771} INFO - Examining DAG run <DagRun twitter_dag @ 2021-12-02 09:00:00+00:00: scheduled__2021-12-02T09:00:00+00:00, externally triggered: False>
[2021-12-08 11:15:08,188] {scheduler_job.py:459} INFO - Skipping SLA check for <DAG: twitter_dag> because no tasks in DAG have SLAs
[2021-12-08 11:15:08,190] {scheduler_job.py:1651} INFO - Creating / updating <TaskInstance: twitter_dag.twitter_aluraonline 2021-12-02 09:00:00+00:00 [scheduled]> in ORM
[2021-12-08 11:15:08,196] {scheduler_job.py:163} INFO - Processing /home/rafael/Documentos/alura/datapipeline/airflow/dags/twitter_dag.py took 0.065 seconds
[2021-12-08 11:16:05,356] {scheduler_job.py:155} INFO - Started process (PID=20318) to work on /home/rafael/Documentos/alura/datapipeline/airflow/dags/twitter_dag.py
[2021-12-08 11:16:05,363] {scheduler_job.py:1572} INFO - Processing file /home/rafael/Documentos/alura/datapipeline/airflow/dags/twitter_dag.py for tasks to queue
[2021-12-08 11:16:05,365] {logging_mixin.py:112} INFO - [2021-12-08 11:16:05,364] {dagbag.py:417} INFO - Filling up the DagBag from /home/rafael/Documentos/alura/datapipeline/airflow/dags/twitter_dag.py
[2021-12-08 11:16:05,369] {logging_mixin.py:112} WARNING - /home/rafael/Documentos/alura/datapipeline/airflow/dags/twitter_dag.py:5: FutureWarning: Importing 'TwitterOperator' from under 'airflow.operators.*' has been deprecated and should be directly imported as 'operators.twitter_operator.TwitterOperator' instead.

Support for importing from within the airflow namespace for plugins will be dropped entirely in Airflow 2.0. See <http://airflow.apache.org/docs/stable/howto/custom-operator.html>.
  from airflow.operators.alura import TwitterOperator
[2021-12-08 11:16:05,381] {scheduler_job.py:1584} INFO - DAG(s) dict_keys(['twitter_dag']) retrieved from /home/rafael/Documentos/alura/datapipeline/airflow/dags/twitter_dag.py
[2021-12-08 11:16:05,406] {scheduler_job.py:1288} INFO - Processing twitter_dag
[2021-12-08 11:16:05,410] {scheduler_job.py:771} INFO - Examining DAG run <DagRun twitter_dag @ 2021-12-02 09:00:00+00:00: scheduled__2021-12-02T09:00:00+00:00, externally triggered: False>
[2021-12-08 11:16:05,418] {scheduler_job.py:459} INFO - Skipping SLA check for <DAG: twitter_dag> because no tasks in DAG have SLAs
[2021-12-08 11:16:05,421] {scheduler_job.py:1651} INFO - Creating / updating <TaskInstance: twitter_dag.transform_twitter_aluraonline 2021-12-02 09:00:00+00:00 [scheduled]> in ORM
[2021-12-08 11:16:05,429] {scheduler_job.py:163} INFO - Processing /home/rafael/Documentos/alura/datapipeline/airflow/dags/twitter_dag.py took 0.072 seconds
[2021-12-08 11:17:12,729] {scheduler_job.py:155} INFO - Started process (PID=20724) to work on /home/rafael/Documentos/alura/datapipeline/airflow/dags/twitter_dag.py
[2021-12-08 11:17:12,734] {scheduler_job.py:1572} INFO - Processing file /home/rafael/Documentos/alura/datapipeline/airflow/dags/twitter_dag.py for tasks to queue
[2021-12-08 11:17:12,735] {logging_mixin.py:112} INFO - [2021-12-08 11:17:12,735] {dagbag.py:417} INFO - Filling up the DagBag from /home/rafael/Documentos/alura/datapipeline/airflow/dags/twitter_dag.py
[2021-12-08 11:17:12,738] {logging_mixin.py:112} WARNING - /home/rafael/Documentos/alura/datapipeline/airflow/dags/twitter_dag.py:5: FutureWarning: Importing 'TwitterOperator' from under 'airflow.operators.*' has been deprecated and should be directly imported as 'operators.twitter_operator.TwitterOperator' instead.

Support for importing from within the airflow namespace for plugins will be dropped entirely in Airflow 2.0. See <http://airflow.apache.org/docs/stable/howto/custom-operator.html>.
  from airflow.operators.alura import TwitterOperator
[2021-12-08 11:17:12,749] {scheduler_job.py:1584} INFO - DAG(s) dict_keys(['twitter_dag']) retrieved from /home/rafael/Documentos/alura/datapipeline/airflow/dags/twitter_dag.py
[2021-12-08 11:17:12,769] {scheduler_job.py:1288} INFO - Processing twitter_dag
[2021-12-08 11:17:12,774] {scheduler_job.py:771} INFO - Examining DAG run <DagRun twitter_dag @ 2021-12-02 09:00:00+00:00: scheduled__2021-12-02T09:00:00+00:00, externally triggered: False>
[2021-12-08 11:17:12,780] {logging_mixin.py:112} INFO - [2021-12-08 11:17:12,780] {dagrun.py:307} INFO - Marking run <DagRun twitter_dag @ 2021-12-02 09:00:00+00:00: scheduled__2021-12-02T09:00:00+00:00, externally triggered: False> successful
[2021-12-08 11:17:12,785] {scheduler_job.py:459} INFO - Skipping SLA check for <DAG: twitter_dag> because no tasks in DAG have SLAs
[2021-12-08 11:17:12,786] {scheduler_job.py:163} INFO - Processing /home/rafael/Documentos/alura/datapipeline/airflow/dags/twitter_dag.py took 0.058 seconds
[2021-12-08 11:18:04,777] {scheduler_job.py:155} INFO - Started process (PID=20851) to work on /home/rafael/Documentos/alura/datapipeline/airflow/dags/twitter_dag.py
[2021-12-08 11:18:04,780] {scheduler_job.py:1572} INFO - Processing file /home/rafael/Documentos/alura/datapipeline/airflow/dags/twitter_dag.py for tasks to queue
[2021-12-08 11:18:04,780] {logging_mixin.py:112} INFO - [2021-12-08 11:18:04,780] {dagbag.py:417} INFO - Filling up the DagBag from /home/rafael/Documentos/alura/datapipeline/airflow/dags/twitter_dag.py
[2021-12-08 11:18:04,783] {logging_mixin.py:112} WARNING - /home/rafael/Documentos/alura/datapipeline/airflow/dags/twitter_dag.py:5: FutureWarning: Importing 'TwitterOperator' from under 'airflow.operators.*' has been deprecated and should be directly imported as 'operators.twitter_operator.TwitterOperator' instead.

Support for importing from within the airflow namespace for plugins will be dropped entirely in Airflow 2.0. See <http://airflow.apache.org/docs/stable/howto/custom-operator.html>.
  from airflow.operators.alura import TwitterOperator
[2021-12-08 11:18:04,793] {scheduler_job.py:1584} INFO - DAG(s) dict_keys(['twitter_dag']) retrieved from /home/rafael/Documentos/alura/datapipeline/airflow/dags/twitter_dag.py
[2021-12-08 11:18:04,817] {scheduler_job.py:1288} INFO - Processing twitter_dag
[2021-12-08 11:18:04,838] {scheduler_job.py:1298} INFO - Created <DagRun twitter_dag @ 2021-12-03 09:00:00+00:00: scheduled__2021-12-03T09:00:00+00:00, externally triggered: False>
[2021-12-08 11:18:04,840] {scheduler_job.py:771} INFO - Examining DAG run <DagRun twitter_dag @ 2021-12-03 09:00:00+00:00: scheduled__2021-12-03T09:00:00+00:00, externally triggered: False>
[2021-12-08 11:18:04,847] {scheduler_job.py:459} INFO - Skipping SLA check for <DAG: twitter_dag> because no tasks in DAG have SLAs
[2021-12-08 11:18:04,849] {scheduler_job.py:1651} INFO - Creating / updating <TaskInstance: twitter_dag.twitter_aluraonline 2021-12-03 09:00:00+00:00 [scheduled]> in ORM
[2021-12-08 11:18:04,855] {scheduler_job.py:163} INFO - Processing /home/rafael/Documentos/alura/datapipeline/airflow/dags/twitter_dag.py took 0.078 seconds
[2021-12-08 11:19:02,009] {scheduler_job.py:155} INFO - Started process (PID=21107) to work on /home/rafael/Documentos/alura/datapipeline/airflow/dags/twitter_dag.py
[2021-12-08 11:19:02,010] {scheduler_job.py:1572} INFO - Processing file /home/rafael/Documentos/alura/datapipeline/airflow/dags/twitter_dag.py for tasks to queue
[2021-12-08 11:19:02,010] {logging_mixin.py:112} INFO - [2021-12-08 11:19:02,010] {dagbag.py:417} INFO - Filling up the DagBag from /home/rafael/Documentos/alura/datapipeline/airflow/dags/twitter_dag.py
[2021-12-08 11:19:02,012] {logging_mixin.py:112} WARNING - /home/rafael/Documentos/alura/datapipeline/airflow/dags/twitter_dag.py:5: FutureWarning: Importing 'TwitterOperator' from under 'airflow.operators.*' has been deprecated and should be directly imported as 'operators.twitter_operator.TwitterOperator' instead.

Support for importing from within the airflow namespace for plugins will be dropped entirely in Airflow 2.0. See <http://airflow.apache.org/docs/stable/howto/custom-operator.html>.
  from airflow.operators.alura import TwitterOperator
[2021-12-08 11:19:02,016] {scheduler_job.py:1584} INFO - DAG(s) dict_keys(['twitter_dag']) retrieved from /home/rafael/Documentos/alura/datapipeline/airflow/dags/twitter_dag.py
[2021-12-08 11:19:02,048] {scheduler_job.py:1288} INFO - Processing twitter_dag
[2021-12-08 11:19:02,056] {scheduler_job.py:771} INFO - Examining DAG run <DagRun twitter_dag @ 2021-12-03 09:00:00+00:00: scheduled__2021-12-03T09:00:00+00:00, externally triggered: False>
[2021-12-08 11:19:02,066] {scheduler_job.py:459} INFO - Skipping SLA check for <DAG: twitter_dag> because no tasks in DAG have SLAs
[2021-12-08 11:19:02,070] {scheduler_job.py:1651} INFO - Creating / updating <TaskInstance: twitter_dag.transform_twitter_aluraonline 2021-12-03 09:00:00+00:00 [scheduled]> in ORM
[2021-12-08 11:19:02,078] {scheduler_job.py:163} INFO - Processing /home/rafael/Documentos/alura/datapipeline/airflow/dags/twitter_dag.py took 0.070 seconds
[2021-12-08 11:20:04,207] {scheduler_job.py:155} INFO - Started process (PID=21749) to work on /home/rafael/Documentos/alura/datapipeline/airflow/dags/twitter_dag.py
[2021-12-08 11:20:04,210] {scheduler_job.py:1572} INFO - Processing file /home/rafael/Documentos/alura/datapipeline/airflow/dags/twitter_dag.py for tasks to queue
[2021-12-08 11:20:04,210] {logging_mixin.py:112} INFO - [2021-12-08 11:20:04,210] {dagbag.py:417} INFO - Filling up the DagBag from /home/rafael/Documentos/alura/datapipeline/airflow/dags/twitter_dag.py
[2021-12-08 11:20:04,212] {logging_mixin.py:112} WARNING - /home/rafael/Documentos/alura/datapipeline/airflow/dags/twitter_dag.py:5: FutureWarning: Importing 'TwitterOperator' from under 'airflow.operators.*' has been deprecated and should be directly imported as 'operators.twitter_operator.TwitterOperator' instead.

Support for importing from within the airflow namespace for plugins will be dropped entirely in Airflow 2.0. See <http://airflow.apache.org/docs/stable/howto/custom-operator.html>.
  from airflow.operators.alura import TwitterOperator
[2021-12-08 11:20:04,220] {scheduler_job.py:1584} INFO - DAG(s) dict_keys(['twitter_dag']) retrieved from /home/rafael/Documentos/alura/datapipeline/airflow/dags/twitter_dag.py
[2021-12-08 11:20:04,247] {scheduler_job.py:1288} INFO - Processing twitter_dag
[2021-12-08 11:20:04,252] {scheduler_job.py:771} INFO - Examining DAG run <DagRun twitter_dag @ 2021-12-03 09:00:00+00:00: scheduled__2021-12-03T09:00:00+00:00, externally triggered: False>
[2021-12-08 11:20:04,257] {logging_mixin.py:112} INFO - [2021-12-08 11:20:04,257] {dagrun.py:307} INFO - Marking run <DagRun twitter_dag @ 2021-12-03 09:00:00+00:00: scheduled__2021-12-03T09:00:00+00:00, externally triggered: False> successful
[2021-12-08 11:20:04,262] {scheduler_job.py:459} INFO - Skipping SLA check for <DAG: twitter_dag> because no tasks in DAG have SLAs
[2021-12-08 11:20:04,264] {scheduler_job.py:163} INFO - Processing /home/rafael/Documentos/alura/datapipeline/airflow/dags/twitter_dag.py took 0.057 seconds
[2021-12-08 11:20:56,271] {scheduler_job.py:155} INFO - Started process (PID=22056) to work on /home/rafael/Documentos/alura/datapipeline/airflow/dags/twitter_dag.py
[2021-12-08 11:20:56,273] {scheduler_job.py:1572} INFO - Processing file /home/rafael/Documentos/alura/datapipeline/airflow/dags/twitter_dag.py for tasks to queue
[2021-12-08 11:20:56,273] {logging_mixin.py:112} INFO - [2021-12-08 11:20:56,273] {dagbag.py:417} INFO - Filling up the DagBag from /home/rafael/Documentos/alura/datapipeline/airflow/dags/twitter_dag.py
[2021-12-08 11:20:56,274] {logging_mixin.py:112} WARNING - /home/rafael/Documentos/alura/datapipeline/airflow/dags/twitter_dag.py:5: FutureWarning: Importing 'TwitterOperator' from under 'airflow.operators.*' has been deprecated and should be directly imported as 'operators.twitter_operator.TwitterOperator' instead.

Support for importing from within the airflow namespace for plugins will be dropped entirely in Airflow 2.0. See <http://airflow.apache.org/docs/stable/howto/custom-operator.html>.
  from airflow.operators.alura import TwitterOperator
[2021-12-08 11:20:56,280] {scheduler_job.py:1584} INFO - DAG(s) dict_keys(['twitter_dag']) retrieved from /home/rafael/Documentos/alura/datapipeline/airflow/dags/twitter_dag.py
[2021-12-08 11:20:56,300] {scheduler_job.py:1288} INFO - Processing twitter_dag
[2021-12-08 11:20:56,323] {scheduler_job.py:1298} INFO - Created <DagRun twitter_dag @ 2021-12-04 09:00:00+00:00: scheduled__2021-12-04T09:00:00+00:00, externally triggered: False>
[2021-12-08 11:20:56,326] {scheduler_job.py:771} INFO - Examining DAG run <DagRun twitter_dag @ 2021-12-04 09:00:00+00:00: scheduled__2021-12-04T09:00:00+00:00, externally triggered: False>
[2021-12-08 11:20:56,336] {scheduler_job.py:459} INFO - Skipping SLA check for <DAG: twitter_dag> because no tasks in DAG have SLAs
[2021-12-08 11:20:56,339] {scheduler_job.py:1651} INFO - Creating / updating <TaskInstance: twitter_dag.twitter_aluraonline 2021-12-04 09:00:00+00:00 [scheduled]> in ORM
[2021-12-08 11:20:56,345] {scheduler_job.py:163} INFO - Processing /home/rafael/Documentos/alura/datapipeline/airflow/dags/twitter_dag.py took 0.074 seconds
[2021-12-08 11:21:53,557] {scheduler_job.py:155} INFO - Started process (PID=22561) to work on /home/rafael/Documentos/alura/datapipeline/airflow/dags/twitter_dag.py
[2021-12-08 11:21:53,559] {scheduler_job.py:1572} INFO - Processing file /home/rafael/Documentos/alura/datapipeline/airflow/dags/twitter_dag.py for tasks to queue
[2021-12-08 11:21:53,559] {logging_mixin.py:112} INFO - [2021-12-08 11:21:53,559] {dagbag.py:417} INFO - Filling up the DagBag from /home/rafael/Documentos/alura/datapipeline/airflow/dags/twitter_dag.py
[2021-12-08 11:21:53,560] {logging_mixin.py:112} WARNING - /home/rafael/Documentos/alura/datapipeline/airflow/dags/twitter_dag.py:5: FutureWarning: Importing 'TwitterOperator' from under 'airflow.operators.*' has been deprecated and should be directly imported as 'operators.twitter_operator.TwitterOperator' instead.

Support for importing from within the airflow namespace for plugins will be dropped entirely in Airflow 2.0. See <http://airflow.apache.org/docs/stable/howto/custom-operator.html>.
  from airflow.operators.alura import TwitterOperator
[2021-12-08 11:21:53,565] {scheduler_job.py:1584} INFO - DAG(s) dict_keys(['twitter_dag']) retrieved from /home/rafael/Documentos/alura/datapipeline/airflow/dags/twitter_dag.py
[2021-12-08 11:21:53,581] {scheduler_job.py:1288} INFO - Processing twitter_dag
[2021-12-08 11:21:53,585] {scheduler_job.py:771} INFO - Examining DAG run <DagRun twitter_dag @ 2021-12-04 09:00:00+00:00: scheduled__2021-12-04T09:00:00+00:00, externally triggered: False>
[2021-12-08 11:21:53,592] {scheduler_job.py:459} INFO - Skipping SLA check for <DAG: twitter_dag> because no tasks in DAG have SLAs
[2021-12-08 11:21:53,594] {scheduler_job.py:1651} INFO - Creating / updating <TaskInstance: twitter_dag.transform_twitter_aluraonline 2021-12-04 09:00:00+00:00 [scheduled]> in ORM
[2021-12-08 11:21:53,601] {scheduler_job.py:163} INFO - Processing /home/rafael/Documentos/alura/datapipeline/airflow/dags/twitter_dag.py took 0.044 seconds
[2021-12-08 11:22:55,676] {scheduler_job.py:155} INFO - Started process (PID=22920) to work on /home/rafael/Documentos/alura/datapipeline/airflow/dags/twitter_dag.py
[2021-12-08 11:22:55,678] {scheduler_job.py:1572} INFO - Processing file /home/rafael/Documentos/alura/datapipeline/airflow/dags/twitter_dag.py for tasks to queue
[2021-12-08 11:22:55,679] {logging_mixin.py:112} INFO - [2021-12-08 11:22:55,679] {dagbag.py:417} INFO - Filling up the DagBag from /home/rafael/Documentos/alura/datapipeline/airflow/dags/twitter_dag.py
[2021-12-08 11:22:55,680] {logging_mixin.py:112} WARNING - /home/rafael/Documentos/alura/datapipeline/airflow/dags/twitter_dag.py:5: FutureWarning: Importing 'TwitterOperator' from under 'airflow.operators.*' has been deprecated and should be directly imported as 'operators.twitter_operator.TwitterOperator' instead.

Support for importing from within the airflow namespace for plugins will be dropped entirely in Airflow 2.0. See <http://airflow.apache.org/docs/stable/howto/custom-operator.html>.
  from airflow.operators.alura import TwitterOperator
[2021-12-08 11:22:55,686] {scheduler_job.py:1584} INFO - DAG(s) dict_keys(['twitter_dag']) retrieved from /home/rafael/Documentos/alura/datapipeline/airflow/dags/twitter_dag.py
[2021-12-08 11:22:55,708] {scheduler_job.py:1288} INFO - Processing twitter_dag
[2021-12-08 11:22:55,713] {scheduler_job.py:771} INFO - Examining DAG run <DagRun twitter_dag @ 2021-12-04 09:00:00+00:00: scheduled__2021-12-04T09:00:00+00:00, externally triggered: False>
[2021-12-08 11:22:55,719] {logging_mixin.py:112} INFO - [2021-12-08 11:22:55,719] {dagrun.py:307} INFO - Marking run <DagRun twitter_dag @ 2021-12-04 09:00:00+00:00: scheduled__2021-12-04T09:00:00+00:00, externally triggered: False> successful
[2021-12-08 11:22:55,724] {scheduler_job.py:459} INFO - Skipping SLA check for <DAG: twitter_dag> because no tasks in DAG have SLAs
[2021-12-08 11:22:55,726] {scheduler_job.py:163} INFO - Processing /home/rafael/Documentos/alura/datapipeline/airflow/dags/twitter_dag.py took 0.050 seconds
[2021-12-08 11:23:47,737] {scheduler_job.py:155} INFO - Started process (PID=23176) to work on /home/rafael/Documentos/alura/datapipeline/airflow/dags/twitter_dag.py
[2021-12-08 11:23:47,743] {scheduler_job.py:1572} INFO - Processing file /home/rafael/Documentos/alura/datapipeline/airflow/dags/twitter_dag.py for tasks to queue
[2021-12-08 11:23:47,744] {logging_mixin.py:112} INFO - [2021-12-08 11:23:47,744] {dagbag.py:417} INFO - Filling up the DagBag from /home/rafael/Documentos/alura/datapipeline/airflow/dags/twitter_dag.py
[2021-12-08 11:23:47,748] {logging_mixin.py:112} WARNING - /home/rafael/Documentos/alura/datapipeline/airflow/dags/twitter_dag.py:5: FutureWarning: Importing 'TwitterOperator' from under 'airflow.operators.*' has been deprecated and should be directly imported as 'operators.twitter_operator.TwitterOperator' instead.

Support for importing from within the airflow namespace for plugins will be dropped entirely in Airflow 2.0. See <http://airflow.apache.org/docs/stable/howto/custom-operator.html>.
  from airflow.operators.alura import TwitterOperator
[2021-12-08 11:23:47,760] {scheduler_job.py:1584} INFO - DAG(s) dict_keys(['twitter_dag']) retrieved from /home/rafael/Documentos/alura/datapipeline/airflow/dags/twitter_dag.py
[2021-12-08 11:23:47,780] {scheduler_job.py:1288} INFO - Processing twitter_dag
[2021-12-08 11:23:47,804] {scheduler_job.py:1298} INFO - Created <DagRun twitter_dag @ 2021-12-05 09:00:00+00:00: scheduled__2021-12-05T09:00:00+00:00, externally triggered: False>
[2021-12-08 11:23:47,806] {scheduler_job.py:771} INFO - Examining DAG run <DagRun twitter_dag @ 2021-12-05 09:00:00+00:00: scheduled__2021-12-05T09:00:00+00:00, externally triggered: False>
[2021-12-08 11:23:47,813] {scheduler_job.py:459} INFO - Skipping SLA check for <DAG: twitter_dag> because no tasks in DAG have SLAs
[2021-12-08 11:23:47,816] {scheduler_job.py:1651} INFO - Creating / updating <TaskInstance: twitter_dag.twitter_aluraonline 2021-12-05 09:00:00+00:00 [scheduled]> in ORM
[2021-12-08 11:23:47,821] {scheduler_job.py:163} INFO - Processing /home/rafael/Documentos/alura/datapipeline/airflow/dags/twitter_dag.py took 0.084 seconds
[2021-12-08 11:24:45,015] {scheduler_job.py:155} INFO - Started process (PID=23456) to work on /home/rafael/Documentos/alura/datapipeline/airflow/dags/twitter_dag.py
[2021-12-08 11:24:45,021] {scheduler_job.py:1572} INFO - Processing file /home/rafael/Documentos/alura/datapipeline/airflow/dags/twitter_dag.py for tasks to queue
[2021-12-08 11:24:45,022] {logging_mixin.py:112} INFO - [2021-12-08 11:24:45,022] {dagbag.py:417} INFO - Filling up the DagBag from /home/rafael/Documentos/alura/datapipeline/airflow/dags/twitter_dag.py
[2021-12-08 11:24:45,026] {logging_mixin.py:112} WARNING - /home/rafael/Documentos/alura/datapipeline/airflow/dags/twitter_dag.py:5: FutureWarning: Importing 'TwitterOperator' from under 'airflow.operators.*' has been deprecated and should be directly imported as 'operators.twitter_operator.TwitterOperator' instead.

Support for importing from within the airflow namespace for plugins will be dropped entirely in Airflow 2.0. See <http://airflow.apache.org/docs/stable/howto/custom-operator.html>.
  from airflow.operators.alura import TwitterOperator
[2021-12-08 11:24:45,039] {scheduler_job.py:1584} INFO - DAG(s) dict_keys(['twitter_dag']) retrieved from /home/rafael/Documentos/alura/datapipeline/airflow/dags/twitter_dag.py
[2021-12-08 11:24:45,063] {scheduler_job.py:1288} INFO - Processing twitter_dag
[2021-12-08 11:24:45,067] {scheduler_job.py:771} INFO - Examining DAG run <DagRun twitter_dag @ 2021-12-05 09:00:00+00:00: scheduled__2021-12-05T09:00:00+00:00, externally triggered: False>
[2021-12-08 11:24:45,075] {scheduler_job.py:459} INFO - Skipping SLA check for <DAG: twitter_dag> because no tasks in DAG have SLAs
[2021-12-08 11:24:45,077] {scheduler_job.py:1651} INFO - Creating / updating <TaskInstance: twitter_dag.transform_twitter_aluraonline 2021-12-05 09:00:00+00:00 [scheduled]> in ORM
[2021-12-08 11:24:45,083] {scheduler_job.py:163} INFO - Processing /home/rafael/Documentos/alura/datapipeline/airflow/dags/twitter_dag.py took 0.069 seconds
[2021-12-08 11:25:47,427] {scheduler_job.py:155} INFO - Started process (PID=24019) to work on /home/rafael/Documentos/alura/datapipeline/airflow/dags/twitter_dag.py
[2021-12-08 11:25:47,430] {scheduler_job.py:1572} INFO - Processing file /home/rafael/Documentos/alura/datapipeline/airflow/dags/twitter_dag.py for tasks to queue
[2021-12-08 11:25:47,430] {logging_mixin.py:112} INFO - [2021-12-08 11:25:47,430] {dagbag.py:417} INFO - Filling up the DagBag from /home/rafael/Documentos/alura/datapipeline/airflow/dags/twitter_dag.py
[2021-12-08 11:25:47,432] {logging_mixin.py:112} WARNING - /home/rafael/Documentos/alura/datapipeline/airflow/dags/twitter_dag.py:5: FutureWarning: Importing 'TwitterOperator' from under 'airflow.operators.*' has been deprecated and should be directly imported as 'operators.twitter_operator.TwitterOperator' instead.

Support for importing from within the airflow namespace for plugins will be dropped entirely in Airflow 2.0. See <http://airflow.apache.org/docs/stable/howto/custom-operator.html>.
  from airflow.operators.alura import TwitterOperator
[2021-12-08 11:25:47,441] {scheduler_job.py:1584} INFO - DAG(s) dict_keys(['twitter_dag']) retrieved from /home/rafael/Documentos/alura/datapipeline/airflow/dags/twitter_dag.py
[2021-12-08 11:25:47,469] {scheduler_job.py:1288} INFO - Processing twitter_dag
[2021-12-08 11:25:47,474] {scheduler_job.py:771} INFO - Examining DAG run <DagRun twitter_dag @ 2021-12-05 09:00:00+00:00: scheduled__2021-12-05T09:00:00+00:00, externally triggered: False>
[2021-12-08 11:25:47,480] {logging_mixin.py:112} INFO - [2021-12-08 11:25:47,480] {dagrun.py:307} INFO - Marking run <DagRun twitter_dag @ 2021-12-05 09:00:00+00:00: scheduled__2021-12-05T09:00:00+00:00, externally triggered: False> successful
[2021-12-08 11:25:47,485] {scheduler_job.py:459} INFO - Skipping SLA check for <DAG: twitter_dag> because no tasks in DAG have SLAs
[2021-12-08 11:25:47,487] {scheduler_job.py:163} INFO - Processing /home/rafael/Documentos/alura/datapipeline/airflow/dags/twitter_dag.py took 0.060 seconds
[2021-12-08 11:26:39,484] {scheduler_job.py:155} INFO - Started process (PID=24081) to work on /home/rafael/Documentos/alura/datapipeline/airflow/dags/twitter_dag.py
[2021-12-08 11:26:39,487] {scheduler_job.py:1572} INFO - Processing file /home/rafael/Documentos/alura/datapipeline/airflow/dags/twitter_dag.py for tasks to queue
[2021-12-08 11:26:39,488] {logging_mixin.py:112} INFO - [2021-12-08 11:26:39,488] {dagbag.py:417} INFO - Filling up the DagBag from /home/rafael/Documentos/alura/datapipeline/airflow/dags/twitter_dag.py
[2021-12-08 11:26:39,490] {logging_mixin.py:112} WARNING - /home/rafael/Documentos/alura/datapipeline/airflow/dags/twitter_dag.py:5: FutureWarning: Importing 'TwitterOperator' from under 'airflow.operators.*' has been deprecated and should be directly imported as 'operators.twitter_operator.TwitterOperator' instead.

Support for importing from within the airflow namespace for plugins will be dropped entirely in Airflow 2.0. See <http://airflow.apache.org/docs/stable/howto/custom-operator.html>.
  from airflow.operators.alura import TwitterOperator
[2021-12-08 11:26:39,501] {scheduler_job.py:1584} INFO - DAG(s) dict_keys(['twitter_dag']) retrieved from /home/rafael/Documentos/alura/datapipeline/airflow/dags/twitter_dag.py
[2021-12-08 11:26:39,520] {scheduler_job.py:1288} INFO - Processing twitter_dag
[2021-12-08 11:26:39,541] {scheduler_job.py:1298} INFO - Created <DagRun twitter_dag @ 2021-12-06 09:00:00+00:00: scheduled__2021-12-06T09:00:00+00:00, externally triggered: False>
[2021-12-08 11:26:39,543] {scheduler_job.py:771} INFO - Examining DAG run <DagRun twitter_dag @ 2021-12-06 09:00:00+00:00: scheduled__2021-12-06T09:00:00+00:00, externally triggered: False>
[2021-12-08 11:26:39,550] {scheduler_job.py:459} INFO - Skipping SLA check for <DAG: twitter_dag> because no tasks in DAG have SLAs
[2021-12-08 11:26:39,552] {scheduler_job.py:1651} INFO - Creating / updating <TaskInstance: twitter_dag.twitter_aluraonline 2021-12-06 09:00:00+00:00 [scheduled]> in ORM
[2021-12-08 11:26:39,559] {scheduler_job.py:163} INFO - Processing /home/rafael/Documentos/alura/datapipeline/airflow/dags/twitter_dag.py took 0.076 seconds
[2021-12-08 11:27:36,954] {scheduler_job.py:155} INFO - Started process (PID=24295) to work on /home/rafael/Documentos/alura/datapipeline/airflow/dags/twitter_dag.py
[2021-12-08 11:27:36,960] {scheduler_job.py:1572} INFO - Processing file /home/rafael/Documentos/alura/datapipeline/airflow/dags/twitter_dag.py for tasks to queue
[2021-12-08 11:27:36,962] {logging_mixin.py:112} INFO - [2021-12-08 11:27:36,961] {dagbag.py:417} INFO - Filling up the DagBag from /home/rafael/Documentos/alura/datapipeline/airflow/dags/twitter_dag.py
[2021-12-08 11:27:36,965] {logging_mixin.py:112} WARNING - /home/rafael/Documentos/alura/datapipeline/airflow/dags/twitter_dag.py:5: FutureWarning: Importing 'TwitterOperator' from under 'airflow.operators.*' has been deprecated and should be directly imported as 'operators.twitter_operator.TwitterOperator' instead.

Support for importing from within the airflow namespace for plugins will be dropped entirely in Airflow 2.0. See <http://airflow.apache.org/docs/stable/howto/custom-operator.html>.
  from airflow.operators.alura import TwitterOperator
[2021-12-08 11:27:36,975] {scheduler_job.py:1584} INFO - DAG(s) dict_keys(['twitter_dag']) retrieved from /home/rafael/Documentos/alura/datapipeline/airflow/dags/twitter_dag.py
[2021-12-08 11:27:37,001] {scheduler_job.py:1288} INFO - Processing twitter_dag
[2021-12-08 11:27:37,006] {scheduler_job.py:771} INFO - Examining DAG run <DagRun twitter_dag @ 2021-12-06 09:00:00+00:00: scheduled__2021-12-06T09:00:00+00:00, externally triggered: False>
[2021-12-08 11:27:37,015] {scheduler_job.py:459} INFO - Skipping SLA check for <DAG: twitter_dag> because no tasks in DAG have SLAs
[2021-12-08 11:27:37,018] {scheduler_job.py:1651} INFO - Creating / updating <TaskInstance: twitter_dag.transform_twitter_aluraonline 2021-12-06 09:00:00+00:00 [scheduled]> in ORM
[2021-12-08 11:27:37,026] {scheduler_job.py:163} INFO - Processing /home/rafael/Documentos/alura/datapipeline/airflow/dags/twitter_dag.py took 0.072 seconds
[2021-12-08 11:28:39,277] {scheduler_job.py:155} INFO - Started process (PID=24948) to work on /home/rafael/Documentos/alura/datapipeline/airflow/dags/twitter_dag.py
[2021-12-08 11:28:39,280] {scheduler_job.py:1572} INFO - Processing file /home/rafael/Documentos/alura/datapipeline/airflow/dags/twitter_dag.py for tasks to queue
[2021-12-08 11:28:39,280] {logging_mixin.py:112} INFO - [2021-12-08 11:28:39,280] {dagbag.py:417} INFO - Filling up the DagBag from /home/rafael/Documentos/alura/datapipeline/airflow/dags/twitter_dag.py
[2021-12-08 11:28:39,282] {logging_mixin.py:112} WARNING - /home/rafael/Documentos/alura/datapipeline/airflow/dags/twitter_dag.py:5: FutureWarning: Importing 'TwitterOperator' from under 'airflow.operators.*' has been deprecated and should be directly imported as 'operators.twitter_operator.TwitterOperator' instead.

Support for importing from within the airflow namespace for plugins will be dropped entirely in Airflow 2.0. See <http://airflow.apache.org/docs/stable/howto/custom-operator.html>.
  from airflow.operators.alura import TwitterOperator
[2021-12-08 11:28:39,291] {scheduler_job.py:1584} INFO - DAG(s) dict_keys(['twitter_dag']) retrieved from /home/rafael/Documentos/alura/datapipeline/airflow/dags/twitter_dag.py
[2021-12-08 11:28:39,314] {scheduler_job.py:1288} INFO - Processing twitter_dag
[2021-12-08 11:28:39,319] {scheduler_job.py:771} INFO - Examining DAG run <DagRun twitter_dag @ 2021-12-06 09:00:00+00:00: scheduled__2021-12-06T09:00:00+00:00, externally triggered: False>
[2021-12-08 11:28:39,326] {logging_mixin.py:112} INFO - [2021-12-08 11:28:39,326] {dagrun.py:307} INFO - Marking run <DagRun twitter_dag @ 2021-12-06 09:00:00+00:00: scheduled__2021-12-06T09:00:00+00:00, externally triggered: False> successful
[2021-12-08 11:28:39,331] {scheduler_job.py:459} INFO - Skipping SLA check for <DAG: twitter_dag> because no tasks in DAG have SLAs
[2021-12-08 11:28:39,333] {scheduler_job.py:163} INFO - Processing /home/rafael/Documentos/alura/datapipeline/airflow/dags/twitter_dag.py took 0.056 seconds
[2021-12-08 11:29:31,336] {scheduler_job.py:155} INFO - Started process (PID=25298) to work on /home/rafael/Documentos/alura/datapipeline/airflow/dags/twitter_dag.py
[2021-12-08 11:29:31,343] {scheduler_job.py:1572} INFO - Processing file /home/rafael/Documentos/alura/datapipeline/airflow/dags/twitter_dag.py for tasks to queue
[2021-12-08 11:29:31,344] {logging_mixin.py:112} INFO - [2021-12-08 11:29:31,343] {dagbag.py:417} INFO - Filling up the DagBag from /home/rafael/Documentos/alura/datapipeline/airflow/dags/twitter_dag.py
[2021-12-08 11:29:31,349] {logging_mixin.py:112} WARNING - /home/rafael/Documentos/alura/datapipeline/airflow/dags/twitter_dag.py:5: FutureWarning: Importing 'TwitterOperator' from under 'airflow.operators.*' has been deprecated and should be directly imported as 'operators.twitter_operator.TwitterOperator' instead.

Support for importing from within the airflow namespace for plugins will be dropped entirely in Airflow 2.0. See <http://airflow.apache.org/docs/stable/howto/custom-operator.html>.
  from airflow.operators.alura import TwitterOperator
[2021-12-08 11:29:31,360] {scheduler_job.py:1584} INFO - DAG(s) dict_keys(['twitter_dag']) retrieved from /home/rafael/Documentos/alura/datapipeline/airflow/dags/twitter_dag.py
[2021-12-08 11:29:31,380] {scheduler_job.py:1288} INFO - Processing twitter_dag
[2021-12-08 11:29:31,402] {scheduler_job.py:1298} INFO - Created <DagRun twitter_dag @ 2021-12-07 09:00:00+00:00: scheduled__2021-12-07T09:00:00+00:00, externally triggered: False>
[2021-12-08 11:29:31,404] {scheduler_job.py:771} INFO - Examining DAG run <DagRun twitter_dag @ 2021-12-07 09:00:00+00:00: scheduled__2021-12-07T09:00:00+00:00, externally triggered: False>
[2021-12-08 11:29:31,411] {scheduler_job.py:459} INFO - Skipping SLA check for <DAG: twitter_dag> because no tasks in DAG have SLAs
[2021-12-08 11:29:31,414] {scheduler_job.py:1651} INFO - Creating / updating <TaskInstance: twitter_dag.twitter_aluraonline 2021-12-07 09:00:00+00:00 [scheduled]> in ORM
[2021-12-08 11:29:31,420] {scheduler_job.py:163} INFO - Processing /home/rafael/Documentos/alura/datapipeline/airflow/dags/twitter_dag.py took 0.085 seconds
[2021-12-08 11:30:28,599] {scheduler_job.py:155} INFO - Started process (PID=25658) to work on /home/rafael/Documentos/alura/datapipeline/airflow/dags/twitter_dag.py
[2021-12-08 11:30:28,605] {scheduler_job.py:1572} INFO - Processing file /home/rafael/Documentos/alura/datapipeline/airflow/dags/twitter_dag.py for tasks to queue
[2021-12-08 11:30:28,606] {logging_mixin.py:112} INFO - [2021-12-08 11:30:28,605] {dagbag.py:417} INFO - Filling up the DagBag from /home/rafael/Documentos/alura/datapipeline/airflow/dags/twitter_dag.py
[2021-12-08 11:30:28,609] {logging_mixin.py:112} WARNING - /home/rafael/Documentos/alura/datapipeline/airflow/dags/twitter_dag.py:5: FutureWarning: Importing 'TwitterOperator' from under 'airflow.operators.*' has been deprecated and should be directly imported as 'operators.twitter_operator.TwitterOperator' instead.

Support for importing from within the airflow namespace for plugins will be dropped entirely in Airflow 2.0. See <http://airflow.apache.org/docs/stable/howto/custom-operator.html>.
  from airflow.operators.alura import TwitterOperator
[2021-12-08 11:30:28,619] {scheduler_job.py:1584} INFO - DAG(s) dict_keys(['twitter_dag']) retrieved from /home/rafael/Documentos/alura/datapipeline/airflow/dags/twitter_dag.py
[2021-12-08 11:30:28,643] {scheduler_job.py:1288} INFO - Processing twitter_dag
[2021-12-08 11:30:28,649] {scheduler_job.py:771} INFO - Examining DAG run <DagRun twitter_dag @ 2021-12-07 09:00:00+00:00: scheduled__2021-12-07T09:00:00+00:00, externally triggered: False>
[2021-12-08 11:30:28,658] {scheduler_job.py:459} INFO - Skipping SLA check for <DAG: twitter_dag> because no tasks in DAG have SLAs
[2021-12-08 11:30:28,661] {scheduler_job.py:1651} INFO - Creating / updating <TaskInstance: twitter_dag.transform_twitter_aluraonline 2021-12-07 09:00:00+00:00 [scheduled]> in ORM
[2021-12-08 11:30:28,668] {scheduler_job.py:163} INFO - Processing /home/rafael/Documentos/alura/datapipeline/airflow/dags/twitter_dag.py took 0.070 seconds
[2021-12-08 11:31:30,892] {scheduler_job.py:155} INFO - Started process (PID=26004) to work on /home/rafael/Documentos/alura/datapipeline/airflow/dags/twitter_dag.py
[2021-12-08 11:31:30,893] {scheduler_job.py:1572} INFO - Processing file /home/rafael/Documentos/alura/datapipeline/airflow/dags/twitter_dag.py for tasks to queue
[2021-12-08 11:31:30,894] {logging_mixin.py:112} INFO - [2021-12-08 11:31:30,894] {dagbag.py:417} INFO - Filling up the DagBag from /home/rafael/Documentos/alura/datapipeline/airflow/dags/twitter_dag.py
[2021-12-08 11:31:30,895] {logging_mixin.py:112} WARNING - /home/rafael/Documentos/alura/datapipeline/airflow/dags/twitter_dag.py:5: FutureWarning: Importing 'TwitterOperator' from under 'airflow.operators.*' has been deprecated and should be directly imported as 'operators.twitter_operator.TwitterOperator' instead.

Support for importing from within the airflow namespace for plugins will be dropped entirely in Airflow 2.0. See <http://airflow.apache.org/docs/stable/howto/custom-operator.html>.
  from airflow.operators.alura import TwitterOperator
[2021-12-08 11:31:30,900] {scheduler_job.py:1584} INFO - DAG(s) dict_keys(['twitter_dag']) retrieved from /home/rafael/Documentos/alura/datapipeline/airflow/dags/twitter_dag.py
[2021-12-08 11:31:30,925] {scheduler_job.py:1288} INFO - Processing twitter_dag
[2021-12-08 11:31:30,930] {scheduler_job.py:771} INFO - Examining DAG run <DagRun twitter_dag @ 2021-12-07 09:00:00+00:00: scheduled__2021-12-07T09:00:00+00:00, externally triggered: False>
[2021-12-08 11:31:30,936] {logging_mixin.py:112} INFO - [2021-12-08 11:31:30,936] {dagrun.py:307} INFO - Marking run <DagRun twitter_dag @ 2021-12-07 09:00:00+00:00: scheduled__2021-12-07T09:00:00+00:00, externally triggered: False> successful
[2021-12-08 11:31:30,941] {scheduler_job.py:459} INFO - Skipping SLA check for <DAG: twitter_dag> because no tasks in DAG have SLAs
[2021-12-08 11:31:30,943] {scheduler_job.py:163} INFO - Processing /home/rafael/Documentos/alura/datapipeline/airflow/dags/twitter_dag.py took 0.052 seconds
[2021-12-08 11:32:22,955] {scheduler_job.py:155} INFO - Started process (PID=26192) to work on /home/rafael/Documentos/alura/datapipeline/airflow/dags/twitter_dag.py
[2021-12-08 11:32:22,961] {scheduler_job.py:1572} INFO - Processing file /home/rafael/Documentos/alura/datapipeline/airflow/dags/twitter_dag.py for tasks to queue
[2021-12-08 11:32:22,962] {logging_mixin.py:112} INFO - [2021-12-08 11:32:22,962] {dagbag.py:417} INFO - Filling up the DagBag from /home/rafael/Documentos/alura/datapipeline/airflow/dags/twitter_dag.py
[2021-12-08 11:32:22,967] {logging_mixin.py:112} WARNING - /home/rafael/Documentos/alura/datapipeline/airflow/dags/twitter_dag.py:5: FutureWarning: Importing 'TwitterOperator' from under 'airflow.operators.*' has been deprecated and should be directly imported as 'operators.twitter_operator.TwitterOperator' instead.

Support for importing from within the airflow namespace for plugins will be dropped entirely in Airflow 2.0. See <http://airflow.apache.org/docs/stable/howto/custom-operator.html>.
  from airflow.operators.alura import TwitterOperator
[2021-12-08 11:32:22,978] {scheduler_job.py:1584} INFO - DAG(s) dict_keys(['twitter_dag']) retrieved from /home/rafael/Documentos/alura/datapipeline/airflow/dags/twitter_dag.py
[2021-12-08 11:32:22,997] {scheduler_job.py:1288} INFO - Processing twitter_dag
[2021-12-08 11:32:23,006] {scheduler_job.py:459} INFO - Skipping SLA check for <DAG: twitter_dag> because no tasks in DAG have SLAs
[2021-12-08 11:32:23,008] {scheduler_job.py:163} INFO - Processing /home/rafael/Documentos/alura/datapipeline/airflow/dags/twitter_dag.py took 0.053 seconds
[2021-12-08 11:33:15,020] {scheduler_job.py:155} INFO - Started process (PID=26322) to work on /home/rafael/Documentos/alura/datapipeline/airflow/dags/twitter_dag.py
[2021-12-08 11:33:15,026] {scheduler_job.py:1572} INFO - Processing file /home/rafael/Documentos/alura/datapipeline/airflow/dags/twitter_dag.py for tasks to queue
[2021-12-08 11:33:15,027] {logging_mixin.py:112} INFO - [2021-12-08 11:33:15,027] {dagbag.py:417} INFO - Filling up the DagBag from /home/rafael/Documentos/alura/datapipeline/airflow/dags/twitter_dag.py
[2021-12-08 11:33:15,030] {logging_mixin.py:112} WARNING - /home/rafael/Documentos/alura/datapipeline/airflow/dags/twitter_dag.py:5: FutureWarning: Importing 'TwitterOperator' from under 'airflow.operators.*' has been deprecated and should be directly imported as 'operators.twitter_operator.TwitterOperator' instead.

Support for importing from within the airflow namespace for plugins will be dropped entirely in Airflow 2.0. See <http://airflow.apache.org/docs/stable/howto/custom-operator.html>.
  from airflow.operators.alura import TwitterOperator
[2021-12-08 11:33:15,039] {scheduler_job.py:1584} INFO - DAG(s) dict_keys(['twitter_dag']) retrieved from /home/rafael/Documentos/alura/datapipeline/airflow/dags/twitter_dag.py
[2021-12-08 11:33:15,065] {scheduler_job.py:1288} INFO - Processing twitter_dag
[2021-12-08 11:33:15,077] {scheduler_job.py:459} INFO - Skipping SLA check for <DAG: twitter_dag> because no tasks in DAG have SLAs
[2021-12-08 11:33:15,079] {scheduler_job.py:163} INFO - Processing /home/rafael/Documentos/alura/datapipeline/airflow/dags/twitter_dag.py took 0.060 seconds
[2021-12-08 11:34:07,042] {scheduler_job.py:155} INFO - Started process (PID=26444) to work on /home/rafael/Documentos/alura/datapipeline/airflow/dags/twitter_dag.py
[2021-12-08 11:34:07,046] {scheduler_job.py:1572} INFO - Processing file /home/rafael/Documentos/alura/datapipeline/airflow/dags/twitter_dag.py for tasks to queue
[2021-12-08 11:34:07,046] {logging_mixin.py:112} INFO - [2021-12-08 11:34:07,046] {dagbag.py:417} INFO - Filling up the DagBag from /home/rafael/Documentos/alura/datapipeline/airflow/dags/twitter_dag.py
[2021-12-08 11:34:07,049] {logging_mixin.py:112} WARNING - /home/rafael/Documentos/alura/datapipeline/airflow/dags/twitter_dag.py:5: FutureWarning: Importing 'TwitterOperator' from under 'airflow.operators.*' has been deprecated and should be directly imported as 'operators.twitter_operator.TwitterOperator' instead.

Support for importing from within the airflow namespace for plugins will be dropped entirely in Airflow 2.0. See <http://airflow.apache.org/docs/stable/howto/custom-operator.html>.
  from airflow.operators.alura import TwitterOperator
[2021-12-08 11:34:07,060] {scheduler_job.py:1584} INFO - DAG(s) dict_keys(['twitter_dag']) retrieved from /home/rafael/Documentos/alura/datapipeline/airflow/dags/twitter_dag.py
[2021-12-08 11:34:07,087] {scheduler_job.py:1288} INFO - Processing twitter_dag
[2021-12-08 11:34:07,098] {scheduler_job.py:459} INFO - Skipping SLA check for <DAG: twitter_dag> because no tasks in DAG have SLAs
[2021-12-08 11:34:07,101] {scheduler_job.py:163} INFO - Processing /home/rafael/Documentos/alura/datapipeline/airflow/dags/twitter_dag.py took 0.059 seconds
[2021-12-08 11:34:59,097] {scheduler_job.py:155} INFO - Started process (PID=26656) to work on /home/rafael/Documentos/alura/datapipeline/airflow/dags/twitter_dag.py
[2021-12-08 11:34:59,100] {scheduler_job.py:1572} INFO - Processing file /home/rafael/Documentos/alura/datapipeline/airflow/dags/twitter_dag.py for tasks to queue
[2021-12-08 11:34:59,100] {logging_mixin.py:112} INFO - [2021-12-08 11:34:59,100] {dagbag.py:417} INFO - Filling up the DagBag from /home/rafael/Documentos/alura/datapipeline/airflow/dags/twitter_dag.py
[2021-12-08 11:34:59,102] {logging_mixin.py:112} WARNING - /home/rafael/Documentos/alura/datapipeline/airflow/dags/twitter_dag.py:5: FutureWarning: Importing 'TwitterOperator' from under 'airflow.operators.*' has been deprecated and should be directly imported as 'operators.twitter_operator.TwitterOperator' instead.

Support for importing from within the airflow namespace for plugins will be dropped entirely in Airflow 2.0. See <http://airflow.apache.org/docs/stable/howto/custom-operator.html>.
  from airflow.operators.alura import TwitterOperator
[2021-12-08 11:34:59,107] {scheduler_job.py:1584} INFO - DAG(s) dict_keys(['twitter_dag']) retrieved from /home/rafael/Documentos/alura/datapipeline/airflow/dags/twitter_dag.py
[2021-12-08 11:34:59,123] {scheduler_job.py:1288} INFO - Processing twitter_dag
[2021-12-08 11:34:59,133] {scheduler_job.py:459} INFO - Skipping SLA check for <DAG: twitter_dag> because no tasks in DAG have SLAs
[2021-12-08 11:34:59,135] {scheduler_job.py:163} INFO - Processing /home/rafael/Documentos/alura/datapipeline/airflow/dags/twitter_dag.py took 0.038 seconds
[2021-12-08 11:35:51,134] {scheduler_job.py:155} INFO - Started process (PID=26817) to work on /home/rafael/Documentos/alura/datapipeline/airflow/dags/twitter_dag.py
[2021-12-08 11:35:51,138] {scheduler_job.py:1572} INFO - Processing file /home/rafael/Documentos/alura/datapipeline/airflow/dags/twitter_dag.py for tasks to queue
[2021-12-08 11:35:51,139] {logging_mixin.py:112} INFO - [2021-12-08 11:35:51,138] {dagbag.py:417} INFO - Filling up the DagBag from /home/rafael/Documentos/alura/datapipeline/airflow/dags/twitter_dag.py
[2021-12-08 11:35:51,141] {logging_mixin.py:112} WARNING - /home/rafael/Documentos/alura/datapipeline/airflow/dags/twitter_dag.py:5: FutureWarning: Importing 'TwitterOperator' from under 'airflow.operators.*' has been deprecated and should be directly imported as 'operators.twitter_operator.TwitterOperator' instead.

Support for importing from within the airflow namespace for plugins will be dropped entirely in Airflow 2.0. See <http://airflow.apache.org/docs/stable/howto/custom-operator.html>.
  from airflow.operators.alura import TwitterOperator
[2021-12-08 11:35:51,152] {scheduler_job.py:1584} INFO - DAG(s) dict_keys(['twitter_dag']) retrieved from /home/rafael/Documentos/alura/datapipeline/airflow/dags/twitter_dag.py
[2021-12-08 11:35:51,177] {scheduler_job.py:1288} INFO - Processing twitter_dag
[2021-12-08 11:35:51,186] {scheduler_job.py:459} INFO - Skipping SLA check for <DAG: twitter_dag> because no tasks in DAG have SLAs
[2021-12-08 11:35:51,188] {scheduler_job.py:163} INFO - Processing /home/rafael/Documentos/alura/datapipeline/airflow/dags/twitter_dag.py took 0.054 seconds
[2021-12-08 11:36:43,178] {scheduler_job.py:155} INFO - Started process (PID=27086) to work on /home/rafael/Documentos/alura/datapipeline/airflow/dags/twitter_dag.py
[2021-12-08 11:36:43,181] {scheduler_job.py:1572} INFO - Processing file /home/rafael/Documentos/alura/datapipeline/airflow/dags/twitter_dag.py for tasks to queue
[2021-12-08 11:36:43,182] {logging_mixin.py:112} INFO - [2021-12-08 11:36:43,181] {dagbag.py:417} INFO - Filling up the DagBag from /home/rafael/Documentos/alura/datapipeline/airflow/dags/twitter_dag.py
[2021-12-08 11:36:43,184] {logging_mixin.py:112} WARNING - /home/rafael/Documentos/alura/datapipeline/airflow/dags/twitter_dag.py:5: FutureWarning: Importing 'TwitterOperator' from under 'airflow.operators.*' has been deprecated and should be directly imported as 'operators.twitter_operator.TwitterOperator' instead.

Support for importing from within the airflow namespace for plugins will be dropped entirely in Airflow 2.0. See <http://airflow.apache.org/docs/stable/howto/custom-operator.html>.
  from airflow.operators.alura import TwitterOperator
[2021-12-08 11:36:43,195] {scheduler_job.py:1584} INFO - DAG(s) dict_keys(['twitter_dag']) retrieved from /home/rafael/Documentos/alura/datapipeline/airflow/dags/twitter_dag.py
[2021-12-08 11:36:43,221] {scheduler_job.py:1288} INFO - Processing twitter_dag
[2021-12-08 11:36:43,231] {scheduler_job.py:459} INFO - Skipping SLA check for <DAG: twitter_dag> because no tasks in DAG have SLAs
[2021-12-08 11:36:43,232] {scheduler_job.py:163} INFO - Processing /home/rafael/Documentos/alura/datapipeline/airflow/dags/twitter_dag.py took 0.054 seconds
[2021-12-08 11:37:35,237] {scheduler_job.py:155} INFO - Started process (PID=27391) to work on /home/rafael/Documentos/alura/datapipeline/airflow/dags/twitter_dag.py
[2021-12-08 11:37:35,239] {scheduler_job.py:1572} INFO - Processing file /home/rafael/Documentos/alura/datapipeline/airflow/dags/twitter_dag.py for tasks to queue
[2021-12-08 11:37:35,240] {logging_mixin.py:112} INFO - [2021-12-08 11:37:35,240] {dagbag.py:417} INFO - Filling up the DagBag from /home/rafael/Documentos/alura/datapipeline/airflow/dags/twitter_dag.py
[2021-12-08 11:37:35,241] {logging_mixin.py:112} WARNING - /home/rafael/Documentos/alura/datapipeline/airflow/dags/twitter_dag.py:5: FutureWarning: Importing 'TwitterOperator' from under 'airflow.operators.*' has been deprecated and should be directly imported as 'operators.twitter_operator.TwitterOperator' instead.

Support for importing from within the airflow namespace for plugins will be dropped entirely in Airflow 2.0. See <http://airflow.apache.org/docs/stable/howto/custom-operator.html>.
  from airflow.operators.alura import TwitterOperator
[2021-12-08 11:37:35,247] {scheduler_job.py:1584} INFO - DAG(s) dict_keys(['twitter_dag']) retrieved from /home/rafael/Documentos/alura/datapipeline/airflow/dags/twitter_dag.py
[2021-12-08 11:37:35,265] {scheduler_job.py:1288} INFO - Processing twitter_dag
[2021-12-08 11:37:35,275] {scheduler_job.py:459} INFO - Skipping SLA check for <DAG: twitter_dag> because no tasks in DAG have SLAs
[2021-12-08 11:37:35,277] {scheduler_job.py:163} INFO - Processing /home/rafael/Documentos/alura/datapipeline/airflow/dags/twitter_dag.py took 0.040 seconds
[2021-12-08 11:38:27,280] {scheduler_job.py:155} INFO - Started process (PID=27687) to work on /home/rafael/Documentos/alura/datapipeline/airflow/dags/twitter_dag.py
[2021-12-08 11:38:27,284] {scheduler_job.py:1572} INFO - Processing file /home/rafael/Documentos/alura/datapipeline/airflow/dags/twitter_dag.py for tasks to queue
[2021-12-08 11:38:27,285] {logging_mixin.py:112} INFO - [2021-12-08 11:38:27,285] {dagbag.py:417} INFO - Filling up the DagBag from /home/rafael/Documentos/alura/datapipeline/airflow/dags/twitter_dag.py
[2021-12-08 11:38:27,288] {logging_mixin.py:112} WARNING - /home/rafael/Documentos/alura/datapipeline/airflow/dags/twitter_dag.py:5: FutureWarning: Importing 'TwitterOperator' from under 'airflow.operators.*' has been deprecated and should be directly imported as 'operators.twitter_operator.TwitterOperator' instead.

Support for importing from within the airflow namespace for plugins will be dropped entirely in Airflow 2.0. See <http://airflow.apache.org/docs/stable/howto/custom-operator.html>.
  from airflow.operators.alura import TwitterOperator
[2021-12-08 11:38:27,299] {scheduler_job.py:1584} INFO - DAG(s) dict_keys(['twitter_dag']) retrieved from /home/rafael/Documentos/alura/datapipeline/airflow/dags/twitter_dag.py
[2021-12-08 11:38:27,325] {scheduler_job.py:1288} INFO - Processing twitter_dag
[2021-12-08 11:38:27,334] {scheduler_job.py:459} INFO - Skipping SLA check for <DAG: twitter_dag> because no tasks in DAG have SLAs
[2021-12-08 11:38:27,336] {scheduler_job.py:163} INFO - Processing /home/rafael/Documentos/alura/datapipeline/airflow/dags/twitter_dag.py took 0.056 seconds
[2021-12-08 11:39:19,324] {scheduler_job.py:155} INFO - Started process (PID=27804) to work on /home/rafael/Documentos/alura/datapipeline/airflow/dags/twitter_dag.py
[2021-12-08 11:39:19,326] {scheduler_job.py:1572} INFO - Processing file /home/rafael/Documentos/alura/datapipeline/airflow/dags/twitter_dag.py for tasks to queue
[2021-12-08 11:39:19,327] {logging_mixin.py:112} INFO - [2021-12-08 11:39:19,327] {dagbag.py:417} INFO - Filling up the DagBag from /home/rafael/Documentos/alura/datapipeline/airflow/dags/twitter_dag.py
[2021-12-08 11:39:19,328] {logging_mixin.py:112} WARNING - /home/rafael/Documentos/alura/datapipeline/airflow/dags/twitter_dag.py:5: FutureWarning: Importing 'TwitterOperator' from under 'airflow.operators.*' has been deprecated and should be directly imported as 'operators.twitter_operator.TwitterOperator' instead.

Support for importing from within the airflow namespace for plugins will be dropped entirely in Airflow 2.0. See <http://airflow.apache.org/docs/stable/howto/custom-operator.html>.
  from airflow.operators.alura import TwitterOperator
[2021-12-08 11:39:19,334] {scheduler_job.py:1584} INFO - DAG(s) dict_keys(['twitter_dag']) retrieved from /home/rafael/Documentos/alura/datapipeline/airflow/dags/twitter_dag.py
[2021-12-08 11:39:19,361] {scheduler_job.py:1288} INFO - Processing twitter_dag
[2021-12-08 11:39:19,371] {scheduler_job.py:459} INFO - Skipping SLA check for <DAG: twitter_dag> because no tasks in DAG have SLAs
[2021-12-08 11:39:19,373] {scheduler_job.py:163} INFO - Processing /home/rafael/Documentos/alura/datapipeline/airflow/dags/twitter_dag.py took 0.049 seconds
[2021-12-08 11:40:11,393] {scheduler_job.py:155} INFO - Started process (PID=27838) to work on /home/rafael/Documentos/alura/datapipeline/airflow/dags/twitter_dag.py
[2021-12-08 11:40:11,398] {scheduler_job.py:1572} INFO - Processing file /home/rafael/Documentos/alura/datapipeline/airflow/dags/twitter_dag.py for tasks to queue
[2021-12-08 11:40:11,398] {logging_mixin.py:112} INFO - [2021-12-08 11:40:11,398] {dagbag.py:417} INFO - Filling up the DagBag from /home/rafael/Documentos/alura/datapipeline/airflow/dags/twitter_dag.py
[2021-12-08 11:40:11,401] {logging_mixin.py:112} WARNING - /home/rafael/Documentos/alura/datapipeline/airflow/dags/twitter_dag.py:5: FutureWarning: Importing 'TwitterOperator' from under 'airflow.operators.*' has been deprecated and should be directly imported as 'operators.twitter_operator.TwitterOperator' instead.

Support for importing from within the airflow namespace for plugins will be dropped entirely in Airflow 2.0. See <http://airflow.apache.org/docs/stable/howto/custom-operator.html>.
  from airflow.operators.alura import TwitterOperator
[2021-12-08 11:40:11,410] {scheduler_job.py:1584} INFO - DAG(s) dict_keys(['twitter_dag']) retrieved from /home/rafael/Documentos/alura/datapipeline/airflow/dags/twitter_dag.py
[2021-12-08 11:40:11,428] {scheduler_job.py:1288} INFO - Processing twitter_dag
[2021-12-08 11:40:11,440] {scheduler_job.py:459} INFO - Skipping SLA check for <DAG: twitter_dag> because no tasks in DAG have SLAs
[2021-12-08 11:40:11,442] {scheduler_job.py:163} INFO - Processing /home/rafael/Documentos/alura/datapipeline/airflow/dags/twitter_dag.py took 0.049 seconds
[2021-12-08 11:41:03,425] {scheduler_job.py:155} INFO - Started process (PID=27884) to work on /home/rafael/Documentos/alura/datapipeline/airflow/dags/twitter_dag.py
[2021-12-08 11:41:03,429] {scheduler_job.py:1572} INFO - Processing file /home/rafael/Documentos/alura/datapipeline/airflow/dags/twitter_dag.py for tasks to queue
[2021-12-08 11:41:03,430] {logging_mixin.py:112} INFO - [2021-12-08 11:41:03,429] {dagbag.py:417} INFO - Filling up the DagBag from /home/rafael/Documentos/alura/datapipeline/airflow/dags/twitter_dag.py
[2021-12-08 11:41:03,431] {logging_mixin.py:112} WARNING - /home/rafael/Documentos/alura/datapipeline/airflow/dags/twitter_dag.py:5: FutureWarning: Importing 'TwitterOperator' from under 'airflow.operators.*' has been deprecated and should be directly imported as 'operators.twitter_operator.TwitterOperator' instead.

Support for importing from within the airflow namespace for plugins will be dropped entirely in Airflow 2.0. See <http://airflow.apache.org/docs/stable/howto/custom-operator.html>.
  from airflow.operators.alura import TwitterOperator
[2021-12-08 11:41:03,440] {scheduler_job.py:1584} INFO - DAG(s) dict_keys(['twitter_dag']) retrieved from /home/rafael/Documentos/alura/datapipeline/airflow/dags/twitter_dag.py
[2021-12-08 11:41:03,464] {scheduler_job.py:1288} INFO - Processing twitter_dag
[2021-12-08 11:41:03,475] {scheduler_job.py:459} INFO - Skipping SLA check for <DAG: twitter_dag> because no tasks in DAG have SLAs
[2021-12-08 11:41:03,478] {scheduler_job.py:163} INFO - Processing /home/rafael/Documentos/alura/datapipeline/airflow/dags/twitter_dag.py took 0.053 seconds
[2021-12-08 11:41:55,468] {scheduler_job.py:155} INFO - Started process (PID=27923) to work on /home/rafael/Documentos/alura/datapipeline/airflow/dags/twitter_dag.py
[2021-12-08 11:41:55,470] {scheduler_job.py:1572} INFO - Processing file /home/rafael/Documentos/alura/datapipeline/airflow/dags/twitter_dag.py for tasks to queue
[2021-12-08 11:41:55,470] {logging_mixin.py:112} INFO - [2021-12-08 11:41:55,470] {dagbag.py:417} INFO - Filling up the DagBag from /home/rafael/Documentos/alura/datapipeline/airflow/dags/twitter_dag.py
[2021-12-08 11:41:55,471] {logging_mixin.py:112} WARNING - /home/rafael/Documentos/alura/datapipeline/airflow/dags/twitter_dag.py:5: FutureWarning: Importing 'TwitterOperator' from under 'airflow.operators.*' has been deprecated and should be directly imported as 'operators.twitter_operator.TwitterOperator' instead.

Support for importing from within the airflow namespace for plugins will be dropped entirely in Airflow 2.0. See <http://airflow.apache.org/docs/stable/howto/custom-operator.html>.
  from airflow.operators.alura import TwitterOperator
[2021-12-08 11:41:55,477] {scheduler_job.py:1584} INFO - DAG(s) dict_keys(['twitter_dag']) retrieved from /home/rafael/Documentos/alura/datapipeline/airflow/dags/twitter_dag.py
[2021-12-08 11:41:55,503] {scheduler_job.py:1288} INFO - Processing twitter_dag
[2021-12-08 11:41:55,515] {scheduler_job.py:459} INFO - Skipping SLA check for <DAG: twitter_dag> because no tasks in DAG have SLAs
[2021-12-08 11:41:55,518] {scheduler_job.py:163} INFO - Processing /home/rafael/Documentos/alura/datapipeline/airflow/dags/twitter_dag.py took 0.050 seconds
[2021-12-08 11:42:47,542] {scheduler_job.py:155} INFO - Started process (PID=27972) to work on /home/rafael/Documentos/alura/datapipeline/airflow/dags/twitter_dag.py
[2021-12-08 11:42:47,544] {scheduler_job.py:1572} INFO - Processing file /home/rafael/Documentos/alura/datapipeline/airflow/dags/twitter_dag.py for tasks to queue
[2021-12-08 11:42:47,544] {logging_mixin.py:112} INFO - [2021-12-08 11:42:47,544] {dagbag.py:417} INFO - Filling up the DagBag from /home/rafael/Documentos/alura/datapipeline/airflow/dags/twitter_dag.py
[2021-12-08 11:42:47,545] {logging_mixin.py:112} WARNING - /home/rafael/Documentos/alura/datapipeline/airflow/dags/twitter_dag.py:5: FutureWarning: Importing 'TwitterOperator' from under 'airflow.operators.*' has been deprecated and should be directly imported as 'operators.twitter_operator.TwitterOperator' instead.

Support for importing from within the airflow namespace for plugins will be dropped entirely in Airflow 2.0. See <http://airflow.apache.org/docs/stable/howto/custom-operator.html>.
  from airflow.operators.alura import TwitterOperator
[2021-12-08 11:42:47,551] {scheduler_job.py:1584} INFO - DAG(s) dict_keys(['twitter_dag']) retrieved from /home/rafael/Documentos/alura/datapipeline/airflow/dags/twitter_dag.py
[2021-12-08 11:42:47,571] {scheduler_job.py:1288} INFO - Processing twitter_dag
[2021-12-08 11:42:47,582] {scheduler_job.py:459} INFO - Skipping SLA check for <DAG: twitter_dag> because no tasks in DAG have SLAs
[2021-12-08 11:42:47,585] {scheduler_job.py:163} INFO - Processing /home/rafael/Documentos/alura/datapipeline/airflow/dags/twitter_dag.py took 0.044 seconds
[2021-12-08 11:43:39,565] {scheduler_job.py:155} INFO - Started process (PID=28035) to work on /home/rafael/Documentos/alura/datapipeline/airflow/dags/twitter_dag.py
[2021-12-08 11:43:39,567] {scheduler_job.py:1572} INFO - Processing file /home/rafael/Documentos/alura/datapipeline/airflow/dags/twitter_dag.py for tasks to queue
[2021-12-08 11:43:39,568] {logging_mixin.py:112} INFO - [2021-12-08 11:43:39,567] {dagbag.py:417} INFO - Filling up the DagBag from /home/rafael/Documentos/alura/datapipeline/airflow/dags/twitter_dag.py
[2021-12-08 11:43:39,569] {logging_mixin.py:112} WARNING - /home/rafael/Documentos/alura/datapipeline/airflow/dags/twitter_dag.py:5: FutureWarning: Importing 'TwitterOperator' from under 'airflow.operators.*' has been deprecated and should be directly imported as 'operators.twitter_operator.TwitterOperator' instead.

Support for importing from within the airflow namespace for plugins will be dropped entirely in Airflow 2.0. See <http://airflow.apache.org/docs/stable/howto/custom-operator.html>.
  from airflow.operators.alura import TwitterOperator
[2021-12-08 11:43:39,575] {scheduler_job.py:1584} INFO - DAG(s) dict_keys(['twitter_dag']) retrieved from /home/rafael/Documentos/alura/datapipeline/airflow/dags/twitter_dag.py
[2021-12-08 11:43:39,612] {scheduler_job.py:1288} INFO - Processing twitter_dag
[2021-12-08 11:43:39,625] {scheduler_job.py:459} INFO - Skipping SLA check for <DAG: twitter_dag> because no tasks in DAG have SLAs
[2021-12-08 11:43:39,628] {scheduler_job.py:163} INFO - Processing /home/rafael/Documentos/alura/datapipeline/airflow/dags/twitter_dag.py took 0.063 seconds
[2021-12-08 11:44:31,617] {scheduler_job.py:155} INFO - Started process (PID=28068) to work on /home/rafael/Documentos/alura/datapipeline/airflow/dags/twitter_dag.py
[2021-12-08 11:44:31,619] {scheduler_job.py:1572} INFO - Processing file /home/rafael/Documentos/alura/datapipeline/airflow/dags/twitter_dag.py for tasks to queue
[2021-12-08 11:44:31,620] {logging_mixin.py:112} INFO - [2021-12-08 11:44:31,619] {dagbag.py:417} INFO - Filling up the DagBag from /home/rafael/Documentos/alura/datapipeline/airflow/dags/twitter_dag.py
[2021-12-08 11:44:31,621] {logging_mixin.py:112} WARNING - /home/rafael/Documentos/alura/datapipeline/airflow/dags/twitter_dag.py:5: FutureWarning: Importing 'TwitterOperator' from under 'airflow.operators.*' has been deprecated and should be directly imported as 'operators.twitter_operator.TwitterOperator' instead.

Support for importing from within the airflow namespace for plugins will be dropped entirely in Airflow 2.0. See <http://airflow.apache.org/docs/stable/howto/custom-operator.html>.
  from airflow.operators.alura import TwitterOperator
[2021-12-08 11:44:31,629] {scheduler_job.py:1584} INFO - DAG(s) dict_keys(['twitter_dag']) retrieved from /home/rafael/Documentos/alura/datapipeline/airflow/dags/twitter_dag.py
[2021-12-08 11:44:31,657] {scheduler_job.py:1288} INFO - Processing twitter_dag
[2021-12-08 11:44:31,669] {scheduler_job.py:459} INFO - Skipping SLA check for <DAG: twitter_dag> because no tasks in DAG have SLAs
[2021-12-08 11:44:31,672] {scheduler_job.py:163} INFO - Processing /home/rafael/Documentos/alura/datapipeline/airflow/dags/twitter_dag.py took 0.055 seconds
[2021-12-08 11:45:23,678] {scheduler_job.py:155} INFO - Started process (PID=28295) to work on /home/rafael/Documentos/alura/datapipeline/airflow/dags/twitter_dag.py
[2021-12-08 11:45:23,679] {scheduler_job.py:1572} INFO - Processing file /home/rafael/Documentos/alura/datapipeline/airflow/dags/twitter_dag.py for tasks to queue
[2021-12-08 11:45:23,680] {logging_mixin.py:112} INFO - [2021-12-08 11:45:23,680] {dagbag.py:417} INFO - Filling up the DagBag from /home/rafael/Documentos/alura/datapipeline/airflow/dags/twitter_dag.py
[2021-12-08 11:45:23,681] {logging_mixin.py:112} WARNING - /home/rafael/Documentos/alura/datapipeline/airflow/dags/twitter_dag.py:5: FutureWarning: Importing 'TwitterOperator' from under 'airflow.operators.*' has been deprecated and should be directly imported as 'operators.twitter_operator.TwitterOperator' instead.

Support for importing from within the airflow namespace for plugins will be dropped entirely in Airflow 2.0. See <http://airflow.apache.org/docs/stable/howto/custom-operator.html>.
  from airflow.operators.alura import TwitterOperator
[2021-12-08 11:45:23,686] {scheduler_job.py:1584} INFO - DAG(s) dict_keys(['twitter_dag']) retrieved from /home/rafael/Documentos/alura/datapipeline/airflow/dags/twitter_dag.py
[2021-12-08 11:45:23,704] {scheduler_job.py:1288} INFO - Processing twitter_dag
[2021-12-08 11:45:23,715] {scheduler_job.py:459} INFO - Skipping SLA check for <DAG: twitter_dag> because no tasks in DAG have SLAs
[2021-12-08 11:45:23,716] {scheduler_job.py:163} INFO - Processing /home/rafael/Documentos/alura/datapipeline/airflow/dags/twitter_dag.py took 0.039 seconds
[2021-12-08 11:46:15,714] {scheduler_job.py:155} INFO - Started process (PID=28392) to work on /home/rafael/Documentos/alura/datapipeline/airflow/dags/twitter_dag.py
[2021-12-08 11:46:15,717] {scheduler_job.py:1572} INFO - Processing file /home/rafael/Documentos/alura/datapipeline/airflow/dags/twitter_dag.py for tasks to queue
[2021-12-08 11:46:15,718] {logging_mixin.py:112} INFO - [2021-12-08 11:46:15,718] {dagbag.py:417} INFO - Filling up the DagBag from /home/rafael/Documentos/alura/datapipeline/airflow/dags/twitter_dag.py
[2021-12-08 11:46:15,720] {logging_mixin.py:112} WARNING - /home/rafael/Documentos/alura/datapipeline/airflow/dags/twitter_dag.py:5: FutureWarning: Importing 'TwitterOperator' from under 'airflow.operators.*' has been deprecated and should be directly imported as 'operators.twitter_operator.TwitterOperator' instead.

Support for importing from within the airflow namespace for plugins will be dropped entirely in Airflow 2.0. See <http://airflow.apache.org/docs/stable/howto/custom-operator.html>.
  from airflow.operators.alura import TwitterOperator
[2021-12-08 11:46:15,728] {scheduler_job.py:1584} INFO - DAG(s) dict_keys(['twitter_dag']) retrieved from /home/rafael/Documentos/alura/datapipeline/airflow/dags/twitter_dag.py
[2021-12-08 11:46:15,751] {scheduler_job.py:1288} INFO - Processing twitter_dag
[2021-12-08 11:46:15,762] {scheduler_job.py:459} INFO - Skipping SLA check for <DAG: twitter_dag> because no tasks in DAG have SLAs
[2021-12-08 11:46:15,764] {scheduler_job.py:163} INFO - Processing /home/rafael/Documentos/alura/datapipeline/airflow/dags/twitter_dag.py took 0.050 seconds
[2021-12-08 11:47:07,778] {scheduler_job.py:155} INFO - Started process (PID=28462) to work on /home/rafael/Documentos/alura/datapipeline/airflow/dags/twitter_dag.py
[2021-12-08 11:47:07,784] {scheduler_job.py:1572} INFO - Processing file /home/rafael/Documentos/alura/datapipeline/airflow/dags/twitter_dag.py for tasks to queue
[2021-12-08 11:47:07,785] {logging_mixin.py:112} INFO - [2021-12-08 11:47:07,785] {dagbag.py:417} INFO - Filling up the DagBag from /home/rafael/Documentos/alura/datapipeline/airflow/dags/twitter_dag.py
[2021-12-08 11:47:07,789] {logging_mixin.py:112} WARNING - /home/rafael/Documentos/alura/datapipeline/airflow/dags/twitter_dag.py:5: FutureWarning: Importing 'TwitterOperator' from under 'airflow.operators.*' has been deprecated and should be directly imported as 'operators.twitter_operator.TwitterOperator' instead.

Support for importing from within the airflow namespace for plugins will be dropped entirely in Airflow 2.0. See <http://airflow.apache.org/docs/stable/howto/custom-operator.html>.
  from airflow.operators.alura import TwitterOperator
[2021-12-08 11:47:07,799] {scheduler_job.py:1584} INFO - DAG(s) dict_keys(['twitter_dag']) retrieved from /home/rafael/Documentos/alura/datapipeline/airflow/dags/twitter_dag.py
[2021-12-08 11:47:07,822] {scheduler_job.py:1288} INFO - Processing twitter_dag
[2021-12-08 11:47:07,831] {scheduler_job.py:459} INFO - Skipping SLA check for <DAG: twitter_dag> because no tasks in DAG have SLAs
[2021-12-08 11:47:07,833] {scheduler_job.py:163} INFO - Processing /home/rafael/Documentos/alura/datapipeline/airflow/dags/twitter_dag.py took 0.056 seconds
[2021-12-08 11:47:59,830] {scheduler_job.py:155} INFO - Started process (PID=28505) to work on /home/rafael/Documentos/alura/datapipeline/airflow/dags/twitter_dag.py
[2021-12-08 11:47:59,835] {scheduler_job.py:1572} INFO - Processing file /home/rafael/Documentos/alura/datapipeline/airflow/dags/twitter_dag.py for tasks to queue
[2021-12-08 11:47:59,836] {logging_mixin.py:112} INFO - [2021-12-08 11:47:59,835] {dagbag.py:417} INFO - Filling up the DagBag from /home/rafael/Documentos/alura/datapipeline/airflow/dags/twitter_dag.py
[2021-12-08 11:47:59,838] {logging_mixin.py:112} WARNING - /home/rafael/Documentos/alura/datapipeline/airflow/dags/twitter_dag.py:5: FutureWarning: Importing 'TwitterOperator' from under 'airflow.operators.*' has been deprecated and should be directly imported as 'operators.twitter_operator.TwitterOperator' instead.

Support for importing from within the airflow namespace for plugins will be dropped entirely in Airflow 2.0. See <http://airflow.apache.org/docs/stable/howto/custom-operator.html>.
  from airflow.operators.alura import TwitterOperator
[2021-12-08 11:47:59,847] {scheduler_job.py:1584} INFO - DAG(s) dict_keys(['twitter_dag']) retrieved from /home/rafael/Documentos/alura/datapipeline/airflow/dags/twitter_dag.py
[2021-12-08 11:47:59,865] {scheduler_job.py:1288} INFO - Processing twitter_dag
[2021-12-08 11:47:59,876] {scheduler_job.py:459} INFO - Skipping SLA check for <DAG: twitter_dag> because no tasks in DAG have SLAs
[2021-12-08 11:47:59,878] {scheduler_job.py:163} INFO - Processing /home/rafael/Documentos/alura/datapipeline/airflow/dags/twitter_dag.py took 0.048 seconds
[2021-12-08 11:48:51,872] {scheduler_job.py:155} INFO - Started process (PID=28550) to work on /home/rafael/Documentos/alura/datapipeline/airflow/dags/twitter_dag.py
[2021-12-08 11:48:51,875] {scheduler_job.py:1572} INFO - Processing file /home/rafael/Documentos/alura/datapipeline/airflow/dags/twitter_dag.py for tasks to queue
[2021-12-08 11:48:51,875] {logging_mixin.py:112} INFO - [2021-12-08 11:48:51,875] {dagbag.py:417} INFO - Filling up the DagBag from /home/rafael/Documentos/alura/datapipeline/airflow/dags/twitter_dag.py
[2021-12-08 11:48:51,878] {logging_mixin.py:112} WARNING - /home/rafael/Documentos/alura/datapipeline/airflow/dags/twitter_dag.py:5: FutureWarning: Importing 'TwitterOperator' from under 'airflow.operators.*' has been deprecated and should be directly imported as 'operators.twitter_operator.TwitterOperator' instead.

Support for importing from within the airflow namespace for plugins will be dropped entirely in Airflow 2.0. See <http://airflow.apache.org/docs/stable/howto/custom-operator.html>.
  from airflow.operators.alura import TwitterOperator
[2021-12-08 11:48:51,889] {scheduler_job.py:1584} INFO - DAG(s) dict_keys(['twitter_dag']) retrieved from /home/rafael/Documentos/alura/datapipeline/airflow/dags/twitter_dag.py
[2021-12-08 11:48:51,915] {scheduler_job.py:1288} INFO - Processing twitter_dag
[2021-12-08 11:48:51,926] {scheduler_job.py:459} INFO - Skipping SLA check for <DAG: twitter_dag> because no tasks in DAG have SLAs
[2021-12-08 11:48:51,928] {scheduler_job.py:163} INFO - Processing /home/rafael/Documentos/alura/datapipeline/airflow/dags/twitter_dag.py took 0.057 seconds
[2021-12-08 11:49:43,921] {scheduler_job.py:155} INFO - Started process (PID=28619) to work on /home/rafael/Documentos/alura/datapipeline/airflow/dags/twitter_dag.py
[2021-12-08 11:49:43,924] {scheduler_job.py:1572} INFO - Processing file /home/rafael/Documentos/alura/datapipeline/airflow/dags/twitter_dag.py for tasks to queue
[2021-12-08 11:49:43,925] {logging_mixin.py:112} INFO - [2021-12-08 11:49:43,925] {dagbag.py:417} INFO - Filling up the DagBag from /home/rafael/Documentos/alura/datapipeline/airflow/dags/twitter_dag.py
[2021-12-08 11:49:43,928] {logging_mixin.py:112} WARNING - /home/rafael/Documentos/alura/datapipeline/airflow/dags/twitter_dag.py:5: FutureWarning: Importing 'TwitterOperator' from under 'airflow.operators.*' has been deprecated and should be directly imported as 'operators.twitter_operator.TwitterOperator' instead.

Support for importing from within the airflow namespace for plugins will be dropped entirely in Airflow 2.0. See <http://airflow.apache.org/docs/stable/howto/custom-operator.html>.
  from airflow.operators.alura import TwitterOperator
[2021-12-08 11:49:43,940] {scheduler_job.py:1584} INFO - DAG(s) dict_keys(['twitter_dag']) retrieved from /home/rafael/Documentos/alura/datapipeline/airflow/dags/twitter_dag.py
[2021-12-08 11:49:43,966] {scheduler_job.py:1288} INFO - Processing twitter_dag
[2021-12-08 11:49:43,976] {scheduler_job.py:459} INFO - Skipping SLA check for <DAG: twitter_dag> because no tasks in DAG have SLAs
[2021-12-08 11:49:43,978] {scheduler_job.py:163} INFO - Processing /home/rafael/Documentos/alura/datapipeline/airflow/dags/twitter_dag.py took 0.057 seconds
[2021-12-08 11:50:35,975] {scheduler_job.py:155} INFO - Started process (PID=28679) to work on /home/rafael/Documentos/alura/datapipeline/airflow/dags/twitter_dag.py
[2021-12-08 11:50:35,979] {scheduler_job.py:1572} INFO - Processing file /home/rafael/Documentos/alura/datapipeline/airflow/dags/twitter_dag.py for tasks to queue
[2021-12-08 11:50:35,979] {logging_mixin.py:112} INFO - [2021-12-08 11:50:35,979] {dagbag.py:417} INFO - Filling up the DagBag from /home/rafael/Documentos/alura/datapipeline/airflow/dags/twitter_dag.py
[2021-12-08 11:50:35,982] {logging_mixin.py:112} WARNING - /home/rafael/Documentos/alura/datapipeline/airflow/dags/twitter_dag.py:5: FutureWarning: Importing 'TwitterOperator' from under 'airflow.operators.*' has been deprecated and should be directly imported as 'operators.twitter_operator.TwitterOperator' instead.

Support for importing from within the airflow namespace for plugins will be dropped entirely in Airflow 2.0. See <http://airflow.apache.org/docs/stable/howto/custom-operator.html>.
  from airflow.operators.alura import TwitterOperator
[2021-12-08 11:50:35,991] {scheduler_job.py:1584} INFO - DAG(s) dict_keys(['twitter_dag']) retrieved from /home/rafael/Documentos/alura/datapipeline/airflow/dags/twitter_dag.py
[2021-12-08 11:50:36,016] {scheduler_job.py:1288} INFO - Processing twitter_dag
[2021-12-08 11:50:36,030] {scheduler_job.py:459} INFO - Skipping SLA check for <DAG: twitter_dag> because no tasks in DAG have SLAs
[2021-12-08 11:50:36,034] {scheduler_job.py:163} INFO - Processing /home/rafael/Documentos/alura/datapipeline/airflow/dags/twitter_dag.py took 0.059 seconds
[2021-12-08 11:51:28,017] {scheduler_job.py:155} INFO - Started process (PID=28716) to work on /home/rafael/Documentos/alura/datapipeline/airflow/dags/twitter_dag.py
[2021-12-08 11:51:28,021] {scheduler_job.py:1572} INFO - Processing file /home/rafael/Documentos/alura/datapipeline/airflow/dags/twitter_dag.py for tasks to queue
[2021-12-08 11:51:28,021] {logging_mixin.py:112} INFO - [2021-12-08 11:51:28,021] {dagbag.py:417} INFO - Filling up the DagBag from /home/rafael/Documentos/alura/datapipeline/airflow/dags/twitter_dag.py
[2021-12-08 11:51:28,023] {logging_mixin.py:112} WARNING - /home/rafael/Documentos/alura/datapipeline/airflow/dags/twitter_dag.py:5: FutureWarning: Importing 'TwitterOperator' from under 'airflow.operators.*' has been deprecated and should be directly imported as 'operators.twitter_operator.TwitterOperator' instead.

Support for importing from within the airflow namespace for plugins will be dropped entirely in Airflow 2.0. See <http://airflow.apache.org/docs/stable/howto/custom-operator.html>.
  from airflow.operators.alura import TwitterOperator
[2021-12-08 11:51:28,032] {scheduler_job.py:1584} INFO - DAG(s) dict_keys(['twitter_dag']) retrieved from /home/rafael/Documentos/alura/datapipeline/airflow/dags/twitter_dag.py
[2021-12-08 11:51:28,058] {scheduler_job.py:1288} INFO - Processing twitter_dag
[2021-12-08 11:51:28,068] {scheduler_job.py:459} INFO - Skipping SLA check for <DAG: twitter_dag> because no tasks in DAG have SLAs
[2021-12-08 11:51:28,070] {scheduler_job.py:163} INFO - Processing /home/rafael/Documentos/alura/datapipeline/airflow/dags/twitter_dag.py took 0.054 seconds
[2021-12-08 11:52:20,070] {scheduler_job.py:155} INFO - Started process (PID=28749) to work on /home/rafael/Documentos/alura/datapipeline/airflow/dags/twitter_dag.py
[2021-12-08 11:52:20,073] {scheduler_job.py:1572} INFO - Processing file /home/rafael/Documentos/alura/datapipeline/airflow/dags/twitter_dag.py for tasks to queue
[2021-12-08 11:52:20,073] {logging_mixin.py:112} INFO - [2021-12-08 11:52:20,073] {dagbag.py:417} INFO - Filling up the DagBag from /home/rafael/Documentos/alura/datapipeline/airflow/dags/twitter_dag.py
[2021-12-08 11:52:20,075] {logging_mixin.py:112} WARNING - /home/rafael/Documentos/alura/datapipeline/airflow/dags/twitter_dag.py:5: FutureWarning: Importing 'TwitterOperator' from under 'airflow.operators.*' has been deprecated and should be directly imported as 'operators.twitter_operator.TwitterOperator' instead.

Support for importing from within the airflow namespace for plugins will be dropped entirely in Airflow 2.0. See <http://airflow.apache.org/docs/stable/howto/custom-operator.html>.
  from airflow.operators.alura import TwitterOperator
[2021-12-08 11:52:20,084] {scheduler_job.py:1584} INFO - DAG(s) dict_keys(['twitter_dag']) retrieved from /home/rafael/Documentos/alura/datapipeline/airflow/dags/twitter_dag.py
[2021-12-08 11:52:20,110] {scheduler_job.py:1288} INFO - Processing twitter_dag
[2021-12-08 11:52:20,119] {scheduler_job.py:459} INFO - Skipping SLA check for <DAG: twitter_dag> because no tasks in DAG have SLAs
[2021-12-08 11:52:20,121] {scheduler_job.py:163} INFO - Processing /home/rafael/Documentos/alura/datapipeline/airflow/dags/twitter_dag.py took 0.051 seconds
[2021-12-08 11:53:12,149] {scheduler_job.py:155} INFO - Started process (PID=28792) to work on /home/rafael/Documentos/alura/datapipeline/airflow/dags/twitter_dag.py
[2021-12-08 11:53:12,153] {scheduler_job.py:1572} INFO - Processing file /home/rafael/Documentos/alura/datapipeline/airflow/dags/twitter_dag.py for tasks to queue
[2021-12-08 11:53:12,153] {logging_mixin.py:112} INFO - [2021-12-08 11:53:12,153] {dagbag.py:417} INFO - Filling up the DagBag from /home/rafael/Documentos/alura/datapipeline/airflow/dags/twitter_dag.py
[2021-12-08 11:53:12,155] {logging_mixin.py:112} WARNING - /home/rafael/Documentos/alura/datapipeline/airflow/dags/twitter_dag.py:5: FutureWarning: Importing 'TwitterOperator' from under 'airflow.operators.*' has been deprecated and should be directly imported as 'operators.twitter_operator.TwitterOperator' instead.

Support for importing from within the airflow namespace for plugins will be dropped entirely in Airflow 2.0. See <http://airflow.apache.org/docs/stable/howto/custom-operator.html>.
  from airflow.operators.alura import TwitterOperator
[2021-12-08 11:53:12,163] {scheduler_job.py:1584} INFO - DAG(s) dict_keys(['twitter_dag']) retrieved from /home/rafael/Documentos/alura/datapipeline/airflow/dags/twitter_dag.py
[2021-12-08 11:53:12,180] {scheduler_job.py:1288} INFO - Processing twitter_dag
[2021-12-08 11:53:12,190] {scheduler_job.py:459} INFO - Skipping SLA check for <DAG: twitter_dag> because no tasks in DAG have SLAs
[2021-12-08 11:53:12,192] {scheduler_job.py:163} INFO - Processing /home/rafael/Documentos/alura/datapipeline/airflow/dags/twitter_dag.py took 0.043 seconds
[2021-12-08 11:54:04,167] {scheduler_job.py:155} INFO - Started process (PID=28920) to work on /home/rafael/Documentos/alura/datapipeline/airflow/dags/twitter_dag.py
[2021-12-08 11:54:04,169] {scheduler_job.py:1572} INFO - Processing file /home/rafael/Documentos/alura/datapipeline/airflow/dags/twitter_dag.py for tasks to queue
[2021-12-08 11:54:04,170] {logging_mixin.py:112} INFO - [2021-12-08 11:54:04,170] {dagbag.py:417} INFO - Filling up the DagBag from /home/rafael/Documentos/alura/datapipeline/airflow/dags/twitter_dag.py
[2021-12-08 11:54:04,172] {logging_mixin.py:112} WARNING - /home/rafael/Documentos/alura/datapipeline/airflow/dags/twitter_dag.py:5: FutureWarning: Importing 'TwitterOperator' from under 'airflow.operators.*' has been deprecated and should be directly imported as 'operators.twitter_operator.TwitterOperator' instead.

Support for importing from within the airflow namespace for plugins will be dropped entirely in Airflow 2.0. See <http://airflow.apache.org/docs/stable/howto/custom-operator.html>.
  from airflow.operators.alura import TwitterOperator
[2021-12-08 11:54:04,180] {scheduler_job.py:1584} INFO - DAG(s) dict_keys(['twitter_dag']) retrieved from /home/rafael/Documentos/alura/datapipeline/airflow/dags/twitter_dag.py
[2021-12-08 11:54:04,207] {scheduler_job.py:1288} INFO - Processing twitter_dag
[2021-12-08 11:54:04,221] {scheduler_job.py:459} INFO - Skipping SLA check for <DAG: twitter_dag> because no tasks in DAG have SLAs
[2021-12-08 11:54:04,223] {scheduler_job.py:163} INFO - Processing /home/rafael/Documentos/alura/datapipeline/airflow/dags/twitter_dag.py took 0.056 seconds
[2021-12-08 11:54:56,229] {scheduler_job.py:155} INFO - Started process (PID=29019) to work on /home/rafael/Documentos/alura/datapipeline/airflow/dags/twitter_dag.py
[2021-12-08 11:54:56,234] {scheduler_job.py:1572} INFO - Processing file /home/rafael/Documentos/alura/datapipeline/airflow/dags/twitter_dag.py for tasks to queue
[2021-12-08 11:54:56,234] {logging_mixin.py:112} INFO - [2021-12-08 11:54:56,234] {dagbag.py:417} INFO - Filling up the DagBag from /home/rafael/Documentos/alura/datapipeline/airflow/dags/twitter_dag.py
[2021-12-08 11:54:56,236] {logging_mixin.py:112} WARNING - /home/rafael/Documentos/alura/datapipeline/airflow/dags/twitter_dag.py:5: FutureWarning: Importing 'TwitterOperator' from under 'airflow.operators.*' has been deprecated and should be directly imported as 'operators.twitter_operator.TwitterOperator' instead.

Support for importing from within the airflow namespace for plugins will be dropped entirely in Airflow 2.0. See <http://airflow.apache.org/docs/stable/howto/custom-operator.html>.
  from airflow.operators.alura import TwitterOperator
[2021-12-08 11:54:56,244] {scheduler_job.py:1584} INFO - DAG(s) dict_keys(['twitter_dag']) retrieved from /home/rafael/Documentos/alura/datapipeline/airflow/dags/twitter_dag.py
[2021-12-08 11:54:56,268] {scheduler_job.py:1288} INFO - Processing twitter_dag
[2021-12-08 11:54:56,277] {scheduler_job.py:459} INFO - Skipping SLA check for <DAG: twitter_dag> because no tasks in DAG have SLAs
[2021-12-08 11:54:56,279] {scheduler_job.py:163} INFO - Processing /home/rafael/Documentos/alura/datapipeline/airflow/dags/twitter_dag.py took 0.050 seconds
[2021-12-08 11:55:48,293] {scheduler_job.py:155} INFO - Started process (PID=29054) to work on /home/rafael/Documentos/alura/datapipeline/airflow/dags/twitter_dag.py
[2021-12-08 11:55:48,295] {scheduler_job.py:1572} INFO - Processing file /home/rafael/Documentos/alura/datapipeline/airflow/dags/twitter_dag.py for tasks to queue
[2021-12-08 11:55:48,295] {logging_mixin.py:112} INFO - [2021-12-08 11:55:48,295] {dagbag.py:417} INFO - Filling up the DagBag from /home/rafael/Documentos/alura/datapipeline/airflow/dags/twitter_dag.py
[2021-12-08 11:55:48,296] {logging_mixin.py:112} WARNING - /home/rafael/Documentos/alura/datapipeline/airflow/dags/twitter_dag.py:5: FutureWarning: Importing 'TwitterOperator' from under 'airflow.operators.*' has been deprecated and should be directly imported as 'operators.twitter_operator.TwitterOperator' instead.

Support for importing from within the airflow namespace for plugins will be dropped entirely in Airflow 2.0. See <http://airflow.apache.org/docs/stable/howto/custom-operator.html>.
  from airflow.operators.alura import TwitterOperator
[2021-12-08 11:55:48,302] {scheduler_job.py:1584} INFO - DAG(s) dict_keys(['twitter_dag']) retrieved from /home/rafael/Documentos/alura/datapipeline/airflow/dags/twitter_dag.py
[2021-12-08 11:55:48,320] {scheduler_job.py:1288} INFO - Processing twitter_dag
[2021-12-08 11:55:48,329] {scheduler_job.py:459} INFO - Skipping SLA check for <DAG: twitter_dag> because no tasks in DAG have SLAs
[2021-12-08 11:55:48,331] {scheduler_job.py:163} INFO - Processing /home/rafael/Documentos/alura/datapipeline/airflow/dags/twitter_dag.py took 0.039 seconds
[2021-12-08 11:56:40,323] {scheduler_job.py:155} INFO - Started process (PID=29124) to work on /home/rafael/Documentos/alura/datapipeline/airflow/dags/twitter_dag.py
[2021-12-08 11:56:40,328] {scheduler_job.py:1572} INFO - Processing file /home/rafael/Documentos/alura/datapipeline/airflow/dags/twitter_dag.py for tasks to queue
[2021-12-08 11:56:40,329] {logging_mixin.py:112} INFO - [2021-12-08 11:56:40,329] {dagbag.py:417} INFO - Filling up the DagBag from /home/rafael/Documentos/alura/datapipeline/airflow/dags/twitter_dag.py
[2021-12-08 11:56:40,332] {logging_mixin.py:112} WARNING - /home/rafael/Documentos/alura/datapipeline/airflow/dags/twitter_dag.py:5: FutureWarning: Importing 'TwitterOperator' from under 'airflow.operators.*' has been deprecated and should be directly imported as 'operators.twitter_operator.TwitterOperator' instead.

Support for importing from within the airflow namespace for plugins will be dropped entirely in Airflow 2.0. See <http://airflow.apache.org/docs/stable/howto/custom-operator.html>.
  from airflow.operators.alura import TwitterOperator
[2021-12-08 11:56:40,340] {scheduler_job.py:1584} INFO - DAG(s) dict_keys(['twitter_dag']) retrieved from /home/rafael/Documentos/alura/datapipeline/airflow/dags/twitter_dag.py
[2021-12-08 11:56:40,364] {scheduler_job.py:1288} INFO - Processing twitter_dag
[2021-12-08 11:56:40,374] {scheduler_job.py:459} INFO - Skipping SLA check for <DAG: twitter_dag> because no tasks in DAG have SLAs
[2021-12-08 11:56:40,376] {scheduler_job.py:163} INFO - Processing /home/rafael/Documentos/alura/datapipeline/airflow/dags/twitter_dag.py took 0.053 seconds
[2021-12-08 11:57:32,369] {scheduler_job.py:155} INFO - Started process (PID=29253) to work on /home/rafael/Documentos/alura/datapipeline/airflow/dags/twitter_dag.py
[2021-12-08 11:57:32,372] {scheduler_job.py:1572} INFO - Processing file /home/rafael/Documentos/alura/datapipeline/airflow/dags/twitter_dag.py for tasks to queue
[2021-12-08 11:57:32,372] {logging_mixin.py:112} INFO - [2021-12-08 11:57:32,372] {dagbag.py:417} INFO - Filling up the DagBag from /home/rafael/Documentos/alura/datapipeline/airflow/dags/twitter_dag.py
[2021-12-08 11:57:32,374] {logging_mixin.py:112} WARNING - /home/rafael/Documentos/alura/datapipeline/airflow/dags/twitter_dag.py:5: FutureWarning: Importing 'TwitterOperator' from under 'airflow.operators.*' has been deprecated and should be directly imported as 'operators.twitter_operator.TwitterOperator' instead.

Support for importing from within the airflow namespace for plugins will be dropped entirely in Airflow 2.0. See <http://airflow.apache.org/docs/stable/howto/custom-operator.html>.
  from airflow.operators.alura import TwitterOperator
[2021-12-08 11:57:32,379] {scheduler_job.py:1584} INFO - DAG(s) dict_keys(['twitter_dag']) retrieved from /home/rafael/Documentos/alura/datapipeline/airflow/dags/twitter_dag.py
[2021-12-08 11:57:32,402] {scheduler_job.py:1288} INFO - Processing twitter_dag
[2021-12-08 11:57:32,411] {scheduler_job.py:459} INFO - Skipping SLA check for <DAG: twitter_dag> because no tasks in DAG have SLAs
[2021-12-08 11:57:32,413] {scheduler_job.py:163} INFO - Processing /home/rafael/Documentos/alura/datapipeline/airflow/dags/twitter_dag.py took 0.044 seconds
[2021-12-08 11:58:24,429] {scheduler_job.py:155} INFO - Started process (PID=29375) to work on /home/rafael/Documentos/alura/datapipeline/airflow/dags/twitter_dag.py
[2021-12-08 11:58:24,435] {scheduler_job.py:1572} INFO - Processing file /home/rafael/Documentos/alura/datapipeline/airflow/dags/twitter_dag.py for tasks to queue
[2021-12-08 11:58:24,436] {logging_mixin.py:112} INFO - [2021-12-08 11:58:24,436] {dagbag.py:417} INFO - Filling up the DagBag from /home/rafael/Documentos/alura/datapipeline/airflow/dags/twitter_dag.py
[2021-12-08 11:58:24,440] {logging_mixin.py:112} WARNING - /home/rafael/Documentos/alura/datapipeline/airflow/dags/twitter_dag.py:5: FutureWarning: Importing 'TwitterOperator' from under 'airflow.operators.*' has been deprecated and should be directly imported as 'operators.twitter_operator.TwitterOperator' instead.

Support for importing from within the airflow namespace for plugins will be dropped entirely in Airflow 2.0. See <http://airflow.apache.org/docs/stable/howto/custom-operator.html>.
  from airflow.operators.alura import TwitterOperator
[2021-12-08 11:58:24,453] {scheduler_job.py:1584} INFO - DAG(s) dict_keys(['twitter_dag']) retrieved from /home/rafael/Documentos/alura/datapipeline/airflow/dags/twitter_dag.py
[2021-12-08 11:58:24,473] {scheduler_job.py:1288} INFO - Processing twitter_dag
[2021-12-08 11:58:24,482] {scheduler_job.py:459} INFO - Skipping SLA check for <DAG: twitter_dag> because no tasks in DAG have SLAs
[2021-12-08 11:58:24,484] {scheduler_job.py:163} INFO - Processing /home/rafael/Documentos/alura/datapipeline/airflow/dags/twitter_dag.py took 0.056 seconds
[2021-12-08 11:59:16,467] {scheduler_job.py:155} INFO - Started process (PID=29486) to work on /home/rafael/Documentos/alura/datapipeline/airflow/dags/twitter_dag.py
[2021-12-08 11:59:16,468] {scheduler_job.py:1572} INFO - Processing file /home/rafael/Documentos/alura/datapipeline/airflow/dags/twitter_dag.py for tasks to queue
[2021-12-08 11:59:16,469] {logging_mixin.py:112} INFO - [2021-12-08 11:59:16,468] {dagbag.py:417} INFO - Filling up the DagBag from /home/rafael/Documentos/alura/datapipeline/airflow/dags/twitter_dag.py
[2021-12-08 11:59:16,470] {logging_mixin.py:112} WARNING - /home/rafael/Documentos/alura/datapipeline/airflow/dags/twitter_dag.py:5: FutureWarning: Importing 'TwitterOperator' from under 'airflow.operators.*' has been deprecated and should be directly imported as 'operators.twitter_operator.TwitterOperator' instead.

Support for importing from within the airflow namespace for plugins will be dropped entirely in Airflow 2.0. See <http://airflow.apache.org/docs/stable/howto/custom-operator.html>.
  from airflow.operators.alura import TwitterOperator
[2021-12-08 11:59:16,475] {scheduler_job.py:1584} INFO - DAG(s) dict_keys(['twitter_dag']) retrieved from /home/rafael/Documentos/alura/datapipeline/airflow/dags/twitter_dag.py
[2021-12-08 11:59:16,495] {scheduler_job.py:1288} INFO - Processing twitter_dag
[2021-12-08 11:59:16,504] {scheduler_job.py:459} INFO - Skipping SLA check for <DAG: twitter_dag> because no tasks in DAG have SLAs
[2021-12-08 11:59:16,506] {scheduler_job.py:163} INFO - Processing /home/rafael/Documentos/alura/datapipeline/airflow/dags/twitter_dag.py took 0.039 seconds
[2021-12-08 12:00:08,532] {scheduler_job.py:155} INFO - Started process (PID=29537) to work on /home/rafael/Documentos/alura/datapipeline/airflow/dags/twitter_dag.py
[2021-12-08 12:00:08,539] {scheduler_job.py:1572} INFO - Processing file /home/rafael/Documentos/alura/datapipeline/airflow/dags/twitter_dag.py for tasks to queue
[2021-12-08 12:00:08,540] {logging_mixin.py:112} INFO - [2021-12-08 12:00:08,540] {dagbag.py:417} INFO - Filling up the DagBag from /home/rafael/Documentos/alura/datapipeline/airflow/dags/twitter_dag.py
[2021-12-08 12:00:08,544] {logging_mixin.py:112} WARNING - /home/rafael/Documentos/alura/datapipeline/airflow/dags/twitter_dag.py:5: FutureWarning: Importing 'TwitterOperator' from under 'airflow.operators.*' has been deprecated and should be directly imported as 'operators.twitter_operator.TwitterOperator' instead.

Support for importing from within the airflow namespace for plugins will be dropped entirely in Airflow 2.0. See <http://airflow.apache.org/docs/stable/howto/custom-operator.html>.
  from airflow.operators.alura import TwitterOperator
[2021-12-08 12:00:08,556] {scheduler_job.py:1584} INFO - DAG(s) dict_keys(['twitter_dag']) retrieved from /home/rafael/Documentos/alura/datapipeline/airflow/dags/twitter_dag.py
[2021-12-08 12:00:08,580] {scheduler_job.py:1288} INFO - Processing twitter_dag
[2021-12-08 12:00:08,590] {scheduler_job.py:459} INFO - Skipping SLA check for <DAG: twitter_dag> because no tasks in DAG have SLAs
[2021-12-08 12:00:08,592] {scheduler_job.py:163} INFO - Processing /home/rafael/Documentos/alura/datapipeline/airflow/dags/twitter_dag.py took 0.059 seconds
[2021-12-08 12:01:00,578] {scheduler_job.py:155} INFO - Started process (PID=29699) to work on /home/rafael/Documentos/alura/datapipeline/airflow/dags/twitter_dag.py
[2021-12-08 12:01:00,580] {scheduler_job.py:1572} INFO - Processing file /home/rafael/Documentos/alura/datapipeline/airflow/dags/twitter_dag.py for tasks to queue
[2021-12-08 12:01:00,580] {logging_mixin.py:112} INFO - [2021-12-08 12:01:00,580] {dagbag.py:417} INFO - Filling up the DagBag from /home/rafael/Documentos/alura/datapipeline/airflow/dags/twitter_dag.py
[2021-12-08 12:01:00,582] {logging_mixin.py:112} WARNING - /home/rafael/Documentos/alura/datapipeline/airflow/dags/twitter_dag.py:5: FutureWarning: Importing 'TwitterOperator' from under 'airflow.operators.*' has been deprecated and should be directly imported as 'operators.twitter_operator.TwitterOperator' instead.

Support for importing from within the airflow namespace for plugins will be dropped entirely in Airflow 2.0. See <http://airflow.apache.org/docs/stable/howto/custom-operator.html>.
  from airflow.operators.alura import TwitterOperator
[2021-12-08 12:01:00,587] {scheduler_job.py:1584} INFO - DAG(s) dict_keys(['twitter_dag']) retrieved from /home/rafael/Documentos/alura/datapipeline/airflow/dags/twitter_dag.py
[2021-12-08 12:01:00,604] {scheduler_job.py:1288} INFO - Processing twitter_dag
[2021-12-08 12:01:00,615] {scheduler_job.py:459} INFO - Skipping SLA check for <DAG: twitter_dag> because no tasks in DAG have SLAs
[2021-12-08 12:01:00,617] {scheduler_job.py:163} INFO - Processing /home/rafael/Documentos/alura/datapipeline/airflow/dags/twitter_dag.py took 0.039 seconds
