[2021-12-09 11:32:04,831] {taskinstance.py:670} INFO - Dependencies all met for <TaskInstance: twitter_dag.twitter_aluraonline 2021-12-08T09:00:00+00:00 [queued]>
[2021-12-09 11:32:04,842] {taskinstance.py:670} INFO - Dependencies all met for <TaskInstance: twitter_dag.twitter_aluraonline 2021-12-08T09:00:00+00:00 [queued]>
[2021-12-09 11:32:04,843] {taskinstance.py:880} INFO - 
--------------------------------------------------------------------------------
[2021-12-09 11:32:04,843] {taskinstance.py:881} INFO - Starting attempt 2 of 2
[2021-12-09 11:32:04,843] {taskinstance.py:882} INFO - 
--------------------------------------------------------------------------------
[2021-12-09 11:32:04,850] {taskinstance.py:901} INFO - Executing <Task(TwitterOperator): twitter_aluraonline> on 2021-12-08T09:00:00+00:00
[2021-12-09 11:32:04,852] {standard_task_runner.py:54} INFO - Started process 8428 to run task
[2021-12-09 11:32:04,905] {standard_task_runner.py:77} INFO - Running: ['airflow', 'run', 'twitter_dag', 'twitter_aluraonline', '2021-12-08T09:00:00+00:00', '--job_id', '29', '--pool', 'default_pool', '--raw', '-sd', 'DAGS_FOLDER/twitter_dag.py', '--cfg_path', '/tmp/tmpueylwqzr']
[2021-12-09 11:32:04,906] {standard_task_runner.py:78} INFO - Job 29: Subtask twitter_aluraonline
[2021-12-09 11:32:04,924] {logging_mixin.py:112} INFO - Running <TaskInstance: twitter_dag.twitter_aluraonline 2021-12-08T09:00:00+00:00 [running]> on host rafael-Aspire-A515-54G
[2021-12-09 11:32:04,970] {base_hook.py:89} INFO - Using connection to: id: twitter_default. Host: https://api.twitter.com, Port: None, Schema: None, Login: None, Password: None, extra: XXXXXXXX
[2021-12-09 11:32:04,972] {twitter_hook.py:36} INFO - URL: https://api.twitter.com/2/tweets/search/recent?query=AluraOnline&tweet.fields=author_id,conversation_id,created_at,id,in_reply_to_user_id,public_metrics,text&expansions=author_id&user.fields=id,name,username,created_at&start_time=2021-12-08T09:00:00.00Z&end_time=2021-12-09T09:00:00.00Z
[2021-12-09 11:32:05,238] {logging_mixin.py:112} WARNING - /home/rafael/Documentos/alura/datapipeline/.env/lib/python3.7/site-packages/urllib3/connectionpool.py:988: InsecureRequestWarning: Unverified HTTPS request is being made to host 'api.twitter.com'. Adding certificate verification is strongly advised. See: https://urllib3.readthedocs.io/en/latest/advanced-usage.html#ssl-warnings
  InsecureRequestWarning,
[2021-12-09 11:32:05,687] {twitter_hook.py:36} INFO - URL: https://api.twitter.com/2/tweets/search/recent?query=AluraOnline&tweet.fields=author_id,conversation_id,created_at,id,in_reply_to_user_id,public_metrics,text&expansions=author_id&user.fields=id,name,username,created_at&start_time=2021-12-08T09:00:00.00Z&end_time=2021-12-09T09:00:00.00Z&next_token=b26v89c19zqg8o3fpdy8xrnu8e16mjqwtzfn7dbjfar25
[2021-12-09 11:32:05,687] {logging_mixin.py:112} WARNING - /home/rafael/Documentos/alura/datapipeline/.env/lib/python3.7/site-packages/urllib3/connectionpool.py:988: InsecureRequestWarning: Unverified HTTPS request is being made to host 'api.twitter.com'. Adding certificate verification is strongly advised. See: https://urllib3.readthedocs.io/en/latest/advanced-usage.html#ssl-warnings
  InsecureRequestWarning,
[2021-12-09 11:32:06,150] {twitter_hook.py:36} INFO - URL: https://api.twitter.com/2/tweets/search/recent?query=AluraOnline&tweet.fields=author_id,conversation_id,created_at,id,in_reply_to_user_id,public_metrics,text&expansions=author_id&user.fields=id,name,username,created_at&start_time=2021-12-08T09:00:00.00Z&end_time=2021-12-09T09:00:00.00Z&next_token=b26v89c19zqg8o3fpdy8xpjex09zxwnc8n0hqu779h18d
[2021-12-09 11:32:06,151] {logging_mixin.py:112} WARNING - /home/rafael/Documentos/alura/datapipeline/.env/lib/python3.7/site-packages/urllib3/connectionpool.py:988: InsecureRequestWarning: Unverified HTTPS request is being made to host 'api.twitter.com'. Adding certificate verification is strongly advised. See: https://urllib3.readthedocs.io/en/latest/advanced-usage.html#ssl-warnings
  InsecureRequestWarning,
[2021-12-09 11:32:06,584] {taskinstance.py:1070} INFO - Marking task as SUCCESS.dag_id=twitter_dag, task_id=twitter_aluraonline, execution_date=20211208T090000, start_date=20211209T143204, end_date=20211209T143206
[2021-12-09 11:32:09,824] {local_task_job.py:102} INFO - Task exited with return code 0
